[0.008s] Invoking command in '/home/parallels/ros2_ws/src/segway_ros2/build/segwayrmp': AMENT_PREFIX_PATH=/home/parallels/ros2_ws/src/segway_ros2/install/segway_msgs:${AMENT_PREFIX_PATH} CMAKE_PREFIX_PATH=/home/parallels/ros2_ws/src/segway_ros2/install/segway_msgs LD_LIBRARY_PATH=/home/parallels/ros2_ws/src/segway_ros2/install/segway_msgs/lib:${LD_LIBRARY_PATH} PYTHONPATH=/home/parallels/ros2_ws/src/segway_ros2/install/segway_msgs/local/lib/python3.10/dist-packages:${PYTHONPATH} /usr/bin/cmake --build /home/parallels/ros2_ws/src/segway_ros2/build/segwayrmp -- -j4 -l4
[0.067s] [35m[1mConsolidate compiler generated dependencies of target SmartCar[0m
[0.096s] gmake[2]: *** No rule to make target '/home/parallels/ros2_ws/src/segway_ros2/segwayrmp/lib/libctrl_arm64-v8a.so', needed by 'SmartCar'.  Stop.
[0.096s] gmake[2]: *** Waiting for unfinished jobs....
[0.102s] [ 25%] [32mBuilding CXX object CMakeFiles/SmartCar.dir/src/robot.cpp.o[0m
[1.891s] In file included from [01m[K/home/parallels/ros2_ws/src/segway_ros2/segwayrmp/include/Ge_encoder_odometry.h:14[m[K,
[1.891s]                  from [01m[K/home/parallels/ros2_ws/src/segway_ros2/segwayrmp/include/segwayrmp/robot.h:17[m[K,
[1.891s]                  from [01m[K/home/parallels/ros2_ws/src/segway_ros2/segwayrmp/src/robot.cpp:1[m[K:
[1.891s] [01m[K/home/parallels/ros2_ws/src/segway_ros2/segwayrmp/include/Ge_encoder_sensordata.h:[m[K In member function â€˜[01m[KSensorData::BaseImu SensorData::BaseImu::Interpolation(int64_t, SensorData::BaseImu, SensorData::BaseImu)[m[Kâ€™:
[1.891s] [01m[K/home/parallels/ros2_ws/src/segway_ros2/segwayrmp/include/Ge_encoder_sensordata.h:29:58:[m[K [01;35m[Kwarning: [m[Kimplicitly-declared â€˜[01m[Kconstexpr SensorData::BaseImu::BaseImu(const SensorData::BaseImu&)[m[Kâ€™ is deprecated [[01;35m[K]8;;https://gcc.gnu.org/onlinedocs/gcc/Warning-Options.html#index-Wdeprecated-copy-Wdeprecated-copy]8;;[m[K]
[1.891s]    29 |             if(time_inter <= imu_before.TimeStamp)return [01;35m[Kimu_before[m[K;
[1.891s]       |                                                          [01;35m[K^~~~~~~~~~[m[K
[1.891s] [01m[K/home/parallels/ros2_ws/src/segway_ros2/segwayrmp/include/Ge_encoder_sensordata.h:17:18:[m[K [01;36m[Knote: [m[Kbecause â€˜[01m[KSensorData::BaseImu[m[Kâ€™ has user-provided â€˜[01m[KSensorData::BaseImu& SensorData::BaseImu::operator=(SensorData::BaseImu&)[m[Kâ€™
[1.891s]    17 |         BaseImu& [01;36m[Koperator[m[K=(BaseImu& other)
[1.891s]       |                  [01;36m[K^~~~~~~~[m[K
[1.891s] [01m[K/home/parallels/ros2_ws/src/segway_ros2/segwayrmp/include/Ge_encoder_sensordata.h:30:57:[m[K [01;35m[Kwarning: [m[Kimplicitly-declared â€˜[01m[Kconstexpr SensorData::BaseImu::BaseImu(const SensorData::BaseImu&)[m[Kâ€™ is deprecated [[01;35m[K]8;;https://gcc.gnu.org/onlinedocs/gcc/Warning-Options.html#index-Wdeprecated-copy-Wdeprecated-copy]8;;[m[K]
[1.891s]    30 |             if(time_inter >= imu_after.TimeStamp)return [01;35m[Kimu_after[m[K;
[1.891s]       |                                                         [01;35m[K^~~~~~~~~[m[K
[1.891s] [01m[K/home/parallels/ros2_ws/src/segway_ros2/segwayrmp/include/Ge_encoder_sensordata.h:17:18:[m[K [01;36m[Knote: [m[Kbecause â€˜[01m[KSensorData::BaseImu[m[Kâ€™ has user-provided â€˜[01m[KSensorData::BaseImu& SensorData::BaseImu::operator=(SensorData::BaseImu&)[m[Kâ€™
[1.891s]    17 |         BaseImu& [01;36m[Koperator[m[K=(BaseImu& other)
[1.891s]       |                  [01;36m[K^~~~~~~~[m[K
[1.891s] [01m[K/home/parallels/ros2_ws/src/segway_ros2/segwayrmp/include/Ge_encoder_sensordata.h:31:67:[m[K [01;35m[Kwarning: [m[Kimplicitly-declared â€˜[01m[Kconstexpr SensorData::BaseImu::BaseImu(const SensorData::BaseImu&)[m[Kâ€™ is deprecated [[01;35m[K]8;;https://gcc.gnu.org/onlinedocs/gcc/Warning-Options.html#index-Wdeprecated-copy-Wdeprecated-copy]8;;[m[K]
[1.891s]    31 |             if(imu_before.TimeStamp == imu_after.TimeStamp)return [01;35m[Kimu_before[m[K;
[1.892s]       |                                                                   [01;35m[K^~~~~~~~~~[m[K
[1.892s] [01m[K/home/parallels/ros2_ws/src/segway_ros2/segwayrmp/include/Ge_encoder_sensordata.h:17:18:[m[K [01;36m[Knote: [m[Kbecause â€˜[01m[KSensorData::BaseImu[m[Kâ€™ has user-provided â€˜[01m[KSensorData::BaseImu& SensorData::BaseImu::operator=(SensorData::BaseImu&)[m[Kâ€™
[1.892s]    17 |         BaseImu& [01;36m[Koperator[m[K=(BaseImu& other)
[1.892s]       |                  [01;36m[K^~~~~~~~[m[K
[1.892s] [01m[K/home/parallels/ros2_ws/src/segway_ros2/segwayrmp/include/Ge_encoder_sensordata.h:38:20:[m[K [01;35m[Kwarning: [m[Kimplicitly-declared â€˜[01m[Kconstexpr SensorData::BaseImu::BaseImu(const SensorData::BaseImu&)[m[Kâ€™ is deprecated [[01;35m[K]8;;https://gcc.gnu.org/onlinedocs/gcc/Warning-Options.html#index-Wdeprecated-copy-Wdeprecated-copy]8;;[m[K]
[1.892s]    38 |             return [01;35m[Kres[m[K;
[1.892s]       |                    [01;35m[K^~~[m[K
[1.892s] [01m[K/home/parallels/ros2_ws/src/segway_ros2/segwayrmp/include/Ge_encoder_sensordata.h:17:18:[m[K [01;36m[Knote: [m[Kbecause â€˜[01m[KSensorData::BaseImu[m[Kâ€™ has user-provided â€˜[01m[KSensorData::BaseImu& SensorData::BaseImu::operator=(SensorData::BaseImu&)[m[Kâ€™
[1.892s]    17 |         BaseImu& [01;36m[Koperator[m[K=(BaseImu& other)
[1.892s]       |                  [01;36m[K^~~~~~~~[m[K
[1.893s] In file included from [01m[K/home/parallels/ros2_ws/src/segway_ros2/segwayrmp/include/segwayrmp/robot.h:17[m[K,
[1.893s]                  from [01m[K/home/parallels/ros2_ws/src/segway_ros2/segwayrmp/src/robot.cpp:1[m[K:
[1.893s] [01m[K/home/parallels/ros2_ws/src/segway_ros2/segwayrmp/include/Ge_encoder_odometry.h:[m[K In member function â€˜[01m[KSensorData::BaseImu ImuRecord::getAverageImu(int64_t)[m[Kâ€™:
[1.893s] [01m[K/home/parallels/ros2_ws/src/segway_ros2/segwayrmp/include/Ge_encoder_odometry.h:29:38:[m[K [01;35m[Kwarning: [m[Kimplicitly-declared â€˜[01m[Kconstexpr SensorData::BaseImu::BaseImu(const SensorData::BaseImu&)[m[Kâ€™ is deprecated [[01;35m[K]8;;https://gcc.gnu.org/onlinedocs/gcc/Warning-Options.html#index-Wdeprecated-copy-Wdeprecated-copy]8;;[m[K]
[1.893s]    29 |     SensorData::BaseImu imu_after = *[01;35m[Ki[m[K;
[1.893s]       |                                      [01;35m[K^[m[K
[1.894s] In file included from [01m[K/home/parallels/ros2_ws/src/segway_ros2/segwayrmp/include/Ge_encoder_odometry.h:14[m[K,
[1.894s]                  from [01m[K/home/parallels/ros2_ws/src/segway_ros2/segwayrmp/include/segwayrmp/robot.h:17[m[K,
[1.894s]                  from [01m[K/home/parallels/ros2_ws/src/segway_ros2/segwayrmp/src/robot.cpp:1[m[K:
[1.894s] [01m[K/home/parallels/ros2_ws/src/segway_ros2/segwayrmp/include/Ge_encoder_sensordata.h:17:18:[m[K [01;36m[Knote: [m[Kbecause â€˜[01m[KSensorData::BaseImu[m[Kâ€™ has user-provided â€˜[01m[KSensorData::BaseImu& SensorData::BaseImu::operator=(SensorData::BaseImu&)[m[Kâ€™
[1.894s]    17 |         BaseImu& [01;36m[Koperator[m[K=(BaseImu& other)
[1.894s]       |                  [01;36m[K^~~~~~~~[m[K
[1.894s] In file included from [01m[K/home/parallels/ros2_ws/src/segway_ros2/segwayrmp/include/segwayrmp/robot.h:17[m[K,
[1.894s]                  from [01m[K/home/parallels/ros2_ws/src/segway_ros2/segwayrmp/src/robot.cpp:1[m[K:
[1.894s] [01m[K/home/parallels/ros2_ws/src/segway_ros2/segwayrmp/include/Ge_encoder_odometry.h:39:55:[m[K [01;35m[Kwarning: [m[Kimplicitly-declared â€˜[01m[Kconstexpr SensorData::BaseImu::BaseImu(const SensorData::BaseImu&)[m[Kâ€™ is deprecated [[01;35m[K]8;;https://gcc.gnu.org/onlinedocs/gcc/Warning-Options.html#index-Wdeprecated-copy-Wdeprecated-copy]8;;[m[K]
[1.894s]    39 |       SensorData::BaseImu imu_suanz = [01;35m[Ki->Interpolation(ts, *i, *j)[m[K;
[1.894s]       |                                       [01;35m[K~~~~~~~~~~~~~~~~^~~~~~~~~~~~[m[K
[1.894s] In file included from [01m[K/home/parallels/ros2_ws/src/segway_ros2/segwayrmp/include/Ge_encoder_odometry.h:14[m[K,
[1.894s]                  from [01m[K/home/parallels/ros2_ws/src/segway_ros2/segwayrmp/include/segwayrmp/robot.h:17[m[K,
[1.894s]                  from [01m[K/home/parallels/ros2_ws/src/segway_ros2/segwayrmp/src/robot.cpp:1[m[K:
[1.894s] [01m[K/home/parallels/ros2_ws/src/segway_ros2/segwayrmp/include/Ge_encoder_sensordata.h:17:18:[m[K [01;36m[Knote: [m[Kbecause â€˜[01m[KSensorData::BaseImu[m[Kâ€™ has user-provided â€˜[01m[KSensorData::BaseImu& SensorData::BaseImu::operator=(SensorData::BaseImu&)[m[Kâ€™
[1.894s]    17 |         BaseImu& [01;36m[Koperator[m[K=(BaseImu& other)
[1.894s]       |                  [01;36m[K^~~~~~~~[m[K
[1.894s] [01m[K/home/parallels/ros2_ws/src/segway_ros2/segwayrmp/include/Ge_encoder_sensordata.h:26:59:[m[K [01;36m[Knote: [m[K  initializing argument 2 of â€˜[01m[KSensorData::BaseImu SensorData::BaseImu::Interpolation(int64_t, SensorData::BaseImu, SensorData::BaseImu)[m[Kâ€™
[1.894s]    26 |         BaseImu Interpolation(int64_t time_inter, [01;36m[KBaseImu imu_before[m[K, BaseImu imu_after){
[1.894s]       |                                                   [01;36m[K~~~~~~~~^~~~~~~~~~[m[K
[1.894s] In file included from [01m[K/home/parallels/ros2_ws/src/segway_ros2/segwayrmp/include/segwayrmp/robot.h:17[m[K,
[1.894s]                  from [01m[K/home/parallels/ros2_ws/src/segway_ros2/segwayrmp/src/robot.cpp:1[m[K:
[1.894s] [01m[K/home/parallels/ros2_ws/src/segway_ros2/segwayrmp/include/Ge_encoder_odometry.h:39:55:[m[K [01;35m[Kwarning: [m[Kimplicitly-declared â€˜[01m[Kconstexpr SensorData::BaseImu::BaseImu(const SensorData::BaseImu&)[m[Kâ€™ is deprecated [[01;35m[K]8;;https://gcc.gnu.org/onlinedocs/gcc/Warning-Options.html#index-Wdeprecated-copy-Wdeprecated-copy]8;;[m[K]
[1.894s]    39 |       SensorData::BaseImu imu_suanz = [01;35m[Ki->Interpolation(ts, *i, *j)[m[K;
[1.894s]       |                                       [01;35m[K~~~~~~~~~~~~~~~~^~~~~~~~~~~~[m[K
[1.894s] In file included from [01m[K/home/parallels/ros2_ws/src/segway_ros2/segwayrmp/include/Ge_encoder_odometry.h:14[m[K,
[1.894s]                  from [01m[K/home/parallels/ros2_ws/src/segway_ros2/segwayrmp/include/segwayrmp/robot.h:17[m[K,
[1.894s]                  from [01m[K/home/parallels/ros2_ws/src/segway_ros2/segwayrmp/src/robot.cpp:1[m[K:
[1.895s] [01m[K/home/parallels/ros2_ws/src/segway_ros2/segwayrmp/include/Ge_encoder_sensordata.h:17:18:[m[K [01;36m[Knote: [m[Kbecause â€˜[01m[KSensorData::BaseImu[m[Kâ€™ has user-provided â€˜[01m[KSensorData::BaseImu& SensorData::BaseImu::operator=(SensorData::BaseImu&)[m[Kâ€™
[1.895s]    17 |         BaseImu& [01;36m[Koperator[m[K=(BaseImu& other)
[1.895s]       |                  [01;36m[K^~~~~~~~[m[K
[1.895s] [01m[K/home/parallels/ros2_ws/src/segway_ros2/segwayrmp/include/Ge_encoder_sensordata.h:26:79:[m[K [01;36m[Knote: [m[K  initializing argument 3 of â€˜[01m[KSensorData::BaseImu SensorData::BaseImu::Interpolation(int64_t, SensorData::BaseImu, SensorData::BaseImu)[m[Kâ€™
[1.895s]    26 |         BaseImu Interpolation(int64_t time_inter, BaseImu imu_before, [01;36m[KBaseImu imu_after[m[K){
[1.895s]       |                                                                       [01;36m[K~~~~~~~~^~~~~~~~~[m[K
[1.895s] In file included from [01m[K/home/parallels/ros2_ws/src/segway_ros2/segwayrmp/include/segwayrmp/robot.h:17[m[K,
[1.895s]                  from [01m[K/home/parallels/ros2_ws/src/segway_ros2/segwayrmp/src/robot.cpp:1[m[K:
[1.895s] [01m[K/home/parallels/ros2_ws/src/segway_ros2/segwayrmp/include/Ge_encoder_odometry.h:44:49:[m[K [01;35m[Kwarning: [m[Kimplicitly-declared â€˜[01m[Kconstexpr SensorData::BaseImu::BaseImu(const SensorData::BaseImu&)[m[Kâ€™ is deprecated [[01;35m[K]8;;https://gcc.gnu.org/onlinedocs/gcc/Warning-Options.html#index-Wdeprecated-copy-Wdeprecated-copy]8;;[m[K]
[1.895s]    44 |     if (time_gap_ == 0) return imu_buffer_.back([01;35m[K)[m[K;
[1.895s]       |                                                 [01;35m[K^[m[K
[1.895s] In file included from [01m[K/home/parallels/ros2_ws/src/segway_ros2/segwayrmp/include/Ge_encoder_odometry.h:14[m[K,
[1.895s]                  from [01m[K/home/parallels/ros2_ws/src/segway_ros2/segwayrmp/include/segwayrmp/robot.h:17[m[K,
[1.895s]                  from [01m[K/home/parallels/ros2_ws/src/segway_ros2/segwayrmp/src/robot.cpp:1[m[K:
[1.895s] [01m[K/home/parallels/ros2_ws/src/segway_ros2/segwayrmp/include/Ge_encoder_sensordata.h:17:18:[m[K [01;36m[Knote: [m[Kbecause â€˜[01m[KSensorData::BaseImu[m[Kâ€™ has user-provided â€˜[01m[KSensorData::BaseImu& SensorData::BaseImu::operator=(SensorData::BaseImu&)[m[Kâ€™
[1.895s]    17 |         BaseImu& [01;36m[Koperator[m[K=(BaseImu& other)
[1.895s]       |                  [01;36m[K^~~~~~~~[m[K
[1.895s] In file included from [01m[K/home/parallels/ros2_ws/src/segway_ros2/segwayrmp/include/segwayrmp/robot.h:17[m[K,
[1.895s]                  from [01m[K/home/parallels/ros2_ws/src/segway_ros2/segwayrmp/src/robot.cpp:1[m[K:
[1.895s] [01m[K/home/parallels/ros2_ws/src/segway_ros2/segwayrmp/include/Ge_encoder_odometry.h:48:12:[m[K [01;35m[Kwarning: [m[Kimplicitly-declared â€˜[01m[Kconstexpr SensorData::BaseImu::BaseImu(const SensorData::BaseImu&)[m[Kâ€™ is deprecated [[01;35m[K]8;;https://gcc.gnu.org/onlinedocs/gcc/Warning-Options.html#index-Wdeprecated-copy-Wdeprecated-copy]8;;[m[K]
[1.895s]    48 |     return [01;35m[Kres_imu[m[K;
[1.895s]       |            [01;35m[K^~~~~~~[m[K
[1.895s] In file included from [01m[K/home/parallels/ros2_ws/src/segway_ros2/segwayrmp/include/Ge_encoder_odometry.h:14[m[K,
[1.895s]                  from [01m[K/home/parallels/ros2_ws/src/segway_ros2/segwayrmp/include/segwayrmp/robot.h:17[m[K,
[1.895s]                  from [01m[K/home/parallels/ros2_ws/src/segway_ros2/segwayrmp/src/robot.cpp:1[m[K:
[1.895s] [01m[K/home/parallels/ros2_ws/src/segway_ros2/segwayrmp/include/Ge_encoder_sensordata.h:17:18:[m[K [01;36m[Knote: [m[Kbecause â€˜[01m[KSensorData::BaseImu[m[Kâ€™ has user-provided â€˜[01m[KSensorData::BaseImu& SensorData::BaseImu::operator=(SensorData::BaseImu&)[m[Kâ€™
[1.895s]    17 |         BaseImu& [01;36m[Koperator[m[K=(BaseImu& other)
[1.895s]       |                  [01;36m[K^~~~~~~~[m[K
[2.304s] [01m[K/home/parallels/ros2_ws/src/segway_ros2/segwayrmp/src/robot.cpp:[m[K In constructor â€˜[01m[Krobot::Chassis::Chassis(const SharedPtr&)[m[Kâ€™:
[2.304s] [01m[K/home/parallels/ros2_ws/src/segway_ros2/segwayrmp/src/robot.cpp:262:61:[m[K [01;31m[Kerror: [m[Kno matching function for call to â€˜[01m[Krclcpp::Node::Node()[m[Kâ€™
[2.304s]   262 | Chassis::Chassis(const rclcpp::Node::SharedPtr &nh) : nh_(nh[01;31m[K)[m[K
[2.304s]       |                                                             [01;31m[K^[m[K
[2.304s] In file included from [01m[K/opt/ros/humble/include/rclcpp/rclcpp/executors/single_threaded_executor.hpp:28[m[K,
[2.304s]                  from [01m[K/opt/ros/humble/include/rclcpp/rclcpp/executors.hpp:22[m[K,
[2.304s]                  from [01m[K/opt/ros/humble/include/rclcpp/rclcpp/rclcpp.hpp:155[m[K,
[2.304s]                  from [01m[K/home/parallels/ros2_ws/src/segway_ros2/segwayrmp/include/segwayrmp/robot.h:4[m[K,
[2.304s]                  from [01m[K/home/parallels/ros2_ws/src/segway_ros2/segwayrmp/src/robot.cpp:1[m[K:
[2.304s] [01m[K/opt/ros/humble/include/rclcpp/rclcpp/node.hpp:1294:3:[m[K [01;36m[Knote: [m[Kcandidate: â€˜[01m[Krclcpp::Node::Node(const rclcpp::Node&, const string&)[m[Kâ€™
[2.305s]  1294 |   [01;36m[KNode[m[K(
[2.305s]       |   [01;36m[K^~~~[m[K
[2.305s] [01m[K/opt/ros/humble/include/rclcpp/rclcpp/node.hpp:1294:3:[m[K [01;36m[Knote: [m[K  candidate expects 2 arguments, 0 provided
[2.305s] [01m[K/opt/ros/humble/include/rclcpp/rclcpp/node.hpp:101:12:[m[K [01;36m[Knote: [m[Kcandidate: â€˜[01m[Krclcpp::Node::Node(const string&, const string&, const rclcpp::NodeOptions&)[m[Kâ€™
[2.305s]   101 |   explicit [01;36m[KNode[m[K(
[2.305s]       |            [01;36m[K^~~~[m[K
[2.305s] [01m[K/opt/ros/humble/include/rclcpp/rclcpp/node.hpp:101:12:[m[K [01;36m[Knote: [m[K  candidate expects 3 arguments, 0 provided
[2.305s] [01m[K/opt/ros/humble/include/rclcpp/rclcpp/node.hpp:89:12:[m[K [01;36m[Knote: [m[Kcandidate: â€˜[01m[Krclcpp::Node::Node(const string&, const rclcpp::NodeOptions&)[m[Kâ€™
[2.305s]    89 |   explicit [01;36m[KNode[m[K(
[2.305s]       |            [01;36m[K^~~~[m[K
[2.305s] [01m[K/opt/ros/humble/include/rclcpp/rclcpp/node.hpp:89:12:[m[K [01;36m[Knote: [m[K  candidate expects 2 arguments, 0 provided
[2.311s] [01m[K/home/parallels/ros2_ws/src/segway_ros2/segwayrmp/src/robot.cpp:275:58:[m[K [01;31m[Kerror: [m[Kâ€˜[01m[KBmsFb[m[Kâ€™ is not a member of â€˜[01m[Ksegway_msgs::msg[m[Kâ€™; did you mean â€˜[01m[KBmsfb[m[Kâ€™?
[2.311s]   275 |     bms_fb_pub = nh_->create_publisher<segway_msgs::msg::[01;31m[KBmsFb[m[K>("bms_Fb", 10);
[2.312s]       |                                                          [01;31m[K^~~~~[m[K
[2.312s]       |                                                          [32m[KBmsfb[m[K
[2.312s] [01m[K/home/parallels/ros2_ws/src/segway_ros2/segwayrmp/src/robot.cpp:275:64:[m[K [01;31m[Kerror: [m[Kno matching function for call to â€˜[01m[Krclcpp::Node::create_publisher<<expression error> >(const char [7], int)[m[Kâ€™
[2.312s]   275 |     bms_fb_pub = [01;31m[Knh_->create_publisher<segway_msgs::msg::BmsFb>("bms_Fb", 10)[m[K;
[2.312s]       |                  [01;31m[K~~~~~~~~~~~~~~~~~~~~~~~~~~~~~~~~~~~~~~~~~~~~~~^~~~~~~~~~~~~~[m[K
[2.312s] In file included from [01m[K/opt/ros/humble/include/rclcpp/rclcpp/executors/single_threaded_executor.hpp:28[m[K,
[2.312s]                  from [01m[K/opt/ros/humble/include/rclcpp/rclcpp/executors.hpp:22[m[K,
[2.312s]                  from [01m[K/opt/ros/humble/include/rclcpp/rclcpp/rclcpp.hpp:155[m[K,
[2.312s]                  from [01m[K/home/parallels/ros2_ws/src/segway_ros2/segwayrmp/include/segwayrmp/robot.h:4[m[K,
[2.312s]                  from [01m[K/home/parallels/ros2_ws/src/segway_ros2/segwayrmp/src/robot.cpp:1[m[K:
[2.312s] [01m[K/opt/ros/humble/include/rclcpp/rclcpp/node.hpp:195:3:[m[K [01;36m[Knote: [m[Kcandidate: â€˜[01m[Ktemplate<class MessageT, class AllocatorT, class PublisherT> std::shared_ptr<PublisherT> rclcpp::Node::create_publisher(const string&, const rclcpp::QoS&, const rclcpp::PublisherOptionsWithAllocator<AllocatorT>&)[m[Kâ€™
[2.312s]   195 |   [01;36m[Kcreate_publisher[m[K(
[2.312s]       |   [01;36m[K^~~~~~~~~~~~~~~~[m[K
[2.312s] [01m[K/opt/ros/humble/include/rclcpp/rclcpp/node.hpp:195:3:[m[K [01;36m[Knote: [m[K  template argument deduction/substitution failed:
[2.312s] [01m[K/home/parallels/ros2_ws/src/segway_ros2/segwayrmp/src/robot.cpp:275:64:[m[K [01;31m[Kerror: [m[Ktemplate argument 1 is invalid
[2.312s]   275 |     bms_fb_pub = [01;31m[Knh_->create_publisher<segway_msgs::msg::BmsFb>("bms_Fb", 10)[m[K;
[2.312s]       |                  [01;31m[K~~~~~~~~~~~~~~~~~~~~~~~~~~~~~~~~~~~~~~~~~~~~~~^~~~~~~~~~~~~~[m[K
[2.316s] [01m[K/home/parallels/ros2_ws/src/segway_ros2/segwayrmp/src/robot.cpp:283:5:[m[K [01;31m[Kerror: [m[Kâ€˜[01m[Kodom_pub[m[Kâ€™ was not declared in this scope; did you mean â€˜[01m[KOdom_pub[m[Kâ€™?
[2.317s]   283 |     [01;31m[Kodom_pub[m[K = nh_->create_publisher<nav_msgs::msg::Odometry>("odom", 1);
[2.317s]       |     [01;31m[K^~~~~~~~[m[K
[2.317s]       |     [32m[KOdom_pub[m[K
[2.320s] [01m[K/home/parallels/ros2_ws/src/segway_ros2/segwayrmp/src/robot.cpp:284:5:[m[K [01;31m[Kerror: [m[Kâ€˜[01m[Kimu_pub[m[Kâ€™ was not declared in this scope; did you mean â€˜[01m[KImu_pub[m[Kâ€™?
[2.320s]   284 |     [01;31m[Kimu_pub[m[K = nh_->create_publisher<sensor_msgs::msg::Imu>("imu", 1);
[2.320s]       |     [01;31m[K^~~~~~~[m[K
[2.320s]       |     [32m[KImu_pub[m[K
[2.321s] [01m[K/home/parallels/ros2_ws/src/segway_ros2/segwayrmp/src/robot.cpp:290:216:[m[K [01;31m[Kerror: [m[Kâ€˜[01m[K_1[m[Kâ€™ was not declared in this scope; did you mean â€˜[01m[Kstd::placeholders::_1[m[Kâ€™?
[2.321s]   290 | rotate_cmd_srv", std::bind(&Chassis::ros_enable_chassis_rotate_cmd_callback, this, [01;31m[K_1[m[K, _2));
[2.321s]       |                                                                                    [01;31m[K^~[m[K
[2.321s]       |                                                                                    [32m[Kstd::placeholders::_1[m[K
[2.321s] In file included from [01m[K/usr/include/c++/11/pstl/glue_algorithm_defs.h:13[m[K,
[2.321s]                  from [01m[K/usr/include/c++/11/algorithm:74[m[K,
[2.322s]                  from [01m[K/opt/ros/humble/include/rclcpp/rclcpp/executor.hpp:18[m[K,
[2.322s]                  from [01m[K/opt/ros/humble/include/rclcpp/rclcpp/executors/multi_threaded_executor.hpp:25[m[K,
[2.322s]                  from [01m[K/opt/ros/humble/include/rclcpp/rclcpp/executors.hpp:21[m[K,
[2.322s]                  from [01m[K/opt/ros/humble/include/rclcpp/rclcpp/rclcpp.hpp:155[m[K,
[2.322s]                  from [01m[K/home/parallels/ros2_ws/src/segway_ros2/segwayrmp/include/segwayrmp/robot.h:4[m[K,
[2.322s]                  from [01m[K/home/parallels/ros2_ws/src/segway_ros2/segwayrmp/src/robot.cpp:1[m[K:
[2.322s] [01m[K/usr/include/c++/11/functional:225:34:[m[K [01;36m[Knote: [m[Kâ€˜[01m[Kstd::placeholders::_1[m[Kâ€™ declared here
[2.322s]   225 |     extern const _Placeholder<1> [01;36m[K_1[m[K;
[2.322s]       |                                  [01;36m[K^~[m[K
[2.322s] [01m[K/home/parallels/ros2_ws/src/segway_ros2/segwayrmp/src/robot.cpp:290:220:[m[K [01;31m[Kerror: [m[Kâ€˜[01m[K_2[m[Kâ€™ was not declared in this scope; did you mean â€˜[01m[Kstd::placeholders::_2[m[Kâ€™?
[2.322s]   290 | rotate_cmd_srv", std::bind(&Chassis::ros_enable_chassis_rotate_cmd_callback, this, _1, [01;31m[K_2[m[K));
[2.322s]       |                                                                                        [01;31m[K^~[m[K
[2.322s]       |                                                                                        [32m[Kstd::placeholders::_2[m[K
[2.322s] In file included from [01m[K/usr/include/c++/11/pstl/glue_algorithm_defs.h:13[m[K,
[2.322s]                  from [01m[K/usr/include/c++/11/algorithm:74[m[K,
[2.322s]                  from [01m[K/opt/ros/humble/include/rclcpp/rclcpp/executor.hpp:18[m[K,
[2.322s]                  from [01m[K/opt/ros/humble/include/rclcpp/rclcpp/executors/multi_threaded_executor.hpp:25[m[K,
[2.322s]                  from [01m[K/opt/ros/humble/include/rclcpp/rclcpp/executors.hpp:21[m[K,
[2.322s]                  from [01m[K/opt/ros/humble/include/rclcpp/rclcpp/rclcpp.hpp:155[m[K,
[2.322s]                  from [01m[K/home/parallels/ros2_ws/src/segway_ros2/segwayrmp/include/segwayrmp/robot.h:4[m[K,
[2.322s]                  from [01m[K/home/parallels/ros2_ws/src/segway_ros2/segwayrmp/src/robot.cpp:1[m[K:
[2.322s] [01m[K/usr/include/c++/11/functional:226:34:[m[K [01;36m[Knote: [m[Kâ€˜[01m[Kstd::placeholders::_2[m[Kâ€™ declared here
[2.322s]   226 |     extern const _Placeholder<2> [01;36m[K_2[m[K;
[2.322s]       |                                  [01;36m[K^~[m[K
[2.322s] [01m[K/home/parallels/ros2_ws/src/segway_ros2/segwayrmp/src/robot.cpp:293:79:[m[K [01;31m[Kerror: [m[Kâ€˜[01m[KRosGetChassisSNCmd[m[Kâ€™ is not a member of â€˜[01m[Ksegway_msgs::srv[m[Kâ€™; did you mean â€˜[01m[KRosGetChassisSnCmd[m[Kâ€™?
[2.322s]   293 |     ros_get_chassis_SN_cmd_srv_server = nh_->create_service<segway_msgs::srv::[01;31m[KRosGetChassisSNCmd[m[K>("ros_get_chassis_SN_cmd_srv", std::bind(&Chassis::ros_get_chassis_SN_cmd_callback, this, _1, _2));
[2.322s]       |                                                                               [01;31m[K^~~~~~~~~~~~~~~~~~[m[K
[2.322s]       |                                                                               [32m[KRosGetChassisSnCmd[m[K
[2.322s] [01m[K/home/parallels/ros2_ws/src/segway_ros2/segwayrmp/src/robot.cpp:298:83:[m[K [01;31m[Kerror: [m[Kâ€˜[01m[KRosSetChassisEfnableCmd[m[Kâ€™ is not a member of â€˜[01m[Ksegway_msgs::srv[m[Kâ€™; did you mean â€˜[01m[KRosSetChassisEnableCmd[m[Kâ€™?
[2.322s]   298 |    ros_set_chassis_enable_cmd_srv_server = nh_->create_service<segway_msgs::srv::[01;31m[KRosSetChassisEfnableCmd[m[K>("ros_set_chassis_enable_cmd_srv", std::bind(&Chassis::ros_set_chassis_enable_cmd_callback, this, _1, _2));
[2.322s]       |                                                                                  [01;31m[K^~~~~~~~~~~~~~~~~~~~~~~[m[K
[2.322s]       |                                                                                  [32m[KRosSetChassisEnableCmd[m[K
[2.334s] [01m[K/home/parallels/ros2_ws/src/segway_ros2/segwayrmp/src/robot.cpp:336:5:[m[K [01;31m[Kerror: [m[Kâ€˜[01m[Kros_set_iap_cmd_server[m[Kâ€™ was not declared in this scope; did you mean â€˜[01m[Kros_set_iap_cmd_callback[m[Kâ€™?
[2.334s]   336 |     [01;31m[Kros_set_iap_cmd_server[m[K = rclcpp_action::create_server<segway_msgs::action::RosSetIapCmd>(
[2.334s]       |     [01;31m[K^~~~~~~~~~~~~~~~~~~~~~[m[K
[2.334s]       |     [32m[Kros_set_iap_cmd_callback[m[K
[2.335s] [01m[K/home/parallels/ros2_ws/src/segway_ros2/segwayrmp/src/robot.cpp:342:25:[m[K [01;31m[Kerror: [m[Kâ€˜[01m[Kexecute_callback[m[Kâ€™ is not a member of â€˜[01m[Krobot::Chassis[m[Kâ€™
[2.335s]   342 |     std::bind(&Chassis::[01;31m[Kexecute_callback[m[K, this, _1),
[2.335s]       |                         [01;31m[K^~~~~~~~~~~~~~~~[m[K
[2.335s] [01m[K/home/parallels/ros2_ws/src/segway_ros2/segwayrmp/src/robot.cpp:348:25:[m[K [01;31m[Kerror: [m[Kâ€˜[01m[Kusing SharedPtr = class std::shared_ptr<rclcpp::Node>[m[Kâ€™ {aka â€˜[01m[Kclass std::shared_ptr<rclcpp::Node>[m[Kâ€™} has no member named â€˜[01m[KcreateTimer[m[Kâ€™
[2.335s]   348 |     update_timer_ = nh_.[01;31m[KcreateTimer[m[K(ros::Duration(0.001), &Chassis::TimeUpdate1000Hz, this);
[2.335s]       |                         [01;31m[K^~~~~~~~~~~[m[K
[2.335s] [01m[K/home/parallels/ros2_ws/src/segway_ros2/segwayrmp/src/robot.cpp:348:37:[m[K [01;31m[Kerror: [m[Kâ€˜[01m[Kros[m[Kâ€™ has not been declared
[2.335s]   348 |     update_timer_ = nh_.createTimer([01;31m[Kros[m[K::Duration(0.001), &Chassis::TimeUpdate1000Hz, this);
[2.335s]       |                                     [01;31m[K^~~[m[K
[2.335s] [01m[K/home/parallels/ros2_ws/src/segway_ros2/segwayrmp/src/robot.cpp:349:26:[m[K [01;31m[Kerror: [m[Kâ€˜[01m[Kusing SharedPtr = class std::shared_ptr<rclcpp::Node>[m[Kâ€™ {aka â€˜[01m[Kclass std::shared_ptr<rclcpp::Node>[m[Kâ€™} has no member named â€˜[01m[KcreateTimer[m[Kâ€™
[2.335s]   349 |     update_timer2_ = nh_.[01;31m[KcreateTimer[m[K(ros::Duration(1), &Chassis::TimeUpdate1Hz, this);
[2.335s]       |                          [01;31m[K^~~~~~~~~~~[m[K
[2.335s] [01m[K/home/parallels/ros2_ws/src/segway_ros2/segwayrmp/src/robot.cpp:349:38:[m[K [01;31m[Kerror: [m[Kâ€˜[01m[Kros[m[Kâ€™ has not been declared
[2.335s]   349 |     update_timer2_ = nh_.createTimer([01;31m[Kros[m[K::Duration(1), &Chassis::TimeUpdate1Hz, this);
[2.335s]       |                                      [01;31m[K^~~[m[K
[2.335s] [01m[K/home/parallels/ros2_ws/src/segway_ros2/segwayrmp/src/robot.cpp:350:5:[m[K [01;31m[Kerror: [m[Kâ€˜[01m[Kros[m[Kâ€™ has not been declared
[2.335s]   350 |     [01;31m[Kros[m[K::spin();
[2.335s]       |     [01;31m[K^~~[m[K
[2.340s] [01m[K/home/parallels/ros2_ws/src/segway_ros2/segwayrmp/src/robot.cpp:[m[K At global scope:
[2.340s] [01m[K/home/parallels/ros2_ws/src/segway_ros2/segwayrmp/src/robot.cpp:363:6:[m[K [01;31m[Kerror: [m[Kâ€˜[01m[Kbool robot::Chassis::ros_enable_chassis_rotate_cmd_callback[m[Kâ€™ is not a static data member of â€˜[01m[Kclass robot::Chassis[m[Kâ€™
[2.340s]   363 | bool [01;31m[KChassis[m[K::ros_enable_chassis_rotate_cmd_callback(segway_msgs::ros_enable_chassis_rotate_cmd::Request &req, segway_msgs::ros_enable_chassis_rotate_cmd::Response &res)
[2.340s]       |      [01;31m[K^~~~~~~[m[K
[2.340s] [01m[K/home/parallels/ros2_ws/src/segway_ros2/segwayrmp/src/robot.cpp:363:67:[m[K [01;31m[Kerror: [m[Kâ€˜[01m[Ksegway_msgs::ros_enable_chassis_rotate_cmd[m[Kâ€™ has not been declared
[2.340s]   363 | bool Chassis::ros_enable_chassis_rotate_cmd_callback(segway_msgs::[01;31m[Kros_enable_chassis_rotate_cmd[m[K::Request &req, segway_msgs::ros_enable_chassis_rotate_cmd::Response &res)
[2.340s]       |                                                                   [01;31m[K^~~~~~~~~~~~~~~~~~~~~~~~~~~~~[m[K
[2.343s] [01m[K/home/parallels/ros2_ws/src/segway_ros2/segwayrmp/src/robot.cpp:363:107:[m[K [01;31m[Kerror: [m[Kâ€˜[01m[Kreq[m[Kâ€™ was not declared in this scope
[2.343s]   363 | chassis_rotate_cmd_callback(segway_msgs::ros_enable_chassis_rotate_cmd::Request &[01;31m[Kreq[m[K, segway_msgs::ros_enable_chassis_rotate_cmd::Response &res)
[2.343s]       |                                                                                  [01;31m[K^~~[m[K
[2.343s] 
[2.343s] [01m[K/home/parallels/ros2_ws/src/segway_ros2/segwayrmp/src/robot.cpp:363:125:[m[K [01;31m[Kerror: [m[Kâ€˜[01m[Ksegway_msgs::ros_enable_chassis_rotate_cmd[m[Kâ€™ has not been declared
[2.343s]   363 | _callback(segway_msgs::ros_enable_chassis_rotate_cmd::Request &req, segway_msgs::[01;31m[Kros_enable_chassis_rotate_cmd[m[K::Response &res)
[2.343s]       |                                                                                  [01;31m[K^~~~~~~~~~~~~~~~~~~~~~~~~~~~~[m[K
[2.343s] 
[2.347s] [01m[K/home/parallels/ros2_ws/src/segway_ros2/segwayrmp/src/robot.cpp:363:166:[m[K [01;31m[Kerror: [m[Kâ€˜[01m[Kres[m[Kâ€™ was not declared in this scope
[2.347s]   363 | chassis_rotate_cmd::Request &req, segway_msgs::ros_enable_chassis_rotate_cmd::Response &[01;31m[Kres[m[K)
[2.347s]       |                                                                                         [01;31m[K^~~[m[K
[2.347s] 
[2.347s] [01m[K/home/parallels/ros2_ws/src/segway_ros2/segwayrmp/src/robot.cpp:363:169:[m[K [01;31m[Kerror: [m[Kexpression list treated as compound expression in initializer [[01;31m[K]8;;https://gcc.gnu.org/onlinedocs/gcc/Warning-Options.html#index-fpermissive-fpermissive]8;;[m[K]
[2.347s]   363 | chassis_rotate_cmd::Request &req, segway_msgs::ros_enable_chassis_rotate_cmd::Response &res[01;31m[K)[m[K
[2.347s]       |                                                                                            [01;31m[K^[m[K
[2.347s] 
[2.347s] [01m[K/home/parallels/ros2_ws/src/segway_ros2/segwayrmp/src/robot.cpp:382:6:[m[K [01;31m[Kerror: [m[Kâ€˜[01m[Kbool robot::Chassis::ros_get_chassis_rotate_switch_cmd_callback[m[Kâ€™ is not a static data member of â€˜[01m[Kclass robot::Chassis[m[Kâ€™
[2.347s]   382 | bool [01;31m[KChassis[m[K::ros_get_chassis_rotate_switch_cmd_callback(segway_msgs::ros_get_chassis_rotate_switch_cmd::Request &req, segway_msgs::ros_get_chassis_rotate_switch_cmd::Response &res)
[2.347s]       |      [01;31m[K^~~~~~~[m[K
[2.347s] [01m[K/home/parallels/ros2_ws/src/segway_ros2/segwayrmp/src/robot.cpp:382:71:[m[K [01;31m[Kerror: [m[Kâ€˜[01m[Ksegway_msgs::ros_get_chassis_rotate_switch_cmd[m[Kâ€™ has not been declared
[2.347s]   382 | bool Chassis::ros_get_chassis_rotate_switch_cmd_callback(segway_msgs::[01;31m[Kros_get_chassis_rotate_switch_cmd[m[K::Request &req, segway_msgs::ros_get_chassis_rotate_switch_cmd::Response &res)
[2.347s]       |                                                                       [01;31m[K^~~~~~~~~~~~~~~~~~~~~~~~~~~~~~~~~[m[K
[2.351s] [01m[K/home/parallels/ros2_ws/src/segway_ros2/segwayrmp/src/robot.cpp:382:115:[m[K [01;31m[Kerror: [m[Kâ€˜[01m[Kreq[m[Kâ€™ was not declared in this scope
[2.351s]   382 | ate_switch_cmd_callback(segway_msgs::ros_get_chassis_rotate_switch_cmd::Request &[01;31m[Kreq[m[K, segway_msgs::ros_get_chassis_rotate_switch_cmd::Response &res)
[2.351s]       |                                                                                  [01;31m[K^~~[m[K
[2.351s] 
[2.351s] [01m[K/home/parallels/ros2_ws/src/segway_ros2/segwayrmp/src/robot.cpp:382:133:[m[K [01;31m[Kerror: [m[Kâ€˜[01m[Ksegway_msgs::ros_get_chassis_rotate_switch_cmd[m[Kâ€™ has not been declared
[2.351s]   382 | lback(segway_msgs::ros_get_chassis_rotate_switch_cmd::Request &req, segway_msgs::[01;31m[Kros_get_chassis_rotate_switch_cmd[m[K::Response &res)
[2.351s]       |                                                                                  [01;31m[K^~~~~~~~~~~~~~~~~~~~~~~~~~~~~~~~~[m[K
[2.351s] 
[2.356s] [01m[K/home/parallels/ros2_ws/src/segway_ros2/segwayrmp/src/robot.cpp:382:178:[m[K [01;31m[Kerror: [m[Kâ€˜[01m[Kres[m[Kâ€™ was not declared in this scope
[2.356s]   382 | ate_switch_cmd::Request &req, segway_msgs::ros_get_chassis_rotate_switch_cmd::Response &[01;31m[Kres[m[K)
[2.356s]       |                                                                                         [01;31m[K^~~[m[K
[2.356s] 
[2.356s] [01m[K/home/parallels/ros2_ws/src/segway_ros2/segwayrmp/src/robot.cpp:382:181:[m[K [01;31m[Kerror: [m[Kexpression list treated as compound expression in initializer [[01;31m[K]8;;https://gcc.gnu.org/onlinedocs/gcc/Warning-Options.html#index-fpermissive-fpermissive]8;;[m[K]
[2.356s]   382 | ate_switch_cmd::Request &req, segway_msgs::ros_get_chassis_rotate_switch_cmd::Response &res[01;31m[K)[m[K
[2.356s]       |                                                                                            [01;31m[K^[m[K
[2.356s] 
[2.356s] [01m[K/home/parallels/ros2_ws/src/segway_ros2/segwayrmp/src/robot.cpp:393:6:[m[K [01;31m[Kerror: [m[Kâ€˜[01m[Kbool robot::Chassis::ros_clear_chassis_error_code_cmd_callback[m[Kâ€™ is not a static data member of â€˜[01m[Kclass robot::Chassis[m[Kâ€™
[2.356s]   393 | bool [01;31m[KChassis[m[K::ros_clear_chassis_error_code_cmd_callback(segway_msgs::ros_clear_chassis_error_code_cmd::Request &req, segway_msgs::ros_clear_chassis_error_code_cmd::Response &res)
[2.356s]       |      [01;31m[K^~~~~~~[m[K
[2.356s] [01m[K/home/parallels/ros2_ws/src/segway_ros2/segwayrmp/src/robot.cpp:393:70:[m[K [01;31m[Kerror: [m[Kâ€˜[01m[Ksegway_msgs::ros_clear_chassis_error_code_cmd[m[Kâ€™ has not been declared
[2.356s]   393 | bool Chassis::ros_clear_chassis_error_code_cmd_callback(segway_msgs::[01;31m[Kros_clear_chassis_error_code_cmd[m[K::Request &req, segway_msgs::ros_clear_chassis_error_code_cmd::Response &res)
[2.356s]       |                                                                      [01;31m[K^~~~~~~~~~~~~~~~~~~~~~~~~~~~~~~~[m[K
[2.359s] [01m[K/home/parallels/ros2_ws/src/segway_ros2/segwayrmp/src/robot.cpp:393:113:[m[K [01;31m[Kerror: [m[Kâ€˜[01m[Kreq[m[Kâ€™ was not declared in this scope
[2.359s]   393 | _error_code_cmd_callback(segway_msgs::ros_clear_chassis_error_code_cmd::Request &[01;31m[Kreq[m[K, segway_msgs::ros_clear_chassis_error_code_cmd::Response &res)
[2.359s]       |                                                                                  [01;31m[K^~~[m[K
[2.359s] 
[2.359s] [01m[K/home/parallels/ros2_ws/src/segway_ros2/segwayrmp/src/robot.cpp:393:131:[m[K [01;31m[Kerror: [m[Kâ€˜[01m[Ksegway_msgs::ros_clear_chassis_error_code_cmd[m[Kâ€™ has not been declared
[2.359s]   393 | llback(segway_msgs::ros_clear_chassis_error_code_cmd::Request &req, segway_msgs::[01;31m[Kros_clear_chassis_error_code_cmd[m[K::Response &res)
[2.359s]       |                                                                                  [01;31m[K^~~~~~~~~~~~~~~~~~~~~~~~~~~~~~~~[m[K
[2.359s] 
[2.363s] [01m[K/home/parallels/ros2_ws/src/segway_ros2/segwayrmp/src/robot.cpp:393:175:[m[K [01;31m[Kerror: [m[Kâ€˜[01m[Kres[m[Kâ€™ was not declared in this scope
[2.363s]   393 | _error_code_cmd::Request &req, segway_msgs::ros_clear_chassis_error_code_cmd::Response &[01;31m[Kres[m[K)
[2.363s]       |                                                                                         [01;31m[K^~~[m[K
[2.363s] 
[2.363s] [01m[K/home/parallels/ros2_ws/src/segway_ros2/segwayrmp/src/robot.cpp:393:178:[m[K [01;31m[Kerror: [m[Kexpression list treated as compound expression in initializer [[01;31m[K]8;;https://gcc.gnu.org/onlinedocs/gcc/Warning-Options.html#index-fpermissive-fpermissive]8;;[m[K]
[2.363s]   393 | _error_code_cmd::Request &req, segway_msgs::ros_clear_chassis_error_code_cmd::Response &res[01;31m[K)[m[K
[2.363s]       |                                                                                            [01;31m[K^[m[K
[2.363s] 
[2.363s] [01m[K/home/parallels/ros2_ws/src/segway_ros2/segwayrmp/src/robot.cpp:403:6:[m[K [01;31m[Kerror: [m[Kâ€˜[01m[Kbool robot::Chassis::ros_get_load_param_cmd_callback[m[Kâ€™ is not a static data member of â€˜[01m[Kclass robot::Chassis[m[Kâ€™
[2.363s]   403 | bool [01;31m[KChassis[m[K::ros_get_load_param_cmd_callback(segway_msgs::ros_get_load_param_cmd::Request &req, segway_msgs::ros_get_load_param_cmd::Response &res)
[2.363s]       |      [01;31m[K^~~~~~~[m[K
[2.363s] [01m[K/home/parallels/ros2_ws/src/segway_ros2/segwayrmp/src/robot.cpp:403:60:[m[K [01;31m[Kerror: [m[Kâ€˜[01m[Ksegway_msgs::ros_get_load_param_cmd[m[Kâ€™ has not been declared
[2.363s]   403 | bool Chassis::ros_get_load_param_cmd_callback(segway_msgs::[01;31m[Kros_get_load_param_cmd[m[K::Request &req, segway_msgs::ros_get_load_param_cmd::Response &res)
[2.363s]       |                                                            [01;31m[K^~~~~~~~~~~~~~~~~~~~~~[m[K
[2.366s] [01m[K/home/parallels/ros2_ws/src/segway_ros2/segwayrmp/src/robot.cpp:403:93:[m[K [01;31m[Kerror: [m[Kâ€˜[01m[Kreq[m[Kâ€™ was not declared in this scope
[2.366s]   403 | s::ros_get_load_param_cmd_callback(segway_msgs::ros_get_load_param_cmd::Request &[01;31m[Kreq[m[K, segway_msgs::ros_get_load_param_cmd::Response &res)
[2.366s]       |                                                                                  [01;31m[K^~~[m[K
[2.366s] 
[2.366s] [01m[K/home/parallels/ros2_ws/src/segway_ros2/segwayrmp/src/robot.cpp:403:111:[m[K [01;31m[Kerror: [m[Kâ€˜[01m[Ksegway_msgs::ros_get_load_param_cmd[m[Kâ€™ has not been declared
[2.366s]   403 | ram_cmd_callback(segway_msgs::ros_get_load_param_cmd::Request &req, segway_msgs::[01;31m[Kros_get_load_param_cmd[m[K::Response &res)
[2.366s]       |                                                                                  [01;31m[K^~~~~~~~~~~~~~~~~~~~~~[m[K
[2.367s] 
[2.370s] [01m[K/home/parallels/ros2_ws/src/segway_ros2/segwayrmp/src/robot.cpp:403:145:[m[K [01;31m[Kerror: [m[Kâ€˜[01m[Kres[m[Kâ€™ was not declared in this scope
[2.370s]   403 | s::ros_get_load_param_cmd::Request &req, segway_msgs::ros_get_load_param_cmd::Response &[01;31m[Kres[m[K)
[2.370s]       |                                                                                         [01;31m[K^~~[m[K
[2.370s] 
[2.370s] [01m[K/home/parallels/ros2_ws/src/segway_ros2/segwayrmp/src/robot.cpp:403:148:[m[K [01;31m[Kerror: [m[Kexpression list treated as compound expression in initializer [[01;31m[K]8;;https://gcc.gnu.org/onlinedocs/gcc/Warning-Options.html#index-fpermissive-fpermissive]8;;[m[K]
[2.370s]   403 | s::ros_get_load_param_cmd::Request &req, segway_msgs::ros_get_load_param_cmd::Response &res[01;31m[K)[m[K
[2.370s]       |                                                                                            [01;31m[K^[m[K
[2.370s] 
[2.370s] [01m[K/home/parallels/ros2_ws/src/segway_ros2/segwayrmp/src/robot.cpp:413:6:[m[K [01;31m[Kerror: [m[Kâ€˜[01m[Kbool robot::Chassis::ros_get_chassis_SN_cmd_callback[m[Kâ€™ is not a static data member of â€˜[01m[Kclass robot::Chassis[m[Kâ€™
[2.370s]   413 | bool [01;31m[KChassis[m[K::ros_get_chassis_SN_cmd_callback(segway_msgs::ros_get_chassis_SN_cmd::Request &req, segway_msgs::ros_get_chassis_SN_cmd::Response &res)
[2.370s]       |      [01;31m[K^~~~~~~[m[K
[2.370s] [01m[K/home/parallels/ros2_ws/src/segway_ros2/segwayrmp/src/robot.cpp:413:60:[m[K [01;31m[Kerror: [m[Kâ€˜[01m[Ksegway_msgs::ros_get_chassis_SN_cmd[m[Kâ€™ has not been declared
[2.370s]   413 | bool Chassis::ros_get_chassis_SN_cmd_callback(segway_msgs::[01;31m[Kros_get_chassis_SN_cmd[m[K::Request &req, segway_msgs::ros_get_chassis_SN_cmd::Response &res)
[2.370s]       |                                                            [01;31m[K^~~~~~~~~~~~~~~~~~~~~~[m[K
[2.373s] [01m[K/home/parallels/ros2_ws/src/segway_ros2/segwayrmp/src/robot.cpp:413:93:[m[K [01;31m[Kerror: [m[Kâ€˜[01m[Kreq[m[Kâ€™ was not declared in this scope
[2.373s]   413 | s::ros_get_chassis_SN_cmd_callback(segway_msgs::ros_get_chassis_SN_cmd::Request &[01;31m[Kreq[m[K, segway_msgs::ros_get_chassis_SN_cmd::Response &res)
[2.373s]       |                                                                                  [01;31m[K^~~[m[K
[2.373s] 
[2.373s] [01m[K/home/parallels/ros2_ws/src/segway_ros2/segwayrmp/src/robot.cpp:413:111:[m[K [01;31m[Kerror: [m[Kâ€˜[01m[Ksegway_msgs::ros_get_chassis_SN_cmd[m[Kâ€™ has not been declared
[2.374s]   413 | _SN_cmd_callback(segway_msgs::ros_get_chassis_SN_cmd::Request &req, segway_msgs::[01;31m[Kros_get_chassis_SN_cmd[m[K::Response &res)
[2.374s]       |                                                                                  [01;31m[K^~~~~~~~~~~~~~~~~~~~~~[m[K
[2.374s] 
[2.377s] [01m[K/home/parallels/ros2_ws/src/segway_ros2/segwayrmp/src/robot.cpp:413:145:[m[K [01;31m[Kerror: [m[Kâ€˜[01m[Kres[m[Kâ€™ was not declared in this scope
[2.377s]   413 | s::ros_get_chassis_SN_cmd::Request &req, segway_msgs::ros_get_chassis_SN_cmd::Response &[01;31m[Kres[m[K)
[2.377s]       |                                                                                         [01;31m[K^~~[m[K
[2.377s] 
[2.377s] [01m[K/home/parallels/ros2_ws/src/segway_ros2/segwayrmp/src/robot.cpp:413:148:[m[K [01;31m[Kerror: [m[Kexpression list treated as compound expression in initializer [[01;31m[K]8;;https://gcc.gnu.org/onlinedocs/gcc/Warning-Options.html#index-fpermissive-fpermissive]8;;[m[K]
[2.377s]   413 | s::ros_get_chassis_SN_cmd::Request &req, segway_msgs::ros_get_chassis_SN_cmd::Response &res[01;31m[K)[m[K
[2.377s]       |                                                                                            [01;31m[K^[m[K
[2.377s] 
[2.377s] [01m[K/home/parallels/ros2_ws/src/segway_ros2/segwayrmp/src/robot.cpp:431:6:[m[K [01;31m[Kerror: [m[Kâ€˜[01m[Kbool robot::Chassis::ros_get_sw_version_cmd_callback[m[Kâ€™ is not a static data member of â€˜[01m[Kclass robot::Chassis[m[Kâ€™
[2.377s]   431 | bool [01;31m[KChassis[m[K::ros_get_sw_version_cmd_callback(segway_msgs::ros_get_sw_version_cmd::Request &req, segway_msgs::ros_get_sw_version_cmd::Response &res)
[2.377s]       |      [01;31m[K^~~~~~~[m[K
[2.377s] [01m[K/home/parallels/ros2_ws/src/segway_ros2/segwayrmp/src/robot.cpp:431:60:[m[K [01;31m[Kerror: [m[Kâ€˜[01m[Ksegway_msgs::ros_get_sw_version_cmd[m[Kâ€™ has not been declared
[2.377s]   431 | bool Chassis::ros_get_sw_version_cmd_callback(segway_msgs::[01;31m[Kros_get_sw_version_cmd[m[K::Request &req, segway_msgs::ros_get_sw_version_cmd::Response &res)
[2.377s]       |                                                            [01;31m[K^~~~~~~~~~~~~~~~~~~~~~[m[K
[2.380s] [01m[K/home/parallels/ros2_ws/src/segway_ros2/segwayrmp/src/robot.cpp:431:93:[m[K [01;31m[Kerror: [m[Kâ€˜[01m[Kreq[m[Kâ€™ was not declared in this scope
[2.380s]   431 | s::ros_get_sw_version_cmd_callback(segway_msgs::ros_get_sw_version_cmd::Request &[01;31m[Kreq[m[K, segway_msgs::ros_get_sw_version_cmd::Response &res)
[2.380s]       |                                                                                  [01;31m[K^~~[m[K
[2.380s] 
[2.380s] [01m[K/home/parallels/ros2_ws/src/segway_ros2/segwayrmp/src/robot.cpp:431:111:[m[K [01;31m[Kerror: [m[Kâ€˜[01m[Ksegway_msgs::ros_get_sw_version_cmd[m[Kâ€™ has not been declared
[2.380s]   431 | ion_cmd_callback(segway_msgs::ros_get_sw_version_cmd::Request &req, segway_msgs::[01;31m[Kros_get_sw_version_cmd[m[K::Response &res)
[2.381s]       |                                                                                  [01;31m[K^~~~~~~~~~~~~~~~~~~~~~[m[K
[2.381s] 
[2.384s] [01m[K/home/parallels/ros2_ws/src/segway_ros2/segwayrmp/src/robot.cpp:431:145:[m[K [01;31m[Kerror: [m[Kâ€˜[01m[Kres[m[Kâ€™ was not declared in this scope
[2.384s]   431 | s::ros_get_sw_version_cmd::Request &req, segway_msgs::ros_get_sw_version_cmd::Response &[01;31m[Kres[m[K)
[2.384s]       |                                                                                         [01;31m[K^~~[m[K
[2.384s] 
[2.384s] [01m[K/home/parallels/ros2_ws/src/segway_ros2/segwayrmp/src/robot.cpp:431:148:[m[K [01;31m[Kerror: [m[Kexpression list treated as compound expression in initializer [[01;31m[K]8;;https://gcc.gnu.org/onlinedocs/gcc/Warning-Options.html#index-fpermissive-fpermissive]8;;[m[K]
[2.384s]   431 | s::ros_get_sw_version_cmd::Request &req, segway_msgs::ros_get_sw_version_cmd::Response &res[01;31m[K)[m[K
[2.384s]       |                                                                                            [01;31m[K^[m[K
[2.384s] 
[2.384s] [01m[K/home/parallels/ros2_ws/src/segway_ros2/segwayrmp/src/robot.cpp:445:6:[m[K [01;31m[Kerror: [m[Kâ€˜[01m[Kbool robot::Chassis::ros_get_vel_max_feedback_cmd_callback[m[Kâ€™ is not a static data member of â€˜[01m[Kclass robot::Chassis[m[Kâ€™
[2.384s]   445 | bool [01;31m[KChassis[m[K::ros_get_vel_max_feedback_cmd_callback(segway_msgs::ros_get_vel_max_feedback_cmd::Request &req, segway_msgs::ros_get_vel_max_feedback_cmd::Response &res)
[2.384s]       |      [01;31m[K^~~~~~~[m[K
[2.384s] [01m[K/home/parallels/ros2_ws/src/segway_ros2/segwayrmp/src/robot.cpp:445:66:[m[K [01;31m[Kerror: [m[Kâ€˜[01m[Ksegway_msgs::ros_get_vel_max_feedback_cmd[m[Kâ€™ has not been declared
[2.384s]   445 | bool Chassis::ros_get_vel_max_feedback_cmd_callback(segway_msgs::[01;31m[Kros_get_vel_max_feedback_cmd[m[K::Request &req, segway_msgs::ros_get_vel_max_feedback_cmd::Response &res)
[2.384s]       |                                                                  [01;31m[K^~~~~~~~~~~~~~~~~~~~~~~~~~~~[m[K
[2.387s] [01m[K/home/parallels/ros2_ws/src/segway_ros2/segwayrmp/src/robot.cpp:445:105:[m[K [01;31m[Kerror: [m[Kâ€˜[01m[Kreq[m[Kâ€™ was not declared in this scope
[2.387s]   445 | el_max_feedback_cmd_callback(segway_msgs::ros_get_vel_max_feedback_cmd::Request &[01;31m[Kreq[m[K, segway_msgs::ros_get_vel_max_feedback_cmd::Response &res)
[2.387s]       |                                                                                  [01;31m[K^~~[m[K
[2.387s] 
[2.387s] [01m[K/home/parallels/ros2_ws/src/segway_ros2/segwayrmp/src/robot.cpp:445:123:[m[K [01;31m[Kerror: [m[Kâ€˜[01m[Ksegway_msgs::ros_get_vel_max_feedback_cmd[m[Kâ€™ has not been declared
[2.387s]   445 | d_callback(segway_msgs::ros_get_vel_max_feedback_cmd::Request &req, segway_msgs::[01;31m[Kros_get_vel_max_feedback_cmd[m[K::Response &res)
[2.388s]       |                                                                                  [01;31m[K^~~~~~~~~~~~~~~~~~~~~~~~~~~~[m[K
[2.388s] 
[2.391s] [01m[K/home/parallels/ros2_ws/src/segway_ros2/segwayrmp/src/robot.cpp:445:163:[m[K [01;31m[Kerror: [m[Kâ€˜[01m[Kres[m[Kâ€™ was not declared in this scope
[2.391s]   445 | el_max_feedback_cmd::Request &req, segway_msgs::ros_get_vel_max_feedback_cmd::Response &[01;31m[Kres[m[K)
[2.391s]       |                                                                                         [01;31m[K^~~[m[K
[2.391s] 
[2.391s] [01m[K/home/parallels/ros2_ws/src/segway_ros2/segwayrmp/src/robot.cpp:445:166:[m[K [01;31m[Kerror: [m[Kexpression list treated as compound expression in initializer [[01;31m[K]8;;https://gcc.gnu.org/onlinedocs/gcc/Warning-Options.html#index-fpermissive-fpermissive]8;;[m[K]
[2.391s]   445 | el_max_feedback_cmd::Request &req, segway_msgs::ros_get_vel_max_feedback_cmd::Response &res[01;31m[K)[m[K
[2.391s]       |                                                                                            [01;31m[K^[m[K
[2.391s] 
[2.391s] [01m[K/home/parallels/ros2_ws/src/segway_ros2/segwayrmp/src/robot.cpp:458:6:[m[K [01;31m[Kerror: [m[Kâ€˜[01m[Kbool robot::Chassis::ros_set_chassis_buzzer_cmd_callback[m[Kâ€™ is not a static data member of â€˜[01m[Kclass robot::Chassis[m[Kâ€™
[2.391s]   458 | bool [01;31m[KChassis[m[K::ros_set_chassis_buzzer_cmd_callback(segway_msgs::ros_set_chassis_buzzer_cmd::Request &req, segway_msgs::ros_set_chassis_buzzer_cmd::Response &res)
[2.391s]       |      [01;31m[K^~~~~~~[m[K
[2.391s] [01m[K/home/parallels/ros2_ws/src/segway_ros2/segwayrmp/src/robot.cpp:458:64:[m[K [01;31m[Kerror: [m[Kâ€˜[01m[Ksegway_msgs::ros_set_chassis_buzzer_cmd[m[Kâ€™ has not been declared
[2.391s]   458 | bool Chassis::ros_set_chassis_buzzer_cmd_callback(segway_msgs::[01;31m[Kros_set_chassis_buzzer_cmd[m[K::Request &req, segway_msgs::ros_set_chassis_buzzer_cmd::Response &res)
[2.391s]       |                                                                [01;31m[K^~~~~~~~~~~~~~~~~~~~~~~~~~[m[K
[2.394s] [01m[K/home/parallels/ros2_ws/src/segway_ros2/segwayrmp/src/robot.cpp:458:101:[m[K [01;31m[Kerror: [m[Kâ€˜[01m[Kreq[m[Kâ€™ was not declared in this scope
[2.394s]   458 | et_chassis_buzzer_cmd_callback(segway_msgs::ros_set_chassis_buzzer_cmd::Request &[01;31m[Kreq[m[K, segway_msgs::ros_set_chassis_buzzer_cmd::Response &res)
[2.395s]       |                                                                                  [01;31m[K^~~[m[K
[2.395s] 
[2.395s] [01m[K/home/parallels/ros2_ws/src/segway_ros2/segwayrmp/src/robot.cpp:458:119:[m[K [01;31m[Kerror: [m[Kâ€˜[01m[Ksegway_msgs::ros_set_chassis_buzzer_cmd[m[Kâ€™ has not been declared
[2.395s]   458 | cmd_callback(segway_msgs::ros_set_chassis_buzzer_cmd::Request &req, segway_msgs::[01;31m[Kros_set_chassis_buzzer_cmd[m[K::Response &res)
[2.395s]       |                                                                                  [01;31m[K^~~~~~~~~~~~~~~~~~~~~~~~~~[m[K
[2.395s] 
[2.399s] [01m[K/home/parallels/ros2_ws/src/segway_ros2/segwayrmp/src/robot.cpp:458:157:[m[K [01;31m[Kerror: [m[Kâ€˜[01m[Kres[m[Kâ€™ was not declared in this scope
[2.399s]   458 | et_chassis_buzzer_cmd::Request &req, segway_msgs::ros_set_chassis_buzzer_cmd::Response &[01;31m[Kres[m[K)
[2.399s]       |                                                                                         [01;31m[K^~~[m[K
[2.399s] 
[2.399s] [01m[K/home/parallels/ros2_ws/src/segway_ros2/segwayrmp/src/robot.cpp:458:160:[m[K [01;31m[Kerror: [m[Kexpression list treated as compound expression in initializer [[01;31m[K]8;;https://gcc.gnu.org/onlinedocs/gcc/Warning-Options.html#index-fpermissive-fpermissive]8;;[m[K]
[2.399s]   458 | et_chassis_buzzer_cmd::Request &req, segway_msgs::ros_set_chassis_buzzer_cmd::Response &res[01;31m[K)[m[K
[2.399s]       |                                                                                            [01;31m[K^[m[K
[2.399s] 
[2.399s] [01m[K/home/parallels/ros2_ws/src/segway_ros2/segwayrmp/src/robot.cpp:474:6:[m[K [01;31m[Kerror: [m[Kâ€˜[01m[Kbool robot::Chassis::ros_set_chassis_enable_cmd_callback[m[Kâ€™ is not a static data member of â€˜[01m[Kclass robot::Chassis[m[Kâ€™
[2.399s]   474 | bool [01;31m[KChassis[m[K::ros_set_chassis_enable_cmd_callback(segway_msgs::ros_set_chassis_enable_cmd::Request &req, segway_msgs::ros_set_chassis_enable_cmd::Response &res)
[2.399s]       |      [01;31m[K^~~~~~~[m[K
[2.399s] [01m[K/home/parallels/ros2_ws/src/segway_ros2/segwayrmp/src/robot.cpp:474:64:[m[K [01;31m[Kerror: [m[Kâ€˜[01m[Ksegway_msgs::ros_set_chassis_enable_cmd[m[Kâ€™ has not been declared
[2.399s]   474 | bool Chassis::ros_set_chassis_enable_cmd_callback(segway_msgs::[01;31m[Kros_set_chassis_enable_cmd[m[K::Request &req, segway_msgs::ros_set_chassis_enable_cmd::Response &res)
[2.399s]       |                                                                [01;31m[K^~~~~~~~~~~~~~~~~~~~~~~~~~[m[K
[2.403s] [01m[K/home/parallels/ros2_ws/src/segway_ros2/segwayrmp/src/robot.cpp:474:101:[m[K [01;31m[Kerror: [m[Kâ€˜[01m[Kreq[m[Kâ€™ was not declared in this scope
[2.403s]   474 | et_chassis_enable_cmd_callback(segway_msgs::ros_set_chassis_enable_cmd::Request &[01;31m[Kreq[m[K, segway_msgs::ros_set_chassis_enable_cmd::Response &res)
[2.403s]       |                                                                                  [01;31m[K^~~[m[K
[2.403s] 
[2.403s] [01m[K/home/parallels/ros2_ws/src/segway_ros2/segwayrmp/src/robot.cpp:474:119:[m[K [01;31m[Kerror: [m[Kâ€˜[01m[Ksegway_msgs::ros_set_chassis_enable_cmd[m[Kâ€™ has not been declared
[2.403s]   474 | cmd_callback(segway_msgs::ros_set_chassis_enable_cmd::Request &req, segway_msgs::[01;31m[Kros_set_chassis_enable_cmd[m[K::Response &res)
[2.403s]       |                                                                                  [01;31m[K^~~~~~~~~~~~~~~~~~~~~~~~~~[m[K
[2.403s] 
[2.406s] [01m[K/home/parallels/ros2_ws/src/segway_ros2/segwayrmp/src/robot.cpp:474:157:[m[K [01;31m[Kerror: [m[Kâ€˜[01m[Kres[m[Kâ€™ was not declared in this scope
[2.406s]   474 | et_chassis_enable_cmd::Request &req, segway_msgs::ros_set_chassis_enable_cmd::Response &[01;31m[Kres[m[K)
[2.406s]       |                                                                                         [01;31m[K^~~[m[K
[2.406s] 
[2.407s] [01m[K/home/parallels/ros2_ws/src/segway_ros2/segwayrmp/src/robot.cpp:474:160:[m[K [01;31m[Kerror: [m[Kexpression list treated as compound expression in initializer [[01;31m[K]8;;https://gcc.gnu.org/onlinedocs/gcc/Warning-Options.html#index-fpermissive-fpermissive]8;;[m[K]
[2.407s]   474 | et_chassis_enable_cmd::Request &req, segway_msgs::ros_set_chassis_enable_cmd::Response &res[01;31m[K)[m[K
[2.407s]       |                                                                                            [01;31m[K^[m[K
[2.407s] 
[2.407s] [01m[K/home/parallels/ros2_ws/src/segway_ros2/segwayrmp/src/robot.cpp:490:6:[m[K [01;31m[Kerror: [m[Kâ€˜[01m[Kbool robot::Chassis::ros_set_chassis_poweroff_cmd_callback[m[Kâ€™ is not a static data member of â€˜[01m[Kclass robot::Chassis[m[Kâ€™
[2.407s]   490 | bool [01;31m[KChassis[m[K::ros_set_chassis_poweroff_cmd_callback(segway_msgs::ros_set_chassis_poweroff_cmd::Request &req, segway_msgs::ros_set_chassis_poweroff_cmd::Response &res)
[2.407s]       |      [01;31m[K^~~~~~~[m[K
[2.407s] [01m[K/home/parallels/ros2_ws/src/segway_ros2/segwayrmp/src/robot.cpp:490:66:[m[K [01;31m[Kerror: [m[Kâ€˜[01m[Ksegway_msgs::ros_set_chassis_poweroff_cmd[m[Kâ€™ has not been declared
[2.407s]   490 | bool Chassis::ros_set_chassis_poweroff_cmd_callback(segway_msgs::[01;31m[Kros_set_chassis_poweroff_cmd[m[K::Request &req, segway_msgs::ros_set_chassis_poweroff_cmd::Response &res)
[2.407s]       |                                                                  [01;31m[K^~~~~~~~~~~~~~~~~~~~~~~~~~~~[m[K
[2.410s] [01m[K/home/parallels/ros2_ws/src/segway_ros2/segwayrmp/src/robot.cpp:490:105:[m[K [01;31m[Kerror: [m[Kâ€˜[01m[Kreq[m[Kâ€™ was not declared in this scope
[2.410s]   490 | hassis_poweroff_cmd_callback(segway_msgs::ros_set_chassis_poweroff_cmd::Request &[01;31m[Kreq[m[K, segway_msgs::ros_set_chassis_poweroff_cmd::Response &res)
[2.410s]       |                                                                                  [01;31m[K^~~[m[K
[2.410s] 
[2.410s] [01m[K/home/parallels/ros2_ws/src/segway_ros2/segwayrmp/src/robot.cpp:490:123:[m[K [01;31m[Kerror: [m[Kâ€˜[01m[Ksegway_msgs::ros_set_chassis_poweroff_cmd[m[Kâ€™ has not been declared
[2.410s]   490 | d_callback(segway_msgs::ros_set_chassis_poweroff_cmd::Request &req, segway_msgs::[01;31m[Kros_set_chassis_poweroff_cmd[m[K::Response &res)
[2.410s]       |                                                                                  [01;31m[K^~~~~~~~~~~~~~~~~~~~~~~~~~~~[m[K
[2.410s] 
[2.414s] [01m[K/home/parallels/ros2_ws/src/segway_ros2/segwayrmp/src/robot.cpp:490:163:[m[K [01;31m[Kerror: [m[Kâ€˜[01m[Kres[m[Kâ€™ was not declared in this scope
[2.414s]   490 | hassis_poweroff_cmd::Request &req, segway_msgs::ros_set_chassis_poweroff_cmd::Response &[01;31m[Kres[m[K)
[2.414s]       |                                                                                         [01;31m[K^~~[m[K
[2.414s] 
[2.414s] [01m[K/home/parallels/ros2_ws/src/segway_ros2/segwayrmp/src/robot.cpp:490:166:[m[K [01;31m[Kerror: [m[Kexpression list treated as compound expression in initializer [[01;31m[K]8;;https://gcc.gnu.org/onlinedocs/gcc/Warning-Options.html#index-fpermissive-fpermissive]8;;[m[K]
[2.414s]   490 | hassis_poweroff_cmd::Request &req, segway_msgs::ros_set_chassis_poweroff_cmd::Response &res[01;31m[K)[m[K
[2.414s]       |                                                                                            [01;31m[K^[m[K
[2.414s] 
[2.414s] [01m[K/home/parallels/ros2_ws/src/segway_ros2/segwayrmp/src/robot.cpp:502:6:[m[K [01;31m[Kerror: [m[Kâ€˜[01m[Kbool robot::Chassis::ros_set_load_param_cmd_callback[m[Kâ€™ is not a static data member of â€˜[01m[Kclass robot::Chassis[m[Kâ€™
[2.414s]   502 | bool [01;31m[KChassis[m[K::ros_set_load_param_cmd_callback(segway_msgs::ros_set_load_param_cmd::Request &req, segway_msgs::ros_set_load_param_cmd::Response &res)
[2.414s]       |      [01;31m[K^~~~~~~[m[K
[2.414s] [01m[K/home/parallels/ros2_ws/src/segway_ros2/segwayrmp/src/robot.cpp:502:60:[m[K [01;31m[Kerror: [m[Kâ€˜[01m[Ksegway_msgs::ros_set_load_param_cmd[m[Kâ€™ has not been declared
[2.414s]   502 | bool Chassis::ros_set_load_param_cmd_callback(segway_msgs::[01;31m[Kros_set_load_param_cmd[m[K::Request &req, segway_msgs::ros_set_load_param_cmd::Response &res)
[2.414s]       |                                                            [01;31m[K^~~~~~~~~~~~~~~~~~~~~~[m[K
[2.417s] [01m[K/home/parallels/ros2_ws/src/segway_ros2/segwayrmp/src/robot.cpp:502:93:[m[K [01;31m[Kerror: [m[Kâ€˜[01m[Kreq[m[Kâ€™ was not declared in this scope
[2.418s]   502 | s::ros_set_load_param_cmd_callback(segway_msgs::ros_set_load_param_cmd::Request &[01;31m[Kreq[m[K, segway_msgs::ros_set_load_param_cmd::Response &res)
[2.418s]       |                                                                                  [01;31m[K^~~[m[K
[2.418s] 
[2.418s] [01m[K/home/parallels/ros2_ws/src/segway_ros2/segwayrmp/src/robot.cpp:502:111:[m[K [01;31m[Kerror: [m[Kâ€˜[01m[Ksegway_msgs::ros_set_load_param_cmd[m[Kâ€™ has not been declared
[2.418s]   502 | ram_cmd_callback(segway_msgs::ros_set_load_param_cmd::Request &req, segway_msgs::[01;31m[Kros_set_load_param_cmd[m[K::Response &res)
[2.418s]       |                                                                                  [01;31m[K^~~~~~~~~~~~~~~~~~~~~~[m[K
[2.418s] 
[2.422s] [01m[K/home/parallels/ros2_ws/src/segway_ros2/segwayrmp/src/robot.cpp:502:145:[m[K [01;31m[Kerror: [m[Kâ€˜[01m[Kres[m[Kâ€™ was not declared in this scope
[2.422s]   502 | s::ros_set_load_param_cmd::Request &req, segway_msgs::ros_set_load_param_cmd::Response &[01;31m[Kres[m[K)
[2.422s]       |                                                                                         [01;31m[K^~~[m[K
[2.422s] 
[2.422s] [01m[K/home/parallels/ros2_ws/src/segway_ros2/segwayrmp/src/robot.cpp:502:148:[m[K [01;31m[Kerror: [m[Kexpression list treated as compound expression in initializer [[01;31m[K]8;;https://gcc.gnu.org/onlinedocs/gcc/Warning-Options.html#index-fpermissive-fpermissive]8;;[m[K]
[2.422s]   502 | s::ros_set_load_param_cmd::Request &req, segway_msgs::ros_set_load_param_cmd::Response &res[01;31m[K)[m[K
[2.422s]       |                                                                                            [01;31m[K^[m[K
[2.422s] 
[2.422s] [01m[K/home/parallels/ros2_ws/src/segway_ros2/segwayrmp/src/robot.cpp:515:6:[m[K [01;31m[Kerror: [m[Kâ€˜[01m[Kbool robot::Chassis::ros_set_vel_max_cmd_callback[m[Kâ€™ is not a static data member of â€˜[01m[Kclass robot::Chassis[m[Kâ€™
[2.422s]   515 | bool [01;31m[KChassis[m[K::ros_set_vel_max_cmd_callback(segway_msgs::ros_set_vel_max_cmd::Request &req, segway_msgs::ros_set_vel_max_cmd::Response &res)
[2.422s]       |      [01;31m[K^~~~~~~[m[K
[2.422s] [01m[K/home/parallels/ros2_ws/src/segway_ros2/segwayrmp/src/robot.cpp:515:57:[m[K [01;31m[Kerror: [m[Kâ€˜[01m[Ksegway_msgs::ros_set_vel_max_cmd[m[Kâ€™ has not been declared
[2.422s]   515 | bool Chassis::ros_set_vel_max_cmd_callback(segway_msgs::[01;31m[Kros_set_vel_max_cmd[m[K::Request &req, segway_msgs::ros_set_vel_max_cmd::Response &res)
[2.422s]       |                                                         [01;31m[K^~~~~~~~~~~~~~~~~~~[m[K
[2.426s] [01m[K/home/parallels/ros2_ws/src/segway_ros2/segwayrmp/src/robot.cpp:515:87:[m[K [01;31m[Kerror: [m[Kâ€˜[01m[Kreq[m[Kâ€™ was not declared in this scope
[2.426s]   515 | Chassis::ros_set_vel_max_cmd_callback(segway_msgs::ros_set_vel_max_cmd::Request &[01;31m[Kreq[m[K, segway_msgs::ros_set_vel_max_cmd::Response &res)
[2.426s]       |                                                                                  [01;31m[K^~~[m[K
[2.426s] 
[2.426s] [01m[K/home/parallels/ros2_ws/src/segway_ros2/segwayrmp/src/robot.cpp:515:105:[m[K [01;31m[Kerror: [m[Kâ€˜[01m[Ksegway_msgs::ros_set_vel_max_cmd[m[Kâ€™ has not been declared
[2.426s]   515 | el_max_cmd_callback(segway_msgs::ros_set_vel_max_cmd::Request &req, segway_msgs::[01;31m[Kros_set_vel_max_cmd[m[K::Response &res)
[2.426s]       |                                                                                  [01;31m[K^~~~~~~~~~~~~~~~~~~[m[K
[2.426s] 
[2.430s] [01m[K/home/parallels/ros2_ws/src/segway_ros2/segwayrmp/src/robot.cpp:515:136:[m[K [01;31m[Kerror: [m[Kâ€˜[01m[Kres[m[Kâ€™ was not declared in this scope
[2.430s]   515 | ay_msgs::ros_set_vel_max_cmd::Request &req, segway_msgs::ros_set_vel_max_cmd::Response &[01;31m[Kres[m[K)
[2.430s]       |                                                                                         [01;31m[K^~~[m[K
[2.431s] 
[2.431s] [01m[K/home/parallels/ros2_ws/src/segway_ros2/segwayrmp/src/robot.cpp:515:139:[m[K [01;31m[Kerror: [m[Kexpression list treated as compound expression in initializer [[01;31m[K]8;;https://gcc.gnu.org/onlinedocs/gcc/Warning-Options.html#index-fpermissive-fpermissive]8;;[m[K]
[2.431s]   515 | ay_msgs::ros_set_vel_max_cmd::Request &req, segway_msgs::ros_set_vel_max_cmd::Response &res[01;31m[K)[m[K
[2.431s]       |                                                                                            [01;31m[K^[m[K
[2.431s] 
[2.431s] [01m[K/home/parallels/ros2_ws/src/segway_ros2/segwayrmp/src/robot.cpp:529:6:[m[K [01;31m[Kerror: [m[Kâ€˜[01m[Kbool robot::Chassis::ros_reset_host_power_cmd_callback[m[Kâ€™ is not a static data member of â€˜[01m[Kclass robot::Chassis[m[Kâ€™
[2.431s]   529 | bool [01;31m[KChassis[m[K::ros_reset_host_power_cmd_callback(segway_msgs::ros_reset_host_power_cmd::Request & req, segway_msgs::ros_reset_host_power_cmd::Response &res)
[2.431s]       |      [01;31m[K^~~~~~~[m[K
[2.431s] [01m[K/home/parallels/ros2_ws/src/segway_ros2/segwayrmp/src/robot.cpp:529:62:[m[K [01;31m[Kerror: [m[Kâ€˜[01m[Ksegway_msgs::ros_reset_host_power_cmd[m[Kâ€™ has not been declared
[2.431s]   529 | bool Chassis::ros_reset_host_power_cmd_callback(segway_msgs::[01;31m[Kros_reset_host_power_cmd[m[K::Request & req, segway_msgs::ros_reset_host_power_cmd::Response &res)
[2.431s]       |                                                              [01;31m[K^~~~~~~~~~~~~~~~~~~~~~~~[m[K
[2.435s] [01m[K/home/parallels/ros2_ws/src/segway_ros2/segwayrmp/src/robot.cpp:529:98:[m[K [01;31m[Kerror: [m[Kâ€˜[01m[Kreq[m[Kâ€™ was not declared in this scope
[2.435s]   529 | s_reset_host_power_cmd_callback(segway_msgs::ros_reset_host_power_cmd::Request & [01;31m[Kreq[m[K, segway_msgs::ros_reset_host_power_cmd::Response &res)
[2.435s]       |                                                                                  [01;31m[K^~~[m[K
[2.435s] 
[2.435s] [01m[K/home/parallels/ros2_ws/src/segway_ros2/segwayrmp/src/robot.cpp:529:116:[m[K [01;31m[Kerror: [m[Kâ€˜[01m[Ksegway_msgs::ros_reset_host_power_cmd[m[Kâ€™ has not been declared
[2.435s]   529 | _cmd_callback(segway_msgs::ros_reset_host_power_cmd::Request & req, segway_msgs::[01;31m[Kros_reset_host_power_cmd[m[K::Response &res)
[2.435s]       |                                                                                  [01;31m[K^~~~~~~~~~~~~~~~~~~~~~~~[m[K
[2.435s] 
[2.440s] [01m[K/home/parallels/ros2_ws/src/segway_ros2/segwayrmp/src/robot.cpp:529:152:[m[K [01;31m[Kerror: [m[Kâ€˜[01m[Kres[m[Kâ€™ was not declared in this scope
[2.440s]   529 | s_reset_host_power_cmd::Request & req, segway_msgs::ros_reset_host_power_cmd::Response &[01;31m[Kres[m[K)
[2.440s]       |                                                                                         [01;31m[K^~~[m[K
[2.440s] 
[2.440s] [01m[K/home/parallels/ros2_ws/src/segway_ros2/segwayrmp/src/robot.cpp:529:155:[m[K [01;31m[Kerror: [m[Kexpression list treated as compound expression in initializer [[01;31m[K]8;;https://gcc.gnu.org/onlinedocs/gcc/Warning-Options.html#index-fpermissive-fpermissive]8;;[m[K]
[2.440s]   529 | s_reset_host_power_cmd::Request & req, segway_msgs::ros_reset_host_power_cmd::Response &res[01;31m[K)[m[K
[2.440s]       |                                                                                            [01;31m[K^[m[K
[2.440s] 
[2.440s] [01m[K/home/parallels/ros2_ws/src/segway_ros2/segwayrmp/src/robot.cpp:537:6:[m[K [01;31m[Kerror: [m[Kâ€˜[01m[Kbool robot::Chassis::ros_start_chassis_left_rotate_cmd_callback[m[Kâ€™ is not a static data member of â€˜[01m[Kclass robot::Chassis[m[Kâ€™
[2.440s]   537 | bool [01;31m[KChassis[m[K::ros_start_chassis_left_rotate_cmd_callback(segway_msgs::ros_start_chassis_left_rotate_cmd::Request & req, segway_msgs::ros_start_chassis_left_rotate_cmd::Response &res)
[2.440s]       |      [01;31m[K^~~~~~~[m[K
[2.440s] [01m[K/home/parallels/ros2_ws/src/segway_ros2/segwayrmp/src/robot.cpp:537:71:[m[K [01;31m[Kerror: [m[Kâ€˜[01m[Ksegway_msgs::ros_start_chassis_left_rotate_cmd[m[Kâ€™ has not been declared
[2.440s]   537 | bool Chassis::ros_start_chassis_left_rotate_cmd_callback(segway_msgs::[01;31m[Kros_start_chassis_left_rotate_cmd[m[K::Request & req, segway_msgs::ros_start_chassis_left_rotate_cmd::Response &res)
[2.440s]       |                                                                       [01;31m[K^~~~~~~~~~~~~~~~~~~~~~~~~~~~~~~~~[m[K
[2.445s] [01m[K/home/parallels/ros2_ws/src/segway_ros2/segwayrmp/src/robot.cpp:537:116:[m[K [01;31m[Kerror: [m[Kâ€˜[01m[Kreq[m[Kâ€™ was not declared in this scope
[2.445s]   537 | ft_rotate_cmd_callback(segway_msgs::ros_start_chassis_left_rotate_cmd::Request & [01;31m[Kreq[m[K, segway_msgs::ros_start_chassis_left_rotate_cmd::Response &res)
[2.445s]       |                                                                                  [01;31m[K^~~[m[K
[2.445s] 
[2.445s] [01m[K/home/parallels/ros2_ws/src/segway_ros2/segwayrmp/src/robot.cpp:537:134:[m[K [01;31m[Kerror: [m[Kâ€˜[01m[Ksegway_msgs::ros_start_chassis_left_rotate_cmd[m[Kâ€™ has not been declared
[2.445s]   537 | back(segway_msgs::ros_start_chassis_left_rotate_cmd::Request & req, segway_msgs::[01;31m[Kros_start_chassis_left_rotate_cmd[m[K::Response &res)
[2.446s]       |                                                                                  [01;31m[K^~~~~~~~~~~~~~~~~~~~~~~~~~~~~~~~~[m[K
[2.446s] 
[2.450s] [01m[K/home/parallels/ros2_ws/src/segway_ros2/segwayrmp/src/robot.cpp:537:179:[m[K [01;31m[Kerror: [m[Kâ€˜[01m[Kres[m[Kâ€™ was not declared in this scope
[2.450s]   537 | ft_rotate_cmd::Request & req, segway_msgs::ros_start_chassis_left_rotate_cmd::Response &[01;31m[Kres[m[K)
[2.450s]       |                                                                                         [01;31m[K^~~[m[K
[2.450s] 
[2.450s] [01m[K/home/parallels/ros2_ws/src/segway_ros2/segwayrmp/src/robot.cpp:537:182:[m[K [01;31m[Kerror: [m[Kexpression list treated as compound expression in initializer [[01;31m[K]8;;https://gcc.gnu.org/onlinedocs/gcc/Warning-Options.html#index-fpermissive-fpermissive]8;;[m[K]
[2.451s]   537 | ft_rotate_cmd::Request & req, segway_msgs::ros_start_chassis_left_rotate_cmd::Response &res[01;31m[K)[m[K
[2.451s]       |                                                                                            [01;31m[K^[m[K
[2.451s] 
[2.451s] [01m[K/home/parallels/ros2_ws/src/segway_ros2/segwayrmp/src/robot.cpp:546:6:[m[K [01;31m[Kerror: [m[Kâ€˜[01m[Kbool robot::Chassis::ros_start_chassis_right_rotate_cmd_callback[m[Kâ€™ is not a static data member of â€˜[01m[Kclass robot::Chassis[m[Kâ€™
[2.451s]   546 | bool [01;31m[KChassis[m[K::ros_start_chassis_right_rotate_cmd_callback(segway_msgs::ros_start_chassis_right_rotate_cmd::Request & req, segway_msgs::ros_start_chassis_right_rotate_cmd::Response &res)
[2.451s]       |      [01;31m[K^~~~~~~[m[K
[2.451s] [01m[K/home/parallels/ros2_ws/src/segway_ros2/segwayrmp/src/robot.cpp:546:72:[m[K [01;31m[Kerror: [m[Kâ€˜[01m[Ksegway_msgs::ros_start_chassis_right_rotate_cmd[m[Kâ€™ has not been declared
[2.451s]   546 | bool Chassis::ros_start_chassis_right_rotate_cmd_callback(segway_msgs::[01;31m[Kros_start_chassis_right_rotate_cmd[m[K::Request & req, segway_msgs::ros_start_chassis_right_rotate_cmd::Response &res)
[2.451s]       |                                                                        [01;31m[K^~~~~~~~~~~~~~~~~~~~~~~~~~~~~~~~~~[m[K
[2.455s] [01m[K/home/parallels/ros2_ws/src/segway_ros2/segwayrmp/src/robot.cpp:546:118:[m[K [01;31m[Kerror: [m[Kâ€˜[01m[Kreq[m[Kâ€™ was not declared in this scope
[2.455s]   546 | t_rotate_cmd_callback(segway_msgs::ros_start_chassis_right_rotate_cmd::Request & [01;31m[Kreq[m[K, segway_msgs::ros_start_chassis_right_rotate_cmd::Response &res)
[2.455s]       |                                                                                  [01;31m[K^~~[m[K
[2.455s] 
[2.455s] [01m[K/home/parallels/ros2_ws/src/segway_ros2/segwayrmp/src/robot.cpp:546:136:[m[K [01;31m[Kerror: [m[Kâ€˜[01m[Ksegway_msgs::ros_start_chassis_right_rotate_cmd[m[Kâ€™ has not been declared
[2.455s]   546 | ack(segway_msgs::ros_start_chassis_right_rotate_cmd::Request & req, segway_msgs::[01;31m[Kros_start_chassis_right_rotate_cmd[m[K::Response &res)
[2.455s]       |                                                                                  [01;31m[K^~~~~~~~~~~~~~~~~~~~~~~~~~~~~~~~~~[m[K
[2.455s] 
[2.460s] [01m[K/home/parallels/ros2_ws/src/segway_ros2/segwayrmp/src/robot.cpp:546:182:[m[K [01;31m[Kerror: [m[Kâ€˜[01m[Kres[m[Kâ€™ was not declared in this scope
[2.460s]   546 | t_rotate_cmd::Request & req, segway_msgs::ros_start_chassis_right_rotate_cmd::Response &[01;31m[Kres[m[K)
[2.460s]       |                                                                                         [01;31m[K^~~[m[K
[2.460s] 
[2.460s] [01m[K/home/parallels/ros2_ws/src/segway_ros2/segwayrmp/src/robot.cpp:546:185:[m[K [01;31m[Kerror: [m[Kexpression list treated as compound expression in initializer [[01;31m[K]8;;https://gcc.gnu.org/onlinedocs/gcc/Warning-Options.html#index-fpermissive-fpermissive]8;;[m[K]
[2.460s]   546 | t_rotate_cmd::Request & req, segway_msgs::ros_start_chassis_right_rotate_cmd::Response &res[01;31m[K)[m[K
[2.460s]       |                                                                                            [01;31m[K^[m[K
[2.460s] 
[2.461s] [01m[K/home/parallels/ros2_ws/src/segway_ros2/segwayrmp/src/robot.cpp:555:6:[m[K [01;31m[Kerror: [m[Kâ€˜[01m[Kbool robot::Chassis::ros_stop_chassis_rotate_cmd_callback[m[Kâ€™ is not a static data member of â€˜[01m[Kclass robot::Chassis[m[Kâ€™
[2.461s]   555 | bool [01;31m[KChassis[m[K::ros_stop_chassis_rotate_cmd_callback(segway_msgs::ros_stop_chassis_rotate_cmd::Request & req, segway_msgs::ros_stop_chassis_rotate_cmd::Response &res)
[2.461s]       |      [01;31m[K^~~~~~~[m[K
[2.461s] [01m[K/home/parallels/ros2_ws/src/segway_ros2/segwayrmp/src/robot.cpp:555:65:[m[K [01;31m[Kerror: [m[Kâ€˜[01m[Ksegway_msgs::ros_stop_chassis_rotate_cmd[m[Kâ€™ has not been declared
[2.461s]   555 | bool Chassis::ros_stop_chassis_rotate_cmd_callback(segway_msgs::[01;31m[Kros_stop_chassis_rotate_cmd[m[K::Request & req, segway_msgs::ros_stop_chassis_rotate_cmd::Response &res)
[2.461s]       |                                                                 [01;31m[K^~~~~~~~~~~~~~~~~~~~~~~~~~~[m[K
[2.465s] [01m[K/home/parallels/ros2_ws/src/segway_ros2/segwayrmp/src/robot.cpp:555:104:[m[K [01;31m[Kerror: [m[Kâ€˜[01m[Kreq[m[Kâ€™ was not declared in this scope
[2.465s]   555 | _chassis_rotate_cmd_callback(segway_msgs::ros_stop_chassis_rotate_cmd::Request & [01;31m[Kreq[m[K, segway_msgs::ros_stop_chassis_rotate_cmd::Response &res)
[2.465s]       |                                                                                  [01;31m[K^~~[m[K
[2.465s] 
[2.465s] [01m[K/home/parallels/ros2_ws/src/segway_ros2/segwayrmp/src/robot.cpp:555:122:[m[K [01;31m[Kerror: [m[Kâ€˜[01m[Ksegway_msgs::ros_stop_chassis_rotate_cmd[m[Kâ€™ has not been declared
[2.465s]   555 | d_callback(segway_msgs::ros_stop_chassis_rotate_cmd::Request & req, segway_msgs::[01;31m[Kros_stop_chassis_rotate_cmd[m[K::Response &res)
[2.465s]       |                                                                                  [01;31m[K^~~~~~~~~~~~~~~~~~~~~~~~~~~[m[K
[2.465s] 
[2.473s] [01m[K/home/parallels/ros2_ws/src/segway_ros2/segwayrmp/src/robot.cpp:555:161:[m[K [01;31m[Kerror: [m[Kâ€˜[01m[Kres[m[Kâ€™ was not declared in this scope
[2.477s]   555 | _chassis_rotate_cmd::Request & req, segway_msgs::ros_stop_chassis_rotate_cmd::Response &[01;31m[Kres[m[K)
[2.478s]       |                                                                                         [01;31m[K^~~[m[K
[2.478s] 
[2.478s] [01m[K/home/parallels/ros2_ws/src/segway_ros2/segwayrmp/src/robot.cpp:555:164:[m[K [01;31m[Kerror: [m[Kexpression list treated as compound expression in initializer [[01;31m[K]8;;https://gcc.gnu.org/onlinedocs/gcc/Warning-Options.html#index-fpermissive-fpermissive]8;;[m[K]
[2.478s]   555 | _chassis_rotate_cmd::Request & req, segway_msgs::ros_stop_chassis_rotate_cmd::Response &res[01;31m[K)[m[K
[2.478s]       |                                                                                            [01;31m[K^[m[K
[2.478s] 
[2.478s] [01m[K/home/parallels/ros2_ws/src/segway_ros2/segwayrmp/src/robot.cpp:564:6:[m[K [01;31m[Kerror: [m[Kâ€˜[01m[Kbool robot::Chassis::ros_get_rotate_function_cfg_cmd_callback[m[Kâ€™ is not a static data member of â€˜[01m[Kclass robot::Chassis[m[Kâ€™
[2.478s]   564 | bool [01;31m[KChassis[m[K::ros_get_rotate_function_cfg_cmd_callback(segway_msgs::ros_get_rotate_function_cfg_cmd::Request & req, segway_msgs::ros_get_rotate_function_cfg_cmd::Response &res)
[2.478s]       |      [01;31m[K^~~~~~~[m[K
[2.478s] [01m[K/home/parallels/ros2_ws/src/segway_ros2/segwayrmp/src/robot.cpp:564:69:[m[K [01;31m[Kerror: [m[Kâ€˜[01m[Ksegway_msgs::ros_get_rotate_function_cfg_cmd[m[Kâ€™ has not been declared
[2.478s]   564 | bool Chassis::ros_get_rotate_function_cfg_cmd_callback(segway_msgs::[01;31m[Kros_get_rotate_function_cfg_cmd[m[K::Request & req, segway_msgs::ros_get_rotate_function_cfg_cmd::Response &res)
[2.478s]       |                                                                     [01;31m[K^~~~~~~~~~~~~~~~~~~~~~~~~~~~~~~[m[K
[2.479s] [01m[K/home/parallels/ros2_ws/src/segway_ros2/segwayrmp/src/robot.cpp:564:112:[m[K [01;31m[Kerror: [m[Kâ€˜[01m[Kreq[m[Kâ€™ was not declared in this scope
[2.479s]   564 | unction_cfg_cmd_callback(segway_msgs::ros_get_rotate_function_cfg_cmd::Request & [01;31m[Kreq[m[K, segway_msgs::ros_get_rotate_function_cfg_cmd::Response &res)
[2.479s]       |                                                                                  [01;31m[K^~~[m[K
[2.479s] 
[2.479s] [01m[K/home/parallels/ros2_ws/src/segway_ros2/segwayrmp/src/robot.cpp:564:130:[m[K [01;31m[Kerror: [m[Kâ€˜[01m[Ksegway_msgs::ros_get_rotate_function_cfg_cmd[m[Kâ€™ has not been declared
[2.479s]   564 | llback(segway_msgs::ros_get_rotate_function_cfg_cmd::Request & req, segway_msgs::[01;31m[Kros_get_rotate_function_cfg_cmd[m[K::Response &res)
[2.479s]       |                                                                                  [01;31m[K^~~~~~~~~~~~~~~~~~~~~~~~~~~~~~~[m[K
[2.479s] 
[2.486s] [01m[K/home/parallels/ros2_ws/src/segway_ros2/segwayrmp/src/robot.cpp:564:173:[m[K [01;31m[Kerror: [m[Kâ€˜[01m[Kres[m[Kâ€™ was not declared in this scope
[2.486s]   564 | unction_cfg_cmd::Request & req, segway_msgs::ros_get_rotate_function_cfg_cmd::Response &[01;31m[Kres[m[K)
[2.486s]       |                                                                                         [01;31m[K^~~[m[K
[2.487s] 
[2.487s] [01m[K/home/parallels/ros2_ws/src/segway_ros2/segwayrmp/src/robot.cpp:564:176:[m[K [01;31m[Kerror: [m[Kexpression list treated as compound expression in initializer [[01;31m[K]8;;https://gcc.gnu.org/onlinedocs/gcc/Warning-Options.html#index-fpermissive-fpermissive]8;;[m[K]
[2.487s]   564 | unction_cfg_cmd::Request & req, segway_msgs::ros_get_rotate_function_cfg_cmd::Response &res[01;31m[K)[m[K
[2.487s]       |                                                                                            [01;31m[K^[m[K
[2.487s] 
[2.487s] [01m[K/home/parallels/ros2_ws/src/segway_ros2/segwayrmp/src/robot.cpp:570:6:[m[K [01;31m[Kerror: [m[Kâ€˜[01m[Kbool robot::Chassis::ros_set_cfg_rotate_function_cmd_callback[m[Kâ€™ is not a static data member of â€˜[01m[Kclass robot::Chassis[m[Kâ€™
[2.487s]   570 | bool [01;31m[KChassis[m[K::ros_set_cfg_rotate_function_cmd_callback(segway_msgs::ros_set_cfg_rotate_function_cmd::Request & req, segway_msgs::ros_set_cfg_rotate_function_cmd::Response &res)
[2.487s]       |      [01;31m[K^~~~~~~[m[K
[2.487s] [01m[K/home/parallels/ros2_ws/src/segway_ros2/segwayrmp/src/robot.cpp:570:69:[m[K [01;31m[Kerror: [m[Kâ€˜[01m[Ksegway_msgs::ros_set_cfg_rotate_function_cmd[m[Kâ€™ has not been declared
[2.487s]   570 | bool Chassis::ros_set_cfg_rotate_function_cmd_callback(segway_msgs::[01;31m[Kros_set_cfg_rotate_function_cmd[m[K::Request & req, segway_msgs::ros_set_cfg_rotate_function_cmd::Response &res)
[2.487s]       |                                                                     [01;31m[K^~~~~~~~~~~~~~~~~~~~~~~~~~~~~~~[m[K
[2.495s] [01m[K/home/parallels/ros2_ws/src/segway_ros2/segwayrmp/src/robot.cpp:570:112:[m[K [01;31m[Kerror: [m[Kâ€˜[01m[Kreq[m[Kâ€™ was not declared in this scope
[2.495s]   570 | te_function_cmd_callback(segway_msgs::ros_set_cfg_rotate_function_cmd::Request & [01;31m[Kreq[m[K, segway_msgs::ros_set_cfg_rotate_function_cmd::Response &res)
[2.495s]       |                                                                                  [01;31m[K^~~[m[K
[2.495s] 
[2.495s] [01m[K/home/parallels/ros2_ws/src/segway_ros2/segwayrmp/src/robot.cpp:570:130:[m[K [01;31m[Kerror: [m[Kâ€˜[01m[Ksegway_msgs::ros_set_cfg_rotate_function_cmd[m[Kâ€™ has not been declared
[2.495s]   570 | llback(segway_msgs::ros_set_cfg_rotate_function_cmd::Request & req, segway_msgs::[01;31m[Kros_set_cfg_rotate_function_cmd[m[K::Response &res)
[2.495s]       |                                                                                  [01;31m[K^~~~~~~~~~~~~~~~~~~~~~~~~~~~~~~[m[K
[2.495s] 
[2.503s] [01m[K/home/parallels/ros2_ws/src/segway_ros2/segwayrmp/src/robot.cpp:570:173:[m[K [01;31m[Kerror: [m[Kâ€˜[01m[Kres[m[Kâ€™ was not declared in this scope
[2.503s]   570 | te_function_cmd::Request & req, segway_msgs::ros_set_cfg_rotate_function_cmd::Response &[01;31m[Kres[m[K)
[2.503s]       |                                                                                         [01;31m[K^~~[m[K
[2.503s] 
[2.503s] [01m[K/home/parallels/ros2_ws/src/segway_ros2/segwayrmp/src/robot.cpp:570:176:[m[K [01;31m[Kerror: [m[Kexpression list treated as compound expression in initializer [[01;31m[K]8;;https://gcc.gnu.org/onlinedocs/gcc/Warning-Options.html#index-fpermissive-fpermissive]8;;[m[K]
[2.503s]   570 | te_function_cmd::Request & req, segway_msgs::ros_set_cfg_rotate_function_cmd::Response &res[01;31m[K)[m[K
[2.503s]       |                                                                                            [01;31m[K^[m[K
[2.503s] 
[2.504s] [01m[K/home/parallels/ros2_ws/src/segway_ros2/segwayrmp/src/robot.cpp:581:6:[m[K [01;31m[Kerror: [m[Kâ€˜[01m[Kbool robot::Chassis::ros_get_host_and_chassis_match_cmd_callback[m[Kâ€™ is not a static data member of â€˜[01m[Kclass robot::Chassis[m[Kâ€™
[2.504s]   581 | bool [01;31m[KChassis[m[K::ros_get_host_and_chassis_match_cmd_callback(segway_msgs::ros_get_host_and_chassis_match_cmd::Request & req, segway_msgs::ros_get_host_and_chassis_match_cmd::Response &res)
[2.504s]       |      [01;31m[K^~~~~~~[m[K
[2.504s] [01m[K/home/parallels/ros2_ws/src/segway_ros2/segwayrmp/src/robot.cpp:581:72:[m[K [01;31m[Kerror: [m[Kâ€˜[01m[Ksegway_msgs::ros_get_host_and_chassis_match_cmd[m[Kâ€™ has not been declared
[2.504s]   581 | bool Chassis::ros_get_host_and_chassis_match_cmd_callback(segway_msgs::[01;31m[Kros_get_host_and_chassis_match_cmd[m[K::Request & req, segway_msgs::ros_get_host_and_chassis_match_cmd::Response &res)
[2.504s]       |                                                                        [01;31m[K^~~~~~~~~~~~~~~~~~~~~~~~~~~~~~~~~~[m[K
[2.511s] [01m[K/home/parallels/ros2_ws/src/segway_ros2/segwayrmp/src/robot.cpp:581:118:[m[K [01;31m[Kerror: [m[Kâ€˜[01m[Kreq[m[Kâ€™ was not declared in this scope
[2.511s]   581 | is_match_cmd_callback(segway_msgs::ros_get_host_and_chassis_match_cmd::Request & [01;31m[Kreq[m[K, segway_msgs::ros_get_host_and_chassis_match_cmd::Response &res)
[2.511s]       |                                                                                  [01;31m[K^~~[m[K
[2.511s] 
[2.511s] [01m[K/home/parallels/ros2_ws/src/segway_ros2/segwayrmp/src/robot.cpp:581:136:[m[K [01;31m[Kerror: [m[Kâ€˜[01m[Ksegway_msgs::ros_get_host_and_chassis_match_cmd[m[Kâ€™ has not been declared
[2.511s]   581 | ack(segway_msgs::ros_get_host_and_chassis_match_cmd::Request & req, segway_msgs::[01;31m[Kros_get_host_and_chassis_match_cmd[m[K::Response &res)
[2.511s]       |                                                                                  [01;31m[K^~~~~~~~~~~~~~~~~~~~~~~~~~~~~~~~~~[m[K
[2.511s] 
[2.519s] [01m[K/home/parallels/ros2_ws/src/segway_ros2/segwayrmp/src/robot.cpp:581:182:[m[K [01;31m[Kerror: [m[Kâ€˜[01m[Kres[m[Kâ€™ was not declared in this scope
[2.519s]   581 | is_match_cmd::Request & req, segway_msgs::ros_get_host_and_chassis_match_cmd::Response &[01;31m[Kres[m[K)
[2.519s]       |                                                                                         [01;31m[K^~~[m[K
[2.519s] 
[2.519s] [01m[K/home/parallels/ros2_ws/src/segway_ros2/segwayrmp/src/robot.cpp:581:185:[m[K [01;31m[Kerror: [m[Kexpression list treated as compound expression in initializer [[01;31m[K]8;;https://gcc.gnu.org/onlinedocs/gcc/Warning-Options.html#index-fpermissive-fpermissive]8;;[m[K]
[2.519s]   581 | is_match_cmd::Request & req, segway_msgs::ros_get_host_and_chassis_match_cmd::Response &res[01;31m[K)[m[K
[2.519s]       |                                                                                            [01;31m[K^[m[K
[2.519s] 
[2.520s] [01m[K/home/parallels/ros2_ws/src/segway_ros2/segwayrmp/src/robot.cpp:[m[K In static member function â€˜[01m[Kstatic void robot::Chassis::chassis_send_event_callback(int)[m[Kâ€™:
[2.520s] [01m[K/home/parallels/ros2_ws/src/segway_ros2/segwayrmp/src/robot.cpp:590:18:[m[K [01;31m[Kerror: [m[Kâ€˜[01m[Kchassis_send_event[m[Kâ€™ is not a member of â€˜[01m[Ksegway_msgs[m[Kâ€™
[2.520s]   590 |     segway_msgs::[01;31m[Kchassis_send_event[m[K chassis_send_event_srv;
[2.520s]       |                  [01;31m[K^~~~~~~~~~~~~~~~~~[m[K
[2.531s] [01m[K/home/parallels/ros2_ws/src/segway_ros2/segwayrmp/src/robot.cpp:592:5:[m[K [01;31m[Kerror: [m[Kâ€˜[01m[Kchassis_send_event_srv[m[Kâ€™ was not declared in this scope; did you mean â€˜[01m[Kchassis_send_event_srv_client[m[Kâ€™?
[2.531s]   592 |     [01;31m[Kchassis_send_event_srv[m[K.request.chassis_send_event_id = (int16_t)event_no;
[2.531s]       |     [01;31m[K^~~~~~~~~~~~~~~~~~~~~~[m[K
[2.531s]       |     [32m[Kchassis_send_event_srv_client[m[K
[2.531s] [01m[K/home/parallels/ros2_ws/src/segway_ros2/segwayrmp/src/robot.cpp:593:39:[m[K [01;31m[Kerror: [m[Kâ€˜[01m[Kusing SharedPtr = class std::shared_ptr<rclcpp::Client<segway_msgs::srv::ChassisSendEvent> >[m[Kâ€™ {aka â€˜[01m[Kclass std::shared_ptr<rclcpp::Client<segway_msgs::srv::ChassisSendEvent> >[m[Kâ€™} has no member named â€˜[01m[Kcall[m[Kâ€™
[2.531s]   593 |     if (chassis_send_event_srv_client.[01;31m[Kcall[m[K(chassis_send_event_srv))
[2.531s]       |                                       [01;31m[K^~~~[m[K
[2.539s] [01m[K/home/parallels/ros2_ws/src/segway_ros2/segwayrmp/src/robot.cpp:595:9:[m[K [01;31m[Kerror: [m[Kâ€˜[01m[KROS_INFO[m[Kâ€™ was not declared in this scope
[2.539s]   595 |         [01;31m[KROS_INFO[m[K("send chassis_send_event_srv, chassis_send_event_srv.request.chassis_send_event_id: %d", chassis_send_event_srv.request.chassis_send_event_id);
[2.539s]       |         [01;31m[K^~~~~~~~[m[K
[2.549s] [01m[K/home/parallels/ros2_ws/src/segway_ros2/segwayrmp/src/robot.cpp:600:9:[m[K [01;31m[Kerror: [m[Kâ€˜[01m[KROS_ERROR[m[Kâ€™ was not declared in this scope
[2.549s]   600 |         [01;31m[KROS_ERROR[m[K("Failed to call service chassis_send_event_srv");
[2.549s]       |         [01;31m[K^~~~~~~~~[m[K
[2.550s] [01m[K/home/parallels/ros2_ws/src/segway_ros2/segwayrmp/src/robot.cpp:[m[K In member function â€˜[01m[Kvoid robot::Chassis::PubOdomToRosOdom(Odometry)[m[Kâ€™:
[2.550s] [01m[K/home/parallels/ros2_ws/src/segway_ros2/segwayrmp/src/robot.cpp:623:14:[m[K [01;31m[Kerror: [m[Kâ€˜[01m[Kusing SharedPtr = class std::shared_ptr<rclcpp::Publisher<nav_msgs::msg::Odometry_<std::allocator<void> > > >[m[Kâ€™ {aka â€˜[01m[Kclass std::shared_ptr<rclcpp::Publisher<nav_msgs::msg::Odometry_<std::allocator<void> > > >[m[Kâ€™} has no member named â€˜[01m[Kpublish[m[Kâ€™
[2.550s]   623 |     Odom_pub.[01;31m[Kpublish[m[K(ROS_odom);
[2.550s]       |              [01;31m[K^~~~~~~[m[K
[2.550s] [01m[K/home/parallels/ros2_ws/src/segway_ros2/segwayrmp/src/robot.cpp:[m[K In member function â€˜[01m[Kvoid robot::Chassis::PubImuToRosImu()[m[Kâ€™:
[2.550s] [01m[K/home/parallels/ros2_ws/src/segway_ros2/segwayrmp/src/robot.cpp:629:20:[m[K [01;31m[Kerror: [m[Kâ€˜[01m[Kusing _header_type = struct std_msgs::msg::Header_<std::allocator<void> >[m[Kâ€™ {aka â€˜[01m[Kstruct std_msgs::msg::Header_<std::allocator<void> >[m[Kâ€™} has no member named â€˜[01m[Kseq[m[Kâ€™
[2.551s]   629 |     ros_imu.header.[01;31m[Kseq[m[K++;
[2.551s]       |                    [01;31m[K^~~[m[K
[2.551s] [01m[K/home/parallels/ros2_ws/src/segway_ros2/segwayrmp/src/robot.cpp:638:13:[m[K [01;31m[Kerror: [m[Kâ€˜[01m[Kusing SharedPtr = class std::shared_ptr<rclcpp::Publisher<sensor_msgs::msg::Imu_<std::allocator<void> > > >[m[Kâ€™ {aka â€˜[01m[Kclass std::shared_ptr<rclcpp::Publisher<sensor_msgs::msg::Imu_<std::allocator<void> > > >[m[Kâ€™} has no member named â€˜[01m[Kpublish[m[Kâ€™
[2.551s]   638 |     Imu_pub.[01;31m[Kpublish[m[K(ros_imu);
[2.551s]       |             [01;31m[K^~~~~~~[m[K
[2.552s] [01m[K/home/parallels/ros2_ws/src/segway_ros2/segwayrmp/src/robot.cpp:[m[K At global scope:
[2.552s] [01m[K/home/parallels/ros2_ws/src/segway_ros2/segwayrmp/src/robot.cpp:643:38:[m[K [01;31m[Kerror: [m[Kâ€˜[01m[Kros[m[Kâ€™ does not name a type
[2.552s]   643 | void Chassis::TimeUpdate1000Hz(const [01;31m[Kros[m[K::TimerEvent &event)
[2.552s]       |                                      [01;31m[K^~~[m[K
[2.552s] [01m[K/home/parallels/ros2_ws/src/segway_ros2/segwayrmp/src/robot.cpp:643:54:[m[K [01;31m[Kerror: [m[Kexpected unqualified-id before â€˜[01m[K&[m[Kâ€™ token
[2.552s]   643 | void Chassis::TimeUpdate1000Hz(const ros::TimerEvent [01;31m[K&[m[Kevent)
[2.552s]       |                                                      [01;31m[K^[m[K
[2.552s] [01m[K/home/parallels/ros2_ws/src/segway_ros2/segwayrmp/src/robot.cpp:643:53:[m[K [01;31m[Kerror: [m[Kexpected â€˜[01m[K)[m[Kâ€™ before â€˜[01m[K&[m[Kâ€™ token
[2.553s]   643 | void Chassis::TimeUpdate1000Hz[34m[K([m[Kconst ros::TimerEvent[01;31m[K [m[K[32m[K&[m[Kevent)
[2.553s]       |                               [34m[K~[m[K                     [01;31m[K^[m[K[32m[K~[m[K
[2.553s]       |                                                     [32m[K)[m[K
[2.553s] [01m[K/home/parallels/ros2_ws/src/segway_ros2/segwayrmp/src/robot.cpp:643:55:[m[K [01;31m[Kerror: [m[Kexpected initializer before â€˜[01m[Kevent[m[Kâ€™
[2.553s]   643 | void Chassis::TimeUpdate1000Hz(const ros::TimerEvent &[01;31m[Kevent[m[K)
[2.553s]       |                                                       [01;31m[K^~~~~[m[K
[2.553s] [01m[K/home/parallels/ros2_ws/src/segway_ros2/segwayrmp/src/robot.cpp:756:35:[m[K [01;31m[Kerror: [m[Kâ€˜[01m[Kros[m[Kâ€™ does not name a type
[2.553s]   756 | void Chassis::TimeUpdate1Hz(const [01;31m[Kros[m[K::TimerEvent &event)
[2.553s]       |                                   [01;31m[K^~~[m[K
[2.554s] [01m[K/home/parallels/ros2_ws/src/segway_ros2/segwayrmp/src/robot.cpp:756:51:[m[K [01;31m[Kerror: [m[Kexpected unqualified-id before â€˜[01m[K&[m[Kâ€™ token
[2.554s]   756 | void Chassis::TimeUpdate1Hz(const ros::TimerEvent [01;31m[K&[m[Kevent)
[2.554s]       |                                                   [01;31m[K^[m[K
[2.554s] [01m[K/home/parallels/ros2_ws/src/segway_ros2/segwayrmp/src/robot.cpp:756:50:[m[K [01;31m[Kerror: [m[Kexpected â€˜[01m[K)[m[Kâ€™ before â€˜[01m[K&[m[Kâ€™ token
[2.554s]   756 | void Chassis::TimeUpdate1Hz[34m[K([m[Kconst ros::TimerEvent[01;31m[K [m[K[32m[K&[m[Kevent)
[2.554s]       |                            [34m[K~[m[K                     [01;31m[K^[m[K[32m[K~[m[K
[2.554s]       |                                                  [32m[K)[m[K
[2.554s] [01m[K/home/parallels/ros2_ws/src/segway_ros2/segwayrmp/src/robot.cpp:756:52:[m[K [01;31m[Kerror: [m[Kexpected initializer before â€˜[01m[Kevent[m[Kâ€™
[2.554s]   756 | void Chassis::TimeUpdate1Hz(const ros::TimerEvent &[01;31m[Kevent[m[K)
[2.554s]       |                                                    [01;31m[K^~~~~[m[K
[4.760s] gmake[2]: *** [CMakeFiles/SmartCar.dir/build.make:90: CMakeFiles/SmartCar.dir/src/robot.cpp.o] Error 1
[4.761s] gmake[1]: *** [CMakeFiles/Makefile2:137: CMakeFiles/SmartCar.dir/all] Error 2
[4.761s] gmake: *** [Makefile:146: all] Error 2
[4.764s] Invoked command in '/home/parallels/ros2_ws/src/segway_ros2/build/segwayrmp' returned '2': AMENT_PREFIX_PATH=/home/parallels/ros2_ws/src/segway_ros2/install/segway_msgs:${AMENT_PREFIX_PATH} CMAKE_PREFIX_PATH=/home/parallels/ros2_ws/src/segway_ros2/install/segway_msgs LD_LIBRARY_PATH=/home/parallels/ros2_ws/src/segway_ros2/install/segway_msgs/lib:${LD_LIBRARY_PATH} PYTHONPATH=/home/parallels/ros2_ws/src/segway_ros2/install/segway_msgs/local/lib/python3.10/dist-packages:${PYTHONPATH} /usr/bin/cmake --build /home/parallels/ros2_ws/src/segway_ros2/build/segwayrmp -- -j4 -l4
