[0.006s] Invoking command in '/home/parallels/ros2_ws/src/segway_ros2/build/segwayrmp': AMENT_PREFIX_PATH=/home/parallels/ros2_ws/src/segway_ros2/install/segway_msgs:${AMENT_PREFIX_PATH} CMAKE_PREFIX_PATH=/home/parallels/ros2_ws/src/segway_ros2/install/segway_msgs LD_LIBRARY_PATH=/home/parallels/ros2_ws/src/segway_ros2/install/segway_msgs/lib:${LD_LIBRARY_PATH} PYTHONPATH=/home/parallels/ros2_ws/src/segway_ros2/install/segway_msgs/local/lib/python3.10/dist-packages:${PYTHONPATH} /usr/bin/cmake --build /home/parallels/ros2_ws/src/segway_ros2/build/segwayrmp -- -j4 -l4
[0.056s] [35m[1mConsolidate compiler generated dependencies of target SmartCar[0m
[0.083s] gmake[2]: *** No rule to make target '/home/parallels/ros2_ws/src/segway_ros2/segwayrmp/lib/libctrl_arm64-v8a.so', needed by 'SmartCar'.  Stop.
[0.083s] gmake[2]: *** Waiting for unfinished jobs....
[0.088s] [ 25%] [32mBuilding CXX object CMakeFiles/SmartCar.dir/src/robot.cpp.o[0m
[1.493s] In file included from [01m[K/home/parallels/ros2_ws/src/segway_ros2/segwayrmp/include/Ge_encoder_odometry.h:14[m[K,
[1.493s]                  from [01m[K/home/parallels/ros2_ws/src/segway_ros2/segwayrmp/include/segwayrmp/robot.h:17[m[K,
[1.493s]                  from [01m[K/home/parallels/ros2_ws/src/segway_ros2/segwayrmp/src/robot.cpp:1[m[K:
[1.493s] [01m[K/home/parallels/ros2_ws/src/segway_ros2/segwayrmp/include/Ge_encoder_sensordata.h:[m[K In member function â€˜[01m[KSensorData::BaseImu SensorData::BaseImu::Interpolation(int64_t, SensorData::BaseImu, SensorData::BaseImu)[m[Kâ€™:
[1.493s] [01m[K/home/parallels/ros2_ws/src/segway_ros2/segwayrmp/include/Ge_encoder_sensordata.h:29:58:[m[K [01;35m[Kwarning: [m[Kimplicitly-declared â€˜[01m[Kconstexpr SensorData::BaseImu::BaseImu(const SensorData::BaseImu&)[m[Kâ€™ is deprecated [[01;35m[K]8;;https://gcc.gnu.org/onlinedocs/gcc/Warning-Options.html#index-Wdeprecated-copy-Wdeprecated-copy]8;;[m[K]
[1.493s]    29 |             if(time_inter <= imu_before.TimeStamp)return [01;35m[Kimu_before[m[K;
[1.493s]       |                                                          [01;35m[K^~~~~~~~~~[m[K
[1.493s] [01m[K/home/parallels/ros2_ws/src/segway_ros2/segwayrmp/include/Ge_encoder_sensordata.h:17:18:[m[K [01;36m[Knote: [m[Kbecause â€˜[01m[KSensorData::BaseImu[m[Kâ€™ has user-provided â€˜[01m[KSensorData::BaseImu& SensorData::BaseImu::operator=(SensorData::BaseImu&)[m[Kâ€™
[1.493s]    17 |         BaseImu& [01;36m[Koperator[m[K=(BaseImu& other)
[1.493s]       |                  [01;36m[K^~~~~~~~[m[K
[1.493s] [01m[K/home/parallels/ros2_ws/src/segway_ros2/segwayrmp/include/Ge_encoder_sensordata.h:30:57:[m[K [01;35m[Kwarning: [m[Kimplicitly-declared â€˜[01m[Kconstexpr SensorData::BaseImu::BaseImu(const SensorData::BaseImu&)[m[Kâ€™ is deprecated [[01;35m[K]8;;https://gcc.gnu.org/onlinedocs/gcc/Warning-Options.html#index-Wdeprecated-copy-Wdeprecated-copy]8;;[m[K]
[1.493s]    30 |             if(time_inter >= imu_after.TimeStamp)return [01;35m[Kimu_after[m[K;
[1.494s]       |                                                         [01;35m[K^~~~~~~~~[m[K
[1.494s] [01m[K/home/parallels/ros2_ws/src/segway_ros2/segwayrmp/include/Ge_encoder_sensordata.h:17:18:[m[K [01;36m[Knote: [m[Kbecause â€˜[01m[KSensorData::BaseImu[m[Kâ€™ has user-provided â€˜[01m[KSensorData::BaseImu& SensorData::BaseImu::operator=(SensorData::BaseImu&)[m[Kâ€™
[1.494s]    17 |         BaseImu& [01;36m[Koperator[m[K=(BaseImu& other)
[1.494s]       |                  [01;36m[K^~~~~~~~[m[K
[1.494s] [01m[K/home/parallels/ros2_ws/src/segway_ros2/segwayrmp/include/Ge_encoder_sensordata.h:31:67:[m[K [01;35m[Kwarning: [m[Kimplicitly-declared â€˜[01m[Kconstexpr SensorData::BaseImu::BaseImu(const SensorData::BaseImu&)[m[Kâ€™ is deprecated [[01;35m[K]8;;https://gcc.gnu.org/onlinedocs/gcc/Warning-Options.html#index-Wdeprecated-copy-Wdeprecated-copy]8;;[m[K]
[1.494s]    31 |             if(imu_before.TimeStamp == imu_after.TimeStamp)return [01;35m[Kimu_before[m[K;
[1.494s]       |                                                                   [01;35m[K^~~~~~~~~~[m[K
[1.494s] [01m[K/home/parallels/ros2_ws/src/segway_ros2/segwayrmp/include/Ge_encoder_sensordata.h:17:18:[m[K [01;36m[Knote: [m[Kbecause â€˜[01m[KSensorData::BaseImu[m[Kâ€™ has user-provided â€˜[01m[KSensorData::BaseImu& SensorData::BaseImu::operator=(SensorData::BaseImu&)[m[Kâ€™
[1.494s]    17 |         BaseImu& [01;36m[Koperator[m[K=(BaseImu& other)
[1.494s]       |                  [01;36m[K^~~~~~~~[m[K
[1.494s] [01m[K/home/parallels/ros2_ws/src/segway_ros2/segwayrmp/include/Ge_encoder_sensordata.h:38:20:[m[K [01;35m[Kwarning: [m[Kimplicitly-declared â€˜[01m[Kconstexpr SensorData::BaseImu::BaseImu(const SensorData::BaseImu&)[m[Kâ€™ is deprecated [[01;35m[K]8;;https://gcc.gnu.org/onlinedocs/gcc/Warning-Options.html#index-Wdeprecated-copy-Wdeprecated-copy]8;;[m[K]
[1.494s]    38 |             return [01;35m[Kres[m[K;
[1.494s]       |                    [01;35m[K^~~[m[K
[1.494s] [01m[K/home/parallels/ros2_ws/src/segway_ros2/segwayrmp/include/Ge_encoder_sensordata.h:17:18:[m[K [01;36m[Knote: [m[Kbecause â€˜[01m[KSensorData::BaseImu[m[Kâ€™ has user-provided â€˜[01m[KSensorData::BaseImu& SensorData::BaseImu::operator=(SensorData::BaseImu&)[m[Kâ€™
[1.494s]    17 |         BaseImu& [01;36m[Koperator[m[K=(BaseImu& other)
[1.494s]       |                  [01;36m[K^~~~~~~~[m[K
[1.495s] In file included from [01m[K/home/parallels/ros2_ws/src/segway_ros2/segwayrmp/include/segwayrmp/robot.h:17[m[K,
[1.495s]                  from [01m[K/home/parallels/ros2_ws/src/segway_ros2/segwayrmp/src/robot.cpp:1[m[K:
[1.495s] [01m[K/home/parallels/ros2_ws/src/segway_ros2/segwayrmp/include/Ge_encoder_odometry.h:[m[K In member function â€˜[01m[KSensorData::BaseImu ImuRecord::getAverageImu(int64_t)[m[Kâ€™:
[1.495s] [01m[K/home/parallels/ros2_ws/src/segway_ros2/segwayrmp/include/Ge_encoder_odometry.h:29:38:[m[K [01;35m[Kwarning: [m[Kimplicitly-declared â€˜[01m[Kconstexpr SensorData::BaseImu::BaseImu(const SensorData::BaseImu&)[m[Kâ€™ is deprecated [[01;35m[K]8;;https://gcc.gnu.org/onlinedocs/gcc/Warning-Options.html#index-Wdeprecated-copy-Wdeprecated-copy]8;;[m[K]
[1.495s]    29 |     SensorData::BaseImu imu_after = *[01;35m[Ki[m[K;
[1.495s]       |                                      [01;35m[K^[m[K
[1.495s] In file included from [01m[K/home/parallels/ros2_ws/src/segway_ros2/segwayrmp/include/Ge_encoder_odometry.h:14[m[K,
[1.495s]                  from [01m[K/home/parallels/ros2_ws/src/segway_ros2/segwayrmp/include/segwayrmp/robot.h:17[m[K,
[1.495s]                  from [01m[K/home/parallels/ros2_ws/src/segway_ros2/segwayrmp/src/robot.cpp:1[m[K:
[1.495s] [01m[K/home/parallels/ros2_ws/src/segway_ros2/segwayrmp/include/Ge_encoder_sensordata.h:17:18:[m[K [01;36m[Knote: [m[Kbecause â€˜[01m[KSensorData::BaseImu[m[Kâ€™ has user-provided â€˜[01m[KSensorData::BaseImu& SensorData::BaseImu::operator=(SensorData::BaseImu&)[m[Kâ€™
[1.495s]    17 |         BaseImu& [01;36m[Koperator[m[K=(BaseImu& other)
[1.495s]       |                  [01;36m[K^~~~~~~~[m[K
[1.495s] In file included from [01m[K/home/parallels/ros2_ws/src/segway_ros2/segwayrmp/include/segwayrmp/robot.h:17[m[K,
[1.496s]                  from [01m[K/home/parallels/ros2_ws/src/segway_ros2/segwayrmp/src/robot.cpp:1[m[K:
[1.496s] [01m[K/home/parallels/ros2_ws/src/segway_ros2/segwayrmp/include/Ge_encoder_odometry.h:39:55:[m[K [01;35m[Kwarning: [m[Kimplicitly-declared â€˜[01m[Kconstexpr SensorData::BaseImu::BaseImu(const SensorData::BaseImu&)[m[Kâ€™ is deprecated [[01;35m[K]8;;https://gcc.gnu.org/onlinedocs/gcc/Warning-Options.html#index-Wdeprecated-copy-Wdeprecated-copy]8;;[m[K]
[1.496s]    39 |       SensorData::BaseImu imu_suanz = [01;35m[Ki->Interpolation(ts, *i, *j)[m[K;
[1.496s]       |                                       [01;35m[K~~~~~~~~~~~~~~~~^~~~~~~~~~~~[m[K
[1.496s] In file included from [01m[K/home/parallels/ros2_ws/src/segway_ros2/segwayrmp/include/Ge_encoder_odometry.h:14[m[K,
[1.496s]                  from [01m[K/home/parallels/ros2_ws/src/segway_ros2/segwayrmp/include/segwayrmp/robot.h:17[m[K,
[1.496s]                  from [01m[K/home/parallels/ros2_ws/src/segway_ros2/segwayrmp/src/robot.cpp:1[m[K:
[1.496s] [01m[K/home/parallels/ros2_ws/src/segway_ros2/segwayrmp/include/Ge_encoder_sensordata.h:17:18:[m[K [01;36m[Knote: [m[Kbecause â€˜[01m[KSensorData::BaseImu[m[Kâ€™ has user-provided â€˜[01m[KSensorData::BaseImu& SensorData::BaseImu::operator=(SensorData::BaseImu&)[m[Kâ€™
[1.496s]    17 |         BaseImu& [01;36m[Koperator[m[K=(BaseImu& other)
[1.496s]       |                  [01;36m[K^~~~~~~~[m[K
[1.496s] [01m[K/home/parallels/ros2_ws/src/segway_ros2/segwayrmp/include/Ge_encoder_sensordata.h:26:59:[m[K [01;36m[Knote: [m[K  initializing argument 2 of â€˜[01m[KSensorData::BaseImu SensorData::BaseImu::Interpolation(int64_t, SensorData::BaseImu, SensorData::BaseImu)[m[Kâ€™
[1.496s]    26 |         BaseImu Interpolation(int64_t time_inter, [01;36m[KBaseImu imu_before[m[K, BaseImu imu_after){
[1.496s]       |                                                   [01;36m[K~~~~~~~~^~~~~~~~~~[m[K
[1.496s] In file included from [01m[K/home/parallels/ros2_ws/src/segway_ros2/segwayrmp/include/segwayrmp/robot.h:17[m[K,
[1.496s]                  from [01m[K/home/parallels/ros2_ws/src/segway_ros2/segwayrmp/src/robot.cpp:1[m[K:
[1.496s] [01m[K/home/parallels/ros2_ws/src/segway_ros2/segwayrmp/include/Ge_encoder_odometry.h:39:55:[m[K [01;35m[Kwarning: [m[Kimplicitly-declared â€˜[01m[Kconstexpr SensorData::BaseImu::BaseImu(const SensorData::BaseImu&)[m[Kâ€™ is deprecated [[01;35m[K]8;;https://gcc.gnu.org/onlinedocs/gcc/Warning-Options.html#index-Wdeprecated-copy-Wdeprecated-copy]8;;[m[K]
[1.496s]    39 |       SensorData::BaseImu imu_suanz = [01;35m[Ki->Interpolation(ts, *i, *j)[m[K;
[1.496s]       |                                       [01;35m[K~~~~~~~~~~~~~~~~^~~~~~~~~~~~[m[K
[1.496s] In file included from [01m[K/home/parallels/ros2_ws/src/segway_ros2/segwayrmp/include/Ge_encoder_odometry.h:14[m[K,
[1.496s]                  from [01m[K/home/parallels/ros2_ws/src/segway_ros2/segwayrmp/include/segwayrmp/robot.h:17[m[K,
[1.496s]                  from [01m[K/home/parallels/ros2_ws/src/segway_ros2/segwayrmp/src/robot.cpp:1[m[K:
[1.496s] [01m[K/home/parallels/ros2_ws/src/segway_ros2/segwayrmp/include/Ge_encoder_sensordata.h:17:18:[m[K [01;36m[Knote: [m[Kbecause â€˜[01m[KSensorData::BaseImu[m[Kâ€™ has user-provided â€˜[01m[KSensorData::BaseImu& SensorData::BaseImu::operator=(SensorData::BaseImu&)[m[Kâ€™
[1.496s]    17 |         BaseImu& [01;36m[Koperator[m[K=(BaseImu& other)
[1.496s]       |                  [01;36m[K^~~~~~~~[m[K
[1.496s] [01m[K/home/parallels/ros2_ws/src/segway_ros2/segwayrmp/include/Ge_encoder_sensordata.h:26:79:[m[K [01;36m[Knote: [m[K  initializing argument 3 of â€˜[01m[KSensorData::BaseImu SensorData::BaseImu::Interpolation(int64_t, SensorData::BaseImu, SensorData::BaseImu)[m[Kâ€™
[1.496s]    26 |         BaseImu Interpolation(int64_t time_inter, BaseImu imu_before, [01;36m[KBaseImu imu_after[m[K){
[1.496s]       |                                                                       [01;36m[K~~~~~~~~^~~~~~~~~[m[K
[1.496s] In file included from [01m[K/home/parallels/ros2_ws/src/segway_ros2/segwayrmp/include/segwayrmp/robot.h:17[m[K,
[1.496s]                  from [01m[K/home/parallels/ros2_ws/src/segway_ros2/segwayrmp/src/robot.cpp:1[m[K:
[1.497s] [01m[K/home/parallels/ros2_ws/src/segway_ros2/segwayrmp/include/Ge_encoder_odometry.h:44:49:[m[K [01;35m[Kwarning: [m[Kimplicitly-declared â€˜[01m[Kconstexpr SensorData::BaseImu::BaseImu(const SensorData::BaseImu&)[m[Kâ€™ is deprecated [[01;35m[K]8;;https://gcc.gnu.org/onlinedocs/gcc/Warning-Options.html#index-Wdeprecated-copy-Wdeprecated-copy]8;;[m[K]
[1.497s]    44 |     if (time_gap_ == 0) return imu_buffer_.back([01;35m[K)[m[K;
[1.497s]       |                                                 [01;35m[K^[m[K
[1.497s] In file included from [01m[K/home/parallels/ros2_ws/src/segway_ros2/segwayrmp/include/Ge_encoder_odometry.h:14[m[K,
[1.497s]                  from [01m[K/home/parallels/ros2_ws/src/segway_ros2/segwayrmp/include/segwayrmp/robot.h:17[m[K,
[1.497s]                  from [01m[K/home/parallels/ros2_ws/src/segway_ros2/segwayrmp/src/robot.cpp:1[m[K:
[1.497s] [01m[K/home/parallels/ros2_ws/src/segway_ros2/segwayrmp/include/Ge_encoder_sensordata.h:17:18:[m[K [01;36m[Knote: [m[Kbecause â€˜[01m[KSensorData::BaseImu[m[Kâ€™ has user-provided â€˜[01m[KSensorData::BaseImu& SensorData::BaseImu::operator=(SensorData::BaseImu&)[m[Kâ€™
[1.497s]    17 |         BaseImu& [01;36m[Koperator[m[K=(BaseImu& other)
[1.497s]       |                  [01;36m[K^~~~~~~~[m[K
[1.497s] In file included from [01m[K/home/parallels/ros2_ws/src/segway_ros2/segwayrmp/include/segwayrmp/robot.h:17[m[K,
[1.497s]                  from [01m[K/home/parallels/ros2_ws/src/segway_ros2/segwayrmp/src/robot.cpp:1[m[K:
[1.497s] [01m[K/home/parallels/ros2_ws/src/segway_ros2/segwayrmp/include/Ge_encoder_odometry.h:48:12:[m[K [01;35m[Kwarning: [m[Kimplicitly-declared â€˜[01m[Kconstexpr SensorData::BaseImu::BaseImu(const SensorData::BaseImu&)[m[Kâ€™ is deprecated [[01;35m[K]8;;https://gcc.gnu.org/onlinedocs/gcc/Warning-Options.html#index-Wdeprecated-copy-Wdeprecated-copy]8;;[m[K]
[1.497s]    48 |     return [01;35m[Kres_imu[m[K;
[1.497s]       |            [01;35m[K^~~~~~~[m[K
[1.497s] In file included from [01m[K/home/parallels/ros2_ws/src/segway_ros2/segwayrmp/include/Ge_encoder_odometry.h:14[m[K,
[1.497s]                  from [01m[K/home/parallels/ros2_ws/src/segway_ros2/segwayrmp/include/segwayrmp/robot.h:17[m[K,
[1.497s]                  from [01m[K/home/parallels/ros2_ws/src/segway_ros2/segwayrmp/src/robot.cpp:1[m[K:
[1.497s] [01m[K/home/parallels/ros2_ws/src/segway_ros2/segwayrmp/include/Ge_encoder_sensordata.h:17:18:[m[K [01;36m[Knote: [m[Kbecause â€˜[01m[KSensorData::BaseImu[m[Kâ€™ has user-provided â€˜[01m[KSensorData::BaseImu& SensorData::BaseImu::operator=(SensorData::BaseImu&)[m[Kâ€™
[1.497s]    17 |         BaseImu& [01;36m[Koperator[m[K=(BaseImu& other)
[1.497s]       |                  [01;36m[K^~~~~~~~[m[K
[1.858s] [01m[K/home/parallels/ros2_ws/src/segway_ros2/segwayrmp/src/robot.cpp:[m[K In constructor â€˜[01m[Krobot::Chassis::Chassis(const SharedPtr&)[m[Kâ€™:
[1.858s] [01m[K/home/parallels/ros2_ws/src/segway_ros2/segwayrmp/src/robot.cpp:262:61:[m[K [01;31m[Kerror: [m[Kno matching function for call to â€˜[01m[Krclcpp::Node::Node()[m[Kâ€™
[1.859s]   262 | Chassis::Chassis(const rclcpp::Node::SharedPtr &nh) : nh_(nh[01;31m[K)[m[K
[1.859s]       |                                                             [01;31m[K^[m[K
[1.859s] In file included from [01m[K/opt/ros/humble/include/rclcpp/rclcpp/executors/single_threaded_executor.hpp:28[m[K,
[1.859s]                  from [01m[K/opt/ros/humble/include/rclcpp/rclcpp/executors.hpp:22[m[K,
[1.859s]                  from [01m[K/opt/ros/humble/include/rclcpp/rclcpp/rclcpp.hpp:155[m[K,
[1.859s]                  from [01m[K/home/parallels/ros2_ws/src/segway_ros2/segwayrmp/include/segwayrmp/robot.h:4[m[K,
[1.859s]                  from [01m[K/home/parallels/ros2_ws/src/segway_ros2/segwayrmp/src/robot.cpp:1[m[K:
[1.859s] [01m[K/opt/ros/humble/include/rclcpp/rclcpp/node.hpp:1294:3:[m[K [01;36m[Knote: [m[Kcandidate: â€˜[01m[Krclcpp::Node::Node(const rclcpp::Node&, const string&)[m[Kâ€™
[1.859s]  1294 |   [01;36m[KNode[m[K(
[1.859s]       |   [01;36m[K^~~~[m[K
[1.859s] [01m[K/opt/ros/humble/include/rclcpp/rclcpp/node.hpp:1294:3:[m[K [01;36m[Knote: [m[K  candidate expects 2 arguments, 0 provided
[1.859s] [01m[K/opt/ros/humble/include/rclcpp/rclcpp/node.hpp:101:12:[m[K [01;36m[Knote: [m[Kcandidate: â€˜[01m[Krclcpp::Node::Node(const string&, const string&, const rclcpp::NodeOptions&)[m[Kâ€™
[1.859s]   101 |   explicit [01;36m[KNode[m[K(
[1.859s]       |            [01;36m[K^~~~[m[K
[1.859s] [01m[K/opt/ros/humble/include/rclcpp/rclcpp/node.hpp:101:12:[m[K [01;36m[Knote: [m[K  candidate expects 3 arguments, 0 provided
[1.859s] [01m[K/opt/ros/humble/include/rclcpp/rclcpp/node.hpp:89:12:[m[K [01;36m[Knote: [m[Kcandidate: â€˜[01m[Krclcpp::Node::Node(const string&, const rclcpp::NodeOptions&)[m[Kâ€™
[1.859s]    89 |   explicit [01;36m[KNode[m[K(
[1.859s]       |            [01;36m[K^~~~[m[K
[1.859s] [01m[K/opt/ros/humble/include/rclcpp/rclcpp/node.hpp:89:12:[m[K [01;36m[Knote: [m[K  candidate expects 2 arguments, 0 provided
[1.864s] [01m[K/home/parallels/ros2_ws/src/segway_ros2/segwayrmp/src/robot.cpp:275:58:[m[K [01;31m[Kerror: [m[Kâ€˜[01m[KBmsFb[m[Kâ€™ is not a member of â€˜[01m[Ksegway_msgs::msg[m[Kâ€™; did you mean â€˜[01m[KBmsfb[m[Kâ€™?
[1.864s]   275 |     bms_fb_pub = nh_->create_publisher<segway_msgs::msg::[01;31m[KBmsFb[m[K>("bms_Fb", 10);
[1.864s]       |                                                          [01;31m[K^~~~~[m[K
[1.864s]       |                                                          [32m[KBmsfb[m[K
[1.864s] [01m[K/home/parallels/ros2_ws/src/segway_ros2/segwayrmp/src/robot.cpp:275:64:[m[K [01;31m[Kerror: [m[Kno matching function for call to â€˜[01m[Krclcpp::Node::create_publisher<<expression error> >(const char [7], int)[m[Kâ€™
[1.865s]   275 |     bms_fb_pub = [01;31m[Knh_->create_publisher<segway_msgs::msg::BmsFb>("bms_Fb", 10)[m[K;
[1.865s]       |                  [01;31m[K~~~~~~~~~~~~~~~~~~~~~~~~~~~~~~~~~~~~~~~~~~~~~~^~~~~~~~~~~~~~[m[K
[1.865s] In file included from [01m[K/opt/ros/humble/include/rclcpp/rclcpp/executors/single_threaded_executor.hpp:28[m[K,
[1.865s]                  from [01m[K/opt/ros/humble/include/rclcpp/rclcpp/executors.hpp:22[m[K,
[1.865s]                  from [01m[K/opt/ros/humble/include/rclcpp/rclcpp/rclcpp.hpp:155[m[K,
[1.865s]                  from [01m[K/home/parallels/ros2_ws/src/segway_ros2/segwayrmp/include/segwayrmp/robot.h:4[m[K,
[1.865s]                  from [01m[K/home/parallels/ros2_ws/src/segway_ros2/segwayrmp/src/robot.cpp:1[m[K:
[1.865s] [01m[K/opt/ros/humble/include/rclcpp/rclcpp/node.hpp:195:3:[m[K [01;36m[Knote: [m[Kcandidate: â€˜[01m[Ktemplate<class MessageT, class AllocatorT, class PublisherT> std::shared_ptr<PublisherT> rclcpp::Node::create_publisher(const string&, const rclcpp::QoS&, const rclcpp::PublisherOptionsWithAllocator<AllocatorT>&)[m[Kâ€™
[1.865s]   195 |   [01;36m[Kcreate_publisher[m[K(
[1.865s]       |   [01;36m[K^~~~~~~~~~~~~~~~[m[K
[1.865s] [01m[K/opt/ros/humble/include/rclcpp/rclcpp/node.hpp:195:3:[m[K [01;36m[Knote: [m[K  template argument deduction/substitution failed:
[1.865s] [01m[K/home/parallels/ros2_ws/src/segway_ros2/segwayrmp/src/robot.cpp:275:64:[m[K [01;31m[Kerror: [m[Ktemplate argument 1 is invalid
[1.865s]   275 |     bms_fb_pub = [01;31m[Knh_->create_publisher<segway_msgs::msg::BmsFb>("bms_Fb", 10)[m[K;
[1.865s]       |                  [01;31m[K~~~~~~~~~~~~~~~~~~~~~~~~~~~~~~~~~~~~~~~~~~~~~~^~~~~~~~~~~~~~[m[K
[1.865s] [01m[K/home/parallels/ros2_ws/src/segway_ros2/segwayrmp/src/robot.cpp:276:71:[m[K [01;31m[Kerror: [m[Kâ€˜[01m[KChassisCtrlSrcFb[m[Kâ€™ is not a member of â€˜[01m[Ksegway_msgs::msg[m[Kâ€™; did you mean â€˜[01m[KChassisctrlsrcfb[m[Kâ€™?
[1.865s]   276 |     chassis_ctrl_src_fb_pub = nh_->create_publisher<segway_msgs::msg::[01;31m[KChassisCtrlSrcFb[m[K>("chassis_ctrl_src_fb", 10);
[1.865s]       |                                                                       [01;31m[K^~~~~~~~~~~~~~~~[m[K
[1.865s]       |                                                                       [32m[KChassisctrlsrcfb[m[K
[1.865s] [01m[K/home/parallels/ros2_ws/src/segway_ros2/segwayrmp/src/robot.cpp:276:88:[m[K [01;31m[Kerror: [m[Kno matching function for call to â€˜[01m[Krclcpp::Node::create_publisher<<expression error> >(const char [20], int)[m[Kâ€™
[1.865s]   276 | ssis_ctrl_src_fb_pub = [01;31m[Knh_->create_publisher<segway_msgs::msg::ChassisCtrlSrcFb>("chassis_ctrl_src_fb", 10)[m[K;
[1.865s]       |                        [01;31m[K~~~~~~~~~~~~~~~~~~~~~~~~~~~~~~~~~~~~~~~~~~~~~~~~~~~~~~~~~^~~~~~~~~~~~~~~~~~~~~~~~~~~[m[K
[1.865s] 
[1.865s] In file included from [01m[K/opt/ros/humble/include/rclcpp/rclcpp/executors/single_threaded_executor.hpp:28[m[K,
[1.865s]                  from [01m[K/opt/ros/humble/include/rclcpp/rclcpp/executors.hpp:22[m[K,
[1.865s]                  from [01m[K/opt/ros/humble/include/rclcpp/rclcpp/rclcpp.hpp:155[m[K,
[1.865s]                  from [01m[K/home/parallels/ros2_ws/src/segway_ros2/segwayrmp/include/segwayrmp/robot.h:4[m[K,
[1.865s]                  from [01m[K/home/parallels/ros2_ws/src/segway_ros2/segwayrmp/src/robot.cpp:1[m[K:
[1.865s] [01m[K/opt/ros/humble/include/rclcpp/rclcpp/node.hpp:195:3:[m[K [01;36m[Knote: [m[Kcandidate: â€˜[01m[Ktemplate<class MessageT, class AllocatorT, class PublisherT> std::shared_ptr<PublisherT> rclcpp::Node::create_publisher(const string&, const rclcpp::QoS&, const rclcpp::PublisherOptionsWithAllocator<AllocatorT>&)[m[Kâ€™
[1.865s]   195 |   [01;36m[Kcreate_publisher[m[K(
[1.865s]       |   [01;36m[K^~~~~~~~~~~~~~~~[m[K
[1.865s] [01m[K/opt/ros/humble/include/rclcpp/rclcpp/node.hpp:195:3:[m[K [01;36m[Knote: [m[K  template argument deduction/substitution failed:
[1.865s] [01m[K/home/parallels/ros2_ws/src/segway_ros2/segwayrmp/src/robot.cpp:276:88:[m[K [01;31m[Kerror: [m[Ktemplate argument 1 is invalid
[1.865s]   276 | ssis_ctrl_src_fb_pub = [01;31m[Knh_->create_publisher<segway_msgs::msg::ChassisCtrlSrcFb>("chassis_ctrl_src_fb", 10)[m[K;
[1.865s]       |                        [01;31m[K~~~~~~~~~~~~~~~~~~~~~~~~~~~~~~~~~~~~~~~~~~~~~~~~~~~~~~~~~^~~~~~~~~~~~~~~~~~~~~~~~~~~[m[K
[1.865s] 
[1.866s] [01m[K/home/parallels/ros2_ws/src/segway_ros2/segwayrmp/src/robot.cpp:277:76:[m[K [01;31m[Kerror: [m[Kâ€˜[01m[KChassisMileageMeterFb[m[Kâ€™ is not a member of â€˜[01m[Ksegway_msgs::msg[m[Kâ€™; did you mean â€˜[01m[KChassismileagemeterfb[m[Kâ€™?
[1.866s]   277 |     chassis_mileage_meter_fb_pub = nh_->create_publisher<segway_msgs::msg::[01;31m[KChassisMileageMeterFb[m[K>("chassis_mileage_meter_fb", 10);
[1.866s]       |                                                                            [01;31m[K^~~~~~~~~~~~~~~~~~~~~[m[K
[1.866s]       |                                                                            [32m[KChassismileagemeterfb[m[K
[1.866s] [01m[K/home/parallels/ros2_ws/src/segway_ros2/segwayrmp/src/robot.cpp:277:98:[m[K [01;31m[Kerror: [m[Kno matching function for call to â€˜[01m[Krclcpp::Node::create_publisher<<expression error> >(const char [25], int)[m[Kâ€™
[1.866s]   277 | ge_meter_fb_pub = [01;31m[Knh_->create_publisher<segway_msgs::msg::ChassisMileageMeterFb>("chassis_mileage_meter_fb", 10)[m[K;
[1.866s]       |                   [01;31m[K~~~~~~~~~~~~~~~~~~~~~~~~~~~~~~~~~~~~~~~~~~~~~~~~~~~~~~~~~~~~~~^~~~~~~~~~~~~~~~~~~~~~~~~~~~~~~~[m[K
[1.866s] 
[1.866s] In file included from [01m[K/opt/ros/humble/include/rclcpp/rclcpp/executors/single_threaded_executor.hpp:28[m[K,
[1.866s]                  from [01m[K/opt/ros/humble/include/rclcpp/rclcpp/executors.hpp:22[m[K,
[1.866s]                  from [01m[K/opt/ros/humble/include/rclcpp/rclcpp/rclcpp.hpp:155[m[K,
[1.866s]                  from [01m[K/home/parallels/ros2_ws/src/segway_ros2/segwayrmp/include/segwayrmp/robot.h:4[m[K,
[1.866s]                  from [01m[K/home/parallels/ros2_ws/src/segway_ros2/segwayrmp/src/robot.cpp:1[m[K:
[1.866s] [01m[K/opt/ros/humble/include/rclcpp/rclcpp/node.hpp:195:3:[m[K [01;36m[Knote: [m[Kcandidate: â€˜[01m[Ktemplate<class MessageT, class AllocatorT, class PublisherT> std::shared_ptr<PublisherT> rclcpp::Node::create_publisher(const string&, const rclcpp::QoS&, const rclcpp::PublisherOptionsWithAllocator<AllocatorT>&)[m[Kâ€™
[1.866s]   195 |   [01;36m[Kcreate_publisher[m[K(
[1.866s]       |   [01;36m[K^~~~~~~~~~~~~~~~[m[K
[1.866s] [01m[K/opt/ros/humble/include/rclcpp/rclcpp/node.hpp:195:3:[m[K [01;36m[Knote: [m[K  template argument deduction/substitution failed:
[1.866s] [01m[K/home/parallels/ros2_ws/src/segway_ros2/segwayrmp/src/robot.cpp:277:98:[m[K [01;31m[Kerror: [m[Ktemplate argument 1 is invalid
[1.866s]   277 | ge_meter_fb_pub = [01;31m[Knh_->create_publisher<segway_msgs::msg::ChassisMileageMeterFb>("chassis_mileage_meter_fb", 10)[m[K;
[1.866s]       |                   [01;31m[K~~~~~~~~~~~~~~~~~~~~~~~~~~~~~~~~~~~~~~~~~~~~~~~~~~~~~~~~~~~~~~^~~~~~~~~~~~~~~~~~~~~~~~~~~~~~~~[m[K
[1.866s] 
[1.866s] [01m[K/home/parallels/ros2_ws/src/segway_ros2/segwayrmp/src/robot.cpp:278:67:[m[K [01;31m[Kerror: [m[Kâ€˜[01m[KChassisModeFb[m[Kâ€™ is not a member of â€˜[01m[Ksegway_msgs::msg[m[Kâ€™; did you mean â€˜[01m[KChassismodefb[m[Kâ€™?
[1.866s]   278 |     chassis_mode_fb_pub = nh_->create_publisher<segway_msgs::msg::[01;31m[KChassisModeFb[m[K>("chassis_mode_fb", 10);
[1.866s]       |                                                                   [01;31m[K^~~~~~~~~~~~~[m[K
[1.866s]       |                                                                   [32m[KChassismodefb[m[K
[1.866s] [01m[K/home/parallels/ros2_ws/src/segway_ros2/segwayrmp/src/robot.cpp:278:81:[m[K [01;31m[Kerror: [m[Kno matching function for call to â€˜[01m[Krclcpp::Node::create_publisher<<expression error> >(const char [16], int)[m[Kâ€™
[1.866s]   278 |     chassis_mode_fb_pub = [01;31m[Knh_->create_publisher<segway_msgs::msg::ChassisModeFb>("chassis_mode_fb", 10)[m[K;
[1.866s]       |                           [01;31m[K~~~~~~~~~~~~~~~~~~~~~~~~~~~~~~~~~~~~~~~~~~~~~~~~~~~~~~^~~~~~~~~~~~~~~~~~~~~~~[m[K
[1.866s] In file included from [01m[K/opt/ros/humble/include/rclcpp/rclcpp/executors/single_threaded_executor.hpp:28[m[K,
[1.866s]                  from [01m[K/opt/ros/humble/include/rclcpp/rclcpp/executors.hpp:22[m[K,
[1.866s]                  from [01m[K/opt/ros/humble/include/rclcpp/rclcpp/rclcpp.hpp:155[m[K,
[1.866s]                  from [01m[K/home/parallels/ros2_ws/src/segway_ros2/segwayrmp/include/segwayrmp/robot.h:4[m[K,
[1.866s]                  from [01m[K/home/parallels/ros2_ws/src/segway_ros2/segwayrmp/src/robot.cpp:1[m[K:
[1.866s] [01m[K/opt/ros/humble/include/rclcpp/rclcpp/node.hpp:195:3:[m[K [01;36m[Knote: [m[Kcandidate: â€˜[01m[Ktemplate<class MessageT, class AllocatorT, class PublisherT> std::shared_ptr<PublisherT> rclcpp::Node::create_publisher(const string&, const rclcpp::QoS&, const rclcpp::PublisherOptionsWithAllocator<AllocatorT>&)[m[Kâ€™
[1.866s]   195 |   [01;36m[Kcreate_publisher[m[K(
[1.866s]       |   [01;36m[K^~~~~~~~~~~~~~~~[m[K
[1.867s] [01m[K/opt/ros/humble/include/rclcpp/rclcpp/node.hpp:195:3:[m[K [01;36m[Knote: [m[K  template argument deduction/substitution failed:
[1.867s] [01m[K/home/parallels/ros2_ws/src/segway_ros2/segwayrmp/src/robot.cpp:278:81:[m[K [01;31m[Kerror: [m[Ktemplate argument 1 is invalid
[1.867s]   278 |     chassis_mode_fb_pub = [01;31m[Knh_->create_publisher<segway_msgs::msg::ChassisModeFb>("chassis_mode_fb", 10)[m[K;
[1.867s]       |                           [01;31m[K~~~~~~~~~~~~~~~~~~~~~~~~~~~~~~~~~~~~~~~~~~~~~~~~~~~~~~^~~~~~~~~~~~~~~~~~~~~~~[m[K
[1.867s] [01m[K/home/parallels/ros2_ws/src/segway_ros2/segwayrmp/src/robot.cpp:279:65:[m[K [01;31m[Kerror: [m[Kâ€˜[01m[KErrorCodeFb[m[Kâ€™ is not a member of â€˜[01m[Ksegway_msgs::msg[m[Kâ€™; did you mean â€˜[01m[KErrorcodefb[m[Kâ€™?
[1.867s]   279 |     error_code_fb_pub = nh_->create_publisher<segway_msgs::msg::[01;31m[KErrorCodeFb[m[K>("error_code_fb", 10);
[1.867s]       |                                                                 [01;31m[K^~~~~~~~~~~[m[K
[1.867s]       |                                                                 [32m[KErrorcodefb[m[K
[1.867s] [01m[K/home/parallels/ros2_ws/src/segway_ros2/segwayrmp/src/robot.cpp:279:77:[m[K [01;31m[Kerror: [m[Kno matching function for call to â€˜[01m[Krclcpp::Node::create_publisher<<expression error> >(const char [14], int)[m[Kâ€™
[1.867s]   279 |     error_code_fb_pub = [01;31m[Knh_->create_publisher<segway_msgs::msg::ErrorCodeFb>("error_code_fb", 10)[m[K;
[1.867s]       |                         [01;31m[K~~~~~~~~~~~~~~~~~~~~~~~~~~~~~~~~~~~~~~~~~~~~~~~~~~~~^~~~~~~~~~~~~~~~~~~~~[m[K
[1.867s] In file included from [01m[K/opt/ros/humble/include/rclcpp/rclcpp/executors/single_threaded_executor.hpp:28[m[K,
[1.867s]                  from [01m[K/opt/ros/humble/include/rclcpp/rclcpp/executors.hpp:22[m[K,
[1.867s]                  from [01m[K/opt/ros/humble/include/rclcpp/rclcpp/rclcpp.hpp:155[m[K,
[1.867s]                  from [01m[K/home/parallels/ros2_ws/src/segway_ros2/segwayrmp/include/segwayrmp/robot.h:4[m[K,
[1.867s]                  from [01m[K/home/parallels/ros2_ws/src/segway_ros2/segwayrmp/src/robot.cpp:1[m[K:
[1.867s] [01m[K/opt/ros/humble/include/rclcpp/rclcpp/node.hpp:195:3:[m[K [01;36m[Knote: [m[Kcandidate: â€˜[01m[Ktemplate<class MessageT, class AllocatorT, class PublisherT> std::shared_ptr<PublisherT> rclcpp::Node::create_publisher(const string&, const rclcpp::QoS&, const rclcpp::PublisherOptionsWithAllocator<AllocatorT>&)[m[Kâ€™
[1.867s]   195 |   [01;36m[Kcreate_publisher[m[K(
[1.867s]       |   [01;36m[K^~~~~~~~~~~~~~~~[m[K
[1.867s] [01m[K/opt/ros/humble/include/rclcpp/rclcpp/node.hpp:195:3:[m[K [01;36m[Knote: [m[K  template argument deduction/substitution failed:
[1.867s] [01m[K/home/parallels/ros2_ws/src/segway_ros2/segwayrmp/src/robot.cpp:279:77:[m[K [01;31m[Kerror: [m[Ktemplate argument 1 is invalid
[1.867s]   279 |     error_code_fb_pub = [01;31m[Knh_->create_publisher<segway_msgs::msg::ErrorCodeFb>("error_code_fb", 10)[m[K;
[1.867s]       |                         [01;31m[K~~~~~~~~~~~~~~~~~~~~~~~~~~~~~~~~~~~~~~~~~~~~~~~~~~~~^~~~~~~~~~~~~~~~~~~~~[m[K
[1.867s] [01m[K/home/parallels/ros2_ws/src/segway_ros2/segwayrmp/src/robot.cpp:280:70:[m[K [01;31m[Kerror: [m[Kâ€˜[01m[KMotorWorkModeFb[m[Kâ€™ is not a member of â€˜[01m[Ksegway_msgs::msg[m[Kâ€™; did you mean â€˜[01m[KMotorworkmodefb[m[Kâ€™?
[1.867s]   280 |     motor_work_mode_fb_pub = nh_->create_publisher<segway_msgs::msg::[01;31m[KMotorWorkModeFb[m[K>("motor_work_mode_fb", 10);
[1.867s]       |                                                                      [01;31m[K^~~~~~~~~~~~~~~[m[K
[1.867s]       |                                                                      [32m[KMotorworkmodefb[m[K
[1.867s] [01m[K/home/parallels/ros2_ws/src/segway_ros2/segwayrmp/src/robot.cpp:280:86:[m[K [01;31m[Kerror: [m[Kno matching function for call to â€˜[01m[Krclcpp::Node::create_publisher<<expression error> >(const char [19], int)[m[Kâ€™
[1.867s]   280 | otor_work_mode_fb_pub = [01;31m[Knh_->create_publisher<segway_msgs::msg::MotorWorkModeFb>("motor_work_mode_fb", 10)[m[K;
[1.867s]       |                         [01;31m[K~~~~~~~~~~~~~~~~~~~~~~~~~~~~~~~~~~~~~~~~~~~~~~~~~~~~~~~~^~~~~~~~~~~~~~~~~~~~~~~~~~[m[K
[1.867s] 
[1.867s] In file included from [01m[K/opt/ros/humble/include/rclcpp/rclcpp/executors/single_threaded_executor.hpp:28[m[K,
[1.867s]                  from [01m[K/opt/ros/humble/include/rclcpp/rclcpp/executors.hpp:22[m[K,
[1.867s]                  from [01m[K/opt/ros/humble/include/rclcpp/rclcpp/rclcpp.hpp:155[m[K,
[1.867s]                  from [01m[K/home/parallels/ros2_ws/src/segway_ros2/segwayrmp/include/segwayrmp/robot.h:4[m[K,
[1.867s]                  from [01m[K/home/parallels/ros2_ws/src/segway_ros2/segwayrmp/src/robot.cpp:1[m[K:
[1.867s] [01m[K/opt/ros/humble/include/rclcpp/rclcpp/node.hpp:195:3:[m[K [01;36m[Knote: [m[Kcandidate: â€˜[01m[Ktemplate<class MessageT, class AllocatorT, class PublisherT> std::shared_ptr<PublisherT> rclcpp::Node::create_publisher(const string&, const rclcpp::QoS&, const rclcpp::PublisherOptionsWithAllocator<AllocatorT>&)[m[Kâ€™
[1.867s]   195 |   [01;36m[Kcreate_publisher[m[K(
[1.868s]       |   [01;36m[K^~~~~~~~~~~~~~~~[m[K
[1.868s] [01m[K/opt/ros/humble/include/rclcpp/rclcpp/node.hpp:195:3:[m[K [01;36m[Knote: [m[K  template argument deduction/substitution failed:
[1.868s] [01m[K/home/parallels/ros2_ws/src/segway_ros2/segwayrmp/src/robot.cpp:280:86:[m[K [01;31m[Kerror: [m[Ktemplate argument 1 is invalid
[1.868s]   280 | otor_work_mode_fb_pub = [01;31m[Knh_->create_publisher<segway_msgs::msg::MotorWorkModeFb>("motor_work_mode_fb", 10)[m[K;
[1.868s]       |                         [01;31m[K~~~~~~~~~~~~~~~~~~~~~~~~~~~~~~~~~~~~~~~~~~~~~~~~~~~~~~~~^~~~~~~~~~~~~~~~~~~~~~~~~~[m[K
[1.868s] 
[1.868s] [01m[K/home/parallels/ros2_ws/src/segway_ros2/segwayrmp/src/robot.cpp:281:60:[m[K [01;31m[Kerror: [m[Kâ€˜[01m[KSpeedFb[m[Kâ€™ is not a member of â€˜[01m[Ksegway_msgs::msg[m[Kâ€™; did you mean â€˜[01m[KSpeedfb[m[Kâ€™?
[1.868s]   281 |     speed_fb_pub = nh_->create_publisher<segway_msgs::msg::[01;31m[KSpeedFb[m[K>("speed_fb", 10);
[1.868s]       |                                                            [01;31m[K^~~~~~~[m[K
[1.868s]       |                                                            [32m[KSpeedfb[m[K
[1.868s] [01m[K/home/parallels/ros2_ws/src/segway_ros2/segwayrmp/src/robot.cpp:281:68:[m[K [01;31m[Kerror: [m[Kno matching function for call to â€˜[01m[Krclcpp::Node::create_publisher<<expression error> >(const char [9], int)[m[Kâ€™
[1.868s]   281 |     speed_fb_pub = [01;31m[Knh_->create_publisher<segway_msgs::msg::SpeedFb>("speed_fb", 10)[m[K;
[1.868s]       |                    [01;31m[K~~~~~~~~~~~~~~~~~~~~~~~~~~~~~~~~~~~~~~~~~~~~~~~~^~~~~~~~~~~~~~~~[m[K
[1.868s] In file included from [01m[K/opt/ros/humble/include/rclcpp/rclcpp/executors/single_threaded_executor.hpp:28[m[K,
[1.868s]                  from [01m[K/opt/ros/humble/include/rclcpp/rclcpp/executors.hpp:22[m[K,
[1.868s]                  from [01m[K/opt/ros/humble/include/rclcpp/rclcpp/rclcpp.hpp:155[m[K,
[1.868s]                  from [01m[K/home/parallels/ros2_ws/src/segway_ros2/segwayrmp/include/segwayrmp/robot.h:4[m[K,
[1.868s]                  from [01m[K/home/parallels/ros2_ws/src/segway_ros2/segwayrmp/src/robot.cpp:1[m[K:
[1.868s] [01m[K/opt/ros/humble/include/rclcpp/rclcpp/node.hpp:195:3:[m[K [01;36m[Knote: [m[Kcandidate: â€˜[01m[Ktemplate<class MessageT, class AllocatorT, class PublisherT> std::shared_ptr<PublisherT> rclcpp::Node::create_publisher(const string&, const rclcpp::QoS&, const rclcpp::PublisherOptionsWithAllocator<AllocatorT>&)[m[Kâ€™
[1.868s]   195 |   [01;36m[Kcreate_publisher[m[K(
[1.868s]       |   [01;36m[K^~~~~~~~~~~~~~~~[m[K
[1.868s] [01m[K/opt/ros/humble/include/rclcpp/rclcpp/node.hpp:195:3:[m[K [01;36m[Knote: [m[K  template argument deduction/substitution failed:
[1.868s] [01m[K/home/parallels/ros2_ws/src/segway_ros2/segwayrmp/src/robot.cpp:281:68:[m[K [01;31m[Kerror: [m[Ktemplate argument 1 is invalid
[1.868s]   281 |     speed_fb_pub = [01;31m[Knh_->create_publisher<segway_msgs::msg::SpeedFb>("speed_fb", 10)[m[K;
[1.868s]       |                    [01;31m[K~~~~~~~~~~~~~~~~~~~~~~~~~~~~~~~~~~~~~~~~~~~~~~~~^~~~~~~~~~~~~~~~[m[K
[1.868s] [01m[K/home/parallels/ros2_ws/src/segway_ros2/segwayrmp/src/robot.cpp:282:60:[m[K [01;31m[Kerror: [m[Kâ€˜[01m[KTicksFb[m[Kâ€™ is not a member of â€˜[01m[Ksegway_msgs::msg[m[Kâ€™; did you mean â€˜[01m[KTicksfb[m[Kâ€™?
[1.868s]   282 |     ticks_fb_pub = nh_->create_publisher<segway_msgs::msg::[01;31m[KTicksFb[m[K>("ticks_fb", 10);
[1.868s]       |                                                            [01;31m[K^~~~~~~[m[K
[1.868s]       |                                                            [32m[KTicksfb[m[K
[1.868s] [01m[K/home/parallels/ros2_ws/src/segway_ros2/segwayrmp/src/robot.cpp:282:68:[m[K [01;31m[Kerror: [m[Kno matching function for call to â€˜[01m[Krclcpp::Node::create_publisher<<expression error> >(const char [9], int)[m[Kâ€™
[1.868s]   282 |     ticks_fb_pub = [01;31m[Knh_->create_publisher<segway_msgs::msg::TicksFb>("ticks_fb", 10)[m[K;
[1.868s]       |                    [01;31m[K~~~~~~~~~~~~~~~~~~~~~~~~~~~~~~~~~~~~~~~~~~~~~~~~^~~~~~~~~~~~~~~~[m[K
[1.868s] In file included from [01m[K/opt/ros/humble/include/rclcpp/rclcpp/executors/single_threaded_executor.hpp:28[m[K,
[1.868s]                  from [01m[K/opt/ros/humble/include/rclcpp/rclcpp/executors.hpp:22[m[K,
[1.868s]                  from [01m[K/opt/ros/humble/include/rclcpp/rclcpp/rclcpp.hpp:155[m[K,
[1.868s]                  from [01m[K/home/parallels/ros2_ws/src/segway_ros2/segwayrmp/include/segwayrmp/robot.h:4[m[K,
[1.868s]                  from [01m[K/home/parallels/ros2_ws/src/segway_ros2/segwayrmp/src/robot.cpp:1[m[K:
[1.868s] [01m[K/opt/ros/humble/include/rclcpp/rclcpp/node.hpp:195:3:[m[K [01;36m[Knote: [m[Kcandidate: â€˜[01m[Ktemplate<class MessageT, class AllocatorT, class PublisherT> std::shared_ptr<PublisherT> rclcpp::Node::create_publisher(const string&, const rclcpp::QoS&, const rclcpp::PublisherOptionsWithAllocator<AllocatorT>&)[m[Kâ€™
[1.869s]   195 |   [01;36m[Kcreate_publisher[m[K(
[1.869s]       |   [01;36m[K^~~~~~~~~~~~~~~~[m[K
[1.869s] [01m[K/opt/ros/humble/include/rclcpp/rclcpp/node.hpp:195:3:[m[K [01;36m[Knote: [m[K  template argument deduction/substitution failed:
[1.869s] [01m[K/home/parallels/ros2_ws/src/segway_ros2/segwayrmp/src/robot.cpp:282:68:[m[K [01;31m[Kerror: [m[Ktemplate argument 1 is invalid
[1.869s]   282 |     ticks_fb_pub = [01;31m[Knh_->create_publisher<segway_msgs::msg::TicksFb>("ticks_fb", 10)[m[K;
[1.869s]       |                    [01;31m[K~~~~~~~~~~~~~~~~~~~~~~~~~~~~~~~~~~~~~~~~~~~~~~~~^~~~~~~~~~~~~~~~[m[K
[1.869s] [01m[K/home/parallels/ros2_ws/src/segway_ros2/segwayrmp/src/robot.cpp:283:5:[m[K [01;31m[Kerror: [m[Kâ€˜[01m[Kodom_pub[m[Kâ€™ was not declared in this scope; did you mean â€˜[01m[KOdom_pub[m[Kâ€™?
[1.869s]   283 |     [01;31m[Kodom_pub[m[K = nh_->create_publisher<nav_msgs::msg::Odometry>("odom", 1);
[1.869s]       |     [01;31m[K^~~~~~~~[m[K
[1.869s]       |     [32m[KOdom_pub[m[K
[1.873s] [01m[K/home/parallels/ros2_ws/src/segway_ros2/segwayrmp/src/robot.cpp:284:5:[m[K [01;31m[Kerror: [m[Kâ€˜[01m[Kimu_pub[m[Kâ€™ was not declared in this scope; did you mean â€˜[01m[KImu_pub[m[Kâ€™?
[1.873s]   284 |     [01;31m[Kimu_pub[m[K = nh_->create_publisher<sensor_msgs::msg::Imu>("imu", 1);
[1.873s]       |     [01;31m[K^~~~~~~[m[K
[1.873s]       |     [32m[KImu_pub[m[K
[1.874s] [01m[K/home/parallels/ros2_ws/src/segway_ros2/segwayrmp/src/robot.cpp:290:216:[m[K [01;31m[Kerror: [m[Kâ€˜[01m[K_1[m[Kâ€™ was not declared in this scope; did you mean â€˜[01m[Kstd::placeholders::_1[m[Kâ€™?
[1.874s]   290 | otate_cmd_srv", std::bind(&Chassis::ros_enable_chassis_rotate_cmd_callback, this, [01;31m[K_1[m[K, _2));
[1.874s]       |                                                                                   [01;31m[K^~[m[K
[1.874s]       |                                                                                   [32m[Kstd::placeholders::_1[m[K
[1.874s] In file included from [01m[K/usr/include/c++/11/pstl/glue_algorithm_defs.h:13[m[K,
[1.874s]                  from [01m[K/usr/include/c++/11/algorithm:74[m[K,
[1.874s]                  from [01m[K/opt/ros/humble/include/rclcpp/rclcpp/executor.hpp:18[m[K,
[1.874s]                  from [01m[K/opt/ros/humble/include/rclcpp/rclcpp/executors/multi_threaded_executor.hpp:25[m[K,
[1.874s]                  from [01m[K/opt/ros/humble/include/rclcpp/rclcpp/executors.hpp:21[m[K,
[1.874s]                  from [01m[K/opt/ros/humble/include/rclcpp/rclcpp/rclcpp.hpp:155[m[K,
[1.874s]                  from [01m[K/home/parallels/ros2_ws/src/segway_ros2/segwayrmp/include/segwayrmp/robot.h:4[m[K,
[1.874s]                  from [01m[K/home/parallels/ros2_ws/src/segway_ros2/segwayrmp/src/robot.cpp:1[m[K:
[1.874s] [01m[K/usr/include/c++/11/functional:225:34:[m[K [01;36m[Knote: [m[Kâ€˜[01m[Kstd::placeholders::_1[m[Kâ€™ declared here
[1.874s]   225 |     extern const _Placeholder<1> [01;36m[K_1[m[K;
[1.874s]       |                                  [01;36m[K^~[m[K
[1.874s] [01m[K/home/parallels/ros2_ws/src/segway_ros2/segwayrmp/src/robot.cpp:290:220:[m[K [01;31m[Kerror: [m[Kâ€˜[01m[K_2[m[Kâ€™ was not declared in this scope; did you mean â€˜[01m[Kstd::placeholders::_2[m[Kâ€™?
[1.874s]   290 | otate_cmd_srv", std::bind(&Chassis::ros_enable_chassis_rotate_cmd_callback, this, _1, [01;31m[K_2[m[K));
[1.874s]       |                                                                                       [01;31m[K^~[m[K
[1.874s]       |                                                                                       [32m[Kstd::placeholders::_2[m[K
[1.874s] In file included from [01m[K/usr/include/c++/11/pstl/glue_algorithm_defs.h:13[m[K,
[1.874s]                  from [01m[K/usr/include/c++/11/algorithm:74[m[K,
[1.874s]                  from [01m[K/opt/ros/humble/include/rclcpp/rclcpp/executor.hpp:18[m[K,
[1.874s]                  from [01m[K/opt/ros/humble/include/rclcpp/rclcpp/executors/multi_threaded_executor.hpp:25[m[K,
[1.874s]                  from [01m[K/opt/ros/humble/include/rclcpp/rclcpp/executors.hpp:21[m[K,
[1.874s]                  from [01m[K/opt/ros/humble/include/rclcpp/rclcpp/rclcpp.hpp:155[m[K,
[1.874s]                  from [01m[K/home/parallels/ros2_ws/src/segway_ros2/segwayrmp/include/segwayrmp/robot.h:4[m[K,
[1.875s]                  from [01m[K/home/parallels/ros2_ws/src/segway_ros2/segwayrmp/src/robot.cpp:1[m[K:
[1.875s] [01m[K/usr/include/c++/11/functional:226:34:[m[K [01;36m[Knote: [m[Kâ€˜[01m[Kstd::placeholders::_2[m[Kâ€™ declared here
[1.875s]   226 |     extern const _Placeholder<2> [01;36m[K_2[m[K;
[1.875s]       |                                  [01;36m[K^~[m[K
[1.875s] [01m[K/home/parallels/ros2_ws/src/segway_ros2/segwayrmp/src/robot.cpp:293:79:[m[K [01;31m[Kerror: [m[Kâ€˜[01m[KRosGetChassisSNCmd[m[Kâ€™ is not a member of â€˜[01m[Ksegway_msgs::srv[m[Kâ€™; did you mean â€˜[01m[KRosGetChassisSnCmd[m[Kâ€™?
[1.875s]   293 |     ros_get_chassis_SN_cmd_srv_server = nh_->create_service<segway_msgs::srv::[01;31m[KRosGetChassisSNCmd[m[K>("ros_get_chassis_SN_cmd_srv", std::bind(&Chassis::ros_get_chassis_SN_cmd_callback, this, _1, _2));
[1.875s]       |                                                                               [01;31m[K^~~~~~~~~~~~~~~~~~[m[K
[1.875s]       |                                                                               [32m[KRosGetChassisSnCmd[m[K
[1.885s] [01m[K/home/parallels/ros2_ws/src/segway_ros2/segwayrmp/src/robot.cpp:336:5:[m[K [01;31m[Kerror: [m[Kâ€˜[01m[Kros_set_iap_cmd_server[m[Kâ€™ was not declared in this scope; did you mean â€˜[01m[Kros_set_iap_cmd_callback[m[Kâ€™?
[1.885s]   336 |     [01;31m[Kros_set_iap_cmd_server[m[K = rclcpp_action::create_server<segway_msgs::action::RosSetIapCmd>(
[1.885s]       |     [01;31m[K^~~~~~~~~~~~~~~~~~~~~~[m[K
[1.885s]       |     [32m[Kros_set_iap_cmd_callback[m[K
[1.886s] [01m[K/home/parallels/ros2_ws/src/segway_ros2/segwayrmp/src/robot.cpp:342:25:[m[K [01;31m[Kerror: [m[Kâ€˜[01m[Kexecute_callback[m[Kâ€™ is not a member of â€˜[01m[Krobot::Chassis[m[Kâ€™
[1.886s]   342 |     std::bind(&Chassis::[01;31m[Kexecute_callback[m[K, this, _1),
[1.886s]       |                         [01;31m[K^~~~~~~~~~~~~~~~[m[K
[1.886s] [01m[K/home/parallels/ros2_ws/src/segway_ros2/segwayrmp/src/robot.cpp:348:25:[m[K [01;31m[Kerror: [m[Kâ€˜[01m[Kusing SharedPtr = class std::shared_ptr<rclcpp::Node>[m[Kâ€™ {aka â€˜[01m[Kclass std::shared_ptr<rclcpp::Node>[m[Kâ€™} has no member named â€˜[01m[KcreateTimer[m[Kâ€™
[1.886s]   348 |     update_timer_ = nh_.[01;31m[KcreateTimer[m[K(ros::Duration(0.001), &Chassis::TimeUpdate1000Hz, this);
[1.886s]       |                         [01;31m[K^~~~~~~~~~~[m[K
[1.886s] [01m[K/home/parallels/ros2_ws/src/segway_ros2/segwayrmp/src/robot.cpp:348:37:[m[K [01;31m[Kerror: [m[Kâ€˜[01m[Kros[m[Kâ€™ has not been declared
[1.886s]   348 |     update_timer_ = nh_.createTimer([01;31m[Kros[m[K::Duration(0.001), &Chassis::TimeUpdate1000Hz, this);
[1.886s]       |                                     [01;31m[K^~~[m[K
[1.886s] [01m[K/home/parallels/ros2_ws/src/segway_ros2/segwayrmp/src/robot.cpp:349:26:[m[K [01;31m[Kerror: [m[Kâ€˜[01m[Kusing SharedPtr = class std::shared_ptr<rclcpp::Node>[m[Kâ€™ {aka â€˜[01m[Kclass std::shared_ptr<rclcpp::Node>[m[Kâ€™} has no member named â€˜[01m[KcreateTimer[m[Kâ€™
[1.886s]   349 |     update_timer2_ = nh_.[01;31m[KcreateTimer[m[K(ros::Duration(1), &Chassis::TimeUpdate1Hz, this);
[1.886s]       |                          [01;31m[K^~~~~~~~~~~[m[K
[1.886s] [01m[K/home/parallels/ros2_ws/src/segway_ros2/segwayrmp/src/robot.cpp:349:38:[m[K [01;31m[Kerror: [m[Kâ€˜[01m[Kros[m[Kâ€™ has not been declared
[1.886s]   349 |     update_timer2_ = nh_.createTimer([01;31m[Kros[m[K::Duration(1), &Chassis::TimeUpdate1Hz, this);
[1.886s]       |                                      [01;31m[K^~~[m[K
[1.886s] [01m[K/home/parallels/ros2_ws/src/segway_ros2/segwayrmp/src/robot.cpp:350:5:[m[K [01;31m[Kerror: [m[Kâ€˜[01m[Kros[m[Kâ€™ has not been declared
[1.886s]   350 |     [01;31m[Kros[m[K::spin();
[1.886s]       |     [01;31m[K^~~[m[K
[1.888s] [01m[K/home/parallels/ros2_ws/src/segway_ros2/segwayrmp/src/robot.cpp:[m[K At global scope:
[1.888s] [01m[K/home/parallels/ros2_ws/src/segway_ros2/segwayrmp/src/robot.cpp:363:6:[m[K [01;31m[Kerror: [m[Kâ€˜[01m[Kbool robot::Chassis::ros_enable_chassis_rotate_cmd_callback[m[Kâ€™ is not a static data member of â€˜[01m[Kclass robot::Chassis[m[Kâ€™
[1.888s]   363 | bool [01;31m[KChassis[m[K::ros_enable_chassis_rotate_cmd_callback(segway_msgs::ros_enable_chassis_rotate_cmd::Request &req, segway_msgs::ros_enable_chassis_rotate_cmd::Response &res)
[1.888s]       |      [01;31m[K^~~~~~~[m[K
[1.888s] [01m[K/home/parallels/ros2_ws/src/segway_ros2/segwayrmp/src/robot.cpp:363:67:[m[K [01;31m[Kerror: [m[Kâ€˜[01m[Ksegway_msgs::ros_enable_chassis_rotate_cmd[m[Kâ€™ has not been declared
[1.888s]   363 | bool Chassis::ros_enable_chassis_rotate_cmd_callback(segway_msgs::[01;31m[Kros_enable_chassis_rotate_cmd[m[K::Request &req, segway_msgs::ros_enable_chassis_rotate_cmd::Response &res)
[1.888s]       |                                                                   [01;31m[K^~~~~~~~~~~~~~~~~~~~~~~~~~~~~[m[K
[1.892s] [01m[K/home/parallels/ros2_ws/src/segway_ros2/segwayrmp/src/robot.cpp:363:107:[m[K [01;31m[Kerror: [m[Kâ€˜[01m[Kreq[m[Kâ€™ was not declared in this scope
[1.892s]   363 | hassis_rotate_cmd_callback(segway_msgs::ros_enable_chassis_rotate_cmd::Request &[01;31m[Kreq[m[K, segway_msgs::ros_enable_chassis_rotate_cmd::Response &res)
[1.892s]       |                                                                                 [01;31m[K^~~[m[K
[1.893s] 
[1.893s] [01m[K/home/parallels/ros2_ws/src/segway_ros2/segwayrmp/src/robot.cpp:363:125:[m[K [01;31m[Kerror: [m[Kâ€˜[01m[Ksegway_msgs::ros_enable_chassis_rotate_cmd[m[Kâ€™ has not been declared
[1.893s]   363 | callback(segway_msgs::ros_enable_chassis_rotate_cmd::Request &req, segway_msgs::[01;31m[Kros_enable_chassis_rotate_cmd[m[K::Response &res)
[1.893s]       |                                                                                 [01;31m[K^~~~~~~~~~~~~~~~~~~~~~~~~~~~~[m[K
[1.893s] 
[1.897s] [01m[K/home/parallels/ros2_ws/src/segway_ros2/segwayrmp/src/robot.cpp:363:166:[m[K [01;31m[Kerror: [m[Kâ€˜[01m[Kres[m[Kâ€™ was not declared in this scope
[1.897s]   363 | hassis_rotate_cmd::Request &req, segway_msgs::ros_enable_chassis_rotate_cmd::Response &[01;31m[Kres[m[K)
[1.897s]       |                                                                                        [01;31m[K^~~[m[K
[1.897s] 
[1.897s] [01m[K/home/parallels/ros2_ws/src/segway_ros2/segwayrmp/src/robot.cpp:363:169:[m[K [01;31m[Kerror: [m[Kexpression list treated as compound expression in initializer [[01;31m[K]8;;https://gcc.gnu.org/onlinedocs/gcc/Warning-Options.html#index-fpermissive-fpermissive]8;;[m[K]
[1.897s]   363 | hassis_rotate_cmd::Request &req, segway_msgs::ros_enable_chassis_rotate_cmd::Response &res[01;31m[K)[m[K
[1.897s]       |                                                                                           [01;31m[K^[m[K
[1.897s] 
[1.897s] [01m[K/home/parallels/ros2_ws/src/segway_ros2/segwayrmp/src/robot.cpp:382:6:[m[K [01;31m[Kerror: [m[Kâ€˜[01m[Kbool robot::Chassis::ros_get_chassis_rotate_switch_cmd_callback[m[Kâ€™ is not a static data member of â€˜[01m[Kclass robot::Chassis[m[Kâ€™
[1.897s]   382 | bool [01;31m[KChassis[m[K::ros_get_chassis_rotate_switch_cmd_callback(segway_msgs::ros_get_chassis_rotate_switch_cmd::Request &req, segway_msgs::ros_get_chassis_rotate_switch_cmd::Response &res)
[1.897s]       |      [01;31m[K^~~~~~~[m[K
[1.897s] [01m[K/home/parallels/ros2_ws/src/segway_ros2/segwayrmp/src/robot.cpp:382:71:[m[K [01;31m[Kerror: [m[Kâ€˜[01m[Ksegway_msgs::ros_get_chassis_rotate_switch_cmd[m[Kâ€™ has not been declared
[1.897s]   382 | bool Chassis::ros_get_chassis_rotate_switch_cmd_callback(segway_msgs::[01;31m[Kros_get_chassis_rotate_switch_cmd[m[K::Request &req, segway_msgs::ros_get_chassis_rotate_switch_cmd::Response &res)
[1.897s]       |                                                                       [01;31m[K^~~~~~~~~~~~~~~~~~~~~~~~~~~~~~~~~[m[K
[1.900s] [01m[K/home/parallels/ros2_ws/src/segway_ros2/segwayrmp/src/robot.cpp:382:115:[m[K [01;31m[Kerror: [m[Kâ€˜[01m[Kreq[m[Kâ€™ was not declared in this scope
[1.900s]   382 | te_switch_cmd_callback(segway_msgs::ros_get_chassis_rotate_switch_cmd::Request &[01;31m[Kreq[m[K, segway_msgs::ros_get_chassis_rotate_switch_cmd::Response &res)
[1.900s]       |                                                                                 [01;31m[K^~~[m[K
[1.900s] 
[1.900s] [01m[K/home/parallels/ros2_ws/src/segway_ros2/segwayrmp/src/robot.cpp:382:133:[m[K [01;31m[Kerror: [m[Kâ€˜[01m[Ksegway_msgs::ros_get_chassis_rotate_switch_cmd[m[Kâ€™ has not been declared
[1.900s]   382 | back(segway_msgs::ros_get_chassis_rotate_switch_cmd::Request &req, segway_msgs::[01;31m[Kros_get_chassis_rotate_switch_cmd[m[K::Response &res)
[1.900s]       |                                                                                 [01;31m[K^~~~~~~~~~~~~~~~~~~~~~~~~~~~~~~~~[m[K
[1.900s] 
[1.904s] [01m[K/home/parallels/ros2_ws/src/segway_ros2/segwayrmp/src/robot.cpp:382:178:[m[K [01;31m[Kerror: [m[Kâ€˜[01m[Kres[m[Kâ€™ was not declared in this scope
[1.904s]   382 | te_switch_cmd::Request &req, segway_msgs::ros_get_chassis_rotate_switch_cmd::Response &[01;31m[Kres[m[K)
[1.904s]       |                                                                                        [01;31m[K^~~[m[K
[1.904s] 
[1.904s] [01m[K/home/parallels/ros2_ws/src/segway_ros2/segwayrmp/src/robot.cpp:382:181:[m[K [01;31m[Kerror: [m[Kexpression list treated as compound expression in initializer [[01;31m[K]8;;https://gcc.gnu.org/onlinedocs/gcc/Warning-Options.html#index-fpermissive-fpermissive]8;;[m[K]
[1.904s]   382 | te_switch_cmd::Request &req, segway_msgs::ros_get_chassis_rotate_switch_cmd::Response &res[01;31m[K)[m[K
[1.904s]       |                                                                                           [01;31m[K^[m[K
[1.904s] 
[1.904s] [01m[K/home/parallels/ros2_ws/src/segway_ros2/segwayrmp/src/robot.cpp:393:6:[m[K [01;31m[Kerror: [m[Kâ€˜[01m[Kbool robot::Chassis::ros_clear_chassis_error_code_cmd_callback[m[Kâ€™ is not a static data member of â€˜[01m[Kclass robot::Chassis[m[Kâ€™
[1.904s]   393 | bool [01;31m[KChassis[m[K::ros_clear_chassis_error_code_cmd_callback(segway_msgs::ros_clear_chassis_error_code_cmd::Request &req, segway_msgs::ros_clear_chassis_error_code_cmd::Response &res)
[1.904s]       |      [01;31m[K^~~~~~~[m[K
[1.904s] [01m[K/home/parallels/ros2_ws/src/segway_ros2/segwayrmp/src/robot.cpp:393:70:[m[K [01;31m[Kerror: [m[Kâ€˜[01m[Ksegway_msgs::ros_clear_chassis_error_code_cmd[m[Kâ€™ has not been declared
[1.904s]   393 | bool Chassis::ros_clear_chassis_error_code_cmd_callback(segway_msgs::[01;31m[Kros_clear_chassis_error_code_cmd[m[K::Request &req, segway_msgs::ros_clear_chassis_error_code_cmd::Response &res)
[1.904s]       |                                                                      [01;31m[K^~~~~~~~~~~~~~~~~~~~~~~~~~~~~~~~[m[K
[1.907s] [01m[K/home/parallels/ros2_ws/src/segway_ros2/segwayrmp/src/robot.cpp:393:113:[m[K [01;31m[Kerror: [m[Kâ€˜[01m[Kreq[m[Kâ€™ was not declared in this scope
[1.907s]   393 | error_code_cmd_callback(segway_msgs::ros_clear_chassis_error_code_cmd::Request &[01;31m[Kreq[m[K, segway_msgs::ros_clear_chassis_error_code_cmd::Response &res)
[1.907s]       |                                                                                 [01;31m[K^~~[m[K
[1.907s] 
[1.907s] [01m[K/home/parallels/ros2_ws/src/segway_ros2/segwayrmp/src/robot.cpp:393:131:[m[K [01;31m[Kerror: [m[Kâ€˜[01m[Ksegway_msgs::ros_clear_chassis_error_code_cmd[m[Kâ€™ has not been declared
[1.907s]   393 | lback(segway_msgs::ros_clear_chassis_error_code_cmd::Request &req, segway_msgs::[01;31m[Kros_clear_chassis_error_code_cmd[m[K::Response &res)
[1.907s]       |                                                                                 [01;31m[K^~~~~~~~~~~~~~~~~~~~~~~~~~~~~~~~[m[K
[1.907s] 
[1.911s] [01m[K/home/parallels/ros2_ws/src/segway_ros2/segwayrmp/src/robot.cpp:393:175:[m[K [01;31m[Kerror: [m[Kâ€˜[01m[Kres[m[Kâ€™ was not declared in this scope
[1.911s]   393 | error_code_cmd::Request &req, segway_msgs::ros_clear_chassis_error_code_cmd::Response &[01;31m[Kres[m[K)
[1.911s]       |                                                                                        [01;31m[K^~~[m[K
[1.911s] 
[1.911s] [01m[K/home/parallels/ros2_ws/src/segway_ros2/segwayrmp/src/robot.cpp:393:178:[m[K [01;31m[Kerror: [m[Kexpression list treated as compound expression in initializer [[01;31m[K]8;;https://gcc.gnu.org/onlinedocs/gcc/Warning-Options.html#index-fpermissive-fpermissive]8;;[m[K]
[1.911s]   393 | error_code_cmd::Request &req, segway_msgs::ros_clear_chassis_error_code_cmd::Response &res[01;31m[K)[m[K
[1.911s]       |                                                                                           [01;31m[K^[m[K
[1.911s] 
[1.911s] [01m[K/home/parallels/ros2_ws/src/segway_ros2/segwayrmp/src/robot.cpp:403:6:[m[K [01;31m[Kerror: [m[Kâ€˜[01m[Kbool robot::Chassis::ros_get_load_param_cmd_callback[m[Kâ€™ is not a static data member of â€˜[01m[Kclass robot::Chassis[m[Kâ€™
[1.911s]   403 | bool [01;31m[KChassis[m[K::ros_get_load_param_cmd_callback(segway_msgs::ros_get_load_param_cmd::Request &req, segway_msgs::ros_get_load_param_cmd::Response &res)
[1.911s]       |      [01;31m[K^~~~~~~[m[K
[1.911s] [01m[K/home/parallels/ros2_ws/src/segway_ros2/segwayrmp/src/robot.cpp:403:60:[m[K [01;31m[Kerror: [m[Kâ€˜[01m[Ksegway_msgs::ros_get_load_param_cmd[m[Kâ€™ has not been declared
[1.912s]   403 | bool Chassis::ros_get_load_param_cmd_callback(segway_msgs::[01;31m[Kros_get_load_param_cmd[m[K::Request &req, segway_msgs::ros_get_load_param_cmd::Response &res)
[1.912s]       |                                                            [01;31m[K^~~~~~~~~~~~~~~~~~~~~~[m[K
[1.915s] [01m[K/home/parallels/ros2_ws/src/segway_ros2/segwayrmp/src/robot.cpp:403:93:[m[K [01;31m[Kerror: [m[Kâ€˜[01m[Kreq[m[Kâ€™ was not declared in this scope
[1.915s]   403 | ::ros_get_load_param_cmd_callback(segway_msgs::ros_get_load_param_cmd::Request &[01;31m[Kreq[m[K, segway_msgs::ros_get_load_param_cmd::Response &res)
[1.915s]       |                                                                                 [01;31m[K^~~[m[K
[1.915s] 
[1.915s] [01m[K/home/parallels/ros2_ws/src/segway_ros2/segwayrmp/src/robot.cpp:403:111:[m[K [01;31m[Kerror: [m[Kâ€˜[01m[Ksegway_msgs::ros_get_load_param_cmd[m[Kâ€™ has not been declared
[1.915s]   403 | am_cmd_callback(segway_msgs::ros_get_load_param_cmd::Request &req, segway_msgs::[01;31m[Kros_get_load_param_cmd[m[K::Response &res)
[1.915s]       |                                                                                 [01;31m[K^~~~~~~~~~~~~~~~~~~~~~[m[K
[1.915s] 
[1.918s] [01m[K/home/parallels/ros2_ws/src/segway_ros2/segwayrmp/src/robot.cpp:403:145:[m[K [01;31m[Kerror: [m[Kâ€˜[01m[Kres[m[Kâ€™ was not declared in this scope
[1.918s]   403 | ::ros_get_load_param_cmd::Request &req, segway_msgs::ros_get_load_param_cmd::Response &[01;31m[Kres[m[K)
[1.918s]       |                                                                                        [01;31m[K^~~[m[K
[1.918s] 
[1.918s] [01m[K/home/parallels/ros2_ws/src/segway_ros2/segwayrmp/src/robot.cpp:403:148:[m[K [01;31m[Kerror: [m[Kexpression list treated as compound expression in initializer [[01;31m[K]8;;https://gcc.gnu.org/onlinedocs/gcc/Warning-Options.html#index-fpermissive-fpermissive]8;;[m[K]
[1.918s]   403 | ::ros_get_load_param_cmd::Request &req, segway_msgs::ros_get_load_param_cmd::Response &res[01;31m[K)[m[K
[1.919s]       |                                                                                           [01;31m[K^[m[K
[1.919s] 
[1.919s] [01m[K/home/parallels/ros2_ws/src/segway_ros2/segwayrmp/src/robot.cpp:413:6:[m[K [01;31m[Kerror: [m[Kâ€˜[01m[Kbool robot::Chassis::ros_get_chassis_SN_cmd_callback[m[Kâ€™ is not a static data member of â€˜[01m[Kclass robot::Chassis[m[Kâ€™
[1.919s]   413 | bool [01;31m[KChassis[m[K::ros_get_chassis_SN_cmd_callback(segway_msgs::ros_get_chassis_SN_cmd::Request &req, segway_msgs::ros_get_chassis_SN_cmd::Response &res)
[1.919s]       |      [01;31m[K^~~~~~~[m[K
[1.919s] [01m[K/home/parallels/ros2_ws/src/segway_ros2/segwayrmp/src/robot.cpp:413:60:[m[K [01;31m[Kerror: [m[Kâ€˜[01m[Ksegway_msgs::ros_get_chassis_SN_cmd[m[Kâ€™ has not been declared
[1.919s]   413 | bool Chassis::ros_get_chassis_SN_cmd_callback(segway_msgs::[01;31m[Kros_get_chassis_SN_cmd[m[K::Request &req, segway_msgs::ros_get_chassis_SN_cmd::Response &res)
[1.919s]       |                                                            [01;31m[K^~~~~~~~~~~~~~~~~~~~~~[m[K
[1.923s] [01m[K/home/parallels/ros2_ws/src/segway_ros2/segwayrmp/src/robot.cpp:413:93:[m[K [01;31m[Kerror: [m[Kâ€˜[01m[Kreq[m[Kâ€™ was not declared in this scope
[1.923s]   413 | ::ros_get_chassis_SN_cmd_callback(segway_msgs::ros_get_chassis_SN_cmd::Request &[01;31m[Kreq[m[K, segway_msgs::ros_get_chassis_SN_cmd::Response &res)
[1.923s]       |                                                                                 [01;31m[K^~~[m[K
[1.923s] 
[1.923s] [01m[K/home/parallels/ros2_ws/src/segway_ros2/segwayrmp/src/robot.cpp:413:111:[m[K [01;31m[Kerror: [m[Kâ€˜[01m[Ksegway_msgs::ros_get_chassis_SN_cmd[m[Kâ€™ has not been declared
[1.923s]   413 | SN_cmd_callback(segway_msgs::ros_get_chassis_SN_cmd::Request &req, segway_msgs::[01;31m[Kros_get_chassis_SN_cmd[m[K::Response &res)
[1.923s]       |                                                                                 [01;31m[K^~~~~~~~~~~~~~~~~~~~~~[m[K
[1.923s] 
[1.926s] [01m[K/home/parallels/ros2_ws/src/segway_ros2/segwayrmp/src/robot.cpp:413:145:[m[K [01;31m[Kerror: [m[Kâ€˜[01m[Kres[m[Kâ€™ was not declared in this scope
[1.926s]   413 | ::ros_get_chassis_SN_cmd::Request &req, segway_msgs::ros_get_chassis_SN_cmd::Response &[01;31m[Kres[m[K)
[1.926s]       |                                                                                        [01;31m[K^~~[m[K
[1.926s] 
[1.926s] [01m[K/home/parallels/ros2_ws/src/segway_ros2/segwayrmp/src/robot.cpp:413:148:[m[K [01;31m[Kerror: [m[Kexpression list treated as compound expression in initializer [[01;31m[K]8;;https://gcc.gnu.org/onlinedocs/gcc/Warning-Options.html#index-fpermissive-fpermissive]8;;[m[K]
[1.926s]   413 | ::ros_get_chassis_SN_cmd::Request &req, segway_msgs::ros_get_chassis_SN_cmd::Response &res[01;31m[K)[m[K
[1.926s]       |                                                                                           [01;31m[K^[m[K
[1.926s] 
[1.926s] [01m[K/home/parallels/ros2_ws/src/segway_ros2/segwayrmp/src/robot.cpp:431:6:[m[K [01;31m[Kerror: [m[Kâ€˜[01m[Kbool robot::Chassis::ros_get_sw_version_cmd_callback[m[Kâ€™ is not a static data member of â€˜[01m[Kclass robot::Chassis[m[Kâ€™
[1.926s]   431 | bool [01;31m[KChassis[m[K::ros_get_sw_version_cmd_callback(segway_msgs::ros_get_sw_version_cmd::Request &req, segway_msgs::ros_get_sw_version_cmd::Response &res)
[1.926s]       |      [01;31m[K^~~~~~~[m[K
[1.926s] [01m[K/home/parallels/ros2_ws/src/segway_ros2/segwayrmp/src/robot.cpp:431:60:[m[K [01;31m[Kerror: [m[Kâ€˜[01m[Ksegway_msgs::ros_get_sw_version_cmd[m[Kâ€™ has not been declared
[1.926s]   431 | bool Chassis::ros_get_sw_version_cmd_callback(segway_msgs::[01;31m[Kros_get_sw_version_cmd[m[K::Request &req, segway_msgs::ros_get_sw_version_cmd::Response &res)
[1.926s]       |                                                            [01;31m[K^~~~~~~~~~~~~~~~~~~~~~[m[K
[1.930s] [01m[K/home/parallels/ros2_ws/src/segway_ros2/segwayrmp/src/robot.cpp:431:93:[m[K [01;31m[Kerror: [m[Kâ€˜[01m[Kreq[m[Kâ€™ was not declared in this scope
[1.930s]   431 | ::ros_get_sw_version_cmd_callback(segway_msgs::ros_get_sw_version_cmd::Request &[01;31m[Kreq[m[K, segway_msgs::ros_get_sw_version_cmd::Response &res)
[1.930s]       |                                                                                 [01;31m[K^~~[m[K
[1.930s] 
[1.930s] [01m[K/home/parallels/ros2_ws/src/segway_ros2/segwayrmp/src/robot.cpp:431:111:[m[K [01;31m[Kerror: [m[Kâ€˜[01m[Ksegway_msgs::ros_get_sw_version_cmd[m[Kâ€™ has not been declared
[1.930s]   431 | on_cmd_callback(segway_msgs::ros_get_sw_version_cmd::Request &req, segway_msgs::[01;31m[Kros_get_sw_version_cmd[m[K::Response &res)
[1.930s]       |                                                                                 [01;31m[K^~~~~~~~~~~~~~~~~~~~~~[m[K
[1.930s] 
[1.933s] [01m[K/home/parallels/ros2_ws/src/segway_ros2/segwayrmp/src/robot.cpp:431:145:[m[K [01;31m[Kerror: [m[Kâ€˜[01m[Kres[m[Kâ€™ was not declared in this scope
[1.933s]   431 | ::ros_get_sw_version_cmd::Request &req, segway_msgs::ros_get_sw_version_cmd::Response &[01;31m[Kres[m[K)
[1.933s]       |                                                                                        [01;31m[K^~~[m[K
[1.933s] 
[1.933s] [01m[K/home/parallels/ros2_ws/src/segway_ros2/segwayrmp/src/robot.cpp:431:148:[m[K [01;31m[Kerror: [m[Kexpression list treated as compound expression in initializer [[01;31m[K]8;;https://gcc.gnu.org/onlinedocs/gcc/Warning-Options.html#index-fpermissive-fpermissive]8;;[m[K]
[1.933s]   431 | ::ros_get_sw_version_cmd::Request &req, segway_msgs::ros_get_sw_version_cmd::Response &res[01;31m[K)[m[K
[1.933s]       |                                                                                           [01;31m[K^[m[K
[1.933s] 
[1.933s] [01m[K/home/parallels/ros2_ws/src/segway_ros2/segwayrmp/src/robot.cpp:445:6:[m[K [01;31m[Kerror: [m[Kâ€˜[01m[Kbool robot::Chassis::ros_get_vel_max_feedback_cmd_callback[m[Kâ€™ is not a static data member of â€˜[01m[Kclass robot::Chassis[m[Kâ€™
[1.933s]   445 | bool [01;31m[KChassis[m[K::ros_get_vel_max_feedback_cmd_callback(segway_msgs::ros_get_vel_max_feedback_cmd::Request &req, segway_msgs::ros_get_vel_max_feedback_cmd::Response &res)
[1.933s]       |      [01;31m[K^~~~~~~[m[K
[1.933s] [01m[K/home/parallels/ros2_ws/src/segway_ros2/segwayrmp/src/robot.cpp:445:66:[m[K [01;31m[Kerror: [m[Kâ€˜[01m[Ksegway_msgs::ros_get_vel_max_feedback_cmd[m[Kâ€™ has not been declared
[1.933s]   445 | bool Chassis::ros_get_vel_max_feedback_cmd_callback(segway_msgs::[01;31m[Kros_get_vel_max_feedback_cmd[m[K::Request &req, segway_msgs::ros_get_vel_max_feedback_cmd::Response &res)
[1.933s]       |                                                                  [01;31m[K^~~~~~~~~~~~~~~~~~~~~~~~~~~~[m[K
[1.937s] [01m[K/home/parallels/ros2_ws/src/segway_ros2/segwayrmp/src/robot.cpp:445:105:[m[K [01;31m[Kerror: [m[Kâ€˜[01m[Kreq[m[Kâ€™ was not declared in this scope
[1.937s]   445 | l_max_feedback_cmd_callback(segway_msgs::ros_get_vel_max_feedback_cmd::Request &[01;31m[Kreq[m[K, segway_msgs::ros_get_vel_max_feedback_cmd::Response &res)
[1.937s]       |                                                                                 [01;31m[K^~~[m[K
[1.937s] 
[1.937s] [01m[K/home/parallels/ros2_ws/src/segway_ros2/segwayrmp/src/robot.cpp:445:123:[m[K [01;31m[Kerror: [m[Kâ€˜[01m[Ksegway_msgs::ros_get_vel_max_feedback_cmd[m[Kâ€™ has not been declared
[1.937s]   445 | _callback(segway_msgs::ros_get_vel_max_feedback_cmd::Request &req, segway_msgs::[01;31m[Kros_get_vel_max_feedback_cmd[m[K::Response &res)
[1.937s]       |                                                                                 [01;31m[K^~~~~~~~~~~~~~~~~~~~~~~~~~~~[m[K
[1.937s] 
[1.940s] [01m[K/home/parallels/ros2_ws/src/segway_ros2/segwayrmp/src/robot.cpp:445:163:[m[K [01;31m[Kerror: [m[Kâ€˜[01m[Kres[m[Kâ€™ was not declared in this scope
[1.940s]   445 | l_max_feedback_cmd::Request &req, segway_msgs::ros_get_vel_max_feedback_cmd::Response &[01;31m[Kres[m[K)
[1.940s]       |                                                                                        [01;31m[K^~~[m[K
[1.940s] 
[1.940s] [01m[K/home/parallels/ros2_ws/src/segway_ros2/segwayrmp/src/robot.cpp:445:166:[m[K [01;31m[Kerror: [m[Kexpression list treated as compound expression in initializer [[01;31m[K]8;;https://gcc.gnu.org/onlinedocs/gcc/Warning-Options.html#index-fpermissive-fpermissive]8;;[m[K]
[1.940s]   445 | l_max_feedback_cmd::Request &req, segway_msgs::ros_get_vel_max_feedback_cmd::Response &res[01;31m[K)[m[K
[1.940s]       |                                                                                           [01;31m[K^[m[K
[1.940s] 
[1.940s] [01m[K/home/parallels/ros2_ws/src/segway_ros2/segwayrmp/src/robot.cpp:458:6:[m[K [01;31m[Kerror: [m[Kâ€˜[01m[Kbool robot::Chassis::ros_set_chassis_buzzer_cmd_callback[m[Kâ€™ is not a static data member of â€˜[01m[Kclass robot::Chassis[m[Kâ€™
[1.940s]   458 | bool [01;31m[KChassis[m[K::ros_set_chassis_buzzer_cmd_callback(segway_msgs::ros_set_chassis_buzzer_cmd::Request &req, segway_msgs::ros_set_chassis_buzzer_cmd::Response &res)
[1.940s]       |      [01;31m[K^~~~~~~[m[K
[1.940s] [01m[K/home/parallels/ros2_ws/src/segway_ros2/segwayrmp/src/robot.cpp:458:64:[m[K [01;31m[Kerror: [m[Kâ€˜[01m[Ksegway_msgs::ros_set_chassis_buzzer_cmd[m[Kâ€™ has not been declared
[1.940s]   458 | bool Chassis::ros_set_chassis_buzzer_cmd_callback(segway_msgs::[01;31m[Kros_set_chassis_buzzer_cmd[m[K::Request &req, segway_msgs::ros_set_chassis_buzzer_cmd::Response &res)
[1.940s]       |                                                                [01;31m[K^~~~~~~~~~~~~~~~~~~~~~~~~~[m[K
[1.944s] [01m[K/home/parallels/ros2_ws/src/segway_ros2/segwayrmp/src/robot.cpp:458:101:[m[K [01;31m[Kerror: [m[Kâ€˜[01m[Kreq[m[Kâ€™ was not declared in this scope
[1.944s]   458 | t_chassis_buzzer_cmd_callback(segway_msgs::ros_set_chassis_buzzer_cmd::Request &[01;31m[Kreq[m[K, segway_msgs::ros_set_chassis_buzzer_cmd::Response &res)
[1.944s]       |                                                                                 [01;31m[K^~~[m[K
[1.944s] 
[1.944s] [01m[K/home/parallels/ros2_ws/src/segway_ros2/segwayrmp/src/robot.cpp:458:119:[m[K [01;31m[Kerror: [m[Kâ€˜[01m[Ksegway_msgs::ros_set_chassis_buzzer_cmd[m[Kâ€™ has not been declared
[1.944s]   458 | md_callback(segway_msgs::ros_set_chassis_buzzer_cmd::Request &req, segway_msgs::[01;31m[Kros_set_chassis_buzzer_cmd[m[K::Response &res)
[1.944s]       |                                                                                 [01;31m[K^~~~~~~~~~~~~~~~~~~~~~~~~~[m[K
[1.944s] 
[1.947s] [01m[K/home/parallels/ros2_ws/src/segway_ros2/segwayrmp/src/robot.cpp:458:157:[m[K [01;31m[Kerror: [m[Kâ€˜[01m[Kres[m[Kâ€™ was not declared in this scope
[1.947s]   458 | t_chassis_buzzer_cmd::Request &req, segway_msgs::ros_set_chassis_buzzer_cmd::Response &[01;31m[Kres[m[K)
[1.947s]       |                                                                                        [01;31m[K^~~[m[K
[1.947s] 
[1.947s] [01m[K/home/parallels/ros2_ws/src/segway_ros2/segwayrmp/src/robot.cpp:458:160:[m[K [01;31m[Kerror: [m[Kexpression list treated as compound expression in initializer [[01;31m[K]8;;https://gcc.gnu.org/onlinedocs/gcc/Warning-Options.html#index-fpermissive-fpermissive]8;;[m[K]
[1.947s]   458 | t_chassis_buzzer_cmd::Request &req, segway_msgs::ros_set_chassis_buzzer_cmd::Response &res[01;31m[K)[m[K
[1.947s]       |                                                                                           [01;31m[K^[m[K
[1.947s] 
[1.947s] [01m[K/home/parallels/ros2_ws/src/segway_ros2/segwayrmp/src/robot.cpp:474:6:[m[K [01;31m[Kerror: [m[Kâ€˜[01m[Kbool robot::Chassis::ros_set_chassis_enable_cmd_callback[m[Kâ€™ is not a static data member of â€˜[01m[Kclass robot::Chassis[m[Kâ€™
[1.947s]   474 | bool [01;31m[KChassis[m[K::ros_set_chassis_enable_cmd_callback(segway_msgs::ros_set_chassis_enable_cmd::Request &req, segway_msgs::ros_set_chassis_enable_cmd::Response &res)
[1.947s]       |      [01;31m[K^~~~~~~[m[K
[1.947s] [01m[K/home/parallels/ros2_ws/src/segway_ros2/segwayrmp/src/robot.cpp:474:64:[m[K [01;31m[Kerror: [m[Kâ€˜[01m[Ksegway_msgs::ros_set_chassis_enable_cmd[m[Kâ€™ has not been declared
[1.947s]   474 | bool Chassis::ros_set_chassis_enable_cmd_callback(segway_msgs::[01;31m[Kros_set_chassis_enable_cmd[m[K::Request &req, segway_msgs::ros_set_chassis_enable_cmd::Response &res)
[1.947s]       |                                                                [01;31m[K^~~~~~~~~~~~~~~~~~~~~~~~~~[m[K
[1.951s] [01m[K/home/parallels/ros2_ws/src/segway_ros2/segwayrmp/src/robot.cpp:474:101:[m[K [01;31m[Kerror: [m[Kâ€˜[01m[Kreq[m[Kâ€™ was not declared in this scope
[1.951s]   474 | t_chassis_enable_cmd_callback(segway_msgs::ros_set_chassis_enable_cmd::Request &[01;31m[Kreq[m[K, segway_msgs::ros_set_chassis_enable_cmd::Response &res)
[1.951s]       |                                                                                 [01;31m[K^~~[m[K
[1.951s] 
[1.951s] [01m[K/home/parallels/ros2_ws/src/segway_ros2/segwayrmp/src/robot.cpp:474:119:[m[K [01;31m[Kerror: [m[Kâ€˜[01m[Ksegway_msgs::ros_set_chassis_enable_cmd[m[Kâ€™ has not been declared
[1.951s]   474 | md_callback(segway_msgs::ros_set_chassis_enable_cmd::Request &req, segway_msgs::[01;31m[Kros_set_chassis_enable_cmd[m[K::Response &res)
[1.951s]       |                                                                                 [01;31m[K^~~~~~~~~~~~~~~~~~~~~~~~~~[m[K
[1.951s] 
[1.954s] [01m[K/home/parallels/ros2_ws/src/segway_ros2/segwayrmp/src/robot.cpp:474:157:[m[K [01;31m[Kerror: [m[Kâ€˜[01m[Kres[m[Kâ€™ was not declared in this scope
[1.954s]   474 | t_chassis_enable_cmd::Request &req, segway_msgs::ros_set_chassis_enable_cmd::Response &[01;31m[Kres[m[K)
[1.954s]       |                                                                                        [01;31m[K^~~[m[K
[1.954s] 
[1.954s] [01m[K/home/parallels/ros2_ws/src/segway_ros2/segwayrmp/src/robot.cpp:474:160:[m[K [01;31m[Kerror: [m[Kexpression list treated as compound expression in initializer [[01;31m[K]8;;https://gcc.gnu.org/onlinedocs/gcc/Warning-Options.html#index-fpermissive-fpermissive]8;;[m[K]
[1.954s]   474 | t_chassis_enable_cmd::Request &req, segway_msgs::ros_set_chassis_enable_cmd::Response &res[01;31m[K)[m[K
[1.954s]       |                                                                                           [01;31m[K^[m[K
[1.954s] 
[1.954s] [01m[K/home/parallels/ros2_ws/src/segway_ros2/segwayrmp/src/robot.cpp:490:6:[m[K [01;31m[Kerror: [m[Kâ€˜[01m[Kbool robot::Chassis::ros_set_chassis_poweroff_cmd_callback[m[Kâ€™ is not a static data member of â€˜[01m[Kclass robot::Chassis[m[Kâ€™
[1.954s]   490 | bool [01;31m[KChassis[m[K::ros_set_chassis_poweroff_cmd_callback(segway_msgs::ros_set_chassis_poweroff_cmd::Request &req, segway_msgs::ros_set_chassis_poweroff_cmd::Response &res)
[1.954s]       |      [01;31m[K^~~~~~~[m[K
[1.954s] [01m[K/home/parallels/ros2_ws/src/segway_ros2/segwayrmp/src/robot.cpp:490:66:[m[K [01;31m[Kerror: [m[Kâ€˜[01m[Ksegway_msgs::ros_set_chassis_poweroff_cmd[m[Kâ€™ has not been declared
[1.954s]   490 | bool Chassis::ros_set_chassis_poweroff_cmd_callback(segway_msgs::[01;31m[Kros_set_chassis_poweroff_cmd[m[K::Request &req, segway_msgs::ros_set_chassis_poweroff_cmd::Response &res)
[1.954s]       |                                                                  [01;31m[K^~~~~~~~~~~~~~~~~~~~~~~~~~~~[m[K
[1.958s] [01m[K/home/parallels/ros2_ws/src/segway_ros2/segwayrmp/src/robot.cpp:490:105:[m[K [01;31m[Kerror: [m[Kâ€˜[01m[Kreq[m[Kâ€™ was not declared in this scope
[1.958s]   490 | assis_poweroff_cmd_callback(segway_msgs::ros_set_chassis_poweroff_cmd::Request &[01;31m[Kreq[m[K, segway_msgs::ros_set_chassis_poweroff_cmd::Response &res)
[1.958s]       |                                                                                 [01;31m[K^~~[m[K
[1.958s] 
[1.958s] [01m[K/home/parallels/ros2_ws/src/segway_ros2/segwayrmp/src/robot.cpp:490:123:[m[K [01;31m[Kerror: [m[Kâ€˜[01m[Ksegway_msgs::ros_set_chassis_poweroff_cmd[m[Kâ€™ has not been declared
[1.958s]   490 | _callback(segway_msgs::ros_set_chassis_poweroff_cmd::Request &req, segway_msgs::[01;31m[Kros_set_chassis_poweroff_cmd[m[K::Response &res)
[1.958s]       |                                                                                 [01;31m[K^~~~~~~~~~~~~~~~~~~~~~~~~~~~[m[K
[1.958s] 
[1.961s] [01m[K/home/parallels/ros2_ws/src/segway_ros2/segwayrmp/src/robot.cpp:490:163:[m[K [01;31m[Kerror: [m[Kâ€˜[01m[Kres[m[Kâ€™ was not declared in this scope
[1.961s]   490 | assis_poweroff_cmd::Request &req, segway_msgs::ros_set_chassis_poweroff_cmd::Response &[01;31m[Kres[m[K)
[1.961s]       |                                                                                        [01;31m[K^~~[m[K
[1.961s] 
[1.961s] [01m[K/home/parallels/ros2_ws/src/segway_ros2/segwayrmp/src/robot.cpp:490:166:[m[K [01;31m[Kerror: [m[Kexpression list treated as compound expression in initializer [[01;31m[K]8;;https://gcc.gnu.org/onlinedocs/gcc/Warning-Options.html#index-fpermissive-fpermissive]8;;[m[K]
[1.961s]   490 | assis_poweroff_cmd::Request &req, segway_msgs::ros_set_chassis_poweroff_cmd::Response &res[01;31m[K)[m[K
[1.961s]       |                                                                                           [01;31m[K^[m[K
[1.961s] 
[1.961s] [01m[K/home/parallels/ros2_ws/src/segway_ros2/segwayrmp/src/robot.cpp:502:6:[m[K [01;31m[Kerror: [m[Kâ€˜[01m[Kbool robot::Chassis::ros_set_load_param_cmd_callback[m[Kâ€™ is not a static data member of â€˜[01m[Kclass robot::Chassis[m[Kâ€™
[1.961s]   502 | bool [01;31m[KChassis[m[K::ros_set_load_param_cmd_callback(segway_msgs::ros_set_load_param_cmd::Request &req, segway_msgs::ros_set_load_param_cmd::Response &res)
[1.961s]       |      [01;31m[K^~~~~~~[m[K
[1.961s] [01m[K/home/parallels/ros2_ws/src/segway_ros2/segwayrmp/src/robot.cpp:502:60:[m[K [01;31m[Kerror: [m[Kâ€˜[01m[Ksegway_msgs::ros_set_load_param_cmd[m[Kâ€™ has not been declared
[1.961s]   502 | bool Chassis::ros_set_load_param_cmd_callback(segway_msgs::[01;31m[Kros_set_load_param_cmd[m[K::Request &req, segway_msgs::ros_set_load_param_cmd::Response &res)
[1.961s]       |                                                            [01;31m[K^~~~~~~~~~~~~~~~~~~~~~[m[K
[1.965s] [01m[K/home/parallels/ros2_ws/src/segway_ros2/segwayrmp/src/robot.cpp:502:93:[m[K [01;31m[Kerror: [m[Kâ€˜[01m[Kreq[m[Kâ€™ was not declared in this scope
[1.965s]   502 | ::ros_set_load_param_cmd_callback(segway_msgs::ros_set_load_param_cmd::Request &[01;31m[Kreq[m[K, segway_msgs::ros_set_load_param_cmd::Response &res)
[1.965s]       |                                                                                 [01;31m[K^~~[m[K
[1.965s] 
[1.965s] [01m[K/home/parallels/ros2_ws/src/segway_ros2/segwayrmp/src/robot.cpp:502:111:[m[K [01;31m[Kerror: [m[Kâ€˜[01m[Ksegway_msgs::ros_set_load_param_cmd[m[Kâ€™ has not been declared
[1.965s]   502 | am_cmd_callback(segway_msgs::ros_set_load_param_cmd::Request &req, segway_msgs::[01;31m[Kros_set_load_param_cmd[m[K::Response &res)
[1.965s]       |                                                                                 [01;31m[K^~~~~~~~~~~~~~~~~~~~~~[m[K
[1.965s] 
[1.968s] [01m[K/home/parallels/ros2_ws/src/segway_ros2/segwayrmp/src/robot.cpp:502:145:[m[K [01;31m[Kerror: [m[Kâ€˜[01m[Kres[m[Kâ€™ was not declared in this scope
[1.968s]   502 | ::ros_set_load_param_cmd::Request &req, segway_msgs::ros_set_load_param_cmd::Response &[01;31m[Kres[m[K)
[1.968s]       |                                                                                        [01;31m[K^~~[m[K
[1.968s] 
[1.968s] [01m[K/home/parallels/ros2_ws/src/segway_ros2/segwayrmp/src/robot.cpp:502:148:[m[K [01;31m[Kerror: [m[Kexpression list treated as compound expression in initializer [[01;31m[K]8;;https://gcc.gnu.org/onlinedocs/gcc/Warning-Options.html#index-fpermissive-fpermissive]8;;[m[K]
[1.968s]   502 | ::ros_set_load_param_cmd::Request &req, segway_msgs::ros_set_load_param_cmd::Response &res[01;31m[K)[m[K
[1.968s]       |                                                                                           [01;31m[K^[m[K
[1.968s] 
[1.968s] [01m[K/home/parallels/ros2_ws/src/segway_ros2/segwayrmp/src/robot.cpp:515:6:[m[K [01;31m[Kerror: [m[Kâ€˜[01m[Kbool robot::Chassis::ros_set_vel_max_cmd_callback[m[Kâ€™ is not a static data member of â€˜[01m[Kclass robot::Chassis[m[Kâ€™
[1.969s]   515 | bool [01;31m[KChassis[m[K::ros_set_vel_max_cmd_callback(segway_msgs::ros_set_vel_max_cmd::Request &req, segway_msgs::ros_set_vel_max_cmd::Response &res)
[1.969s]       |      [01;31m[K^~~~~~~[m[K
[1.969s] [01m[K/home/parallels/ros2_ws/src/segway_ros2/segwayrmp/src/robot.cpp:515:57:[m[K [01;31m[Kerror: [m[Kâ€˜[01m[Ksegway_msgs::ros_set_vel_max_cmd[m[Kâ€™ has not been declared
[1.969s]   515 | bool Chassis::ros_set_vel_max_cmd_callback(segway_msgs::[01;31m[Kros_set_vel_max_cmd[m[K::Request &req, segway_msgs::ros_set_vel_max_cmd::Response &res)
[1.969s]       |                                                         [01;31m[K^~~~~~~~~~~~~~~~~~~[m[K
[1.972s] [01m[K/home/parallels/ros2_ws/src/segway_ros2/segwayrmp/src/robot.cpp:515:87:[m[K [01;31m[Kerror: [m[Kâ€˜[01m[Kreq[m[Kâ€™ was not declared in this scope
[1.972s]   515 | hassis::ros_set_vel_max_cmd_callback(segway_msgs::ros_set_vel_max_cmd::Request &[01;31m[Kreq[m[K, segway_msgs::ros_set_vel_max_cmd::Response &res)
[1.972s]       |                                                                                 [01;31m[K^~~[m[K
[1.972s] 
[1.972s] [01m[K/home/parallels/ros2_ws/src/segway_ros2/segwayrmp/src/robot.cpp:515:105:[m[K [01;31m[Kerror: [m[Kâ€˜[01m[Ksegway_msgs::ros_set_vel_max_cmd[m[Kâ€™ has not been declared
[1.972s]   515 | l_max_cmd_callback(segway_msgs::ros_set_vel_max_cmd::Request &req, segway_msgs::[01;31m[Kros_set_vel_max_cmd[m[K::Response &res)
[1.972s]       |                                                                                 [01;31m[K^~~~~~~~~~~~~~~~~~~[m[K
[1.972s] 
[1.976s] [01m[K/home/parallels/ros2_ws/src/segway_ros2/segwayrmp/src/robot.cpp:515:136:[m[K [01;31m[Kerror: [m[Kâ€˜[01m[Kres[m[Kâ€™ was not declared in this scope
[1.976s]   515 | y_msgs::ros_set_vel_max_cmd::Request &req, segway_msgs::ros_set_vel_max_cmd::Response &[01;31m[Kres[m[K)
[1.976s]       |                                                                                        [01;31m[K^~~[m[K
[1.976s] 
[1.976s] [01m[K/home/parallels/ros2_ws/src/segway_ros2/segwayrmp/src/robot.cpp:515:139:[m[K [01;31m[Kerror: [m[Kexpression list treated as compound expression in initializer [[01;31m[K]8;;https://gcc.gnu.org/onlinedocs/gcc/Warning-Options.html#index-fpermissive-fpermissive]8;;[m[K]
[1.976s]   515 | y_msgs::ros_set_vel_max_cmd::Request &req, segway_msgs::ros_set_vel_max_cmd::Response &res[01;31m[K)[m[K
[1.976s]       |                                                                                           [01;31m[K^[m[K
[1.976s] 
[1.976s] [01m[K/home/parallels/ros2_ws/src/segway_ros2/segwayrmp/src/robot.cpp:529:6:[m[K [01;31m[Kerror: [m[Kâ€˜[01m[Kbool robot::Chassis::ros_reset_host_power_cmd_callback[m[Kâ€™ is not a static data member of â€˜[01m[Kclass robot::Chassis[m[Kâ€™
[1.976s]   529 | bool [01;31m[KChassis[m[K::ros_reset_host_power_cmd_callback(segway_msgs::ros_reset_host_power_cmd::Request & req, segway_msgs::ros_reset_host_power_cmd::Response &res)
[1.976s]       |      [01;31m[K^~~~~~~[m[K
[1.976s] [01m[K/home/parallels/ros2_ws/src/segway_ros2/segwayrmp/src/robot.cpp:529:62:[m[K [01;31m[Kerror: [m[Kâ€˜[01m[Ksegway_msgs::ros_reset_host_power_cmd[m[Kâ€™ has not been declared
[1.976s]   529 | bool Chassis::ros_reset_host_power_cmd_callback(segway_msgs::[01;31m[Kros_reset_host_power_cmd[m[K::Request & req, segway_msgs::ros_reset_host_power_cmd::Response &res)
[1.976s]       |                                                              [01;31m[K^~~~~~~~~~~~~~~~~~~~~~~~[m[K
[1.979s] [01m[K/home/parallels/ros2_ws/src/segway_ros2/segwayrmp/src/robot.cpp:529:98:[m[K [01;31m[Kerror: [m[Kâ€˜[01m[Kreq[m[Kâ€™ was not declared in this scope
[1.979s]   529 | _reset_host_power_cmd_callback(segway_msgs::ros_reset_host_power_cmd::Request & [01;31m[Kreq[m[K, segway_msgs::ros_reset_host_power_cmd::Response &res)
[1.979s]       |                                                                                 [01;31m[K^~~[m[K
[1.979s] 
[1.979s] [01m[K/home/parallels/ros2_ws/src/segway_ros2/segwayrmp/src/robot.cpp:529:116:[m[K [01;31m[Kerror: [m[Kâ€˜[01m[Ksegway_msgs::ros_reset_host_power_cmd[m[Kâ€™ has not been declared
[1.979s]   529 | cmd_callback(segway_msgs::ros_reset_host_power_cmd::Request & req, segway_msgs::[01;31m[Kros_reset_host_power_cmd[m[K::Response &res)
[1.979s]       |                                                                                 [01;31m[K^~~~~~~~~~~~~~~~~~~~~~~~[m[K
[1.979s] 
[1.983s] [01m[K/home/parallels/ros2_ws/src/segway_ros2/segwayrmp/src/robot.cpp:529:152:[m[K [01;31m[Kerror: [m[Kâ€˜[01m[Kres[m[Kâ€™ was not declared in this scope
[1.983s]   529 | _reset_host_power_cmd::Request & req, segway_msgs::ros_reset_host_power_cmd::Response &[01;31m[Kres[m[K)
[1.983s]       |                                                                                        [01;31m[K^~~[m[K
[1.983s] 
[1.983s] [01m[K/home/parallels/ros2_ws/src/segway_ros2/segwayrmp/src/robot.cpp:529:155:[m[K [01;31m[Kerror: [m[Kexpression list treated as compound expression in initializer [[01;31m[K]8;;https://gcc.gnu.org/onlinedocs/gcc/Warning-Options.html#index-fpermissive-fpermissive]8;;[m[K]
[1.983s]   529 | _reset_host_power_cmd::Request & req, segway_msgs::ros_reset_host_power_cmd::Response &res[01;31m[K)[m[K
[1.983s]       |                                                                                           [01;31m[K^[m[K
[1.983s] 
[1.983s] [01m[K/home/parallels/ros2_ws/src/segway_ros2/segwayrmp/src/robot.cpp:537:6:[m[K [01;31m[Kerror: [m[Kâ€˜[01m[Kbool robot::Chassis::ros_start_chassis_left_rotate_cmd_callback[m[Kâ€™ is not a static data member of â€˜[01m[Kclass robot::Chassis[m[Kâ€™
[1.983s]   537 | bool [01;31m[KChassis[m[K::ros_start_chassis_left_rotate_cmd_callback(segway_msgs::ros_start_chassis_left_rotate_cmd::Request & req, segway_msgs::ros_start_chassis_left_rotate_cmd::Response &res)
[1.983s]       |      [01;31m[K^~~~~~~[m[K
[1.983s] [01m[K/home/parallels/ros2_ws/src/segway_ros2/segwayrmp/src/robot.cpp:537:71:[m[K [01;31m[Kerror: [m[Kâ€˜[01m[Ksegway_msgs::ros_start_chassis_left_rotate_cmd[m[Kâ€™ has not been declared
[1.983s]   537 | bool Chassis::ros_start_chassis_left_rotate_cmd_callback(segway_msgs::[01;31m[Kros_start_chassis_left_rotate_cmd[m[K::Request & req, segway_msgs::ros_start_chassis_left_rotate_cmd::Response &res)
[1.983s]       |                                                                       [01;31m[K^~~~~~~~~~~~~~~~~~~~~~~~~~~~~~~~~[m[K
[1.986s] [01m[K/home/parallels/ros2_ws/src/segway_ros2/segwayrmp/src/robot.cpp:537:116:[m[K [01;31m[Kerror: [m[Kâ€˜[01m[Kreq[m[Kâ€™ was not declared in this scope
[1.986s]   537 | t_rotate_cmd_callback(segway_msgs::ros_start_chassis_left_rotate_cmd::Request & [01;31m[Kreq[m[K, segway_msgs::ros_start_chassis_left_rotate_cmd::Response &res)
[1.986s]       |                                                                                 [01;31m[K^~~[m[K
[1.987s] 
[1.987s] [01m[K/home/parallels/ros2_ws/src/segway_ros2/segwayrmp/src/robot.cpp:537:134:[m[K [01;31m[Kerror: [m[Kâ€˜[01m[Ksegway_msgs::ros_start_chassis_left_rotate_cmd[m[Kâ€™ has not been declared
[1.987s]   537 | ack(segway_msgs::ros_start_chassis_left_rotate_cmd::Request & req, segway_msgs::[01;31m[Kros_start_chassis_left_rotate_cmd[m[K::Response &res)
[1.987s]       |                                                                                 [01;31m[K^~~~~~~~~~~~~~~~~~~~~~~~~~~~~~~~~[m[K
[1.987s] 
[1.990s] [01m[K/home/parallels/ros2_ws/src/segway_ros2/segwayrmp/src/robot.cpp:537:179:[m[K [01;31m[Kerror: [m[Kâ€˜[01m[Kres[m[Kâ€™ was not declared in this scope
[1.990s]   537 | t_rotate_cmd::Request & req, segway_msgs::ros_start_chassis_left_rotate_cmd::Response &[01;31m[Kres[m[K)
[1.990s]       |                                                                                        [01;31m[K^~~[m[K
[1.990s] 
[1.990s] [01m[K/home/parallels/ros2_ws/src/segway_ros2/segwayrmp/src/robot.cpp:537:182:[m[K [01;31m[Kerror: [m[Kexpression list treated as compound expression in initializer [[01;31m[K]8;;https://gcc.gnu.org/onlinedocs/gcc/Warning-Options.html#index-fpermissive-fpermissive]8;;[m[K]
[1.990s]   537 | t_rotate_cmd::Request & req, segway_msgs::ros_start_chassis_left_rotate_cmd::Response &res[01;31m[K)[m[K
[1.990s]       |                                                                                           [01;31m[K^[m[K
[1.990s] 
[1.990s] [01m[K/home/parallels/ros2_ws/src/segway_ros2/segwayrmp/src/robot.cpp:546:6:[m[K [01;31m[Kerror: [m[Kâ€˜[01m[Kbool robot::Chassis::ros_start_chassis_right_rotate_cmd_callback[m[Kâ€™ is not a static data member of â€˜[01m[Kclass robot::Chassis[m[Kâ€™
[1.990s]   546 | bool [01;31m[KChassis[m[K::ros_start_chassis_right_rotate_cmd_callback(segway_msgs::ros_start_chassis_right_rotate_cmd::Request & req, segway_msgs::ros_start_chassis_right_rotate_cmd::Response &res)
[1.990s]       |      [01;31m[K^~~~~~~[m[K
[1.990s] [01m[K/home/parallels/ros2_ws/src/segway_ros2/segwayrmp/src/robot.cpp:546:72:[m[K [01;31m[Kerror: [m[Kâ€˜[01m[Ksegway_msgs::ros_start_chassis_right_rotate_cmd[m[Kâ€™ has not been declared
[1.990s]   546 | bool Chassis::ros_start_chassis_right_rotate_cmd_callback(segway_msgs::[01;31m[Kros_start_chassis_right_rotate_cmd[m[K::Request & req, segway_msgs::ros_start_chassis_right_rotate_cmd::Response &res)
[1.990s]       |                                                                        [01;31m[K^~~~~~~~~~~~~~~~~~~~~~~~~~~~~~~~~~[m[K
[1.994s] [01m[K/home/parallels/ros2_ws/src/segway_ros2/segwayrmp/src/robot.cpp:546:118:[m[K [01;31m[Kerror: [m[Kâ€˜[01m[Kreq[m[Kâ€™ was not declared in this scope
[1.995s]   546 | _rotate_cmd_callback(segway_msgs::ros_start_chassis_right_rotate_cmd::Request & [01;31m[Kreq[m[K, segway_msgs::ros_start_chassis_right_rotate_cmd::Response &res)
[1.995s]       |                                                                                 [01;31m[K^~~[m[K
[1.995s] 
[1.995s] [01m[K/home/parallels/ros2_ws/src/segway_ros2/segwayrmp/src/robot.cpp:546:136:[m[K [01;31m[Kerror: [m[Kâ€˜[01m[Ksegway_msgs::ros_start_chassis_right_rotate_cmd[m[Kâ€™ has not been declared
[1.995s]   546 | ck(segway_msgs::ros_start_chassis_right_rotate_cmd::Request & req, segway_msgs::[01;31m[Kros_start_chassis_right_rotate_cmd[m[K::Response &res)
[1.995s]       |                                                                                 [01;31m[K^~~~~~~~~~~~~~~~~~~~~~~~~~~~~~~~~~[m[K
[1.995s] 
[1.998s] [01m[K/home/parallels/ros2_ws/src/segway_ros2/segwayrmp/src/robot.cpp:546:182:[m[K [01;31m[Kerror: [m[Kâ€˜[01m[Kres[m[Kâ€™ was not declared in this scope
[1.998s]   546 | _rotate_cmd::Request & req, segway_msgs::ros_start_chassis_right_rotate_cmd::Response &[01;31m[Kres[m[K)
[1.998s]       |                                                                                        [01;31m[K^~~[m[K
[1.998s] 
[1.998s] [01m[K/home/parallels/ros2_ws/src/segway_ros2/segwayrmp/src/robot.cpp:546:185:[m[K [01;31m[Kerror: [m[Kexpression list treated as compound expression in initializer [[01;31m[K]8;;https://gcc.gnu.org/onlinedocs/gcc/Warning-Options.html#index-fpermissive-fpermissive]8;;[m[K]
[1.998s]   546 | _rotate_cmd::Request & req, segway_msgs::ros_start_chassis_right_rotate_cmd::Response &res[01;31m[K)[m[K
[1.999s]       |                                                                                           [01;31m[K^[m[K
[1.999s] 
[1.999s] [01m[K/home/parallels/ros2_ws/src/segway_ros2/segwayrmp/src/robot.cpp:555:6:[m[K [01;31m[Kerror: [m[Kâ€˜[01m[Kbool robot::Chassis::ros_stop_chassis_rotate_cmd_callback[m[Kâ€™ is not a static data member of â€˜[01m[Kclass robot::Chassis[m[Kâ€™
[1.999s]   555 | bool [01;31m[KChassis[m[K::ros_stop_chassis_rotate_cmd_callback(segway_msgs::ros_stop_chassis_rotate_cmd::Request & req, segway_msgs::ros_stop_chassis_rotate_cmd::Response &res)
[1.999s]       |      [01;31m[K^~~~~~~[m[K
[1.999s] [01m[K/home/parallels/ros2_ws/src/segway_ros2/segwayrmp/src/robot.cpp:555:65:[m[K [01;31m[Kerror: [m[Kâ€˜[01m[Ksegway_msgs::ros_stop_chassis_rotate_cmd[m[Kâ€™ has not been declared
[1.999s]   555 | bool Chassis::ros_stop_chassis_rotate_cmd_callback(segway_msgs::[01;31m[Kros_stop_chassis_rotate_cmd[m[K::Request & req, segway_msgs::ros_stop_chassis_rotate_cmd::Response &res)
[1.999s]       |                                                                 [01;31m[K^~~~~~~~~~~~~~~~~~~~~~~~~~~[m[K
[2.002s] [01m[K/home/parallels/ros2_ws/src/segway_ros2/segwayrmp/src/robot.cpp:555:104:[m[K [01;31m[Kerror: [m[Kâ€˜[01m[Kreq[m[Kâ€™ was not declared in this scope
[2.002s]   555 | chassis_rotate_cmd_callback(segway_msgs::ros_stop_chassis_rotate_cmd::Request & [01;31m[Kreq[m[K, segway_msgs::ros_stop_chassis_rotate_cmd::Response &res)
[2.002s]       |                                                                                 [01;31m[K^~~[m[K
[2.002s] 
[2.002s] [01m[K/home/parallels/ros2_ws/src/segway_ros2/segwayrmp/src/robot.cpp:555:122:[m[K [01;31m[Kerror: [m[Kâ€˜[01m[Ksegway_msgs::ros_stop_chassis_rotate_cmd[m[Kâ€™ has not been declared
[2.002s]   555 | _callback(segway_msgs::ros_stop_chassis_rotate_cmd::Request & req, segway_msgs::[01;31m[Kros_stop_chassis_rotate_cmd[m[K::Response &res)
[2.002s]       |                                                                                 [01;31m[K^~~~~~~~~~~~~~~~~~~~~~~~~~~[m[K
[2.002s] 
[2.006s] [01m[K/home/parallels/ros2_ws/src/segway_ros2/segwayrmp/src/robot.cpp:555:161:[m[K [01;31m[Kerror: [m[Kâ€˜[01m[Kres[m[Kâ€™ was not declared in this scope
[2.006s]   555 | chassis_rotate_cmd::Request & req, segway_msgs::ros_stop_chassis_rotate_cmd::Response &[01;31m[Kres[m[K)
[2.006s]       |                                                                                        [01;31m[K^~~[m[K
[2.006s] 
[2.006s] [01m[K/home/parallels/ros2_ws/src/segway_ros2/segwayrmp/src/robot.cpp:555:164:[m[K [01;31m[Kerror: [m[Kexpression list treated as compound expression in initializer [[01;31m[K]8;;https://gcc.gnu.org/onlinedocs/gcc/Warning-Options.html#index-fpermissive-fpermissive]8;;[m[K]
[2.006s]   555 | chassis_rotate_cmd::Request & req, segway_msgs::ros_stop_chassis_rotate_cmd::Response &res[01;31m[K)[m[K
[2.006s]       |                                                                                           [01;31m[K^[m[K
[2.006s] 
[2.006s] [01m[K/home/parallels/ros2_ws/src/segway_ros2/segwayrmp/src/robot.cpp:564:6:[m[K [01;31m[Kerror: [m[Kâ€˜[01m[Kbool robot::Chassis::ros_get_rotate_function_cfg_cmd_callback[m[Kâ€™ is not a static data member of â€˜[01m[Kclass robot::Chassis[m[Kâ€™
[2.006s]   564 | bool [01;31m[KChassis[m[K::ros_get_rotate_function_cfg_cmd_callback(segway_msgs::ros_get_rotate_function_cfg_cmd::Request & req, segway_msgs::ros_get_rotate_function_cfg_cmd::Response &res)
[2.006s]       |      [01;31m[K^~~~~~~[m[K
[2.006s] [01m[K/home/parallels/ros2_ws/src/segway_ros2/segwayrmp/src/robot.cpp:564:69:[m[K [01;31m[Kerror: [m[Kâ€˜[01m[Ksegway_msgs::ros_get_rotate_function_cfg_cmd[m[Kâ€™ has not been declared
[2.006s]   564 | bool Chassis::ros_get_rotate_function_cfg_cmd_callback(segway_msgs::[01;31m[Kros_get_rotate_function_cfg_cmd[m[K::Request & req, segway_msgs::ros_get_rotate_function_cfg_cmd::Response &res)
[2.006s]       |                                                                     [01;31m[K^~~~~~~~~~~~~~~~~~~~~~~~~~~~~~~[m[K
[2.010s] [01m[K/home/parallels/ros2_ws/src/segway_ros2/segwayrmp/src/robot.cpp:564:112:[m[K [01;31m[Kerror: [m[Kâ€˜[01m[Kreq[m[Kâ€™ was not declared in this scope
[2.010s]   564 | nction_cfg_cmd_callback(segway_msgs::ros_get_rotate_function_cfg_cmd::Request & [01;31m[Kreq[m[K, segway_msgs::ros_get_rotate_function_cfg_cmd::Response &res)
[2.010s]       |                                                                                 [01;31m[K^~~[m[K
[2.010s] 
[2.010s] [01m[K/home/parallels/ros2_ws/src/segway_ros2/segwayrmp/src/robot.cpp:564:130:[m[K [01;31m[Kerror: [m[Kâ€˜[01m[Ksegway_msgs::ros_get_rotate_function_cfg_cmd[m[Kâ€™ has not been declared
[2.010s]   564 | lback(segway_msgs::ros_get_rotate_function_cfg_cmd::Request & req, segway_msgs::[01;31m[Kros_get_rotate_function_cfg_cmd[m[K::Response &res)
[2.010s]       |                                                                                 [01;31m[K^~~~~~~~~~~~~~~~~~~~~~~~~~~~~~~[m[K
[2.011s] 
[2.015s] [01m[K/home/parallels/ros2_ws/src/segway_ros2/segwayrmp/src/robot.cpp:564:173:[m[K [01;31m[Kerror: [m[Kâ€˜[01m[Kres[m[Kâ€™ was not declared in this scope
[2.015s]   564 | nction_cfg_cmd::Request & req, segway_msgs::ros_get_rotate_function_cfg_cmd::Response &[01;31m[Kres[m[K)
[2.015s]       |                                                                                        [01;31m[K^~~[m[K
[2.015s] 
[2.015s] [01m[K/home/parallels/ros2_ws/src/segway_ros2/segwayrmp/src/robot.cpp:564:176:[m[K [01;31m[Kerror: [m[Kexpression list treated as compound expression in initializer [[01;31m[K]8;;https://gcc.gnu.org/onlinedocs/gcc/Warning-Options.html#index-fpermissive-fpermissive]8;;[m[K]
[2.015s]   564 | nction_cfg_cmd::Request & req, segway_msgs::ros_get_rotate_function_cfg_cmd::Response &res[01;31m[K)[m[K
[2.015s]       |                                                                                           [01;31m[K^[m[K
[2.015s] 
[2.015s] [01m[K/home/parallels/ros2_ws/src/segway_ros2/segwayrmp/src/robot.cpp:570:6:[m[K [01;31m[Kerror: [m[Kâ€˜[01m[Kbool robot::Chassis::ros_set_cfg_rotate_function_cmd_callback[m[Kâ€™ is not a static data member of â€˜[01m[Kclass robot::Chassis[m[Kâ€™
[2.015s]   570 | bool [01;31m[KChassis[m[K::ros_set_cfg_rotate_function_cmd_callback(segway_msgs::ros_set_cfg_rotate_function_cmd::Request & req, segway_msgs::ros_set_cfg_rotate_function_cmd::Response &res)
[2.015s]       |      [01;31m[K^~~~~~~[m[K
[2.015s] [01m[K/home/parallels/ros2_ws/src/segway_ros2/segwayrmp/src/robot.cpp:570:69:[m[K [01;31m[Kerror: [m[Kâ€˜[01m[Ksegway_msgs::ros_set_cfg_rotate_function_cmd[m[Kâ€™ has not been declared
[2.015s]   570 | bool Chassis::ros_set_cfg_rotate_function_cmd_callback(segway_msgs::[01;31m[Kros_set_cfg_rotate_function_cmd[m[K::Request & req, segway_msgs::ros_set_cfg_rotate_function_cmd::Response &res)
[2.015s]       |                                                                     [01;31m[K^~~~~~~~~~~~~~~~~~~~~~~~~~~~~~~[m[K
[2.018s] [01m[K/home/parallels/ros2_ws/src/segway_ros2/segwayrmp/src/robot.cpp:570:112:[m[K [01;31m[Kerror: [m[Kâ€˜[01m[Kreq[m[Kâ€™ was not declared in this scope
[2.018s]   570 | e_function_cmd_callback(segway_msgs::ros_set_cfg_rotate_function_cmd::Request & [01;31m[Kreq[m[K, segway_msgs::ros_set_cfg_rotate_function_cmd::Response &res)
[2.018s]       |                                                                                 [01;31m[K^~~[m[K
[2.018s] 
[2.018s] [01m[K/home/parallels/ros2_ws/src/segway_ros2/segwayrmp/src/robot.cpp:570:130:[m[K [01;31m[Kerror: [m[Kâ€˜[01m[Ksegway_msgs::ros_set_cfg_rotate_function_cmd[m[Kâ€™ has not been declared
[2.018s]   570 | lback(segway_msgs::ros_set_cfg_rotate_function_cmd::Request & req, segway_msgs::[01;31m[Kros_set_cfg_rotate_function_cmd[m[K::Response &res)
[2.018s]       |                                                                                 [01;31m[K^~~~~~~~~~~~~~~~~~~~~~~~~~~~~~~[m[K
[2.018s] 
[2.022s] [01m[K/home/parallels/ros2_ws/src/segway_ros2/segwayrmp/src/robot.cpp:570:173:[m[K [01;31m[Kerror: [m[Kâ€˜[01m[Kres[m[Kâ€™ was not declared in this scope
[2.022s]   570 | e_function_cmd::Request & req, segway_msgs::ros_set_cfg_rotate_function_cmd::Response &[01;31m[Kres[m[K)
[2.022s]       |                                                                                        [01;31m[K^~~[m[K
[2.022s] 
[2.022s] [01m[K/home/parallels/ros2_ws/src/segway_ros2/segwayrmp/src/robot.cpp:570:176:[m[K [01;31m[Kerror: [m[Kexpression list treated as compound expression in initializer [[01;31m[K]8;;https://gcc.gnu.org/onlinedocs/gcc/Warning-Options.html#index-fpermissive-fpermissive]8;;[m[K]
[2.022s]   570 | e_function_cmd::Request & req, segway_msgs::ros_set_cfg_rotate_function_cmd::Response &res[01;31m[K)[m[K
[2.022s]       |                                                                                           [01;31m[K^[m[K
[2.022s] 
[2.022s] [01m[K/home/parallels/ros2_ws/src/segway_ros2/segwayrmp/src/robot.cpp:581:6:[m[K [01;31m[Kerror: [m[Kâ€˜[01m[Kbool robot::Chassis::ros_get_host_and_chassis_match_cmd_callback[m[Kâ€™ is not a static data member of â€˜[01m[Kclass robot::Chassis[m[Kâ€™
[2.022s]   581 | bool [01;31m[KChassis[m[K::ros_get_host_and_chassis_match_cmd_callback(segway_msgs::ros_get_host_and_chassis_match_cmd::Request & req, segway_msgs::ros_get_host_and_chassis_match_cmd::Response &res)
[2.022s]       |      [01;31m[K^~~~~~~[m[K
[2.022s] [01m[K/home/parallels/ros2_ws/src/segway_ros2/segwayrmp/src/robot.cpp:581:72:[m[K [01;31m[Kerror: [m[Kâ€˜[01m[Ksegway_msgs::ros_get_host_and_chassis_match_cmd[m[Kâ€™ has not been declared
[2.022s]   581 | bool Chassis::ros_get_host_and_chassis_match_cmd_callback(segway_msgs::[01;31m[Kros_get_host_and_chassis_match_cmd[m[K::Request & req, segway_msgs::ros_get_host_and_chassis_match_cmd::Response &res)
[2.022s]       |                                                                        [01;31m[K^~~~~~~~~~~~~~~~~~~~~~~~~~~~~~~~~~[m[K
[2.025s] [01m[K/home/parallels/ros2_ws/src/segway_ros2/segwayrmp/src/robot.cpp:581:118:[m[K [01;31m[Kerror: [m[Kâ€˜[01m[Kreq[m[Kâ€™ was not declared in this scope
[2.025s]   581 | s_match_cmd_callback(segway_msgs::ros_get_host_and_chassis_match_cmd::Request & [01;31m[Kreq[m[K, segway_msgs::ros_get_host_and_chassis_match_cmd::Response &res)
[2.025s]       |                                                                                 [01;31m[K^~~[m[K
[2.025s] 
[2.025s] [01m[K/home/parallels/ros2_ws/src/segway_ros2/segwayrmp/src/robot.cpp:581:136:[m[K [01;31m[Kerror: [m[Kâ€˜[01m[Ksegway_msgs::ros_get_host_and_chassis_match_cmd[m[Kâ€™ has not been declared
[2.025s]   581 | ck(segway_msgs::ros_get_host_and_chassis_match_cmd::Request & req, segway_msgs::[01;31m[Kros_get_host_and_chassis_match_cmd[m[K::Response &res)
[2.026s]       |                                                                                 [01;31m[K^~~~~~~~~~~~~~~~~~~~~~~~~~~~~~~~~~[m[K
[2.026s] 
[2.029s] [01m[K/home/parallels/ros2_ws/src/segway_ros2/segwayrmp/src/robot.cpp:581:182:[m[K [01;31m[Kerror: [m[Kâ€˜[01m[Kres[m[Kâ€™ was not declared in this scope
[2.029s]   581 | s_match_cmd::Request & req, segway_msgs::ros_get_host_and_chassis_match_cmd::Response &[01;31m[Kres[m[K)
[2.029s]       |                                                                                        [01;31m[K^~~[m[K
[2.029s] 
[2.029s] [01m[K/home/parallels/ros2_ws/src/segway_ros2/segwayrmp/src/robot.cpp:581:185:[m[K [01;31m[Kerror: [m[Kexpression list treated as compound expression in initializer [[01;31m[K]8;;https://gcc.gnu.org/onlinedocs/gcc/Warning-Options.html#index-fpermissive-fpermissive]8;;[m[K]
[2.029s]   581 | s_match_cmd::Request & req, segway_msgs::ros_get_host_and_chassis_match_cmd::Response &res[01;31m[K)[m[K
[2.029s]       |                                                                                           [01;31m[K^[m[K
[2.029s] 
[2.029s] [01m[K/home/parallels/ros2_ws/src/segway_ros2/segwayrmp/src/robot.cpp:[m[K In static member function â€˜[01m[Kstatic void robot::Chassis::chassis_send_event_callback(int)[m[Kâ€™:
[2.029s] [01m[K/home/parallels/ros2_ws/src/segway_ros2/segwayrmp/src/robot.cpp:590:18:[m[K [01;31m[Kerror: [m[Kâ€˜[01m[Kchassis_send_event[m[Kâ€™ is not a member of â€˜[01m[Ksegway_msgs[m[Kâ€™
[2.029s]   590 |     segway_msgs::[01;31m[Kchassis_send_event[m[K chassis_send_event_srv;
[2.029s]       |                  [01;31m[K^~~~~~~~~~~~~~~~~~[m[K
[2.036s] [01m[K/home/parallels/ros2_ws/src/segway_ros2/segwayrmp/src/robot.cpp:592:5:[m[K [01;31m[Kerror: [m[Kâ€˜[01m[Kchassis_send_event_srv[m[Kâ€™ was not declared in this scope; did you mean â€˜[01m[Kchassis_send_event_srv_client[m[Kâ€™?
[2.036s]   592 |     [01;31m[Kchassis_send_event_srv[m[K.request.chassis_send_event_id = (int16_t)event_no;
[2.036s]       |     [01;31m[K^~~~~~~~~~~~~~~~~~~~~~[m[K
[2.036s]       |     [32m[Kchassis_send_event_srv_client[m[K
[2.036s] [01m[K/home/parallels/ros2_ws/src/segway_ros2/segwayrmp/src/robot.cpp:593:39:[m[K [01;31m[Kerror: [m[Kâ€˜[01m[Kusing SharedPtr = class std::shared_ptr<rclcpp::Client<segway_msgs::srv::ChassisSendEvent> >[m[Kâ€™ {aka â€˜[01m[Kclass std::shared_ptr<rclcpp::Client<segway_msgs::srv::ChassisSendEvent> >[m[Kâ€™} has no member named â€˜[01m[Kcall[m[Kâ€™
[2.036s]   593 |     if (chassis_send_event_srv_client.[01;31m[Kcall[m[K(chassis_send_event_srv))
[2.036s]       |                                       [01;31m[K^~~~[m[K
[2.041s] [01m[K/home/parallels/ros2_ws/src/segway_ros2/segwayrmp/src/robot.cpp:595:9:[m[K [01;31m[Kerror: [m[Kâ€˜[01m[KROS_INFO[m[Kâ€™ was not declared in this scope
[2.041s]   595 |         [01;31m[KROS_INFO[m[K("send chassis_send_event_srv, chassis_send_event_srv.request.chassis_send_event_id: %d", chassis_send_event_srv.request.chassis_send_event_id);
[2.041s]       |         [01;31m[K^~~~~~~~[m[K
[2.046s] [01m[K/home/parallels/ros2_ws/src/segway_ros2/segwayrmp/src/robot.cpp:600:9:[m[K [01;31m[Kerror: [m[Kâ€˜[01m[KROS_ERROR[m[Kâ€™ was not declared in this scope
[2.046s]   600 |         [01;31m[KROS_ERROR[m[K("Failed to call service chassis_send_event_srv");
[2.046s]       |         [01;31m[K^~~~~~~~~[m[K
[2.046s] [01m[K/home/parallels/ros2_ws/src/segway_ros2/segwayrmp/src/robot.cpp:[m[K In member function â€˜[01m[Kvoid robot::Chassis::PubOdomToRosOdom(Odometry)[m[Kâ€™:
[2.046s] [01m[K/home/parallels/ros2_ws/src/segway_ros2/segwayrmp/src/robot.cpp:623:14:[m[K [01;31m[Kerror: [m[Kâ€˜[01m[Kusing SharedPtr = class std::shared_ptr<rclcpp::Publisher<nav_msgs::msg::Odometry_<std::allocator<void> > > >[m[Kâ€™ {aka â€˜[01m[Kclass std::shared_ptr<rclcpp::Publisher<nav_msgs::msg::Odometry_<std::allocator<void> > > >[m[Kâ€™} has no member named â€˜[01m[Kpublish[m[Kâ€™
[2.046s]   623 |     Odom_pub.[01;31m[Kpublish[m[K(ROS_odom);
[2.046s]       |              [01;31m[K^~~~~~~[m[K
[2.047s] [01m[K/home/parallels/ros2_ws/src/segway_ros2/segwayrmp/src/robot.cpp:[m[K In member function â€˜[01m[Kvoid robot::Chassis::PubImuToRosImu()[m[Kâ€™:
[2.047s] [01m[K/home/parallels/ros2_ws/src/segway_ros2/segwayrmp/src/robot.cpp:629:20:[m[K [01;31m[Kerror: [m[Kâ€˜[01m[Kusing _header_type = struct std_msgs::msg::Header_<std::allocator<void> >[m[Kâ€™ {aka â€˜[01m[Kstruct std_msgs::msg::Header_<std::allocator<void> >[m[Kâ€™} has no member named â€˜[01m[Kseq[m[Kâ€™
[2.047s]   629 |     ros_imu.header.[01;31m[Kseq[m[K++;
[2.047s]       |                    [01;31m[K^~~[m[K
[2.047s] [01m[K/home/parallels/ros2_ws/src/segway_ros2/segwayrmp/src/robot.cpp:638:13:[m[K [01;31m[Kerror: [m[Kâ€˜[01m[Kusing SharedPtr = class std::shared_ptr<rclcpp::Publisher<sensor_msgs::msg::Imu_<std::allocator<void> > > >[m[Kâ€™ {aka â€˜[01m[Kclass std::shared_ptr<rclcpp::Publisher<sensor_msgs::msg::Imu_<std::allocator<void> > > >[m[Kâ€™} has no member named â€˜[01m[Kpublish[m[Kâ€™
[2.047s]   638 |     Imu_pub.[01;31m[Kpublish[m[K(ros_imu);
[2.047s]       |             [01;31m[K^~~~~~~[m[K
[2.047s] [01m[K/home/parallels/ros2_ws/src/segway_ros2/segwayrmp/src/robot.cpp:[m[K At global scope:
[2.047s] [01m[K/home/parallels/ros2_ws/src/segway_ros2/segwayrmp/src/robot.cpp:643:38:[m[K [01;31m[Kerror: [m[Kâ€˜[01m[Kros[m[Kâ€™ does not name a type
[2.047s]   643 | void Chassis::TimeUpdate1000Hz(const [01;31m[Kros[m[K::TimerEvent &event)
[2.047s]       |                                      [01;31m[K^~~[m[K
[2.047s] [01m[K/home/parallels/ros2_ws/src/segway_ros2/segwayrmp/src/robot.cpp:643:54:[m[K [01;31m[Kerror: [m[Kexpected unqualified-id before â€˜[01m[K&[m[Kâ€™ token
[2.047s]   643 | void Chassis::TimeUpdate1000Hz(const ros::TimerEvent [01;31m[K&[m[Kevent)
[2.047s]       |                                                      [01;31m[K^[m[K
[2.048s] [01m[K/home/parallels/ros2_ws/src/segway_ros2/segwayrmp/src/robot.cpp:643:53:[m[K [01;31m[Kerror: [m[Kexpected â€˜[01m[K)[m[Kâ€™ before â€˜[01m[K&[m[Kâ€™ token
[2.048s]   643 | void Chassis::TimeUpdate1000Hz[34m[K([m[Kconst ros::TimerEvent[01;31m[K [m[K[32m[K&[m[Kevent)
[2.048s]       |                               [34m[K~[m[K                     [01;31m[K^[m[K[32m[K~[m[K
[2.048s]       |                                                     [32m[K)[m[K
[2.048s] [01m[K/home/parallels/ros2_ws/src/segway_ros2/segwayrmp/src/robot.cpp:643:55:[m[K [01;31m[Kerror: [m[Kexpected initializer before â€˜[01m[Kevent[m[Kâ€™
[2.048s]   643 | void Chassis::TimeUpdate1000Hz(const ros::TimerEvent &[01;31m[Kevent[m[K)
[2.048s]       |                                                       [01;31m[K^~~~~[m[K
[2.048s] [01m[K/home/parallels/ros2_ws/src/segway_ros2/segwayrmp/src/robot.cpp:756:35:[m[K [01;31m[Kerror: [m[Kâ€˜[01m[Kros[m[Kâ€™ does not name a type
[2.048s]   756 | void Chassis::TimeUpdate1Hz(const [01;31m[Kros[m[K::TimerEvent &event)
[2.048s]       |                                   [01;31m[K^~~[m[K
[2.048s] [01m[K/home/parallels/ros2_ws/src/segway_ros2/segwayrmp/src/robot.cpp:756:51:[m[K [01;31m[Kerror: [m[Kexpected unqualified-id before â€˜[01m[K&[m[Kâ€™ token
[2.048s]   756 | void Chassis::TimeUpdate1Hz(const ros::TimerEvent [01;31m[K&[m[Kevent)
[2.048s]       |                                                   [01;31m[K^[m[K
[2.048s] [01m[K/home/parallels/ros2_ws/src/segway_ros2/segwayrmp/src/robot.cpp:756:50:[m[K [01;31m[Kerror: [m[Kexpected â€˜[01m[K)[m[Kâ€™ before â€˜[01m[K&[m[Kâ€™ token
[2.049s]   756 | void Chassis::TimeUpdate1Hz[34m[K([m[Kconst ros::TimerEvent[01;31m[K [m[K[32m[K&[m[Kevent)
[2.049s]       |                            [34m[K~[m[K                     [01;31m[K^[m[K[32m[K~[m[K
[2.049s]       |                                                  [32m[K)[m[K
[2.049s] [01m[K/home/parallels/ros2_ws/src/segway_ros2/segwayrmp/src/robot.cpp:756:52:[m[K [01;31m[Kerror: [m[Kexpected initializer before â€˜[01m[Kevent[m[Kâ€™
[2.049s]   756 | void Chassis::TimeUpdate1Hz(const ros::TimerEvent &[01;31m[Kevent[m[K)
[2.049s]       |                                                    [01;31m[K^~~~~[m[K
[3.531s] gmake[2]: *** [CMakeFiles/SmartCar.dir/build.make:90: CMakeFiles/SmartCar.dir/src/robot.cpp.o] Error 1
[3.532s] gmake[1]: *** [CMakeFiles/Makefile2:137: CMakeFiles/SmartCar.dir/all] Error 2
[3.532s] gmake: *** [Makefile:146: all] Error 2
[3.534s] Invoked command in '/home/parallels/ros2_ws/src/segway_ros2/build/segwayrmp' returned '2': AMENT_PREFIX_PATH=/home/parallels/ros2_ws/src/segway_ros2/install/segway_msgs:${AMENT_PREFIX_PATH} CMAKE_PREFIX_PATH=/home/parallels/ros2_ws/src/segway_ros2/install/segway_msgs LD_LIBRARY_PATH=/home/parallels/ros2_ws/src/segway_ros2/install/segway_msgs/lib:${LD_LIBRARY_PATH} PYTHONPATH=/home/parallels/ros2_ws/src/segway_ros2/install/segway_msgs/local/lib/python3.10/dist-packages:${PYTHONPATH} /usr/bin/cmake --build /home/parallels/ros2_ws/src/segway_ros2/build/segwayrmp -- -j4 -l4
