[0.006s] Invoking command in '/home/parallels/ros2_ws/src/segway_ros2/build/segwayrmp': AMENT_PREFIX_PATH=/home/parallels/ros2_ws/src/segway_ros2/install/segway_msgs:${AMENT_PREFIX_PATH} CMAKE_PREFIX_PATH=/home/parallels/ros2_ws/src/segway_ros2/install/segway_msgs LD_LIBRARY_PATH=/home/parallels/ros2_ws/src/segway_ros2/install/segway_msgs/lib:${LD_LIBRARY_PATH} PYTHONPATH=/home/parallels/ros2_ws/src/segway_ros2/install/segway_msgs/local/lib/python3.10/dist-packages:${PYTHONPATH} /usr/bin/cmake --build /home/parallels/ros2_ws/src/segway_ros2/build/segwayrmp -- -j4 -l4
[0.059s] [35m[1mConsolidate compiler generated dependencies of target SmartCar[0m
[0.087s] gmake[2]: *** No rule to make target '/home/parallels/ros2_ws/src/segway_ros2/segwayrmp/lib/libctrl_arm64-v8a.so', needed by 'SmartCar'.  Stop.
[0.087s] gmake[2]: *** Waiting for unfinished jobs....
[0.092s] [ 25%] [32mBuilding CXX object CMakeFiles/SmartCar.dir/src/SmartCar.cpp.o[0m
[0.092s] [ 50%] [32mBuilding CXX object CMakeFiles/SmartCar.dir/src/robot.cpp.o[0m
[1.483s] In file included from [01m[K/home/parallels/ros2_ws/src/segway_ros2/segwayrmp/include/Ge_encoder_odometry.h:14[m[K,
[1.483s]                  from [01m[K/home/parallels/ros2_ws/src/segway_ros2/segwayrmp/include/segwayrmp/robot.h:17[m[K,
[1.483s]                  from [01m[K/home/parallels/ros2_ws/src/segway_ros2/segwayrmp/src/SmartCar.cpp:2[m[K:
[1.483s] [01m[K/home/parallels/ros2_ws/src/segway_ros2/segwayrmp/include/Ge_encoder_sensordata.h:[m[K In member function â€˜[01m[KSensorData::BaseImu SensorData::BaseImu::Interpolation(int64_t, SensorData::BaseImu, SensorData::BaseImu)[m[Kâ€™:
[1.483s] [01m[K/home/parallels/ros2_ws/src/segway_ros2/segwayrmp/include/Ge_encoder_sensordata.h:29:58:[m[K [01;35m[Kwarning: [m[Kimplicitly-declared â€˜[01m[Kconstexpr SensorData::BaseImu::BaseImu(const SensorData::BaseImu&)[m[Kâ€™ is deprecated [[01;35m[K]8;;https://gcc.gnu.org/onlinedocs/gcc/Warning-Options.html#index-Wdeprecated-copy-Wdeprecated-copy]8;;[m[K]
[1.483s]    29 |             if(time_inter <= imu_before.TimeStamp)return [01;35m[Kimu_before[m[K;
[1.483s]       |                                                          [01;35m[K^~~~~~~~~~[m[K
[1.483s] In file included from [01m[K/home/parallels/ros2_ws/src/segway_ros2/segwayrmp/include/Ge_encoder_odometry.h:14[m[K,
[1.483s]                  from [01m[K/home/parallels/ros2_ws/src/segway_ros2/segwayrmp/include/segwayrmp/robot.h:17[m[K,
[1.483s]                  from [01m[K/home/parallels/ros2_ws/src/segway_ros2/segwayrmp/src/robot.cpp:1[m[K:
[1.483s] [01m[K/home/parallels/ros2_ws/src/segway_ros2/segwayrmp/include/Ge_encoder_sensordata.h:[m[K In member function â€˜[01m[KSensorData::BaseImu SensorData::BaseImu::Interpolation(int64_t, SensorData::BaseImu, SensorData::BaseImu)[m[Kâ€™:
[1.483s] [01m[K/home/parallels/ros2_ws/src/segway_ros2/segwayrmp/include/Ge_encoder_sensordata.h:29:58:[m[K [01;35m[Kwarning: [m[Kimplicitly-declared â€˜[01m[Kconstexpr SensorData::BaseImu::BaseImu(const SensorData::BaseImu&)[m[Kâ€™ is deprecated [[01;35m[K]8;;https://gcc.gnu.org/onlinedocs/gcc/Warning-Options.html#index-Wdeprecated-copy-Wdeprecated-copy]8;;[m[K]
[1.483s]    29 |             if(time_inter <= imu_before.TimeStamp)return [01;35m[Kimu_before[m[K;
[1.483s]       |                                                          [01;35m[K^~~~~~~~~~[m[K
[1.483s] [01m[K/home/parallels/ros2_ws/src/segway_ros2/segwayrmp/include/Ge_encoder_sensordata.h:17:18:[m[K [01;36m[Knote: [m[Kbecause â€˜[01m[KSensorData::BaseImu[m[Kâ€™ has user-provided â€˜[01m[KSensorData::BaseImu& SensorData::BaseImu::operator=(SensorData::BaseImu&)[m[Kâ€™
[1.483s]    17 |         BaseImu& [01;36m[Koperator[m[K=(BaseImu& other)
[1.484s]       |                  [01;36m[K^~~~~~~~[m[K
[1.484s] [01m[K/home/parallels/ros2_ws/src/segway_ros2/segwayrmp/include/Ge_encoder_sensordata.h:17:18:[m[K [01;36m[Knote: [m[Kbecause â€˜[01m[KSensorData::BaseImu[m[Kâ€™ has user-provided â€˜[01m[KSensorData::BaseImu& SensorData::BaseImu::operator=(SensorData::BaseImu&)[m[Kâ€™
[1.484s]    17 |         BaseImu& [01;36m[Koperator[m[K=(BaseImu& other)
[1.484s]       |                  [01;36m[K^~~~~~~~[m[K
[1.484s] [01m[K/home/parallels/ros2_ws/src/segway_ros2/segwayrmp/include/Ge_encoder_sensordata.h:30:57:[m[K [01;35m[Kwarning: [m[Kimplicitly-declared â€˜[01m[Kconstexpr SensorData::BaseImu::BaseImu(const SensorData::BaseImu&)[m[Kâ€™ is deprecated [[01;35m[K]8;;https://gcc.gnu.org/onlinedocs/gcc/Warning-Options.html#index-Wdeprecated-copy-Wdeprecated-copy]8;;[m[K]
[1.484s]    30 |             if(time_inter >= imu_after.TimeStamp)return [01;35m[Kimu_after[m[K;
[1.484s]       |                                                         [01;35m[K^~~~~~~~~[m[K
[1.484s] [01m[K/home/parallels/ros2_ws/src/segway_ros2/segwayrmp/include/Ge_encoder_sensordata.h:30:57:[m[K [01;35m[Kwarning: [m[Kimplicitly-declared â€˜[01m[Kconstexpr SensorData::BaseImu::BaseImu(const SensorData::BaseImu&)[m[Kâ€™ is deprecated [[01;35m[K]8;;https://gcc.gnu.org/onlinedocs/gcc/Warning-Options.html#index-Wdeprecated-copy-Wdeprecated-copy]8;;[m[K]
[1.484s]    30 |             if(time_inter >= imu_after.TimeStamp)return [01;35m[Kimu_after[m[K;
[1.484s]       |                                                         [01;35m[K^~~~~~~~~[m[K
[1.484s] [01m[K/home/parallels/ros2_ws/src/segway_ros2/segwayrmp/include/Ge_encoder_sensordata.h:17:18:[m[K [01;36m[Knote: [m[Kbecause â€˜[01m[KSensorData::BaseImu[m[Kâ€™ has user-provided â€˜[01m[KSensorData::BaseImu& SensorData::BaseImu::operator=(SensorData::BaseImu&)[m[Kâ€™
[1.484s]    17 |         BaseImu& [01;36m[Koperator[m[K=(BaseImu& other)
[1.484s]       |                  [01;36m[K^~~~~~~~[m[K
[1.484s] [01m[K/home/parallels/ros2_ws/src/segway_ros2/segwayrmp/include/Ge_encoder_sensordata.h:17:18:[m[K [01;36m[Knote: [m[Kbecause â€˜[01m[KSensorData::BaseImu[m[Kâ€™ has user-provided â€˜[01m[KSensorData::BaseImu& SensorData::BaseImu::operator=(SensorData::BaseImu&)[m[Kâ€™
[1.484s]    17 |         BaseImu& [01;36m[Koperator[m[K=(BaseImu& other)
[1.484s]       |                  [01;36m[K^~~~~~~~[m[K
[1.484s] [01m[K/home/parallels/ros2_ws/src/segway_ros2/segwayrmp/include/Ge_encoder_sensordata.h:31:67:[m[K [01;35m[Kwarning: [m[Kimplicitly-declared â€˜[01m[Kconstexpr SensorData::BaseImu::BaseImu(const SensorData::BaseImu&)[m[Kâ€™ is deprecated [[01;35m[K]8;;https://gcc.gnu.org/onlinedocs/gcc/Warning-Options.html#index-Wdeprecated-copy-Wdeprecated-copy]8;;[m[K]
[1.484s]    31 |             if(imu_before.TimeStamp == imu_after.TimeStamp)return [01;35m[Kimu_before[m[K;
[1.484s]       |                                                                   [01;35m[K^~~~~~~~~~[m[K
[1.484s] [01m[K/home/parallels/ros2_ws/src/segway_ros2/segwayrmp/include/Ge_encoder_sensordata.h:31:67:[m[K [01;35m[Kwarning: [m[Kimplicitly-declared â€˜[01m[Kconstexpr SensorData::BaseImu::BaseImu(const SensorData::BaseImu&)[m[Kâ€™ is deprecated [[01;35m[K]8;;https://gcc.gnu.org/onlinedocs/gcc/Warning-Options.html#index-Wdeprecated-copy-Wdeprecated-copy]8;;[m[K]
[1.484s]    31 |             if(imu_before.TimeStamp == imu_after.TimeStamp)return [01;35m[Kimu_before[m[K;
[1.484s]       |                                                                   [01;35m[K^~~~~~~~~~[m[K
[1.484s] [01m[K/home/parallels/ros2_ws/src/segway_ros2/segwayrmp/include/Ge_encoder_sensordata.h:17:18:[m[K [01;36m[Knote: [m[Kbecause â€˜[01m[KSensorData::BaseImu[m[Kâ€™ has user-provided â€˜[01m[KSensorData::BaseImu& SensorData::BaseImu::operator=(SensorData::BaseImu&)[m[Kâ€™
[1.484s]    17 |         BaseImu& [01;36m[Koperator[m[K=(BaseImu& other)
[1.484s]       |                  [01;36m[K^~~~~~~~[m[K
[1.484s] [01m[K/home/parallels/ros2_ws/src/segway_ros2/segwayrmp/include/Ge_encoder_sensordata.h:17:18:[m[K [01;36m[Knote: [m[Kbecause â€˜[01m[KSensorData::BaseImu[m[Kâ€™ has user-provided â€˜[01m[KSensorData::BaseImu& SensorData::BaseImu::operator=(SensorData::BaseImu&)[m[Kâ€™
[1.484s]    17 |         BaseImu& [01;36m[Koperator[m[K=(BaseImu& other)
[1.484s]       |                  [01;36m[K^~~~~~~~[m[K
[1.484s] [01m[K/home/parallels/ros2_ws/src/segway_ros2/segwayrmp/include/Ge_encoder_sensordata.h:38:20:[m[K [01;35m[Kwarning: [m[Kimplicitly-declared â€˜[01m[Kconstexpr SensorData::BaseImu::BaseImu(const SensorData::BaseImu&)[m[Kâ€™ is deprecated [[01;35m[K]8;;https://gcc.gnu.org/onlinedocs/gcc/Warning-Options.html#index-Wdeprecated-copy-Wdeprecated-copy]8;;[m[K]
[1.484s]    38 |             return [01;35m[Kres[m[K;
[1.484s]       |                    [01;35m[K^~~[m[K
[1.484s] [01m[K/home/parallels/ros2_ws/src/segway_ros2/segwayrmp/include/Ge_encoder_sensordata.h:38:20:[m[K [01;35m[Kwarning: [m[Kimplicitly-declared â€˜[01m[Kconstexpr SensorData::BaseImu::BaseImu(const SensorData::BaseImu&)[m[Kâ€™ is deprecated [[01;35m[K]8;;https://gcc.gnu.org/onlinedocs/gcc/Warning-Options.html#index-Wdeprecated-copy-Wdeprecated-copy]8;;[m[K]
[1.485s]    38 |             return [01;35m[Kres[m[K;
[1.485s]       |                    [01;35m[K^~~[m[K
[1.485s] [01m[K/home/parallels/ros2_ws/src/segway_ros2/segwayrmp/include/Ge_encoder_sensordata.h:17:18:[m[K [01;36m[Knote: [m[Kbecause â€˜[01m[KSensorData::BaseImu[m[Kâ€™ has user-provided â€˜[01m[KSensorData::BaseImu& SensorData::BaseImu::operator=(SensorData::BaseImu&)[m[Kâ€™
[1.485s]    17 |         BaseImu& [01;36m[Koperator[m[K=(BaseImu& other)
[1.485s]       |                  [01;36m[K^~~~~~~~[m[K
[1.485s] [01m[K/home/parallels/ros2_ws/src/segway_ros2/segwayrmp/include/Ge_encoder_sensordata.h:17:18:[m[K [01;36m[Knote: [m[Kbecause â€˜[01m[KSensorData::BaseImu[m[Kâ€™ has user-provided â€˜[01m[KSensorData::BaseImu& SensorData::BaseImu::operator=(SensorData::BaseImu&)[m[Kâ€™
[1.485s]    17 |         BaseImu& [01;36m[Koperator[m[K=(BaseImu& other)
[1.485s]       |                  [01;36m[K^~~~~~~~[m[K
[1.486s] In file included from [01m[K/home/parallels/ros2_ws/src/segway_ros2/segwayrmp/include/segwayrmp/robot.h:17[m[K,
[1.486s]                  from [01m[K/home/parallels/ros2_ws/src/segway_ros2/segwayrmp/src/robot.cpp:1[m[K:
[1.486s] [01m[K/home/parallels/ros2_ws/src/segway_ros2/segwayrmp/include/Ge_encoder_odometry.h:[m[K In member function â€˜[01m[KSensorData::BaseImu ImuRecord::getAverageImu(int64_t)[m[Kâ€™:
[1.486s] [01m[K/home/parallels/ros2_ws/src/segway_ros2/segwayrmp/include/Ge_encoder_odometry.h:29:38:[m[K [01;35m[Kwarning: [m[Kimplicitly-declared â€˜[01m[Kconstexpr SensorData::BaseImu::BaseImu(const SensorData::BaseImu&)[m[Kâ€™ is deprecated [[01;35m[K]8;;https://gcc.gnu.org/onlinedocs/gcc/Warning-Options.html#index-Wdeprecated-copy-Wdeprecated-copy]8;;[m[K]
[1.486s]    29 |     SensorData::BaseImu imu_after = *[01;35m[Ki[m[K;
[1.486s]       |                                      [01;35m[K^[m[K
[1.486s] In file included from [01m[K/home/parallels/ros2_ws/src/segway_ros2/segwayrmp/include/segwayrmp/robot.h:17[m[K,
[1.486s]                  from [01m[K/home/parallels/ros2_ws/src/segway_ros2/segwayrmp/src/SmartCar.cpp:2[m[K:
[1.486s] [01m[K/home/parallels/ros2_ws/src/segway_ros2/segwayrmp/include/Ge_encoder_odometry.h:[m[K In member function â€˜[01m[KSensorData::BaseImu ImuRecord::getAverageImu(int64_t)[m[Kâ€™:
[1.486s] [01m[K/home/parallels/ros2_ws/src/segway_ros2/segwayrmp/include/Ge_encoder_odometry.h:29:38:[m[K [01;35m[Kwarning: [m[Kimplicitly-declared â€˜[01m[Kconstexpr SensorData::BaseImu::BaseImu(const SensorData::BaseImu&)[m[Kâ€™ is deprecated [[01;35m[K]8;;https://gcc.gnu.org/onlinedocs/gcc/Warning-Options.html#index-Wdeprecated-copy-Wdeprecated-copy]8;;[m[K]
[1.486s]    29 |     SensorData::BaseImu imu_after = *[01;35m[Ki[m[K;
[1.486s]       |                                      [01;35m[K^[m[K
[1.486s] In file included from [01m[K/home/parallels/ros2_ws/src/segway_ros2/segwayrmp/include/Ge_encoder_odometry.h:14[m[K,
[1.486s]                  from [01m[K/home/parallels/ros2_ws/src/segway_ros2/segwayrmp/include/segwayrmp/robot.h:17[m[K,
[1.486s]                  from [01m[K/home/parallels/ros2_ws/src/segway_ros2/segwayrmp/src/robot.cpp:1[m[K:
[1.486s] [01m[K/home/parallels/ros2_ws/src/segway_ros2/segwayrmp/include/Ge_encoder_sensordata.h:17:18:[m[K [01;36m[Knote: [m[Kbecause â€˜[01m[KSensorData::BaseImu[m[Kâ€™ has user-provided â€˜[01m[KSensorData::BaseImu& SensorData::BaseImu::operator=(SensorData::BaseImu&)[m[Kâ€™
[1.486s]    17 |         BaseImu& [01;36m[Koperator[m[K=(BaseImu& other)
[1.486s]       |                  [01;36m[K^~~~~~~~[m[K
[1.486s] In file included from [01m[K/home/parallels/ros2_ws/src/segway_ros2/segwayrmp/include/Ge_encoder_odometry.h:14[m[K,
[1.486s]                  from [01m[K/home/parallels/ros2_ws/src/segway_ros2/segwayrmp/include/segwayrmp/robot.h:17[m[K,
[1.486s]                  from [01m[K/home/parallels/ros2_ws/src/segway_ros2/segwayrmp/src/SmartCar.cpp:2[m[K:
[1.486s] [01m[K/home/parallels/ros2_ws/src/segway_ros2/segwayrmp/include/Ge_encoder_sensordata.h:17:18:[m[K [01;36m[Knote: [m[Kbecause â€˜[01m[KSensorData::BaseImu[m[Kâ€™ has user-provided â€˜[01m[KSensorData::BaseImu& SensorData::BaseImu::operator=(SensorData::BaseImu&)[m[Kâ€™
[1.486s]    17 |         BaseImu& [01;36m[Koperator[m[K=(BaseImu& other)
[1.486s]       |                  [01;36m[K^~~~~~~~[m[K
[1.486s] In file included from [01m[K/home/parallels/ros2_ws/src/segway_ros2/segwayrmp/include/segwayrmp/robot.h:17[m[K,
[1.486s]                  from [01m[K/home/parallels/ros2_ws/src/segway_ros2/segwayrmp/src/SmartCar.cpp:2[m[K:
[1.486s] [01m[K/home/parallels/ros2_ws/src/segway_ros2/segwayrmp/include/Ge_encoder_odometry.h:39:55:[m[K [01;35m[Kwarning: [m[Kimplicitly-declared â€˜[01m[Kconstexpr SensorData::BaseImu::BaseImu(const SensorData::BaseImu&)[m[Kâ€™ is deprecated [[01;35m[K]8;;https://gcc.gnu.org/onlinedocs/gcc/Warning-Options.html#index-Wdeprecated-copy-Wdeprecated-copy]8;;[m[K]
[1.486s]    39 |       SensorData::BaseImu imu_suanz = [01;35m[Ki->Interpolation(ts, *i, *j)[m[K;
[1.486s]       |                                       [01;35m[K~~~~~~~~~~~~~~~~^~~~~~~~~~~~[m[K
[1.486s] In file included from [01m[K/home/parallels/ros2_ws/src/segway_ros2/segwayrmp/include/segwayrmp/robot.h:17[m[K,
[1.486s]                  from [01m[K/home/parallels/ros2_ws/src/segway_ros2/segwayrmp/src/robot.cpp:1[m[K:
[1.487s] [01m[K/home/parallels/ros2_ws/src/segway_ros2/segwayrmp/include/Ge_encoder_odometry.h:39:55:[m[K [01;35m[Kwarning: [m[Kimplicitly-declared â€˜[01m[Kconstexpr SensorData::BaseImu::BaseImu(const SensorData::BaseImu&)[m[Kâ€™ is deprecated [[01;35m[K]8;;https://gcc.gnu.org/onlinedocs/gcc/Warning-Options.html#index-Wdeprecated-copy-Wdeprecated-copy]8;;[m[K]
[1.487s]    39 |       SensorData::BaseImu imu_suanz = [01;35m[Ki->Interpolation(ts, *i, *j)[m[K;
[1.487s]       |                                       [01;35m[K~~~~~~~~~~~~~~~~^~~~~~~~~~~~[m[K
[1.487s] In file included from [01m[K/home/parallels/ros2_ws/src/segway_ros2/segwayrmp/include/Ge_encoder_odometry.h:14[m[K,
[1.487s]                  from [01m[K/home/parallels/ros2_ws/src/segway_ros2/segwayrmp/include/segwayrmp/robot.h:17[m[K,
[1.487s]                  from [01m[K/home/parallels/ros2_ws/src/segway_ros2/segwayrmp/src/SmartCar.cpp:2[m[K:
[1.487s] [01m[K/home/parallels/ros2_ws/src/segway_ros2/segwayrmp/include/Ge_encoder_sensordata.h:17:18:[m[K [01;36m[Knote: [m[Kbecause â€˜[01m[KSensorData::BaseImu[m[Kâ€™ has user-provided â€˜[01m[KSensorData::BaseImu& SensorData::BaseImu::operator=(SensorData::BaseImu&)[m[Kâ€™
[1.487s]    17 |         BaseImu& [01;36m[Koperator[m[K=(BaseImu& other)
[1.487s]       |                  [01;36m[K^~~~~~~~[m[K
[1.487s] In file included from [01m[K/home/parallels/ros2_ws/src/segway_ros2/segwayrmp/include/Ge_encoder_odometry.h:14[m[K,
[1.487s]                  from [01m[K/home/parallels/ros2_ws/src/segway_ros2/segwayrmp/include/segwayrmp/robot.h:17[m[K,
[1.487s]                  from [01m[K/home/parallels/ros2_ws/src/segway_ros2/segwayrmp/src/robot.cpp:1[m[K:
[1.487s] [01m[K/home/parallels/ros2_ws/src/segway_ros2/segwayrmp/include/Ge_encoder_sensordata.h:17:18:[m[K [01;36m[Knote: [m[Kbecause â€˜[01m[KSensorData::BaseImu[m[Kâ€™ has user-provided â€˜[01m[KSensorData::BaseImu& SensorData::BaseImu::operator=(SensorData::BaseImu&)[m[Kâ€™
[1.487s]    17 |         BaseImu& [01;36m[Koperator[m[K=(BaseImu& other)
[1.487s]       |                  [01;36m[K^~~~~~~~[m[K
[1.487s] [01m[K/home/parallels/ros2_ws/src/segway_ros2/segwayrmp/include/Ge_encoder_sensordata.h:26:59:[m[K [01;36m[Knote: [m[K  initializing argument 2 of â€˜[01m[KSensorData::BaseImu SensorData::BaseImu::Interpolation(int64_t, SensorData::BaseImu, SensorData::BaseImu)[m[Kâ€™
[1.487s]    26 |         BaseImu Interpolation(int64_t time_inter, [01;36m[KBaseImu imu_before[m[K, BaseImu imu_after){
[1.487s]       |                                                   [01;36m[K~~~~~~~~^~~~~~~~~~[m[K
[1.487s] [01m[K/home/parallels/ros2_ws/src/segway_ros2/segwayrmp/include/Ge_encoder_sensordata.h:26:59:[m[K [01;36m[Knote: [m[K  initializing argument 2 of â€˜[01m[KSensorData::BaseImu SensorData::BaseImu::Interpolation(int64_t, SensorData::BaseImu, SensorData::BaseImu)[m[Kâ€™
[1.487s]    26 |         BaseImu Interpolation(int64_t time_inter, [01;36m[KBaseImu imu_before[m[K, BaseImu imu_after){
[1.487s]       |                                                   [01;36m[K~~~~~~~~^~~~~~~~~~[m[K
[1.487s] In file included from [01m[K/home/parallels/ros2_ws/src/segway_ros2/segwayrmp/include/segwayrmp/robot.h:17[m[K,
[1.487s]                  from [01m[K/home/parallels/ros2_ws/src/segway_ros2/segwayrmp/src/SmartCar.cpp:2[m[K:
[1.487s] [01m[K/home/parallels/ros2_ws/src/segway_ros2/segwayrmp/include/Ge_encoder_odometry.h:39:55:[m[K [01;35m[Kwarning: [m[Kimplicitly-declared â€˜[01m[Kconstexpr SensorData::BaseImu::BaseImu(const SensorData::BaseImu&)[m[Kâ€™ is deprecated [[01;35m[K]8;;https://gcc.gnu.org/onlinedocs/gcc/Warning-Options.html#index-Wdeprecated-copy-Wdeprecated-copy]8;;[m[K]
[1.487s]    39 |       SensorData::BaseImu imu_suanz = [01;35m[Ki->Interpolation(ts, *i, *j)[m[K;
[1.487s]       |                                       [01;35m[K~~~~~~~~~~~~~~~~^~~~~~~~~~~~[m[K
[1.487s] In file included from [01m[K/home/parallels/ros2_ws/src/segway_ros2/segwayrmp/include/segwayrmp/robot.h:17[m[K,
[1.487s]                  from [01m[K/home/parallels/ros2_ws/src/segway_ros2/segwayrmp/src/robot.cpp:1[m[K:
[1.487s] [01m[K/home/parallels/ros2_ws/src/segway_ros2/segwayrmp/include/Ge_encoder_odometry.h:39:55:[m[K [01;35m[Kwarning: [m[Kimplicitly-declared â€˜[01m[Kconstexpr SensorData::BaseImu::BaseImu(const SensorData::BaseImu&)[m[Kâ€™ is deprecated [[01;35m[K]8;;https://gcc.gnu.org/onlinedocs/gcc/Warning-Options.html#index-Wdeprecated-copy-Wdeprecated-copy]8;;[m[K]
[1.487s]    39 |       SensorData::BaseImu imu_suanz = [01;35m[Ki->Interpolation(ts, *i, *j)[m[K;
[1.487s]       |                                       [01;35m[K~~~~~~~~~~~~~~~~^~~~~~~~~~~~[m[K
[1.487s] In file included from [01m[K/home/parallels/ros2_ws/src/segway_ros2/segwayrmp/include/Ge_encoder_odometry.h:14[m[K,
[1.487s]                  from [01m[K/home/parallels/ros2_ws/src/segway_ros2/segwayrmp/include/segwayrmp/robot.h:17[m[K,
[1.487s]                  from [01m[K/home/parallels/ros2_ws/src/segway_ros2/segwayrmp/src/SmartCar.cpp:2[m[K:
[1.487s] [01m[K/home/parallels/ros2_ws/src/segway_ros2/segwayrmp/include/Ge_encoder_sensordata.h:17:18:[m[K [01;36m[Knote: [m[Kbecause â€˜[01m[KSensorData::BaseImu[m[Kâ€™ has user-provided â€˜[01m[KSensorData::BaseImu& SensorData::BaseImu::operator=(SensorData::BaseImu&)[m[Kâ€™
[1.487s]    17 |         BaseImu& [01;36m[Koperator[m[K=(BaseImu& other)
[1.487s]       |                  [01;36m[K^~~~~~~~[m[K
[1.488s] In file included from [01m[K/home/parallels/ros2_ws/src/segway_ros2/segwayrmp/include/Ge_encoder_odometry.h:14[m[K,
[1.488s]                  from [01m[K/home/parallels/ros2_ws/src/segway_ros2/segwayrmp/include/segwayrmp/robot.h:17[m[K,
[1.488s]                  from [01m[K/home/parallels/ros2_ws/src/segway_ros2/segwayrmp/src/robot.cpp:1[m[K:
[1.488s] [01m[K/home/parallels/ros2_ws/src/segway_ros2/segwayrmp/include/Ge_encoder_sensordata.h:17:18:[m[K [01;36m[Knote: [m[Kbecause â€˜[01m[KSensorData::BaseImu[m[Kâ€™ has user-provided â€˜[01m[KSensorData::BaseImu& SensorData::BaseImu::operator=(SensorData::BaseImu&)[m[Kâ€™
[1.488s]    17 |         BaseImu& [01;36m[Koperator[m[K=(BaseImu& other)
[1.488s]       |                  [01;36m[K^~~~~~~~[m[K
[1.488s] [01m[K/home/parallels/ros2_ws/src/segway_ros2/segwayrmp/include/Ge_encoder_sensordata.h:26:79:[m[K [01;36m[Knote: [m[K  initializing argument 3 of â€˜[01m[KSensorData::BaseImu SensorData::BaseImu::Interpolation(int64_t, SensorData::BaseImu, SensorData::BaseImu)[m[Kâ€™
[1.488s]    26 |         BaseImu Interpolation(int64_t time_inter, BaseImu imu_before, [01;36m[KBaseImu imu_after[m[K){
[1.488s]       |                                                                       [01;36m[K~~~~~~~~^~~~~~~~~[m[K
[1.488s] [01m[K/home/parallels/ros2_ws/src/segway_ros2/segwayrmp/include/Ge_encoder_sensordata.h:26:79:[m[K [01;36m[Knote: [m[K  initializing argument 3 of â€˜[01m[KSensorData::BaseImu SensorData::BaseImu::Interpolation(int64_t, SensorData::BaseImu, SensorData::BaseImu)[m[Kâ€™
[1.488s]    26 |         BaseImu Interpolation(int64_t time_inter, BaseImu imu_before, [01;36m[KBaseImu imu_after[m[K){
[1.488s]       |                                                                       [01;36m[K~~~~~~~~^~~~~~~~~[m[K
[1.488s] In file included from [01m[K/home/parallels/ros2_ws/src/segway_ros2/segwayrmp/include/segwayrmp/robot.h:17[m[K,
[1.488s]                  from [01m[K/home/parallels/ros2_ws/src/segway_ros2/segwayrmp/src/SmartCar.cpp:2[m[K:
[1.488s] [01m[K/home/parallels/ros2_ws/src/segway_ros2/segwayrmp/include/Ge_encoder_odometry.h:44:49:[m[K [01;35m[Kwarning: [m[Kimplicitly-declared â€˜[01m[Kconstexpr SensorData::BaseImu::BaseImu(const SensorData::BaseImu&)[m[Kâ€™ is deprecated [[01;35m[K]8;;https://gcc.gnu.org/onlinedocs/gcc/Warning-Options.html#index-Wdeprecated-copy-Wdeprecated-copy]8;;[m[K]
[1.488s]    44 |     if (time_gap_ == 0) return imu_buffer_.back([01;35m[K)[m[K;
[1.488s]       |                                                 [01;35m[K^[m[K
[1.488s] In file included from [01m[K/home/parallels/ros2_ws/src/segway_ros2/segwayrmp/include/segwayrmp/robot.h:17[m[K,
[1.488s]                  from [01m[K/home/parallels/ros2_ws/src/segway_ros2/segwayrmp/src/robot.cpp:1[m[K:
[1.488s] [01m[K/home/parallels/ros2_ws/src/segway_ros2/segwayrmp/include/Ge_encoder_odometry.h:44:49:[m[K [01;35m[Kwarning: [m[Kimplicitly-declared â€˜[01m[Kconstexpr SensorData::BaseImu::BaseImu(const SensorData::BaseImu&)[m[Kâ€™ is deprecated [[01;35m[K]8;;https://gcc.gnu.org/onlinedocs/gcc/Warning-Options.html#index-Wdeprecated-copy-Wdeprecated-copy]8;;[m[K]
[1.488s]    44 |     if (time_gap_ == 0) return imu_buffer_.back([01;35m[K)[m[K;
[1.488s]       |                                                 [01;35m[K^[m[K
[1.488s] In file included from [01m[K/home/parallels/ros2_ws/src/segway_ros2/segwayrmp/include/Ge_encoder_odometry.h:14[m[K,
[1.488s]                  from [01m[K/home/parallels/ros2_ws/src/segway_ros2/segwayrmp/include/segwayrmp/robot.h:17[m[K,
[1.488s]                  from [01m[K/home/parallels/ros2_ws/src/segway_ros2/segwayrmp/src/SmartCar.cpp:2[m[K:
[1.488s] [01m[K/home/parallels/ros2_ws/src/segway_ros2/segwayrmp/include/Ge_encoder_sensordata.h:17:18:[m[K [01;36m[Knote: [m[Kbecause â€˜[01m[KSensorData::BaseImu[m[Kâ€™ has user-provided â€˜[01m[KSensorData::BaseImu& SensorData::BaseImu::operator=(SensorData::BaseImu&)[m[Kâ€™
[1.488s]    17 |         BaseImu& [01;36m[Koperator[m[K=(BaseImu& other)
[1.488s]       |                  [01;36m[K^~~~~~~~[m[K
[1.488s] In file included from [01m[K/home/parallels/ros2_ws/src/segway_ros2/segwayrmp/include/Ge_encoder_odometry.h:14[m[K,
[1.488s]                  from [01m[K/home/parallels/ros2_ws/src/segway_ros2/segwayrmp/include/segwayrmp/robot.h:17[m[K,
[1.488s]                  from [01m[K/home/parallels/ros2_ws/src/segway_ros2/segwayrmp/src/robot.cpp:1[m[K:
[1.488s] [01m[K/home/parallels/ros2_ws/src/segway_ros2/segwayrmp/include/Ge_encoder_sensordata.h:17:18:[m[K [01;36m[Knote: [m[Kbecause â€˜[01m[KSensorData::BaseImu[m[Kâ€™ has user-provided â€˜[01m[KSensorData::BaseImu& SensorData::BaseImu::operator=(SensorData::BaseImu&)[m[Kâ€™
[1.488s]    17 |         BaseImu& [01;36m[Koperator[m[K=(BaseImu& other)
[1.488s]       |                  [01;36m[K^~~~~~~~[m[K
[1.488s] In file included from [01m[K/home/parallels/ros2_ws/src/segway_ros2/segwayrmp/include/segwayrmp/robot.h:17[m[K,
[1.489s]                  from [01m[K/home/parallels/ros2_ws/src/segway_ros2/segwayrmp/src/SmartCar.cpp:2[m[K:
[1.489s] [01m[K/home/parallels/ros2_ws/src/segway_ros2/segwayrmp/include/Ge_encoder_odometry.h:48:12:[m[K [01;35m[Kwarning: [m[Kimplicitly-declared â€˜[01m[Kconstexpr SensorData::BaseImu::BaseImu(const SensorData::BaseImu&)[m[Kâ€™ is deprecated [[01;35m[K]8;;https://gcc.gnu.org/onlinedocs/gcc/Warning-Options.html#index-Wdeprecated-copy-Wdeprecated-copy]8;;[m[K]
[1.489s]    48 |     return [01;35m[Kres_imu[m[K;
[1.489s]       |            [01;35m[K^~~~~~~[m[K
[1.489s] In file included from [01m[K/home/parallels/ros2_ws/src/segway_ros2/segwayrmp/include/segwayrmp/robot.h:17[m[K,
[1.489s]                  from [01m[K/home/parallels/ros2_ws/src/segway_ros2/segwayrmp/src/robot.cpp:1[m[K:
[1.489s] [01m[K/home/parallels/ros2_ws/src/segway_ros2/segwayrmp/include/Ge_encoder_odometry.h:48:12:[m[K [01;35m[Kwarning: [m[Kimplicitly-declared â€˜[01m[Kconstexpr SensorData::BaseImu::BaseImu(const SensorData::BaseImu&)[m[Kâ€™ is deprecated [[01;35m[K]8;;https://gcc.gnu.org/onlinedocs/gcc/Warning-Options.html#index-Wdeprecated-copy-Wdeprecated-copy]8;;[m[K]
[1.489s]    48 |     return [01;35m[Kres_imu[m[K;
[1.489s]       |            [01;35m[K^~~~~~~[m[K
[1.489s] In file included from [01m[K/home/parallels/ros2_ws/src/segway_ros2/segwayrmp/include/Ge_encoder_odometry.h:14[m[K,
[1.489s]                  from [01m[K/home/parallels/ros2_ws/src/segway_ros2/segwayrmp/include/segwayrmp/robot.h:17[m[K,
[1.489s]                  from [01m[K/home/parallels/ros2_ws/src/segway_ros2/segwayrmp/src/SmartCar.cpp:2[m[K:
[1.489s] [01m[K/home/parallels/ros2_ws/src/segway_ros2/segwayrmp/include/Ge_encoder_sensordata.h:17:18:[m[K [01;36m[Knote: [m[Kbecause â€˜[01m[KSensorData::BaseImu[m[Kâ€™ has user-provided â€˜[01m[KSensorData::BaseImu& SensorData::BaseImu::operator=(SensorData::BaseImu&)[m[Kâ€™
[1.489s]    17 |         BaseImu& [01;36m[Koperator[m[K=(BaseImu& other)
[1.489s]       |                  [01;36m[K^~~~~~~~[m[K
[1.489s] In file included from [01m[K/home/parallels/ros2_ws/src/segway_ros2/segwayrmp/include/Ge_encoder_odometry.h:14[m[K,
[1.489s]                  from [01m[K/home/parallels/ros2_ws/src/segway_ros2/segwayrmp/include/segwayrmp/robot.h:17[m[K,
[1.489s]                  from [01m[K/home/parallels/ros2_ws/src/segway_ros2/segwayrmp/src/robot.cpp:1[m[K:
[1.489s] [01m[K/home/parallels/ros2_ws/src/segway_ros2/segwayrmp/include/Ge_encoder_sensordata.h:17:18:[m[K [01;36m[Knote: [m[Kbecause â€˜[01m[KSensorData::BaseImu[m[Kâ€™ has user-provided â€˜[01m[KSensorData::BaseImu& SensorData::BaseImu::operator=(SensorData::BaseImu&)[m[Kâ€™
[1.489s]    17 |         BaseImu& [01;36m[Koperator[m[K=(BaseImu& other)
[1.489s]       |                  [01;36m[K^~~~~~~~[m[K
[1.935s] [01m[K/home/parallels/ros2_ws/src/segway_ros2/segwayrmp/src/robot.cpp:[m[K In constructor â€˜[01m[Krobot::Chassis::Chassis(const SharedPtr&)[m[Kâ€™:
[1.935s] [01m[K/home/parallels/ros2_ws/src/segway_ros2/segwayrmp/src/robot.cpp:262:55:[m[K [01;31m[Kerror: [m[Kclass â€˜[01m[Krobot::Chassis[m[Kâ€™ does not have any field named â€˜[01m[Knh_[m[Kâ€™
[1.935s]   262 | Chassis::Chassis(const rclcpp::Node::SharedPtr &nh) : [01;31m[Knh_[m[K(nh)
[1.935s]       |                                                       [01;31m[K^~~[m[K
[1.935s] [01m[K/home/parallels/ros2_ws/src/segway_ros2/segwayrmp/src/robot.cpp:262:61:[m[K [01;31m[Kerror: [m[Kno matching function for call to â€˜[01m[Krclcpp::Node::Node()[m[Kâ€™
[1.935s]   262 | Chassis::Chassis(const rclcpp::Node::SharedPtr &nh) : nh_(nh[01;31m[K)[m[K
[1.935s]       |                                                             [01;31m[K^[m[K
[1.935s] In file included from [01m[K/opt/ros/humble/include/rclcpp/rclcpp/executors/single_threaded_executor.hpp:28[m[K,
[1.935s]                  from [01m[K/opt/ros/humble/include/rclcpp/rclcpp/executors.hpp:22[m[K,
[1.935s]                  from [01m[K/opt/ros/humble/include/rclcpp/rclcpp/rclcpp.hpp:155[m[K,
[1.935s]                  from [01m[K/home/parallels/ros2_ws/src/segway_ros2/segwayrmp/include/segwayrmp/robot.h:4[m[K,
[1.935s]                  from [01m[K/home/parallels/ros2_ws/src/segway_ros2/segwayrmp/src/robot.cpp:1[m[K:
[1.935s] [01m[K/opt/ros/humble/include/rclcpp/rclcpp/node.hpp:1294:3:[m[K [01;36m[Knote: [m[Kcandidate: â€˜[01m[Krclcpp::Node::Node(const rclcpp::Node&, const string&)[m[Kâ€™
[1.935s]  1294 |   [01;36m[KNode[m[K(
[1.935s]       |   [01;36m[K^~~~[m[K
[1.937s] [01m[K/opt/ros/humble/include/rclcpp/rclcpp/node.hpp:1294:3:[m[K [01;36m[Knote: [m[K  candidate expects 2 arguments, 0 provided
[1.937s] [01m[K/opt/ros/humble/include/rclcpp/rclcpp/node.hpp:101:12:[m[K [01;36m[Knote: [m[Kcandidate: â€˜[01m[Krclcpp::Node::Node(const string&, const string&, const rclcpp::NodeOptions&)[m[Kâ€™
[1.937s]   101 |   explicit [01;36m[KNode[m[K(
[1.937s]       |            [01;36m[K^~~~[m[K
[1.937s] [01m[K/opt/ros/humble/include/rclcpp/rclcpp/node.hpp:101:12:[m[K [01;36m[Knote: [m[K  candidate expects 3 arguments, 0 provided
[1.937s] [01m[K/opt/ros/humble/include/rclcpp/rclcpp/node.hpp:89:12:[m[K [01;36m[Knote: [m[Kcandidate: â€˜[01m[Krclcpp::Node::Node(const string&, const rclcpp::NodeOptions&)[m[Kâ€™
[1.937s]    89 |   explicit [01;36m[KNode[m[K(
[1.937s]       |            [01;36m[K^~~~[m[K
[1.937s] [01m[K/opt/ros/humble/include/rclcpp/rclcpp/node.hpp:89:12:[m[K [01;36m[Knote: [m[K  candidate expects 2 arguments, 0 provided
[1.944s] [01m[K/home/parallels/ros2_ws/src/segway_ros2/segwayrmp/src/robot.cpp:270:21:[m[K [01;31m[Kerror: [m[Kâ€˜[01m[Knh_[m[Kâ€™ was not declared in this scope; did you mean â€˜[01m[Knh[m[Kâ€™?
[1.944s]   270 |     velocity_sub_ = [01;31m[Knh_[m[K.subscribe("cmd_vel", 1, &Chassis::cmd_vel_callback, this);
[1.944s]       |                     [01;31m[K^~~[m[K
[1.945s]       |                     [32m[Knh[m[K
[1.959s] [01m[K/home/parallels/ros2_ws/src/segway_ros2/segwayrmp/src/robot.cpp:272:45:[m[K [01;31m[Kerror: [m[Kâ€˜[01m[Kbms_fb[m[Kâ€™ is not a member of â€˜[01m[Ksegway_msgs[m[Kâ€™
[1.959s]   272 |     bms_fb_pub = nh_.advertise<segway_msgs::[01;31m[Kbms_fb[m[K>("bms_fb", 10);
[1.959s]       |                                             [01;31m[K^~~~~~[m[K
[1.959s] [01m[K/home/parallels/ros2_ws/src/segway_ros2/segwayrmp/src/robot.cpp:272:53:[m[K [01;35m[Kwarning: [m[Kleft operand of comma operator has no effect [[01;35m[K]8;;https://gcc.gnu.org/onlinedocs/gcc/Warning-Options.html#index-Wunused-value-Wunused-value]8;;[m[K]
[1.959s]   272 |     bms_fb_pub = nh_.advertise<segway_msgs::bms_fb>([01;35m[K"bms_fb"[m[K, 10);
[1.959s]       |                                                     [01;35m[K^~~~~~~~[m[K
[1.960s] [01m[K/home/parallels/ros2_ws/src/segway_ros2/segwayrmp/src/robot.cpp:273:58:[m[K [01;31m[Kerror: [m[Kâ€˜[01m[Kchassis_ctrl_src_fb[m[Kâ€™ is not a member of â€˜[01m[Ksegway_msgs[m[Kâ€™
[1.960s]   273 |     chassis_ctrl_src_fb_pub = nh_.advertise<segway_msgs::[01;31m[Kchassis_ctrl_src_fb[m[K>("chassis_ctrl_src_fb", 10);
[1.960s]       |                                                          [01;31m[K^~~~~~~~~~~~~~~~~~~[m[K
[1.960s] [01m[K/home/parallels/ros2_ws/src/segway_ros2/segwayrmp/src/robot.cpp:273:79:[m[K [01;35m[Kwarning: [m[Kleft operand of comma operator has no effect [[01;35m[K]8;;https://gcc.gnu.org/onlinedocs/gcc/Warning-Options.html#index-Wunused-value-Wunused-value]8;;[m[K]
[1.960s]   273 |     chassis_ctrl_src_fb_pub = nh_.advertise<segway_msgs::chassis_ctrl_src_fb>([01;35m[K"chassis_ctrl_src_fb"[m[K, 10);
[1.960s]       |                                                                               [01;35m[K^~~~~~~~~~~~~~~~~~~~~[m[K
[1.960s] [01m[K/home/parallels/ros2_ws/src/segway_ros2/segwayrmp/src/robot.cpp:274:63:[m[K [01;31m[Kerror: [m[Kâ€˜[01m[Kchassis_mileage_meter_fb[m[Kâ€™ is not a member of â€˜[01m[Ksegway_msgs[m[Kâ€™
[1.960s]   274 |     chassis_mileage_meter_fb_pub = nh_.advertise<segway_msgs::[01;31m[Kchassis_mileage_meter_fb[m[K>("chassis_mileage_meter_fb", 10);
[1.960s]       |                                                               [01;31m[K^~~~~~~~~~~~~~~~~~~~~~~~[m[K
[1.960s] [01m[K/home/parallels/ros2_ws/src/segway_ros2/segwayrmp/src/robot.cpp:274:89:[m[K [01;35m[Kwarning: [m[Kleft operand of comma operator has no effect [[01;35m[K]8;;https://gcc.gnu.org/onlinedocs/gcc/Warning-Options.html#index-Wunused-value-Wunused-value]8;;[m[K]
[1.960s]   274 |     chassis_mileage_meter_fb_pub = nh_.advertise<segway_msgs::chassis_mileage_meter_fb>([01;35m[K"chassis_mileage_meter_fb"[m[K, 10);
[1.960s]       |                                                                                         [01;35m[K^~~~~~~~~~~~~~~~~~~~~~~~~~[m[K
[1.960s] [01m[K/home/parallels/ros2_ws/src/segway_ros2/segwayrmp/src/robot.cpp:275:54:[m[K [01;31m[Kerror: [m[Kâ€˜[01m[Kchassis_mode_fb[m[Kâ€™ is not a member of â€˜[01m[Ksegway_msgs[m[Kâ€™
[1.960s]   275 |     chassis_mode_fb_pub = nh_.advertise<segway_msgs::[01;31m[Kchassis_mode_fb[m[K>("chassis_mode_fb", 10);
[1.960s]       |                                                      [01;31m[K^~~~~~~~~~~~~~~[m[K
[1.960s] [01m[K/home/parallels/ros2_ws/src/segway_ros2/segwayrmp/src/robot.cpp:275:71:[m[K [01;35m[Kwarning: [m[Kleft operand of comma operator has no effect [[01;35m[K]8;;https://gcc.gnu.org/onlinedocs/gcc/Warning-Options.html#index-Wunused-value-Wunused-value]8;;[m[K]
[1.960s]   275 |     chassis_mode_fb_pub = nh_.advertise<segway_msgs::chassis_mode_fb>([01;35m[K"chassis_mode_fb"[m[K, 10);
[1.960s]       |                                                                       [01;35m[K^~~~~~~~~~~~~~~~~[m[K
[1.960s] [01m[K/home/parallels/ros2_ws/src/segway_ros2/segwayrmp/src/robot.cpp:276:52:[m[K [01;31m[Kerror: [m[Kâ€˜[01m[Kerror_code_fb[m[Kâ€™ is not a member of â€˜[01m[Ksegway_msgs[m[Kâ€™
[1.960s]   276 |     error_code_fb_pub = nh_.advertise<segway_msgs::[01;31m[Kerror_code_fb[m[K>("error_code_fb", 10);
[1.960s]       |                                                    [01;31m[K^~~~~~~~~~~~~[m[K
[1.960s] [01m[K/home/parallels/ros2_ws/src/segway_ros2/segwayrmp/src/robot.cpp:276:67:[m[K [01;35m[Kwarning: [m[Kleft operand of comma operator has no effect [[01;35m[K]8;;https://gcc.gnu.org/onlinedocs/gcc/Warning-Options.html#index-Wunused-value-Wunused-value]8;;[m[K]
[1.960s]   276 |     error_code_fb_pub = nh_.advertise<segway_msgs::error_code_fb>([01;35m[K"error_code_fb"[m[K, 10);
[1.960s]       |                                                                   [01;35m[K^~~~~~~~~~~~~~~[m[K
[1.960s] [01m[K/home/parallels/ros2_ws/src/segway_ros2/segwayrmp/src/robot.cpp:277:57:[m[K [01;31m[Kerror: [m[Kâ€˜[01m[Kmotor_work_mode_fb[m[Kâ€™ is not a member of â€˜[01m[Ksegway_msgs[m[Kâ€™
[1.960s]   277 |     motor_work_mode_fb_pub = nh_.advertise<segway_msgs::[01;31m[Kmotor_work_mode_fb[m[K>("motor_work_mode_fb", 10);
[1.960s]       |                                                         [01;31m[K^~~~~~~~~~~~~~~~~~[m[K
[1.961s] [01m[K/home/parallels/ros2_ws/src/segway_ros2/segwayrmp/src/robot.cpp:277:77:[m[K [01;35m[Kwarning: [m[Kleft operand of comma operator has no effect [[01;35m[K]8;;https://gcc.gnu.org/onlinedocs/gcc/Warning-Options.html#index-Wunused-value-Wunused-value]8;;[m[K]
[1.961s]   277 |     motor_work_mode_fb_pub = nh_.advertise<segway_msgs::motor_work_mode_fb>([01;35m[K"motor_work_mode_fb"[m[K, 10);
[1.961s]       |                                                                             [01;35m[K^~~~~~~~~~~~~~~~~~~~[m[K
[1.961s] [01m[K/home/parallels/ros2_ws/src/segway_ros2/segwayrmp/src/robot.cpp:278:47:[m[K [01;31m[Kerror: [m[Kâ€˜[01m[Kspeed_fb[m[Kâ€™ is not a member of â€˜[01m[Ksegway_msgs[m[Kâ€™
[1.961s]   278 |     speed_fb_pub = nh_.advertise<segway_msgs::[01;31m[Kspeed_fb[m[K>("speed_fb", 10);
[1.961s]       |                                               [01;31m[K^~~~~~~~[m[K
[1.961s] [01m[K/home/parallels/ros2_ws/src/segway_ros2/segwayrmp/src/robot.cpp:278:57:[m[K [01;35m[Kwarning: [m[Kleft operand of comma operator has no effect [[01;35m[K]8;;https://gcc.gnu.org/onlinedocs/gcc/Warning-Options.html#index-Wunused-value-Wunused-value]8;;[m[K]
[1.961s]   278 |     speed_fb_pub = nh_.advertise<segway_msgs::speed_fb>([01;35m[K"speed_fb"[m[K, 10);
[1.961s]       |                                                         [01;35m[K^~~~~~~~~~[m[K
[1.961s] [01m[K/home/parallels/ros2_ws/src/segway_ros2/segwayrmp/src/robot.cpp:279:47:[m[K [01;31m[Kerror: [m[Kâ€˜[01m[Kticks_fb[m[Kâ€™ is not a member of â€˜[01m[Ksegway_msgs[m[Kâ€™
[1.961s]   279 |     ticks_fb_pub = nh_.advertise<segway_msgs::[01;31m[Kticks_fb[m[K>("ticks_fb", 10);
[1.961s]       |                                               [01;31m[K^~~~~~~~[m[K
[1.961s] [01m[K/home/parallels/ros2_ws/src/segway_ros2/segwayrmp/src/robot.cpp:279:57:[m[K [01;35m[Kwarning: [m[Kleft operand of comma operator has no effect [[01;35m[K]8;;https://gcc.gnu.org/onlinedocs/gcc/Warning-Options.html#index-Wunused-value-Wunused-value]8;;[m[K]
[1.961s]   279 |     ticks_fb_pub = nh_.advertise<segway_msgs::ticks_fb>([01;35m[K"ticks_fb"[m[K, 10);
[1.961s]       |                                                         [01;35m[K^~~~~~~~~~[m[K
[1.961s] [01m[K/home/parallels/ros2_ws/src/segway_ros2/segwayrmp/src/robot.cpp:280:40:[m[K [01;31m[Kerror: [m[Kâ€˜[01m[KOdometry[m[Kâ€™ is not a member of â€˜[01m[Knav_msgs[m[Kâ€™
[1.961s]   280 |     Odom_pub = nh_.advertise<nav_msgs::[01;31m[KOdometry[m[K>("odom", 1);
[1.961s]       |                                        [01;31m[K^~~~~~~~[m[K
[1.961s] [01m[K/home/parallels/ros2_ws/src/segway_ros2/segwayrmp/src/robot.cpp:280:40:[m[K [01;36m[Knote: [m[Ksuggested alternatives:
[1.961s] In file included from [01m[K/home/parallels/ros2_ws/src/segway_ros2/segwayrmp/include/Ge_encoder_odometry.h:14[m[K,
[1.961s]                  from [01m[K/home/parallels/ros2_ws/src/segway_ros2/segwayrmp/include/segwayrmp/robot.h:17[m[K,
[1.961s]                  from [01m[K/home/parallels/ros2_ws/src/segway_ros2/segwayrmp/src/robot.cpp:1[m[K:
[1.961s] [01m[K/home/parallels/ros2_ws/src/segway_ros2/segwayrmp/include/Ge_encoder_sensordata.h:50:8:[m[K [01;36m[Knote: [m[K  â€˜[01m[KOdometry[m[Kâ€™
[1.961s]    50 | struct [01;36m[KOdometry[m[K{
[1.961s]       |        [01;36m[K^~~~~~~~[m[K
[1.961s] In file included from [01m[K/opt/ros/humble/include/nav_msgs/nav_msgs/msg/odometry.hpp:7[m[K,
[1.961s]                  from [01m[K/home/parallels/ros2_ws/src/segway_ros2/segwayrmp/include/segwayrmp/robot.h:6[m[K,
[1.961s]                  from [01m[K/home/parallels/ros2_ws/src/segway_ros2/segwayrmp/src/robot.cpp:1[m[K:
[1.961s] [01m[K/opt/ros/humble/include/nav_msgs/nav_msgs/msg/detail/odometry__struct.hpp:172:7:[m[K [01;36m[Knote: [m[K  â€˜[01m[Knav_msgs::msg::Odometry[m[Kâ€™
[1.962s]   172 | using [01;36m[KOdometry[m[K =
[1.962s]       |       [01;36m[K^~~~~~~~[m[K
[1.962s] [01m[K/home/parallels/ros2_ws/src/segway_ros2/segwayrmp/src/robot.cpp:280:50:[m[K [01;35m[Kwarning: [m[Kleft operand of comma operator has no effect [[01;35m[K]8;;https://gcc.gnu.org/onlinedocs/gcc/Warning-Options.html#index-Wunused-value-Wunused-value]8;;[m[K]
[1.962s]   280 |     Odom_pub = nh_.advertise<nav_msgs::Odometry>([01;35m[K"odom"[m[K, 1);
[1.962s]       |                                                  [01;35m[K^~~~~~[m[K
[1.962s] [01m[K/home/parallels/ros2_ws/src/segway_ros2/segwayrmp/src/robot.cpp:281:42:[m[K [01;31m[Kerror: [m[Kâ€˜[01m[KImu[m[Kâ€™ is not a member of â€˜[01m[Ksensor_msgs[m[Kâ€™; did you mean â€˜[01m[Ksensor_msgs::msg::Imu[m[Kâ€™?
[1.962s]   281 |     Imu_pub = nh_.advertise<sensor_msgs::[01;31m[KImu[m[K>("imu", 1);
[1.962s]       |                                          [01;31m[K^~~[m[K
[1.962s] In file included from [01m[K/opt/ros/humble/include/sensor_msgs/sensor_msgs/msg/imu.hpp:7[m[K,
[1.962s]                  from [01m[K/home/parallels/ros2_ws/src/segway_ros2/segwayrmp/include/segwayrmp/robot.h:7[m[K,
[1.962s]                  from [01m[K/home/parallels/ros2_ws/src/segway_ros2/segwayrmp/src/robot.cpp:1[m[K:
[1.962s] [01m[K/opt/ros/humble/include/sensor_msgs/sensor_msgs/msg/detail/imu__struct.hpp:217:7:[m[K [01;36m[Knote: [m[Kâ€˜[01m[Ksensor_msgs::msg::Imu[m[Kâ€™ declared here
[1.962s]   217 | using [01;36m[KImu[m[K =
[1.962s]       |       [01;36m[K^~~[m[K
[1.962s] [01m[K/home/parallels/ros2_ws/src/segway_ros2/segwayrmp/src/robot.cpp:281:47:[m[K [01;35m[Kwarning: [m[Kleft operand of comma operator has no effect [[01;35m[K]8;;https://gcc.gnu.org/onlinedocs/gcc/Warning-Options.html#index-Wunused-value-Wunused-value]8;;[m[K]
[1.962s]   281 |     Imu_pub = nh_.advertise<sensor_msgs::Imu>([01;35m[K"imu"[m[K, 1);
[1.962s]       |                                               [01;35m[K^~~~~[m[K
[1.962s] [01m[K/home/parallels/ros2_ws/src/segway_ros2/segwayrmp/src/robot.cpp:283:90:[m[K [01;31m[Kerror: [m[Kexpected primary-expression before â€˜[01m[K>[m[Kâ€™ token
[1.962s]   283 |     chassis_send_event_srv_client = nh_->create_client<segway_msgs::srv::ChassisSendEvent[01;31m[K>[m[K("chassis_send_event_srv");
[1.962s]       |                                                                                          [01;31m[K^[m[K
[1.962s] [01m[K/home/parallels/ros2_ws/src/segway_ros2/segwayrmp/src/robot.cpp:337:25:[m[K [01;31m[Kerror: [m[Kâ€˜[01m[Kexecute_callback[m[Kâ€™ is not a member of â€˜[01m[Krobot::Chassis[m[Kâ€™
[1.962s]   337 |     std::bind(&Chassis::[01;31m[Kexecute_callback[m[K, this, _1),
[1.962s]       |                         [01;31m[K^~~~~~~~~~~~~~~~[m[K
[1.962s] [01m[K/home/parallels/ros2_ws/src/segway_ros2/segwayrmp/src/robot.cpp:343:37:[m[K [01;31m[Kerror: [m[Kâ€˜[01m[Kros[m[Kâ€™ has not been declared
[1.962s]   343 |     update_timer_ = nh_.createTimer([01;31m[Kros[m[K::Duration(0.001), &Chassis::TimeUpdate1000Hz, this);
[1.962s]       |                                     [01;31m[K^~~[m[K
[1.963s] [01m[K/home/parallels/ros2_ws/src/segway_ros2/segwayrmp/src/robot.cpp:344:38:[m[K [01;31m[Kerror: [m[Kâ€˜[01m[Kros[m[Kâ€™ has not been declared
[1.963s]   344 |     update_timer2_ = nh_.createTimer([01;31m[Kros[m[K::Duration(1), &Chassis::TimeUpdate1Hz, this);
[1.963s]       |                                      [01;31m[K^~~[m[K
[1.963s] [01m[K/home/parallels/ros2_ws/src/segway_ros2/segwayrmp/src/robot.cpp:345:5:[m[K [01;31m[Kerror: [m[Kâ€˜[01m[Kros[m[Kâ€™ has not been declared
[1.963s]   345 |     [01;31m[Kros[m[K::spin();
[1.963s]       |     [01;31m[K^~~[m[K
[1.963s] [01m[K/home/parallels/ros2_ws/src/segway_ros2/segwayrmp/src/robot.cpp:[m[K At global scope:
[1.963s] [01m[K/home/parallels/ros2_ws/src/segway_ros2/segwayrmp/src/robot.cpp:349:53:[m[K [01;31m[Kerror: [m[Kâ€˜[01m[KTwist[m[Kâ€™ in namespace â€˜[01m[Kgeometry_msgs[m[Kâ€™ does not name a type
[1.963s]   349 | void Chassis::cmd_vel_callback(const geometry_msgs::[01;31m[KTwist[m[K::ConstPtr &cmd_input) //è®¢é˜…/cmd_velä¸»é¢˜å›žè°ƒå‡½æ•°
[1.963s]       |                                                     [01;31m[K^~~~~[m[K
[1.963s] [01m[K/home/parallels/ros2_ws/src/segway_ros2/segwayrmp/src/robot.cpp:349:69:[m[K [01;31m[Kerror: [m[Kexpected unqualified-id before â€˜[01m[K&[m[Kâ€™ token
[1.963s]   349 | void Chassis::cmd_vel_callback(const geometry_msgs::Twist::ConstPtr [01;31m[K&[m[Kcmd_input) //è®¢é˜…/cmd_velä¸»é¢˜å›žè°ƒå‡½æ•°
[1.963s]       |                                                                     [01;31m[K^[m[K
[1.963s] [01m[K/home/parallels/ros2_ws/src/segway_ros2/segwayrmp/src/robot.cpp:349:68:[m[K [01;31m[Kerror: [m[Kexpected â€˜[01m[K)[m[Kâ€™ before â€˜[01m[K&[m[Kâ€™ token
[1.963s]   349 | void Chassis::cmd_vel_callback[34m[K([m[Kconst geometry_msgs::Twist::ConstPtr[01;31m[K [m[K[32m[K&[m[Kcmd_input) //è®¢é˜…/cmd_velä¸»é¢˜å›žè°ƒå‡½æ•°
[1.963s]       |                               [34m[K~[m[K                                    [01;31m[K^[m[K[32m[K~[m[K
[1.963s]       |                                                                    [32m[K)[m[K
[1.963s] [01m[K/home/parallels/ros2_ws/src/segway_ros2/segwayrmp/src/robot.cpp:349:70:[m[K [01;31m[Kerror: [m[Kexpected initializer before â€˜[01m[Kcmd_input[m[Kâ€™
[1.963s]   349 | void Chassis::cmd_vel_callback(const geometry_msgs::Twist::ConstPtr &[01;31m[Kcmd_input[m[K) //è®¢é˜…/cmd_velä¸»é¢˜å›žè°ƒå‡½æ•°
[1.963s]       |                                                                      [01;31m[K^~~~~~~~~[m[K
[1.963s] [01m[K/home/parallels/ros2_ws/src/segway_ros2/segwayrmp/src/robot.cpp:358:6:[m[K [01;31m[Kerror: [m[Kâ€˜[01m[Kbool robot::Chassis::ros_enable_chassis_rotate_cmd_callback[m[Kâ€™ is not a static data member of â€˜[01m[Kclass robot::Chassis[m[Kâ€™
[1.963s]   358 | bool [01;31m[KChassis[m[K::ros_enable_chassis_rotate_cmd_callback(segway_msgs::ros_enable_chassis_rotate_cmd::Request &req, segway_msgs::ros_enable_chassis_rotate_cmd::Response &res)
[1.963s]       |      [01;31m[K^~~~~~~[m[K
[1.963s] [01m[K/home/parallels/ros2_ws/src/segway_ros2/segwayrmp/src/robot.cpp:358:67:[m[K [01;31m[Kerror: [m[Kâ€˜[01m[Ksegway_msgs::ros_enable_chassis_rotate_cmd[m[Kâ€™ has not been declared
[1.963s]   358 | bool Chassis::ros_enable_chassis_rotate_cmd_callback(segway_msgs::[01;31m[Kros_enable_chassis_rotate_cmd[m[K::Request &req, segway_msgs::ros_enable_chassis_rotate_cmd::Response &res)
[1.963s]       |                                                                   [01;31m[K^~~~~~~~~~~~~~~~~~~~~~~~~~~~~[m[K
[1.967s] [01m[K/home/parallels/ros2_ws/src/segway_ros2/segwayrmp/src/robot.cpp:358:107:[m[K [01;31m[Kerror: [m[Kâ€˜[01m[Kreq[m[Kâ€™ was not declared in this scope
[1.967s]   358 | bool Chassis::ros_enable_chassis_rotate_cmd_callback(segway_msgs::ros_enable_chassis_rotate_cmd::Request &[01;31m[Kreq[m[K, segway_msgs::ros_enable_chassis_rotate_cmd::Response &res)
[1.967s]       |                                                                                                           [01;31m[K^~~[m[K
[1.967s] [01m[K/home/parallels/ros2_ws/src/segway_ros2/segwayrmp/src/robot.cpp:358:125:[m[K [01;31m[Kerror: [m[Kâ€˜[01m[Ksegway_msgs::ros_enable_chassis_rotate_cmd[m[Kâ€™ has not been declared
[1.968s]   358 | bool Chassis::ros_enable_chassis_rotate_cmd_callback(segway_msgs::ros_enable_chassis_rotate_cmd::Request &req, segway_msgs::[01;31m[Kros_enable_chassis_rotate_cmd[m[K::Response &res)
[1.968s]       |                                                                                                                             [01;31m[K^~~~~~~~~~~~~~~~~~~~~~~~~~~~~[m[K
[1.971s] [01m[K/home/parallels/ros2_ws/src/segway_ros2/segwayrmp/src/robot.cpp:358:166:[m[K [01;31m[Kerror: [m[Kâ€˜[01m[Kres[m[Kâ€™ was not declared in this scope
[1.971s]   358 | bool Chassis::ros_enable_chassis_rotate_cmd_callback(segway_msgs::ros_enable_chassis_rotate_cmd::Request &req, segway_msgs::ros_enable_chassis_rotate_cmd::Response &[01;31m[Kres[m[K)
[1.971s]       |                                                                                                                                                                      [01;31m[K^~~[m[K
[1.971s] [01m[K/home/parallels/ros2_ws/src/segway_ros2/segwayrmp/src/robot.cpp:358:169:[m[K [01;31m[Kerror: [m[Kexpression list treated as compound expression in initializer [[01;31m[K]8;;https://gcc.gnu.org/onlinedocs/gcc/Warning-Options.html#index-fpermissive-fpermissive]8;;[m[K]
[1.971s]   358 | bool Chassis::ros_enable_chassis_rotate_cmd_callback(segway_msgs::ros_enable_chassis_rotate_cmd::Request &req, segway_msgs::ros_enable_chassis_rotate_cmd::Response &res[01;31m[K)[m[K
[1.972s]       |                                                                                                                                                                         [01;31m[K^[m[K
[1.972s] [01m[K/home/parallels/ros2_ws/src/segway_ros2/segwayrmp/src/robot.cpp:377:6:[m[K [01;31m[Kerror: [m[Kâ€˜[01m[Kbool robot::Chassis::ros_get_chassis_rotate_switch_cmd_callback[m[Kâ€™ is not a static data member of â€˜[01m[Kclass robot::Chassis[m[Kâ€™
[1.972s]   377 | bool [01;31m[KChassis[m[K::ros_get_chassis_rotate_switch_cmd_callback(segway_msgs::ros_get_chassis_rotate_switch_cmd::Request &req, segway_msgs::ros_get_chassis_rotate_switch_cmd::Response &res)
[1.972s]       |      [01;31m[K^~~~~~~[m[K
[1.972s] [01m[K/home/parallels/ros2_ws/src/segway_ros2/segwayrmp/src/robot.cpp:377:71:[m[K [01;31m[Kerror: [m[Kâ€˜[01m[Ksegway_msgs::ros_get_chassis_rotate_switch_cmd[m[Kâ€™ has not been declared
[1.972s]   377 | bool Chassis::ros_get_chassis_rotate_switch_cmd_callback(segway_msgs::[01;31m[Kros_get_chassis_rotate_switch_cmd[m[K::Request &req, segway_msgs::ros_get_chassis_rotate_switch_cmd::Response &res)
[1.972s]       |                                                                       [01;31m[K^~~~~~~~~~~~~~~~~~~~~~~~~~~~~~~~~[m[K
[1.976s] [01m[K/home/parallels/ros2_ws/src/segway_ros2/segwayrmp/src/robot.cpp:377:115:[m[K [01;31m[Kerror: [m[Kâ€˜[01m[Kreq[m[Kâ€™ was not declared in this scope
[1.976s]   377 | bool Chassis::ros_get_chassis_rotate_switch_cmd_callback(segway_msgs::ros_get_chassis_rotate_switch_cmd::Request &[01;31m[Kreq[m[K, segway_msgs::ros_get_chassis_rotate_switch_cmd::Response &res)
[1.976s]       |                                                                                                                   [01;31m[K^~~[m[K
[1.976s] [01m[K/home/parallels/ros2_ws/src/segway_ros2/segwayrmp/src/robot.cpp:377:133:[m[K [01;31m[Kerror: [m[Kâ€˜[01m[Ksegway_msgs::ros_get_chassis_rotate_switch_cmd[m[Kâ€™ has not been declared
[1.976s]   377 | bool Chassis::ros_get_chassis_rotate_switch_cmd_callback(segway_msgs::ros_get_chassis_rotate_switch_cmd::Request &req, segway_msgs::[01;31m[Kros_get_chassis_rotate_switch_cmd[m[K::Response &res)
[1.976s]       |                                                                                                                                     [01;31m[K^~~~~~~~~~~~~~~~~~~~~~~~~~~~~~~~~[m[K
[1.980s] [01m[K/home/parallels/ros2_ws/src/segway_ros2/segwayrmp/src/robot.cpp:377:178:[m[K [01;31m[Kerror: [m[Kâ€˜[01m[Kres[m[Kâ€™ was not declared in this scope
[1.980s]   377 | bool Chassis::ros_get_chassis_rotate_switch_cmd_callback(segway_msgs::ros_get_chassis_rotate_switch_cmd::Request &req, segway_msgs::ros_get_chassis_rotate_switch_cmd::Response &[01;31m[Kres[m[K)
[1.980s]       |                                                                                                                                                                                  [01;31m[K^~~[m[K
[1.980s] [01m[K/home/parallels/ros2_ws/src/segway_ros2/segwayrmp/src/robot.cpp:377:181:[m[K [01;31m[Kerror: [m[Kexpression list treated as compound expression in initializer [[01;31m[K]8;;https://gcc.gnu.org/onlinedocs/gcc/Warning-Options.html#index-fpermissive-fpermissive]8;;[m[K]
[1.980s]   377 | bool Chassis::ros_get_chassis_rotate_switch_cmd_callback(segway_msgs::ros_get_chassis_rotate_switch_cmd::Request &req, segway_msgs::ros_get_chassis_rotate_switch_cmd::Response &res[01;31m[K)[m[K
[1.980s]       |                                                                                                                                                                                     [01;31m[K^[m[K
[1.980s] [01m[K/home/parallels/ros2_ws/src/segway_ros2/segwayrmp/src/robot.cpp:388:6:[m[K [01;31m[Kerror: [m[Kâ€˜[01m[Kbool robot::Chassis::ros_clear_chassis_error_code_cmd_callback[m[Kâ€™ is not a static data member of â€˜[01m[Kclass robot::Chassis[m[Kâ€™
[1.981s]   388 | bool [01;31m[KChassis[m[K::ros_clear_chassis_error_code_cmd_callback(segway_msgs::ros_clear_chassis_error_code_cmd::Request &req, segway_msgs::ros_clear_chassis_error_code_cmd::Response &res)
[1.981s]       |      [01;31m[K^~~~~~~[m[K
[1.981s] [01m[K/home/parallels/ros2_ws/src/segway_ros2/segwayrmp/src/robot.cpp:388:70:[m[K [01;31m[Kerror: [m[Kâ€˜[01m[Ksegway_msgs::ros_clear_chassis_error_code_cmd[m[Kâ€™ has not been declared
[1.981s]   388 | bool Chassis::ros_clear_chassis_error_code_cmd_callback(segway_msgs::[01;31m[Kros_clear_chassis_error_code_cmd[m[K::Request &req, segway_msgs::ros_clear_chassis_error_code_cmd::Response &res)
[1.981s]       |                                                                      [01;31m[K^~~~~~~~~~~~~~~~~~~~~~~~~~~~~~~~[m[K
[1.985s] [01m[K/home/parallels/ros2_ws/src/segway_ros2/segwayrmp/src/robot.cpp:388:113:[m[K [01;31m[Kerror: [m[Kâ€˜[01m[Kreq[m[Kâ€™ was not declared in this scope
[1.985s]   388 | bool Chassis::ros_clear_chassis_error_code_cmd_callback(segway_msgs::ros_clear_chassis_error_code_cmd::Request &[01;31m[Kreq[m[K, segway_msgs::ros_clear_chassis_error_code_cmd::Response &res)
[1.985s]       |                                                                                                                 [01;31m[K^~~[m[K
[1.985s] [01m[K/home/parallels/ros2_ws/src/segway_ros2/segwayrmp/src/robot.cpp:388:131:[m[K [01;31m[Kerror: [m[Kâ€˜[01m[Ksegway_msgs::ros_clear_chassis_error_code_cmd[m[Kâ€™ has not been declared
[1.985s]   388 | bool Chassis::ros_clear_chassis_error_code_cmd_callback(segway_msgs::ros_clear_chassis_error_code_cmd::Request &req, segway_msgs::[01;31m[Kros_clear_chassis_error_code_cmd[m[K::Response &res)
[1.985s]       |                                                                                                                                   [01;31m[K^~~~~~~~~~~~~~~~~~~~~~~~~~~~~~~~[m[K
[1.988s] [01m[K/home/parallels/ros2_ws/src/segway_ros2/segwayrmp/src/robot.cpp:388:175:[m[K [01;31m[Kerror: [m[Kâ€˜[01m[Kres[m[Kâ€™ was not declared in this scope
[1.988s]   388 | bool Chassis::ros_clear_chassis_error_code_cmd_callback(segway_msgs::ros_clear_chassis_error_code_cmd::Request &req, segway_msgs::ros_clear_chassis_error_code_cmd::Response &[01;31m[Kres[m[K)
[1.988s]       |                                                                                                                                                                               [01;31m[K^~~[m[K
[1.988s] [01m[K/home/parallels/ros2_ws/src/segway_ros2/segwayrmp/src/robot.cpp:388:178:[m[K [01;31m[Kerror: [m[Kexpression list treated as compound expression in initializer [[01;31m[K]8;;https://gcc.gnu.org/onlinedocs/gcc/Warning-Options.html#index-fpermissive-fpermissive]8;;[m[K]
[1.989s]   388 | bool Chassis::ros_clear_chassis_error_code_cmd_callback(segway_msgs::ros_clear_chassis_error_code_cmd::Request &req, segway_msgs::ros_clear_chassis_error_code_cmd::Response &res[01;31m[K)[m[K
[1.989s]       |                                                                                                                                                                                  [01;31m[K^[m[K
[1.989s] [01m[K/home/parallels/ros2_ws/src/segway_ros2/segwayrmp/src/robot.cpp:398:6:[m[K [01;31m[Kerror: [m[Kâ€˜[01m[Kbool robot::Chassis::ros_get_load_param_cmd_callback[m[Kâ€™ is not a static data member of â€˜[01m[Kclass robot::Chassis[m[Kâ€™
[1.989s]   398 | bool [01;31m[KChassis[m[K::ros_get_load_param_cmd_callback(segway_msgs::ros_get_load_param_cmd::Request &req, segway_msgs::ros_get_load_param_cmd::Response &res)
[1.989s]       |      [01;31m[K^~~~~~~[m[K
[1.989s] [01m[K/home/parallels/ros2_ws/src/segway_ros2/segwayrmp/src/robot.cpp:398:60:[m[K [01;31m[Kerror: [m[Kâ€˜[01m[Ksegway_msgs::ros_get_load_param_cmd[m[Kâ€™ has not been declared
[1.989s]   398 | bool Chassis::ros_get_load_param_cmd_callback(segway_msgs::[01;31m[Kros_get_load_param_cmd[m[K::Request &req, segway_msgs::ros_get_load_param_cmd::Response &res)
[1.989s]       |                                                            [01;31m[K^~~~~~~~~~~~~~~~~~~~~~[m[K
[1.992s] [01m[K/home/parallels/ros2_ws/src/segway_ros2/segwayrmp/src/robot.cpp:398:93:[m[K [01;31m[Kerror: [m[Kâ€˜[01m[Kreq[m[Kâ€™ was not declared in this scope
[1.993s]   398 | bool Chassis::ros_get_load_param_cmd_callback(segway_msgs::ros_get_load_param_cmd::Request &[01;31m[Kreq[m[K, segway_msgs::ros_get_load_param_cmd::Response &res)
[1.993s]       |                                                                                             [01;31m[K^~~[m[K
[1.993s] [01m[K/home/parallels/ros2_ws/src/segway_ros2/segwayrmp/src/robot.cpp:398:111:[m[K [01;31m[Kerror: [m[Kâ€˜[01m[Ksegway_msgs::ros_get_load_param_cmd[m[Kâ€™ has not been declared
[1.993s]   398 | bool Chassis::ros_get_load_param_cmd_callback(segway_msgs::ros_get_load_param_cmd::Request &req, segway_msgs::[01;31m[Kros_get_load_param_cmd[m[K::Response &res)
[1.993s]       |                                                                                                               [01;31m[K^~~~~~~~~~~~~~~~~~~~~~[m[K
[1.997s] [01m[K/home/parallels/ros2_ws/src/segway_ros2/segwayrmp/src/robot.cpp:398:145:[m[K [01;31m[Kerror: [m[Kâ€˜[01m[Kres[m[Kâ€™ was not declared in this scope
[1.997s]   398 | bool Chassis::ros_get_load_param_cmd_callback(segway_msgs::ros_get_load_param_cmd::Request &req, segway_msgs::ros_get_load_param_cmd::Response &[01;31m[Kres[m[K)
[1.997s]       |                                                                                                                                                 [01;31m[K^~~[m[K
[1.997s] [01m[K/home/parallels/ros2_ws/src/segway_ros2/segwayrmp/src/robot.cpp:398:148:[m[K [01;31m[Kerror: [m[Kexpression list treated as compound expression in initializer [[01;31m[K]8;;https://gcc.gnu.org/onlinedocs/gcc/Warning-Options.html#index-fpermissive-fpermissive]8;;[m[K]
[1.997s]   398 | bool Chassis::ros_get_load_param_cmd_callback(segway_msgs::ros_get_load_param_cmd::Request &req, segway_msgs::ros_get_load_param_cmd::Response &res[01;31m[K)[m[K
[1.997s]       |                                                                                                                                                    [01;31m[K^[m[K
[1.997s] [01m[K/home/parallels/ros2_ws/src/segway_ros2/segwayrmp/src/robot.cpp:408:6:[m[K [01;31m[Kerror: [m[Kâ€˜[01m[Kbool robot::Chassis::ros_get_chassis_SN_cmd_callback[m[Kâ€™ is not a static data member of â€˜[01m[Kclass robot::Chassis[m[Kâ€™
[1.997s]   408 | bool [01;31m[KChassis[m[K::ros_get_chassis_SN_cmd_callback(segway_msgs::ros_get_chassis_SN_cmd::Request &req, segway_msgs::ros_get_chassis_SN_cmd::Response &res)
[1.997s]       |      [01;31m[K^~~~~~~[m[K
[1.997s] [01m[K/home/parallels/ros2_ws/src/segway_ros2/segwayrmp/src/robot.cpp:408:60:[m[K [01;31m[Kerror: [m[Kâ€˜[01m[Ksegway_msgs::ros_get_chassis_SN_cmd[m[Kâ€™ has not been declared
[1.997s]   408 | bool Chassis::ros_get_chassis_SN_cmd_callback(segway_msgs::[01;31m[Kros_get_chassis_SN_cmd[m[K::Request &req, segway_msgs::ros_get_chassis_SN_cmd::Response &res)
[1.997s]       |                                                            [01;31m[K^~~~~~~~~~~~~~~~~~~~~~[m[K
[2.001s] [01m[K/home/parallels/ros2_ws/src/segway_ros2/segwayrmp/src/robot.cpp:408:93:[m[K [01;31m[Kerror: [m[Kâ€˜[01m[Kreq[m[Kâ€™ was not declared in this scope
[2.001s]   408 | bool Chassis::ros_get_chassis_SN_cmd_callback(segway_msgs::ros_get_chassis_SN_cmd::Request &[01;31m[Kreq[m[K, segway_msgs::ros_get_chassis_SN_cmd::Response &res)
[2.001s]       |                                                                                             [01;31m[K^~~[m[K
[2.001s] [01m[K/home/parallels/ros2_ws/src/segway_ros2/segwayrmp/src/robot.cpp:408:111:[m[K [01;31m[Kerror: [m[Kâ€˜[01m[Ksegway_msgs::ros_get_chassis_SN_cmd[m[Kâ€™ has not been declared
[2.001s]   408 | bool Chassis::ros_get_chassis_SN_cmd_callback(segway_msgs::ros_get_chassis_SN_cmd::Request &req, segway_msgs::[01;31m[Kros_get_chassis_SN_cmd[m[K::Response &res)
[2.001s]       |                                                                                                               [01;31m[K^~~~~~~~~~~~~~~~~~~~~~[m[K
[2.005s] [01m[K/home/parallels/ros2_ws/src/segway_ros2/segwayrmp/src/robot.cpp:408:145:[m[K [01;31m[Kerror: [m[Kâ€˜[01m[Kres[m[Kâ€™ was not declared in this scope
[2.005s]   408 | bool Chassis::ros_get_chassis_SN_cmd_callback(segway_msgs::ros_get_chassis_SN_cmd::Request &req, segway_msgs::ros_get_chassis_SN_cmd::Response &[01;31m[Kres[m[K)
[2.005s]       |                                                                                                                                                 [01;31m[K^~~[m[K
[2.005s] [01m[K/home/parallels/ros2_ws/src/segway_ros2/segwayrmp/src/robot.cpp:408:148:[m[K [01;31m[Kerror: [m[Kexpression list treated as compound expression in initializer [[01;31m[K]8;;https://gcc.gnu.org/onlinedocs/gcc/Warning-Options.html#index-fpermissive-fpermissive]8;;[m[K]
[2.005s]   408 | bool Chassis::ros_get_chassis_SN_cmd_callback(segway_msgs::ros_get_chassis_SN_cmd::Request &req, segway_msgs::ros_get_chassis_SN_cmd::Response &res[01;31m[K)[m[K
[2.005s]       |                                                                                                                                                    [01;31m[K^[m[K
[2.005s] [01m[K/home/parallels/ros2_ws/src/segway_ros2/segwayrmp/src/robot.cpp:426:6:[m[K [01;31m[Kerror: [m[Kâ€˜[01m[Kbool robot::Chassis::ros_get_sw_version_cmd_callback[m[Kâ€™ is not a static data member of â€˜[01m[Kclass robot::Chassis[m[Kâ€™
[2.005s]   426 | bool [01;31m[KChassis[m[K::ros_get_sw_version_cmd_callback(segway_msgs::ros_get_sw_version_cmd::Request &req, segway_msgs::ros_get_sw_version_cmd::Response &res)
[2.005s]       |      [01;31m[K^~~~~~~[m[K
[2.005s] [01m[K/home/parallels/ros2_ws/src/segway_ros2/segwayrmp/src/robot.cpp:426:60:[m[K [01;31m[Kerror: [m[Kâ€˜[01m[Ksegway_msgs::ros_get_sw_version_cmd[m[Kâ€™ has not been declared
[2.005s]   426 | bool Chassis::ros_get_sw_version_cmd_callback(segway_msgs::[01;31m[Kros_get_sw_version_cmd[m[K::Request &req, segway_msgs::ros_get_sw_version_cmd::Response &res)
[2.005s]       |                                                            [01;31m[K^~~~~~~~~~~~~~~~~~~~~~[m[K
[2.009s] [01m[K/home/parallels/ros2_ws/src/segway_ros2/segwayrmp/src/robot.cpp:426:93:[m[K [01;31m[Kerror: [m[Kâ€˜[01m[Kreq[m[Kâ€™ was not declared in this scope
[2.009s]   426 | bool Chassis::ros_get_sw_version_cmd_callback(segway_msgs::ros_get_sw_version_cmd::Request &[01;31m[Kreq[m[K, segway_msgs::ros_get_sw_version_cmd::Response &res)
[2.009s]       |                                                                                             [01;31m[K^~~[m[K
[2.009s] [01m[K/home/parallels/ros2_ws/src/segway_ros2/segwayrmp/src/robot.cpp:426:111:[m[K [01;31m[Kerror: [m[Kâ€˜[01m[Ksegway_msgs::ros_get_sw_version_cmd[m[Kâ€™ has not been declared
[2.009s]   426 | bool Chassis::ros_get_sw_version_cmd_callback(segway_msgs::ros_get_sw_version_cmd::Request &req, segway_msgs::[01;31m[Kros_get_sw_version_cmd[m[K::Response &res)
[2.009s]       |                                                                                                               [01;31m[K^~~~~~~~~~~~~~~~~~~~~~[m[K
[2.013s] [01m[K/home/parallels/ros2_ws/src/segway_ros2/segwayrmp/src/robot.cpp:426:145:[m[K [01;31m[Kerror: [m[Kâ€˜[01m[Kres[m[Kâ€™ was not declared in this scope
[2.013s]   426 | bool Chassis::ros_get_sw_version_cmd_callback(segway_msgs::ros_get_sw_version_cmd::Request &req, segway_msgs::ros_get_sw_version_cmd::Response &[01;31m[Kres[m[K)
[2.013s]       |                                                                                                                                                 [01;31m[K^~~[m[K
[2.013s] [01m[K/home/parallels/ros2_ws/src/segway_ros2/segwayrmp/src/robot.cpp:426:148:[m[K [01;31m[Kerror: [m[Kexpression list treated as compound expression in initializer [[01;31m[K]8;;https://gcc.gnu.org/onlinedocs/gcc/Warning-Options.html#index-fpermissive-fpermissive]8;;[m[K]
[2.013s]   426 | bool Chassis::ros_get_sw_version_cmd_callback(segway_msgs::ros_get_sw_version_cmd::Request &req, segway_msgs::ros_get_sw_version_cmd::Response &res[01;31m[K)[m[K
[2.013s]       |                                                                                                                                                    [01;31m[K^[m[K
[2.014s] [01m[K/home/parallels/ros2_ws/src/segway_ros2/segwayrmp/src/robot.cpp:440:6:[m[K [01;31m[Kerror: [m[Kâ€˜[01m[Kbool robot::Chassis::ros_get_vel_max_feedback_cmd_callback[m[Kâ€™ is not a static data member of â€˜[01m[Kclass robot::Chassis[m[Kâ€™
[2.014s]   440 | bool [01;31m[KChassis[m[K::ros_get_vel_max_feedback_cmd_callback(segway_msgs::ros_get_vel_max_feedback_cmd::Request &req, segway_msgs::ros_get_vel_max_feedback_cmd::Response &res)
[2.014s]       |      [01;31m[K^~~~~~~[m[K
[2.014s] [01m[K/home/parallels/ros2_ws/src/segway_ros2/segwayrmp/src/robot.cpp:440:66:[m[K [01;31m[Kerror: [m[Kâ€˜[01m[Ksegway_msgs::ros_get_vel_max_feedback_cmd[m[Kâ€™ has not been declared
[2.014s]   440 | bool Chassis::ros_get_vel_max_feedback_cmd_callback(segway_msgs::[01;31m[Kros_get_vel_max_feedback_cmd[m[K::Request &req, segway_msgs::ros_get_vel_max_feedback_cmd::Response &res)
[2.014s]       |                                                                  [01;31m[K^~~~~~~~~~~~~~~~~~~~~~~~~~~~[m[K
[2.023s] [01m[K/home/parallels/ros2_ws/src/segway_ros2/segwayrmp/src/robot.cpp:440:105:[m[K [01;31m[Kerror: [m[Kâ€˜[01m[Kreq[m[Kâ€™ was not declared in this scope
[2.023s]   440 | bool Chassis::ros_get_vel_max_feedback_cmd_callback(segway_msgs::ros_get_vel_max_feedback_cmd::Request &[01;31m[Kreq[m[K, segway_msgs::ros_get_vel_max_feedback_cmd::Response &res)
[2.023s]       |                                                                                                         [01;31m[K^~~[m[K
[2.023s] [01m[K/home/parallels/ros2_ws/src/segway_ros2/segwayrmp/src/robot.cpp:440:123:[m[K [01;31m[Kerror: [m[Kâ€˜[01m[Ksegway_msgs::ros_get_vel_max_feedback_cmd[m[Kâ€™ has not been declared
[2.023s]   440 | bool Chassis::ros_get_vel_max_feedback_cmd_callback(segway_msgs::ros_get_vel_max_feedback_cmd::Request &req, segway_msgs::[01;31m[Kros_get_vel_max_feedback_cmd[m[K::Response &res)
[2.023s]       |                                                                                                                           [01;31m[K^~~~~~~~~~~~~~~~~~~~~~~~~~~~[m[K
[2.024s] [01m[K/home/parallels/ros2_ws/src/segway_ros2/segwayrmp/src/robot.cpp:440:163:[m[K [01;31m[Kerror: [m[Kâ€˜[01m[Kres[m[Kâ€™ was not declared in this scope
[2.024s]   440 | bool Chassis::ros_get_vel_max_feedback_cmd_callback(segway_msgs::ros_get_vel_max_feedback_cmd::Request &req, segway_msgs::ros_get_vel_max_feedback_cmd::Response &[01;31m[Kres[m[K)
[2.024s]       |                                                                                                                                                                   [01;31m[K^~~[m[K
[2.024s] [01m[K/home/parallels/ros2_ws/src/segway_ros2/segwayrmp/src/robot.cpp:440:166:[m[K [01;31m[Kerror: [m[Kexpression list treated as compound expression in initializer [[01;31m[K]8;;https://gcc.gnu.org/onlinedocs/gcc/Warning-Options.html#index-fpermissive-fpermissive]8;;[m[K]
[2.024s]   440 | bool Chassis::ros_get_vel_max_feedback_cmd_callback(segway_msgs::ros_get_vel_max_feedback_cmd::Request &req, segway_msgs::ros_get_vel_max_feedback_cmd::Response &res[01;31m[K)[m[K
[2.024s]       |                                                                                                                                                                      [01;31m[K^[m[K
[2.024s] [01m[K/home/parallels/ros2_ws/src/segway_ros2/segwayrmp/src/robot.cpp:453:6:[m[K [01;31m[Kerror: [m[Kâ€˜[01m[Kbool robot::Chassis::ros_set_chassis_buzzer_cmd_callback[m[Kâ€™ is not a static data member of â€˜[01m[Kclass robot::Chassis[m[Kâ€™
[2.024s]   453 | bool [01;31m[KChassis[m[K::ros_set_chassis_buzzer_cmd_callback(segway_msgs::ros_set_chassis_buzzer_cmd::Request &req, segway_msgs::ros_set_chassis_buzzer_cmd::Response &res)
[2.024s]       |      [01;31m[K^~~~~~~[m[K
[2.024s] [01m[K/home/parallels/ros2_ws/src/segway_ros2/segwayrmp/src/robot.cpp:453:64:[m[K [01;31m[Kerror: [m[Kâ€˜[01m[Ksegway_msgs::ros_set_chassis_buzzer_cmd[m[Kâ€™ has not been declared
[2.024s]   453 | bool Chassis::ros_set_chassis_buzzer_cmd_callback(segway_msgs::[01;31m[Kros_set_chassis_buzzer_cmd[m[K::Request &req, segway_msgs::ros_set_chassis_buzzer_cmd::Response &res)
[2.024s]       |                                                                [01;31m[K^~~~~~~~~~~~~~~~~~~~~~~~~~[m[K
[2.028s] [01m[K/home/parallels/ros2_ws/src/segway_ros2/segwayrmp/src/robot.cpp:453:101:[m[K [01;31m[Kerror: [m[Kâ€˜[01m[Kreq[m[Kâ€™ was not declared in this scope
[2.028s]   453 | bool Chassis::ros_set_chassis_buzzer_cmd_callback(segway_msgs::ros_set_chassis_buzzer_cmd::Request &[01;31m[Kreq[m[K, segway_msgs::ros_set_chassis_buzzer_cmd::Response &res)
[2.028s]       |                                                                                                     [01;31m[K^~~[m[K
[2.028s] [01m[K/home/parallels/ros2_ws/src/segway_ros2/segwayrmp/src/robot.cpp:453:119:[m[K [01;31m[Kerror: [m[Kâ€˜[01m[Ksegway_msgs::ros_set_chassis_buzzer_cmd[m[Kâ€™ has not been declared
[2.028s]   453 | bool Chassis::ros_set_chassis_buzzer_cmd_callback(segway_msgs::ros_set_chassis_buzzer_cmd::Request &req, segway_msgs::[01;31m[Kros_set_chassis_buzzer_cmd[m[K::Response &res)
[2.028s]       |                                                                                                                       [01;31m[K^~~~~~~~~~~~~~~~~~~~~~~~~~[m[K
[2.032s] [01m[K/home/parallels/ros2_ws/src/segway_ros2/segwayrmp/src/robot.cpp:453:157:[m[K [01;31m[Kerror: [m[Kâ€˜[01m[Kres[m[Kâ€™ was not declared in this scope
[2.033s]   453 | bool Chassis::ros_set_chassis_buzzer_cmd_callback(segway_msgs::ros_set_chassis_buzzer_cmd::Request &req, segway_msgs::ros_set_chassis_buzzer_cmd::Response &[01;31m[Kres[m[K)
[2.033s]       |                                                                                                                                                             [01;31m[K^~~[m[K
[2.033s] [01m[K/home/parallels/ros2_ws/src/segway_ros2/segwayrmp/src/robot.cpp:453:160:[m[K [01;31m[Kerror: [m[Kexpression list treated as compound expression in initializer [[01;31m[K]8;;https://gcc.gnu.org/onlinedocs/gcc/Warning-Options.html#index-fpermissive-fpermissive]8;;[m[K]
[2.033s]   453 | bool Chassis::ros_set_chassis_buzzer_cmd_callback(segway_msgs::ros_set_chassis_buzzer_cmd::Request &req, segway_msgs::ros_set_chassis_buzzer_cmd::Response &res[01;31m[K)[m[K
[2.033s]       |                                                                                                                                                                [01;31m[K^[m[K
[2.033s] [01m[K/home/parallels/ros2_ws/src/segway_ros2/segwayrmp/src/robot.cpp:469:6:[m[K [01;31m[Kerror: [m[Kâ€˜[01m[Kbool robot::Chassis::ros_set_chassis_enable_cmd_callback[m[Kâ€™ is not a static data member of â€˜[01m[Kclass robot::Chassis[m[Kâ€™
[2.033s]   469 | bool [01;31m[KChassis[m[K::ros_set_chassis_enable_cmd_callback(segway_msgs::ros_set_chassis_enable_cmd::Request &req, segway_msgs::ros_set_chassis_enable_cmd::Response &res)
[2.033s]       |      [01;31m[K^~~~~~~[m[K
[2.033s] [01m[K/home/parallels/ros2_ws/src/segway_ros2/segwayrmp/src/robot.cpp:469:64:[m[K [01;31m[Kerror: [m[Kâ€˜[01m[Ksegway_msgs::ros_set_chassis_enable_cmd[m[Kâ€™ has not been declared
[2.033s]   469 | bool Chassis::ros_set_chassis_enable_cmd_callback(segway_msgs::[01;31m[Kros_set_chassis_enable_cmd[m[K::Request &req, segway_msgs::ros_set_chassis_enable_cmd::Response &res)
[2.033s]       |                                                                [01;31m[K^~~~~~~~~~~~~~~~~~~~~~~~~~[m[K
[2.037s] [01m[K/home/parallels/ros2_ws/src/segway_ros2/segwayrmp/src/robot.cpp:469:101:[m[K [01;31m[Kerror: [m[Kâ€˜[01m[Kreq[m[Kâ€™ was not declared in this scope
[2.037s]   469 | bool Chassis::ros_set_chassis_enable_cmd_callback(segway_msgs::ros_set_chassis_enable_cmd::Request &[01;31m[Kreq[m[K, segway_msgs::ros_set_chassis_enable_cmd::Response &res)
[2.037s]       |                                                                                                     [01;31m[K^~~[m[K
[2.037s] [01m[K/home/parallels/ros2_ws/src/segway_ros2/segwayrmp/src/robot.cpp:469:119:[m[K [01;31m[Kerror: [m[Kâ€˜[01m[Ksegway_msgs::ros_set_chassis_enable_cmd[m[Kâ€™ has not been declared
[2.037s]   469 | bool Chassis::ros_set_chassis_enable_cmd_callback(segway_msgs::ros_set_chassis_enable_cmd::Request &req, segway_msgs::[01;31m[Kros_set_chassis_enable_cmd[m[K::Response &res)
[2.037s]       |                                                                                                                       [01;31m[K^~~~~~~~~~~~~~~~~~~~~~~~~~[m[K
[2.041s] [01m[K/home/parallels/ros2_ws/src/segway_ros2/segwayrmp/src/robot.cpp:469:157:[m[K [01;31m[Kerror: [m[Kâ€˜[01m[Kres[m[Kâ€™ was not declared in this scope
[2.041s]   469 | bool Chassis::ros_set_chassis_enable_cmd_callback(segway_msgs::ros_set_chassis_enable_cmd::Request &req, segway_msgs::ros_set_chassis_enable_cmd::Response &[01;31m[Kres[m[K)
[2.041s]       |                                                                                                                                                             [01;31m[K^~~[m[K
[2.041s] [01m[K/home/parallels/ros2_ws/src/segway_ros2/segwayrmp/src/robot.cpp:469:160:[m[K [01;31m[Kerror: [m[Kexpression list treated as compound expression in initializer [[01;31m[K]8;;https://gcc.gnu.org/onlinedocs/gcc/Warning-Options.html#index-fpermissive-fpermissive]8;;[m[K]
[2.041s]   469 | bool Chassis::ros_set_chassis_enable_cmd_callback(segway_msgs::ros_set_chassis_enable_cmd::Request &req, segway_msgs::ros_set_chassis_enable_cmd::Response &res[01;31m[K)[m[K
[2.041s]       |                                                                                                                                                                [01;31m[K^[m[K
[2.041s] [01m[K/home/parallels/ros2_ws/src/segway_ros2/segwayrmp/src/robot.cpp:485:6:[m[K [01;31m[Kerror: [m[Kâ€˜[01m[Kbool robot::Chassis::ros_set_chassis_poweroff_cmd_callback[m[Kâ€™ is not a static data member of â€˜[01m[Kclass robot::Chassis[m[Kâ€™
[2.041s]   485 | bool [01;31m[KChassis[m[K::ros_set_chassis_poweroff_cmd_callback(segway_msgs::ros_set_chassis_poweroff_cmd::Request &req, segway_msgs::ros_set_chassis_poweroff_cmd::Response &res)
[2.041s]       |      [01;31m[K^~~~~~~[m[K
[2.041s] [01m[K/home/parallels/ros2_ws/src/segway_ros2/segwayrmp/src/robot.cpp:485:66:[m[K [01;31m[Kerror: [m[Kâ€˜[01m[Ksegway_msgs::ros_set_chassis_poweroff_cmd[m[Kâ€™ has not been declared
[2.041s]   485 | bool Chassis::ros_set_chassis_poweroff_cmd_callback(segway_msgs::[01;31m[Kros_set_chassis_poweroff_cmd[m[K::Request &req, segway_msgs::ros_set_chassis_poweroff_cmd::Response &res)
[2.041s]       |                                                                  [01;31m[K^~~~~~~~~~~~~~~~~~~~~~~~~~~~[m[K
[2.045s] [01m[K/home/parallels/ros2_ws/src/segway_ros2/segwayrmp/src/robot.cpp:485:105:[m[K [01;31m[Kerror: [m[Kâ€˜[01m[Kreq[m[Kâ€™ was not declared in this scope
[2.045s]   485 | bool Chassis::ros_set_chassis_poweroff_cmd_callback(segway_msgs::ros_set_chassis_poweroff_cmd::Request &[01;31m[Kreq[m[K, segway_msgs::ros_set_chassis_poweroff_cmd::Response &res)
[2.045s]       |                                                                                                         [01;31m[K^~~[m[K
[2.045s] [01m[K/home/parallels/ros2_ws/src/segway_ros2/segwayrmp/src/robot.cpp:485:123:[m[K [01;31m[Kerror: [m[Kâ€˜[01m[Ksegway_msgs::ros_set_chassis_poweroff_cmd[m[Kâ€™ has not been declared
[2.045s]   485 | bool Chassis::ros_set_chassis_poweroff_cmd_callback(segway_msgs::ros_set_chassis_poweroff_cmd::Request &req, segway_msgs::[01;31m[Kros_set_chassis_poweroff_cmd[m[K::Response &res)
[2.045s]       |                                                                                                                           [01;31m[K^~~~~~~~~~~~~~~~~~~~~~~~~~~~[m[K
[2.049s] [01m[K/home/parallels/ros2_ws/src/segway_ros2/segwayrmp/src/robot.cpp:485:163:[m[K [01;31m[Kerror: [m[Kâ€˜[01m[Kres[m[Kâ€™ was not declared in this scope
[2.049s]   485 | bool Chassis::ros_set_chassis_poweroff_cmd_callback(segway_msgs::ros_set_chassis_poweroff_cmd::Request &req, segway_msgs::ros_set_chassis_poweroff_cmd::Response &[01;31m[Kres[m[K)
[2.049s]       |                                                                                                                                                                   [01;31m[K^~~[m[K
[2.050s] [01m[K/home/parallels/ros2_ws/src/segway_ros2/segwayrmp/src/robot.cpp:485:166:[m[K [01;31m[Kerror: [m[Kexpression list treated as compound expression in initializer [[01;31m[K]8;;https://gcc.gnu.org/onlinedocs/gcc/Warning-Options.html#index-fpermissive-fpermissive]8;;[m[K]
[2.050s]   485 | bool Chassis::ros_set_chassis_poweroff_cmd_callback(segway_msgs::ros_set_chassis_poweroff_cmd::Request &req, segway_msgs::ros_set_chassis_poweroff_cmd::Response &res[01;31m[K)[m[K
[2.050s]       |                                                                                                                                                                      [01;31m[K^[m[K
[2.050s] [01m[K/home/parallels/ros2_ws/src/segway_ros2/segwayrmp/src/robot.cpp:497:6:[m[K [01;31m[Kerror: [m[Kâ€˜[01m[Kbool robot::Chassis::ros_set_load_param_cmd_callback[m[Kâ€™ is not a static data member of â€˜[01m[Kclass robot::Chassis[m[Kâ€™
[2.050s]   497 | bool [01;31m[KChassis[m[K::ros_set_load_param_cmd_callback(segway_msgs::ros_set_load_param_cmd::Request &req, segway_msgs::ros_set_load_param_cmd::Response &res)
[2.050s]       |      [01;31m[K^~~~~~~[m[K
[2.051s] [01m[K/home/parallels/ros2_ws/src/segway_ros2/segwayrmp/src/robot.cpp:497:60:[m[K [01;31m[Kerror: [m[Kâ€˜[01m[Ksegway_msgs::ros_set_load_param_cmd[m[Kâ€™ has not been declared
[2.051s]   497 | bool Chassis::ros_set_load_param_cmd_callback(segway_msgs::[01;31m[Kros_set_load_param_cmd[m[K::Request &req, segway_msgs::ros_set_load_param_cmd::Response &res)
[2.051s]       |                                                            [01;31m[K^~~~~~~~~~~~~~~~~~~~~~[m[K
[2.055s] [01m[K/home/parallels/ros2_ws/src/segway_ros2/segwayrmp/src/robot.cpp:497:93:[m[K [01;31m[Kerror: [m[Kâ€˜[01m[Kreq[m[Kâ€™ was not declared in this scope
[2.055s]   497 | bool Chassis::ros_set_load_param_cmd_callback(segway_msgs::ros_set_load_param_cmd::Request &[01;31m[Kreq[m[K, segway_msgs::ros_set_load_param_cmd::Response &res)
[2.055s]       |                                                                                             [01;31m[K^~~[m[K
[2.055s] [01m[K/home/parallels/ros2_ws/src/segway_ros2/segwayrmp/src/robot.cpp:497:111:[m[K [01;31m[Kerror: [m[Kâ€˜[01m[Ksegway_msgs::ros_set_load_param_cmd[m[Kâ€™ has not been declared
[2.055s]   497 | bool Chassis::ros_set_load_param_cmd_callback(segway_msgs::ros_set_load_param_cmd::Request &req, segway_msgs::[01;31m[Kros_set_load_param_cmd[m[K::Response &res)
[2.055s]       |                                                                                                               [01;31m[K^~~~~~~~~~~~~~~~~~~~~~[m[K
[2.059s] [01m[K/home/parallels/ros2_ws/src/segway_ros2/segwayrmp/src/robot.cpp:497:145:[m[K [01;31m[Kerror: [m[Kâ€˜[01m[Kres[m[Kâ€™ was not declared in this scope
[2.060s]   497 | bool Chassis::ros_set_load_param_cmd_callback(segway_msgs::ros_set_load_param_cmd::Request &req, segway_msgs::ros_set_load_param_cmd::Response &[01;31m[Kres[m[K)
[2.060s]       |                                                                                                                                                 [01;31m[K^~~[m[K
[2.060s] [01m[K/home/parallels/ros2_ws/src/segway_ros2/segwayrmp/src/robot.cpp:497:148:[m[K [01;31m[Kerror: [m[Kexpression list treated as compound expression in initializer [[01;31m[K]8;;https://gcc.gnu.org/onlinedocs/gcc/Warning-Options.html#index-fpermissive-fpermissive]8;;[m[K]
[2.060s]   497 | bool Chassis::ros_set_load_param_cmd_callback(segway_msgs::ros_set_load_param_cmd::Request &req, segway_msgs::ros_set_load_param_cmd::Response &res[01;31m[K)[m[K
[2.060s]       |                                                                                                                                                    [01;31m[K^[m[K
[2.061s] [01m[K/home/parallels/ros2_ws/src/segway_ros2/segwayrmp/src/robot.cpp:510:6:[m[K [01;31m[Kerror: [m[Kâ€˜[01m[Kbool robot::Chassis::ros_set_vel_max_cmd_callback[m[Kâ€™ is not a static data member of â€˜[01m[Kclass robot::Chassis[m[Kâ€™
[2.062s]   510 | bool [01;31m[KChassis[m[K::ros_set_vel_max_cmd_callback(segway_msgs::ros_set_vel_max_cmd::Request &req, segway_msgs::ros_set_vel_max_cmd::Response &res)
[2.062s]       |      [01;31m[K^~~~~~~[m[K
[2.062s] [01m[K/home/parallels/ros2_ws/src/segway_ros2/segwayrmp/src/robot.cpp:510:57:[m[K [01;31m[Kerror: [m[Kâ€˜[01m[Ksegway_msgs::ros_set_vel_max_cmd[m[Kâ€™ has not been declared
[2.062s]   510 | bool Chassis::ros_set_vel_max_cmd_callback(segway_msgs::[01;31m[Kros_set_vel_max_cmd[m[K::Request &req, segway_msgs::ros_set_vel_max_cmd::Response &res)
[2.063s]       |                                                         [01;31m[K^~~~~~~~~~~~~~~~~~~[m[K
[2.065s] [01m[K/home/parallels/ros2_ws/src/segway_ros2/segwayrmp/src/robot.cpp:510:87:[m[K [01;31m[Kerror: [m[Kâ€˜[01m[Kreq[m[Kâ€™ was not declared in this scope
[2.065s]   510 | bool Chassis::ros_set_vel_max_cmd_callback(segway_msgs::ros_set_vel_max_cmd::Request &[01;31m[Kreq[m[K, segway_msgs::ros_set_vel_max_cmd::Response &res)
[2.065s]       |                                                                                       [01;31m[K^~~[m[K
[2.066s] [01m[K/home/parallels/ros2_ws/src/segway_ros2/segwayrmp/src/robot.cpp:510:105:[m[K [01;31m[Kerror: [m[Kâ€˜[01m[Ksegway_msgs::ros_set_vel_max_cmd[m[Kâ€™ has not been declared
[2.066s]   510 | bool Chassis::ros_set_vel_max_cmd_callback(segway_msgs::ros_set_vel_max_cmd::Request &req, segway_msgs::[01;31m[Kros_set_vel_max_cmd[m[K::Response &res)
[2.066s]       |                                                                                                         [01;31m[K^~~~~~~~~~~~~~~~~~~[m[K
[2.069s] [01m[K/home/parallels/ros2_ws/src/segway_ros2/segwayrmp/src/robot.cpp:510:136:[m[K [01;31m[Kerror: [m[Kâ€˜[01m[Kres[m[Kâ€™ was not declared in this scope
[2.070s]   510 | bool Chassis::ros_set_vel_max_cmd_callback(segway_msgs::ros_set_vel_max_cmd::Request &req, segway_msgs::ros_set_vel_max_cmd::Response &[01;31m[Kres[m[K)
[2.070s]       |                                                                                                                                        [01;31m[K^~~[m[K
[2.070s] [01m[K/home/parallels/ros2_ws/src/segway_ros2/segwayrmp/src/robot.cpp:510:139:[m[K [01;31m[Kerror: [m[Kexpression list treated as compound expression in initializer [[01;31m[K]8;;https://gcc.gnu.org/onlinedocs/gcc/Warning-Options.html#index-fpermissive-fpermissive]8;;[m[K]
[2.070s]   510 | bool Chassis::ros_set_vel_max_cmd_callback(segway_msgs::ros_set_vel_max_cmd::Request &req, segway_msgs::ros_set_vel_max_cmd::Response &res[01;31m[K)[m[K
[2.071s]       |                                                                                                                                           [01;31m[K^[m[K
[2.071s] [01m[K/home/parallels/ros2_ws/src/segway_ros2/segwayrmp/src/robot.cpp:524:6:[m[K [01;31m[Kerror: [m[Kâ€˜[01m[Kbool robot::Chassis::ros_reset_host_power_cmd_callback[m[Kâ€™ is not a static data member of â€˜[01m[Kclass robot::Chassis[m[Kâ€™
[2.071s]   524 | bool [01;31m[KChassis[m[K::ros_reset_host_power_cmd_callback(segway_msgs::ros_reset_host_power_cmd::Request & req, segway_msgs::ros_reset_host_power_cmd::Response &res)
[2.071s]       |      [01;31m[K^~~~~~~[m[K
[2.072s] [01m[K/home/parallels/ros2_ws/src/segway_ros2/segwayrmp/src/robot.cpp:524:62:[m[K [01;31m[Kerror: [m[Kâ€˜[01m[Ksegway_msgs::ros_reset_host_power_cmd[m[Kâ€™ has not been declared
[2.072s]   524 | bool Chassis::ros_reset_host_power_cmd_callback(segway_msgs::[01;31m[Kros_reset_host_power_cmd[m[K::Request & req, segway_msgs::ros_reset_host_power_cmd::Response &res)
[2.073s]       |                                                              [01;31m[K^~~~~~~~~~~~~~~~~~~~~~~~[m[K
[2.074s] [01m[K/home/parallels/ros2_ws/src/segway_ros2/segwayrmp/src/robot.cpp:524:98:[m[K [01;31m[Kerror: [m[Kâ€˜[01m[Kreq[m[Kâ€™ was not declared in this scope
[2.074s]   524 | bool Chassis::ros_reset_host_power_cmd_callback(segway_msgs::ros_reset_host_power_cmd::Request & [01;31m[Kreq[m[K, segway_msgs::ros_reset_host_power_cmd::Response &res)
[2.075s]       |                                                                                                  [01;31m[K^~~[m[K
[2.075s] [01m[K/home/parallels/ros2_ws/src/segway_ros2/segwayrmp/src/robot.cpp:524:116:[m[K [01;31m[Kerror: [m[Kâ€˜[01m[Ksegway_msgs::ros_reset_host_power_cmd[m[Kâ€™ has not been declared
[2.075s]   524 | bool Chassis::ros_reset_host_power_cmd_callback(segway_msgs::ros_reset_host_power_cmd::Request & req, segway_msgs::[01;31m[Kros_reset_host_power_cmd[m[K::Response &res)
[2.075s]       |                                                                                                                    [01;31m[K^~~~~~~~~~~~~~~~~~~~~~~~[m[K
[2.079s] [01m[K/home/parallels/ros2_ws/src/segway_ros2/segwayrmp/src/robot.cpp:524:152:[m[K [01;31m[Kerror: [m[Kâ€˜[01m[Kres[m[Kâ€™ was not declared in this scope
[2.080s]   524 | bool Chassis::ros_reset_host_power_cmd_callback(segway_msgs::ros_reset_host_power_cmd::Request & req, segway_msgs::ros_reset_host_power_cmd::Response &[01;31m[Kres[m[K)
[2.080s]       |                                                                                                                                                        [01;31m[K^~~[m[K
[2.080s] [01m[K/home/parallels/ros2_ws/src/segway_ros2/segwayrmp/src/robot.cpp:524:155:[m[K [01;31m[Kerror: [m[Kexpression list treated as compound expression in initializer [[01;31m[K]8;;https://gcc.gnu.org/onlinedocs/gcc/Warning-Options.html#index-fpermissive-fpermissive]8;;[m[K]
[2.080s]   524 | bool Chassis::ros_reset_host_power_cmd_callback(segway_msgs::ros_reset_host_power_cmd::Request & req, segway_msgs::ros_reset_host_power_cmd::Response &res[01;31m[K)[m[K
[2.080s]       |                                                                                                                                                           [01;31m[K^[m[K
[2.081s] [01m[K/home/parallels/ros2_ws/src/segway_ros2/segwayrmp/src/robot.cpp:532:6:[m[K [01;31m[Kerror: [m[Kâ€˜[01m[Kbool robot::Chassis::ros_start_chassis_left_rotate_cmd_callback[m[Kâ€™ is not a static data member of â€˜[01m[Kclass robot::Chassis[m[Kâ€™
[2.081s]   532 | bool [01;31m[KChassis[m[K::ros_start_chassis_left_rotate_cmd_callback(segway_msgs::ros_start_chassis_left_rotate_cmd::Request & req, segway_msgs::ros_start_chassis_left_rotate_cmd::Response &res)
[2.081s]       |      [01;31m[K^~~~~~~[m[K
[2.081s] [01m[K/home/parallels/ros2_ws/src/segway_ros2/segwayrmp/src/robot.cpp:532:71:[m[K [01;31m[Kerror: [m[Kâ€˜[01m[Ksegway_msgs::ros_start_chassis_left_rotate_cmd[m[Kâ€™ has not been declared
[2.081s]   532 | bool Chassis::ros_start_chassis_left_rotate_cmd_callback(segway_msgs::[01;31m[Kros_start_chassis_left_rotate_cmd[m[K::Request & req, segway_msgs::ros_start_chassis_left_rotate_cmd::Response &res)
[2.082s]       |                                                                       [01;31m[K^~~~~~~~~~~~~~~~~~~~~~~~~~~~~~~~~[m[K
[2.084s] [01m[K/home/parallels/ros2_ws/src/segway_ros2/segwayrmp/src/robot.cpp:532:116:[m[K [01;31m[Kerror: [m[Kâ€˜[01m[Kreq[m[Kâ€™ was not declared in this scope
[2.085s]   532 | bool Chassis::ros_start_chassis_left_rotate_cmd_callback(segway_msgs::ros_start_chassis_left_rotate_cmd::Request & [01;31m[Kreq[m[K, segway_msgs::ros_start_chassis_left_rotate_cmd::Response &res)
[2.085s]       |                                                                                                                    [01;31m[K^~~[m[K
[2.085s] [01m[K/home/parallels/ros2_ws/src/segway_ros2/segwayrmp/src/robot.cpp:532:134:[m[K [01;31m[Kerror: [m[Kâ€˜[01m[Ksegway_msgs::ros_start_chassis_left_rotate_cmd[m[Kâ€™ has not been declared
[2.085s]   532 | bool Chassis::ros_start_chassis_left_rotate_cmd_callback(segway_msgs::ros_start_chassis_left_rotate_cmd::Request & req, segway_msgs::[01;31m[Kros_start_chassis_left_rotate_cmd[m[K::Response &res)
[2.085s]       |                                                                                                                                      [01;31m[K^~~~~~~~~~~~~~~~~~~~~~~~~~~~~~~~~[m[K
[2.089s] [01m[K/home/parallels/ros2_ws/src/segway_ros2/segwayrmp/src/robot.cpp:532:179:[m[K [01;31m[Kerror: [m[Kâ€˜[01m[Kres[m[Kâ€™ was not declared in this scope
[2.089s]   532 | bool Chassis::ros_start_chassis_left_rotate_cmd_callback(segway_msgs::ros_start_chassis_left_rotate_cmd::Request & req, segway_msgs::ros_start_chassis_left_rotate_cmd::Response &[01;31m[Kres[m[K)
[2.089s]       |                                                                                                                                                                                   [01;31m[K^~~[m[K
[2.089s] [01m[K/home/parallels/ros2_ws/src/segway_ros2/segwayrmp/src/robot.cpp:532:182:[m[K [01;31m[Kerror: [m[Kexpression list treated as compound expression in initializer [[01;31m[K]8;;https://gcc.gnu.org/onlinedocs/gcc/Warning-Options.html#index-fpermissive-fpermissive]8;;[m[K]
[2.090s]   532 | bool Chassis::ros_start_chassis_left_rotate_cmd_callback(segway_msgs::ros_start_chassis_left_rotate_cmd::Request & req, segway_msgs::ros_start_chassis_left_rotate_cmd::Response &res[01;31m[K)[m[K
[2.090s]       |                                                                                                                                                                                      [01;31m[K^[m[K
[2.090s] [01m[K/home/parallels/ros2_ws/src/segway_ros2/segwayrmp/src/robot.cpp:541:6:[m[K [01;31m[Kerror: [m[Kâ€˜[01m[Kbool robot::Chassis::ros_start_chassis_right_rotate_cmd_callback[m[Kâ€™ is not a static data member of â€˜[01m[Kclass robot::Chassis[m[Kâ€™
[2.090s]   541 | bool [01;31m[KChassis[m[K::ros_start_chassis_right_rotate_cmd_callback(segway_msgs::ros_start_chassis_right_rotate_cmd::Request & req, segway_msgs::ros_start_chassis_right_rotate_cmd::Response &res)
[2.090s]       |      [01;31m[K^~~~~~~[m[K
[2.091s] [01m[K/home/parallels/ros2_ws/src/segway_ros2/segwayrmp/src/robot.cpp:541:72:[m[K [01;31m[Kerror: [m[Kâ€˜[01m[Ksegway_msgs::ros_start_chassis_right_rotate_cmd[m[Kâ€™ has not been declared
[2.091s]   541 | bool Chassis::ros_start_chassis_right_rotate_cmd_callback(segway_msgs::[01;31m[Kros_start_chassis_right_rotate_cmd[m[K::Request & req, segway_msgs::ros_start_chassis_right_rotate_cmd::Response &res)
[2.091s]       |                                                                        [01;31m[K^~~~~~~~~~~~~~~~~~~~~~~~~~~~~~~~~~[m[K
[2.094s] [01m[K/home/parallels/ros2_ws/src/segway_ros2/segwayrmp/src/robot.cpp:541:118:[m[K [01;31m[Kerror: [m[Kâ€˜[01m[Kreq[m[Kâ€™ was not declared in this scope
[2.094s]   541 | bool Chassis::ros_start_chassis_right_rotate_cmd_callback(segway_msgs::ros_start_chassis_right_rotate_cmd::Request & [01;31m[Kreq[m[K, segway_msgs::ros_start_chassis_right_rotate_cmd::Response &res)
[2.094s]       |                                                                                                                      [01;31m[K^~~[m[K
[2.094s] [01m[K/home/parallels/ros2_ws/src/segway_ros2/segwayrmp/src/robot.cpp:541:136:[m[K [01;31m[Kerror: [m[Kâ€˜[01m[Ksegway_msgs::ros_start_chassis_right_rotate_cmd[m[Kâ€™ has not been declared
[2.094s]   541 | bool Chassis::ros_start_chassis_right_rotate_cmd_callback(segway_msgs::ros_start_chassis_right_rotate_cmd::Request & req, segway_msgs::[01;31m[Kros_start_chassis_right_rotate_cmd[m[K::Response &res)
[2.095s]       |                                                                                                                                        [01;31m[K^~~~~~~~~~~~~~~~~~~~~~~~~~~~~~~~~~[m[K
[2.098s] [01m[K/home/parallels/ros2_ws/src/segway_ros2/segwayrmp/src/robot.cpp:541:182:[m[K [01;31m[Kerror: [m[Kâ€˜[01m[Kres[m[Kâ€™ was not declared in this scope
[2.098s]   541 | bool Chassis::ros_start_chassis_right_rotate_cmd_callback(segway_msgs::ros_start_chassis_right_rotate_cmd::Request & req, segway_msgs::ros_start_chassis_right_rotate_cmd::Response &[01;31m[Kres[m[K)
[2.098s]       |                                                                                                                                                                                      [01;31m[K^~~[m[K
[2.099s] [01m[K/home/parallels/ros2_ws/src/segway_ros2/segwayrmp/src/robot.cpp:541:185:[m[K [01;31m[Kerror: [m[Kexpression list treated as compound expression in initializer [[01;31m[K]8;;https://gcc.gnu.org/onlinedocs/gcc/Warning-Options.html#index-fpermissive-fpermissive]8;;[m[K]
[2.099s]   541 | bool Chassis::ros_start_chassis_right_rotate_cmd_callback(segway_msgs::ros_start_chassis_right_rotate_cmd::Request & req, segway_msgs::ros_start_chassis_right_rotate_cmd::Response &res[01;31m[K)[m[K
[2.099s]       |                                                                                                                                                                                         [01;31m[K^[m[K
[2.099s] [01m[K/home/parallels/ros2_ws/src/segway_ros2/segwayrmp/src/robot.cpp:550:6:[m[K [01;31m[Kerror: [m[Kâ€˜[01m[Kbool robot::Chassis::ros_stop_chassis_rotate_cmd_callback[m[Kâ€™ is not a static data member of â€˜[01m[Kclass robot::Chassis[m[Kâ€™
[2.100s]   550 | bool [01;31m[KChassis[m[K::ros_stop_chassis_rotate_cmd_callback(segway_msgs::ros_stop_chassis_rotate_cmd::Request & req, segway_msgs::ros_stop_chassis_rotate_cmd::Response &res)
[2.100s]       |      [01;31m[K^~~~~~~[m[K
[2.100s] [01m[K/home/parallels/ros2_ws/src/segway_ros2/segwayrmp/src/robot.cpp:550:65:[m[K [01;31m[Kerror: [m[Kâ€˜[01m[Ksegway_msgs::ros_stop_chassis_rotate_cmd[m[Kâ€™ has not been declared
[2.100s]   550 | bool Chassis::ros_stop_chassis_rotate_cmd_callback(segway_msgs::[01;31m[Kros_stop_chassis_rotate_cmd[m[K::Request & req, segway_msgs::ros_stop_chassis_rotate_cmd::Response &res)
[2.100s]       |                                                                 [01;31m[K^~~~~~~~~~~~~~~~~~~~~~~~~~~[m[K
[2.103s] [01m[K/home/parallels/ros2_ws/src/segway_ros2/segwayrmp/src/robot.cpp:550:104:[m[K [01;31m[Kerror: [m[Kâ€˜[01m[Kreq[m[Kâ€™ was not declared in this scope
[2.103s]   550 | bool Chassis::ros_stop_chassis_rotate_cmd_callback(segway_msgs::ros_stop_chassis_rotate_cmd::Request & [01;31m[Kreq[m[K, segway_msgs::ros_stop_chassis_rotate_cmd::Response &res)
[2.103s]       |                                                                                                        [01;31m[K^~~[m[K
[2.103s] [01m[K/home/parallels/ros2_ws/src/segway_ros2/segwayrmp/src/robot.cpp:550:122:[m[K [01;31m[Kerror: [m[Kâ€˜[01m[Ksegway_msgs::ros_stop_chassis_rotate_cmd[m[Kâ€™ has not been declared
[2.103s]   550 | bool Chassis::ros_stop_chassis_rotate_cmd_callback(segway_msgs::ros_stop_chassis_rotate_cmd::Request & req, segway_msgs::[01;31m[Kros_stop_chassis_rotate_cmd[m[K::Response &res)
[2.104s]       |                                                                                                                          [01;31m[K^~~~~~~~~~~~~~~~~~~~~~~~~~~[m[K
[2.107s] [01m[K/home/parallels/ros2_ws/src/segway_ros2/segwayrmp/src/robot.cpp:550:161:[m[K [01;31m[Kerror: [m[Kâ€˜[01m[Kres[m[Kâ€™ was not declared in this scope
[2.107s]   550 | bool Chassis::ros_stop_chassis_rotate_cmd_callback(segway_msgs::ros_stop_chassis_rotate_cmd::Request & req, segway_msgs::ros_stop_chassis_rotate_cmd::Response &[01;31m[Kres[m[K)
[2.107s]       |                                                                                                                                                                 [01;31m[K^~~[m[K
[2.108s] [01m[K/home/parallels/ros2_ws/src/segway_ros2/segwayrmp/src/robot.cpp:550:164:[m[K [01;31m[Kerror: [m[Kexpression list treated as compound expression in initializer [[01;31m[K]8;;https://gcc.gnu.org/onlinedocs/gcc/Warning-Options.html#index-fpermissive-fpermissive]8;;[m[K]
[2.108s]   550 | bool Chassis::ros_stop_chassis_rotate_cmd_callback(segway_msgs::ros_stop_chassis_rotate_cmd::Request & req, segway_msgs::ros_stop_chassis_rotate_cmd::Response &res[01;31m[K)[m[K
[2.108s]       |                                                                                                                                                                    [01;31m[K^[m[K
[2.108s] [01m[K/home/parallels/ros2_ws/src/segway_ros2/segwayrmp/src/robot.cpp:559:6:[m[K [01;31m[Kerror: [m[Kâ€˜[01m[Kbool robot::Chassis::ros_get_rotate_function_cfg_cmd_callback[m[Kâ€™ is not a static data member of â€˜[01m[Kclass robot::Chassis[m[Kâ€™
[2.108s]   559 | bool [01;31m[KChassis[m[K::ros_get_rotate_function_cfg_cmd_callback(segway_msgs::ros_get_rotate_function_cfg_cmd::Request & req, segway_msgs::ros_get_rotate_function_cfg_cmd::Response &res)
[2.109s]       |      [01;31m[K^~~~~~~[m[K
[2.109s] [01m[K/home/parallels/ros2_ws/src/segway_ros2/segwayrmp/src/robot.cpp:559:69:[m[K [01;31m[Kerror: [m[Kâ€˜[01m[Ksegway_msgs::ros_get_rotate_function_cfg_cmd[m[Kâ€™ has not been declared
[2.109s]   559 | bool Chassis::ros_get_rotate_function_cfg_cmd_callback(segway_msgs::[01;31m[Kros_get_rotate_function_cfg_cmd[m[K::Request & req, segway_msgs::ros_get_rotate_function_cfg_cmd::Response &res)
[2.109s]       |                                                                     [01;31m[K^~~~~~~~~~~~~~~~~~~~~~~~~~~~~~~[m[K
[2.112s] [01m[K/home/parallels/ros2_ws/src/segway_ros2/segwayrmp/src/robot.cpp:559:112:[m[K [01;31m[Kerror: [m[Kâ€˜[01m[Kreq[m[Kâ€™ was not declared in this scope
[2.112s]   559 | bool Chassis::ros_get_rotate_function_cfg_cmd_callback(segway_msgs::ros_get_rotate_function_cfg_cmd::Request & [01;31m[Kreq[m[K, segway_msgs::ros_get_rotate_function_cfg_cmd::Response &res)
[2.112s]       |                                                                                                                [01;31m[K^~~[m[K
[2.112s] [01m[K/home/parallels/ros2_ws/src/segway_ros2/segwayrmp/src/robot.cpp:559:130:[m[K [01;31m[Kerror: [m[Kâ€˜[01m[Ksegway_msgs::ros_get_rotate_function_cfg_cmd[m[Kâ€™ has not been declared
[2.112s]   559 | bool Chassis::ros_get_rotate_function_cfg_cmd_callback(segway_msgs::ros_get_rotate_function_cfg_cmd::Request & req, segway_msgs::[01;31m[Kros_get_rotate_function_cfg_cmd[m[K::Response &res)
[2.113s]       |                                                                                                                                  [01;31m[K^~~~~~~~~~~~~~~~~~~~~~~~~~~~~~~[m[K
[2.116s] [01m[K/home/parallels/ros2_ws/src/segway_ros2/segwayrmp/src/robot.cpp:559:173:[m[K [01;31m[Kerror: [m[Kâ€˜[01m[Kres[m[Kâ€™ was not declared in this scope
[2.116s]   559 | bool Chassis::ros_get_rotate_function_cfg_cmd_callback(segway_msgs::ros_get_rotate_function_cfg_cmd::Request & req, segway_msgs::ros_get_rotate_function_cfg_cmd::Response &[01;31m[Kres[m[K)
[2.116s]       |                                                                                                                                                                             [01;31m[K^~~[m[K
[2.117s] [01m[K/home/parallels/ros2_ws/src/segway_ros2/segwayrmp/src/robot.cpp:559:176:[m[K [01;31m[Kerror: [m[Kexpression list treated as compound expression in initializer [[01;31m[K]8;;https://gcc.gnu.org/onlinedocs/gcc/Warning-Options.html#index-fpermissive-fpermissive]8;;[m[K]
[2.117s]   559 | bool Chassis::ros_get_rotate_function_cfg_cmd_callback(segway_msgs::ros_get_rotate_function_cfg_cmd::Request & req, segway_msgs::ros_get_rotate_function_cfg_cmd::Response &res[01;31m[K)[m[K
[2.117s]       |                                                                                                                                                                                [01;31m[K^[m[K
[2.117s] [01m[K/home/parallels/ros2_ws/src/segway_ros2/segwayrmp/src/robot.cpp:565:6:[m[K [01;31m[Kerror: [m[Kâ€˜[01m[Kbool robot::Chassis::ros_set_cfg_rotate_function_cmd_callback[m[Kâ€™ is not a static data member of â€˜[01m[Kclass robot::Chassis[m[Kâ€™
[2.118s]   565 | bool [01;31m[KChassis[m[K::ros_set_cfg_rotate_function_cmd_callback(segway_msgs::ros_set_cfg_rotate_function_cmd::Request & req, segway_msgs::ros_set_cfg_rotate_function_cmd::Response &res)
[2.118s]       |      [01;31m[K^~~~~~~[m[K
[2.118s] [01m[K/home/parallels/ros2_ws/src/segway_ros2/segwayrmp/src/robot.cpp:565:69:[m[K [01;31m[Kerror: [m[Kâ€˜[01m[Ksegway_msgs::ros_set_cfg_rotate_function_cmd[m[Kâ€™ has not been declared
[2.118s]   565 | bool Chassis::ros_set_cfg_rotate_function_cmd_callback(segway_msgs::[01;31m[Kros_set_cfg_rotate_function_cmd[m[K::Request & req, segway_msgs::ros_set_cfg_rotate_function_cmd::Response &res)
[2.118s]       |                                                                     [01;31m[K^~~~~~~~~~~~~~~~~~~~~~~~~~~~~~~[m[K
[2.120s] [01m[K/home/parallels/ros2_ws/src/segway_ros2/segwayrmp/src/robot.cpp:565:112:[m[K [01;31m[Kerror: [m[Kâ€˜[01m[Kreq[m[Kâ€™ was not declared in this scope
[2.120s]   565 | bool Chassis::ros_set_cfg_rotate_function_cmd_callback(segway_msgs::ros_set_cfg_rotate_function_cmd::Request & [01;31m[Kreq[m[K, segway_msgs::ros_set_cfg_rotate_function_cmd::Response &res)
[2.120s]       |                                                                                                                [01;31m[K^~~[m[K
[2.120s] [01m[K/home/parallels/ros2_ws/src/segway_ros2/segwayrmp/src/robot.cpp:565:130:[m[K [01;31m[Kerror: [m[Kâ€˜[01m[Ksegway_msgs::ros_set_cfg_rotate_function_cmd[m[Kâ€™ has not been declared
[2.120s]   565 | bool Chassis::ros_set_cfg_rotate_function_cmd_callback(segway_msgs::ros_set_cfg_rotate_function_cmd::Request & req, segway_msgs::[01;31m[Kros_set_cfg_rotate_function_cmd[m[K::Response &res)
[2.120s]       |                                                                                                                                  [01;31m[K^~~~~~~~~~~~~~~~~~~~~~~~~~~~~~~[m[K
[2.125s] [01m[K/home/parallels/ros2_ws/src/segway_ros2/segwayrmp/src/robot.cpp:565:173:[m[K [01;31m[Kerror: [m[Kâ€˜[01m[Kres[m[Kâ€™ was not declared in this scope
[2.125s]   565 | bool Chassis::ros_set_cfg_rotate_function_cmd_callback(segway_msgs::ros_set_cfg_rotate_function_cmd::Request & req, segway_msgs::ros_set_cfg_rotate_function_cmd::Response &[01;31m[Kres[m[K)
[2.125s]       |                                                                                                                                                                             [01;31m[K^~~[m[K
[2.125s] [01m[K/home/parallels/ros2_ws/src/segway_ros2/segwayrmp/src/robot.cpp:565:176:[m[K [01;31m[Kerror: [m[Kexpression list treated as compound expression in initializer [[01;31m[K]8;;https://gcc.gnu.org/onlinedocs/gcc/Warning-Options.html#index-fpermissive-fpermissive]8;;[m[K]
[2.125s]   565 | bool Chassis::ros_set_cfg_rotate_function_cmd_callback(segway_msgs::ros_set_cfg_rotate_function_cmd::Request & req, segway_msgs::ros_set_cfg_rotate_function_cmd::Response &res[01;31m[K)[m[K
[2.125s]       |                                                                                                                                                                                [01;31m[K^[m[K
[2.125s] [01m[K/home/parallels/ros2_ws/src/segway_ros2/segwayrmp/src/robot.cpp:576:6:[m[K [01;31m[Kerror: [m[Kâ€˜[01m[Kbool robot::Chassis::ros_get_host_and_chassis_match_cmd_callback[m[Kâ€™ is not a static data member of â€˜[01m[Kclass robot::Chassis[m[Kâ€™
[2.125s]   576 | bool [01;31m[KChassis[m[K::ros_get_host_and_chassis_match_cmd_callback(segway_msgs::ros_get_host_and_chassis_match_cmd::Request & req, segway_msgs::ros_get_host_and_chassis_match_cmd::Response &res)
[2.125s]       |      [01;31m[K^~~~~~~[m[K
[2.125s] [01m[K/home/parallels/ros2_ws/src/segway_ros2/segwayrmp/src/robot.cpp:576:72:[m[K [01;31m[Kerror: [m[Kâ€˜[01m[Ksegway_msgs::ros_get_host_and_chassis_match_cmd[m[Kâ€™ has not been declared
[2.125s]   576 | bool Chassis::ros_get_host_and_chassis_match_cmd_callback(segway_msgs::[01;31m[Kros_get_host_and_chassis_match_cmd[m[K::Request & req, segway_msgs::ros_get_host_and_chassis_match_cmd::Response &res)
[2.125s]       |                                                                        [01;31m[K^~~~~~~~~~~~~~~~~~~~~~~~~~~~~~~~~~[m[K
[2.129s] [01m[K/home/parallels/ros2_ws/src/segway_ros2/segwayrmp/src/robot.cpp:576:118:[m[K [01;31m[Kerror: [m[Kâ€˜[01m[Kreq[m[Kâ€™ was not declared in this scope
[2.129s]   576 | bool Chassis::ros_get_host_and_chassis_match_cmd_callback(segway_msgs::ros_get_host_and_chassis_match_cmd::Request & [01;31m[Kreq[m[K, segway_msgs::ros_get_host_and_chassis_match_cmd::Response &res)
[2.129s]       |                                                                                                                      [01;31m[K^~~[m[K
[2.129s] [01m[K/home/parallels/ros2_ws/src/segway_ros2/segwayrmp/src/robot.cpp:576:136:[m[K [01;31m[Kerror: [m[Kâ€˜[01m[Ksegway_msgs::ros_get_host_and_chassis_match_cmd[m[Kâ€™ has not been declared
[2.129s]   576 | bool Chassis::ros_get_host_and_chassis_match_cmd_callback(segway_msgs::ros_get_host_and_chassis_match_cmd::Request & req, segway_msgs::[01;31m[Kros_get_host_and_chassis_match_cmd[m[K::Response &res)
[2.129s]       |                                                                                                                                        [01;31m[K^~~~~~~~~~~~~~~~~~~~~~~~~~~~~~~~~~[m[K
[2.133s] [01m[K/home/parallels/ros2_ws/src/segway_ros2/segwayrmp/src/robot.cpp:576:182:[m[K [01;31m[Kerror: [m[Kâ€˜[01m[Kres[m[Kâ€™ was not declared in this scope
[2.133s]   576 | bool Chassis::ros_get_host_and_chassis_match_cmd_callback(segway_msgs::ros_get_host_and_chassis_match_cmd::Request & req, segway_msgs::ros_get_host_and_chassis_match_cmd::Response &[01;31m[Kres[m[K)
[2.133s]       |                                                                                                                                                                                      [01;31m[K^~~[m[K
[2.133s] [01m[K/home/parallels/ros2_ws/src/segway_ros2/segwayrmp/src/robot.cpp:576:185:[m[K [01;31m[Kerror: [m[Kexpression list treated as compound expression in initializer [[01;31m[K]8;;https://gcc.gnu.org/onlinedocs/gcc/Warning-Options.html#index-fpermissive-fpermissive]8;;[m[K]
[2.133s]   576 | bool Chassis::ros_get_host_and_chassis_match_cmd_callback(segway_msgs::ros_get_host_and_chassis_match_cmd::Request & req, segway_msgs::ros_get_host_and_chassis_match_cmd::Response &res[01;31m[K)[m[K
[2.134s]       |                                                                                                                                                                                         [01;31m[K^[m[K
[2.134s] [01m[K/home/parallels/ros2_ws/src/segway_ros2/segwayrmp/src/robot.cpp:[m[K In static member function â€˜[01m[Kstatic void robot::Chassis::chassis_send_event_callback(int)[m[Kâ€™:
[2.134s] [01m[K/home/parallels/ros2_ws/src/segway_ros2/segwayrmp/src/robot.cpp:585:18:[m[K [01;31m[Kerror: [m[Kâ€˜[01m[Kchassis_send_event[m[Kâ€™ is not a member of â€˜[01m[Ksegway_msgs[m[Kâ€™
[2.134s]   585 |     segway_msgs::[01;31m[Kchassis_send_event[m[K chassis_send_event_srv;
[2.134s]       |                  [01;31m[K^~~~~~~~~~~~~~~~~~[m[K
[2.142s] [01m[K/home/parallels/ros2_ws/src/segway_ros2/segwayrmp/src/robot.cpp:587:5:[m[K [01;31m[Kerror: [m[Kâ€˜[01m[Kchassis_send_event_srv[m[Kâ€™ was not declared in this scope; did you mean â€˜[01m[Kchassis_send_event_srv_client[m[Kâ€™?
[2.142s]   587 |     [01;31m[Kchassis_send_event_srv[m[K.request.chassis_send_event_id = (int16_t)event_no;
[2.142s]       |     [01;31m[K^~~~~~~~~~~~~~~~~~~~~~[m[K
[2.142s]       |     [32m[Kchassis_send_event_srv_client[m[K
[2.142s] [01m[K/home/parallels/ros2_ws/src/segway_ros2/segwayrmp/src/robot.cpp:588:39:[m[K [01;31m[Kerror: [m[Kâ€˜[01m[Kusing SharedPtr = class std::shared_ptr<rclcpp::Client<segway_msgs::srv::ChassisSendEvent> >[m[Kâ€™ {aka â€˜[01m[Kclass std::shared_ptr<rclcpp::Client<segway_msgs::srv::ChassisSendEvent> >[m[Kâ€™} has no member named â€˜[01m[Kcall[m[Kâ€™
[2.142s]   588 |     if (chassis_send_event_srv_client.[01;31m[Kcall[m[K(chassis_send_event_srv))
[2.142s]       |                                       [01;31m[K^~~~[m[K
[2.147s] [01m[K/home/parallels/ros2_ws/src/segway_ros2/segwayrmp/src/robot.cpp:590:9:[m[K [01;31m[Kerror: [m[Kâ€˜[01m[KROS_INFO[m[Kâ€™ was not declared in this scope
[2.147s]   590 |         [01;31m[KROS_INFO[m[K("send chassis_send_event_srv, chassis_send_event_srv.request.chassis_send_event_id: %d", chassis_send_event_srv.request.chassis_send_event_id);
[2.147s]       |         [01;31m[K^~~~~~~~[m[K
[2.153s] [01m[K/home/parallels/ros2_ws/src/segway_ros2/segwayrmp/src/robot.cpp:595:9:[m[K [01;31m[Kerror: [m[Kâ€˜[01m[KROS_ERROR[m[Kâ€™ was not declared in this scope
[2.153s]   595 |         [01;31m[KROS_ERROR[m[K("Failed to call service chassis_send_event_srv");
[2.153s]       |         [01;31m[K^~~~~~~~~[m[K
[2.153s] [01m[K/home/parallels/ros2_ws/src/segway_ros2/segwayrmp/src/robot.cpp:[m[K In member function â€˜[01m[Kvoid robot::Chassis::PubOdomToRosOdom(Odometry)[m[Kâ€™:
[2.153s] [01m[K/home/parallels/ros2_ws/src/segway_ros2/segwayrmp/src/robot.cpp:618:14:[m[K [01;31m[Kerror: [m[Kâ€˜[01m[Kusing SharedPtr = class std::shared_ptr<rclcpp::Publisher<nav_msgs::msg::Odometry_<std::allocator<void> > > >[m[Kâ€™ {aka â€˜[01m[Kclass std::shared_ptr<rclcpp::Publisher<nav_msgs::msg::Odometry_<std::allocator<void> > > >[m[Kâ€™} has no member named â€˜[01m[Kpublish[m[Kâ€™
[2.153s]   618 |     Odom_pub.[01;31m[Kpublish[m[K(ROS_odom);
[2.153s]       |              [01;31m[K^~~~~~~[m[K
[2.153s] [01m[K/home/parallels/ros2_ws/src/segway_ros2/segwayrmp/src/robot.cpp:[m[K In member function â€˜[01m[Kvoid robot::Chassis::PubImuToRosImu()[m[Kâ€™:
[2.153s] [01m[K/home/parallels/ros2_ws/src/segway_ros2/segwayrmp/src/robot.cpp:624:20:[m[K [01;31m[Kerror: [m[Kâ€˜[01m[Kusing _header_type = struct std_msgs::msg::Header_<std::allocator<void> >[m[Kâ€™ {aka â€˜[01m[Kstruct std_msgs::msg::Header_<std::allocator<void> >[m[Kâ€™} has no member named â€˜[01m[Kseq[m[Kâ€™
[2.153s]   624 |     ros_imu.header.[01;31m[Kseq[m[K++;
[2.153s]       |                    [01;31m[K^~~[m[K
[2.153s] [01m[K/home/parallels/ros2_ws/src/segway_ros2/segwayrmp/src/robot.cpp:633:13:[m[K [01;31m[Kerror: [m[Kâ€˜[01m[Kusing SharedPtr = class std::shared_ptr<rclcpp::Publisher<sensor_msgs::msg::Imu_<std::allocator<void> > > >[m[Kâ€™ {aka â€˜[01m[Kclass std::shared_ptr<rclcpp::Publisher<sensor_msgs::msg::Imu_<std::allocator<void> > > >[m[Kâ€™} has no member named â€˜[01m[Kpublish[m[Kâ€™
[2.153s]   633 |     Imu_pub.[01;31m[Kpublish[m[K(ros_imu);
[2.153s]       |             [01;31m[K^~~~~~~[m[K
[2.154s] [01m[K/home/parallels/ros2_ws/src/segway_ros2/segwayrmp/src/robot.cpp:[m[K At global scope:
[2.154s] [01m[K/home/parallels/ros2_ws/src/segway_ros2/segwayrmp/src/robot.cpp:638:38:[m[K [01;31m[Kerror: [m[Kâ€˜[01m[Kros[m[Kâ€™ does not name a type
[2.155s]   638 | void Chassis::TimeUpdate1000Hz(const [01;31m[Kros[m[K::TimerEvent &event)
[2.155s]       |                                      [01;31m[K^~~[m[K
[2.155s] [01m[K/home/parallels/ros2_ws/src/segway_ros2/segwayrmp/src/robot.cpp:638:54:[m[K [01;31m[Kerror: [m[Kexpected unqualified-id before â€˜[01m[K&[m[Kâ€™ token
[2.155s]   638 | void Chassis::TimeUpdate1000Hz(const ros::TimerEvent [01;31m[K&[m[Kevent)
[2.155s]       |                                                      [01;31m[K^[m[K
[2.155s] [01m[K/home/parallels/ros2_ws/src/segway_ros2/segwayrmp/src/robot.cpp:638:53:[m[K [01;31m[Kerror: [m[Kexpected â€˜[01m[K)[m[Kâ€™ before â€˜[01m[K&[m[Kâ€™ token
[2.155s]   638 | void Chassis::TimeUpdate1000Hz[34m[K([m[Kconst ros::TimerEvent[01;31m[K [m[K[32m[K&[m[Kevent)
[2.155s]       |                               [34m[K~[m[K                     [01;31m[K^[m[K[32m[K~[m[K
[2.155s]       |                                                     [32m[K)[m[K
[2.155s] [01m[K/home/parallels/ros2_ws/src/segway_ros2/segwayrmp/src/robot.cpp:638:55:[m[K [01;31m[Kerror: [m[Kexpected initializer before â€˜[01m[Kevent[m[Kâ€™
[2.155s]   638 | void Chassis::TimeUpdate1000Hz(const ros::TimerEvent &[01;31m[Kevent[m[K)
[2.155s]       |                                                       [01;31m[K^~~~~[m[K
[2.155s] [01m[K/home/parallels/ros2_ws/src/segway_ros2/segwayrmp/src/robot.cpp:751:35:[m[K [01;31m[Kerror: [m[Kâ€˜[01m[Kros[m[Kâ€™ does not name a type
[2.156s]   751 | void Chassis::TimeUpdate1Hz(const [01;31m[Kros[m[K::TimerEvent &event)
[2.156s]       |                                   [01;31m[K^~~[m[K
[2.156s] [01m[K/home/parallels/ros2_ws/src/segway_ros2/segwayrmp/src/robot.cpp:751:51:[m[K [01;31m[Kerror: [m[Kexpected unqualified-id before â€˜[01m[K&[m[Kâ€™ token
[2.156s]   751 | void Chassis::TimeUpdate1Hz(const ros::TimerEvent [01;31m[K&[m[Kevent)
[2.156s]       |                                                   [01;31m[K^[m[K
[2.156s] [01m[K/home/parallels/ros2_ws/src/segway_ros2/segwayrmp/src/robot.cpp:751:50:[m[K [01;31m[Kerror: [m[Kexpected â€˜[01m[K)[m[Kâ€™ before â€˜[01m[K&[m[Kâ€™ token
[2.156s]   751 | void Chassis::TimeUpdate1Hz[34m[K([m[Kconst ros::TimerEvent[01;31m[K [m[K[32m[K&[m[Kevent)
[2.156s]       |                            [34m[K~[m[K                     [01;31m[K^[m[K[32m[K~[m[K
[2.156s]       |                                                  [32m[K)[m[K
[2.156s] [01m[K/home/parallels/ros2_ws/src/segway_ros2/segwayrmp/src/robot.cpp:751:52:[m[K [01;31m[Kerror: [m[Kexpected initializer before â€˜[01m[Kevent[m[Kâ€™
[2.156s]   751 | void Chassis::TimeUpdate1Hz(const ros::TimerEvent &[01;31m[Kevent[m[K)
[2.156s]       |                                                    [01;31m[K^~~~~[m[K
[2.718s] gmake[2]: *** [CMakeFiles/SmartCar.dir/build.make:90: CMakeFiles/SmartCar.dir/src/robot.cpp.o] Error 1
[2.719s] gmake[1]: *** [CMakeFiles/Makefile2:137: CMakeFiles/SmartCar.dir/all] Error 2
[2.719s] gmake: *** [Makefile:146: all] Error 2
[2.721s] Invoked command in '/home/parallels/ros2_ws/src/segway_ros2/build/segwayrmp' returned '2': AMENT_PREFIX_PATH=/home/parallels/ros2_ws/src/segway_ros2/install/segway_msgs:${AMENT_PREFIX_PATH} CMAKE_PREFIX_PATH=/home/parallels/ros2_ws/src/segway_ros2/install/segway_msgs LD_LIBRARY_PATH=/home/parallels/ros2_ws/src/segway_ros2/install/segway_msgs/lib:${LD_LIBRARY_PATH} PYTHONPATH=/home/parallels/ros2_ws/src/segway_ros2/install/segway_msgs/local/lib/python3.10/dist-packages:${PYTHONPATH} /usr/bin/cmake --build /home/parallels/ros2_ws/src/segway_ros2/build/segwayrmp -- -j4 -l4
