[33mCMake Warning:
  Manually-specified variables were not used by the project:

    CATKIN_INSTALL_INTO_PREFIX_ROOT

[0m
gmake[2]: *** No rule to make target '/home/parallels/ros2_ws/src/segway_ros2/segwayrmp/lib/libctrl_arm64-v8a.so', needed by 'SmartCar'.  Stop.
gmake[2]: *** Waiting for unfinished jobs....
In file included from [01m[K/home/parallels/ros2_ws/src/segway_ros2/segwayrmp/include/Ge_encoder_odometry.h:14[m[K,
                 from [01m[K/home/parallels/ros2_ws/src/segway_ros2/segwayrmp/src/Ge_encoder_odometry.cpp:5[m[K:
[01m[K/home/parallels/ros2_ws/src/segway_ros2/segwayrmp/include/Ge_encoder_sensordata.h:[m[K In member function â€˜[01m[KSensorData::BaseImu SensorData::BaseImu::Interpolation(int64_t, SensorData::BaseImu, SensorData::BaseImu)[m[Kâ€™:
[01m[K/home/parallels/ros2_ws/src/segway_ros2/segwayrmp/include/Ge_encoder_sensordata.h:29:58:[m[K [01;35m[Kwarning: [m[Kimplicitly-declared â€˜[01m[Kconstexpr SensorData::BaseImu::BaseImu(const SensorData::BaseImu&)[m[Kâ€™ is deprecated [[01;35m[K]8;;https://gcc.gnu.org/onlinedocs/gcc/Warning-Options.html#index-Wdeprecated-copy-Wdeprecated-copy]8;;[m[K]
   29 |             if(time_inter <= imu_before.TimeStamp)return [01;35m[Kimu_before[m[K;
      |                                                          [01;35m[K^~~~~~~~~~[m[K
[01m[K/home/parallels/ros2_ws/src/segway_ros2/segwayrmp/include/Ge_encoder_sensordata.h:17:18:[m[K [01;36m[Knote: [m[Kbecause â€˜[01m[KSensorData::BaseImu[m[Kâ€™ has user-provided â€˜[01m[KSensorData::BaseImu& SensorData::BaseImu::operator=(SensorData::BaseImu&)[m[Kâ€™
   17 |         BaseImu& [01;36m[Koperator[m[K=(BaseImu& other)
      |                  [01;36m[K^~~~~~~~[m[K
[01m[K/home/parallels/ros2_ws/src/segway_ros2/segwayrmp/include/Ge_encoder_sensordata.h:30:57:[m[K [01;35m[Kwarning: [m[Kimplicitly-declared â€˜[01m[Kconstexpr SensorData::BaseImu::BaseImu(const SensorData::BaseImu&)[m[Kâ€™ is deprecated [[01;35m[K]8;;https://gcc.gnu.org/onlinedocs/gcc/Warning-Options.html#index-Wdeprecated-copy-Wdeprecated-copy]8;;[m[K]
   30 |             if(time_inter >= imu_after.TimeStamp)return [01;35m[Kimu_after[m[K;
      |                                                         [01;35m[K^~~~~~~~~[m[K
[01m[K/home/parallels/ros2_ws/src/segway_ros2/segwayrmp/include/Ge_encoder_sensordata.h:17:18:[m[K [01;36m[Knote: [m[Kbecause â€˜[01m[KSensorData::BaseImu[m[Kâ€™ has user-provided â€˜[01m[KSensorData::BaseImu& SensorData::BaseImu::operator=(SensorData::BaseImu&)[m[Kâ€™
   17 |         BaseImu& [01;36m[Koperator[m[K=(BaseImu& other)
      |                  [01;36m[K^~~~~~~~[m[K
[01m[K/home/parallels/ros2_ws/src/segway_ros2/segwayrmp/include/Ge_encoder_sensordata.h:31:67:[m[K [01;35m[Kwarning: [m[Kimplicitly-declared â€˜[01m[Kconstexpr SensorData::BaseImu::BaseImu(const SensorData::BaseImu&)[m[Kâ€™ is deprecated [[01;35m[K]8;;https://gcc.gnu.org/onlinedocs/gcc/Warning-Options.html#index-Wdeprecated-copy-Wdeprecated-copy]8;;[m[K]
   31 |             if(imu_before.TimeStamp == imu_after.TimeStamp)return [01;35m[Kimu_before[m[K;
      |                                                                   [01;35m[K^~~~~~~~~~[m[K
[01m[K/home/parallels/ros2_ws/src/segway_ros2/segwayrmp/include/Ge_encoder_sensordata.h:17:18:[m[K [01;36m[Knote: [m[Kbecause â€˜[01m[KSensorData::BaseImu[m[Kâ€™ has user-provided â€˜[01m[KSensorData::BaseImu& SensorData::BaseImu::operator=(SensorData::BaseImu&)[m[Kâ€™
   17 |         BaseImu& [01;36m[Koperator[m[K=(BaseImu& other)
      |                  [01;36m[K^~~~~~~~[m[K
[01m[K/home/parallels/ros2_ws/src/segway_ros2/segwayrmp/include/Ge_encoder_sensordata.h:38:20:[m[K [01;35m[Kwarning: [m[Kimplicitly-declared â€˜[01m[Kconstexpr SensorData::BaseImu::BaseImu(const SensorData::BaseImu&)[m[Kâ€™ is deprecated [[01;35m[K]8;;https://gcc.gnu.org/onlinedocs/gcc/Warning-Options.html#index-Wdeprecated-copy-Wdeprecated-copy]8;;[m[K]
   38 |             return [01;35m[Kres[m[K;
      |                    [01;35m[K^~~[m[K
[01m[K/home/parallels/ros2_ws/src/segway_ros2/segwayrmp/include/Ge_encoder_sensordata.h:17:18:[m[K [01;36m[Knote: [m[Kbecause â€˜[01m[KSensorData::BaseImu[m[Kâ€™ has user-provided â€˜[01m[KSensorData::BaseImu& SensorData::BaseImu::operator=(SensorData::BaseImu&)[m[Kâ€™
   17 |         BaseImu& [01;36m[Koperator[m[K=(BaseImu& other)
      |                  [01;36m[K^~~~~~~~[m[K
In file included from [01m[K/home/parallels/ros2_ws/src/segway_ros2/segwayrmp/src/Ge_encoder_odometry.cpp:5[m[K:
[01m[K/home/parallels/ros2_ws/src/segway_ros2/segwayrmp/include/Ge_encoder_odometry.h:[m[K In member function â€˜[01m[KSensorData::BaseImu ImuRecord::getAverageImu(int64_t)[m[Kâ€™:
[01m[K/home/parallels/ros2_ws/src/segway_ros2/segwayrmp/include/Ge_encoder_odometry.h:29:38:[m[K [01;35m[Kwarning: [m[Kimplicitly-declared â€˜[01m[Kconstexpr SensorData::BaseImu::BaseImu(const SensorData::BaseImu&)[m[Kâ€™ is deprecated [[01;35m[K]8;;https://gcc.gnu.org/onlinedocs/gcc/Warning-Options.html#index-Wdeprecated-copy-Wdeprecated-copy]8;;[m[K]
   29 |     SensorData::BaseImu imu_after = *[01;35m[Ki[m[K;
      |                                      [01;35m[K^[m[K
In file included from [01m[K/home/parallels/ros2_ws/src/segway_ros2/segwayrmp/include/Ge_encoder_odometry.h:14[m[K,
                 from [01m[K/home/parallels/ros2_ws/src/segway_ros2/segwayrmp/src/Ge_encoder_odometry.cpp:5[m[K:
[01m[K/home/parallels/ros2_ws/src/segway_ros2/segwayrmp/include/Ge_encoder_sensordata.h:17:18:[m[K [01;36m[Knote: [m[Kbecause â€˜[01m[KSensorData::BaseImu[m[Kâ€™ has user-provided â€˜[01m[KSensorData::BaseImu& SensorData::BaseImu::operator=(SensorData::BaseImu&)[m[Kâ€™
   17 |         BaseImu& [01;36m[Koperator[m[K=(BaseImu& other)
      |                  [01;36m[K^~~~~~~~[m[K
In file included from [01m[K/home/parallels/ros2_ws/src/segway_ros2/segwayrmp/src/Ge_encoder_odometry.cpp:5[m[K:
[01m[K/home/parallels/ros2_ws/src/segway_ros2/segwayrmp/include/Ge_encoder_odometry.h:39:55:[m[K [01;35m[Kwarning: [m[Kimplicitly-declared â€˜[01m[Kconstexpr SensorData::BaseImu::BaseImu(const SensorData::BaseImu&)[m[Kâ€™ is deprecated [[01;35m[K]8;;https://gcc.gnu.org/onlinedocs/gcc/Warning-Options.html#index-Wdeprecated-copy-Wdeprecated-copy]8;;[m[K]
   39 |       SensorData::BaseImu imu_suanz = [01;35m[Ki->Interpolation(ts, *i, *j)[m[K;
      |                                       [01;35m[K~~~~~~~~~~~~~~~~^~~~~~~~~~~~[m[K
In file included from [01m[K/home/parallels/ros2_ws/src/segway_ros2/segwayrmp/include/Ge_encoder_odometry.h:14[m[K,
                 from [01m[K/home/parallels/ros2_ws/src/segway_ros2/segwayrmp/src/Ge_encoder_odometry.cpp:5[m[K:
[01m[K/home/parallels/ros2_ws/src/segway_ros2/segwayrmp/include/Ge_encoder_sensordata.h:17:18:[m[K [01;36m[Knote: [m[Kbecause â€˜[01m[KSensorData::BaseImu[m[Kâ€™ has user-provided â€˜[01m[KSensorData::BaseImu& SensorData::BaseImu::operator=(SensorData::BaseImu&)[m[Kâ€™
   17 |         BaseImu& [01;36m[Koperator[m[K=(BaseImu& other)
      |                  [01;36m[K^~~~~~~~[m[K
[01m[K/home/parallels/ros2_ws/src/segway_ros2/segwayrmp/include/Ge_encoder_sensordata.h:26:59:[m[K [01;36m[Knote: [m[K  initializing argument 2 of â€˜[01m[KSensorData::BaseImu SensorData::BaseImu::Interpolation(int64_t, SensorData::BaseImu, SensorData::BaseImu)[m[Kâ€™
   26 |         BaseImu Interpolation(int64_t time_inter, [01;36m[KBaseImu imu_before[m[K, BaseImu imu_after){
      |                                                   [01;36m[K~~~~~~~~^~~~~~~~~~[m[K
In file included from [01m[K/home/parallels/ros2_ws/src/segway_ros2/segwayrmp/src/Ge_encoder_odometry.cpp:5[m[K:
[01m[K/home/parallels/ros2_ws/src/segway_ros2/segwayrmp/include/Ge_encoder_odometry.h:39:55:[m[K [01;35m[Kwarning: [m[Kimplicitly-declared â€˜[01m[Kconstexpr SensorData::BaseImu::BaseImu(const SensorData::BaseImu&)[m[Kâ€™ is deprecated [[01;35m[K]8;;https://gcc.gnu.org/onlinedocs/gcc/Warning-Options.html#index-Wdeprecated-copy-Wdeprecated-copy]8;;[m[K]
   39 |       SensorData::BaseImu imu_suanz = [01;35m[Ki->Interpolation(ts, *i, *j)[m[K;
      |                                       [01;35m[K~~~~~~~~~~~~~~~~^~~~~~~~~~~~[m[K
In file included from [01m[K/home/parallels/ros2_ws/src/segway_ros2/segwayrmp/include/Ge_encoder_odometry.h:14[m[K,
                 from [01m[K/home/parallels/ros2_ws/src/segway_ros2/segwayrmp/src/Ge_encoder_odometry.cpp:5[m[K:
[01m[K/home/parallels/ros2_ws/src/segway_ros2/segwayrmp/include/Ge_encoder_sensordata.h:17:18:[m[K [01;36m[Knote: [m[Kbecause â€˜[01m[KSensorData::BaseImu[m[Kâ€™ has user-provided â€˜[01m[KSensorData::BaseImu& SensorData::BaseImu::operator=(SensorData::BaseImu&)[m[Kâ€™
   17 |         BaseImu& [01;36m[Koperator[m[K=(BaseImu& other)
      |                  [01;36m[K^~~~~~~~[m[K
[01m[K/home/parallels/ros2_ws/src/segway_ros2/segwayrmp/include/Ge_encoder_sensordata.h:26:79:[m[K [01;36m[Knote: [m[K  initializing argument 3 of â€˜[01m[KSensorData::BaseImu SensorData::BaseImu::Interpolation(int64_t, SensorData::BaseImu, SensorData::BaseImu)[m[Kâ€™
   26 |         BaseImu Interpolation(int64_t time_inter, BaseImu imu_before, [01;36m[KBaseImu imu_after[m[K){
      |                                                                       [01;36m[K~~~~~~~~^~~~~~~~~[m[K
In file included from [01m[K/home/parallels/ros2_ws/src/segway_ros2/segwayrmp/src/Ge_encoder_odometry.cpp:5[m[K:
[01m[K/home/parallels/ros2_ws/src/segway_ros2/segwayrmp/include/Ge_encoder_odometry.h:44:49:[m[K [01;35m[Kwarning: [m[Kimplicitly-declared â€˜[01m[Kconstexpr SensorData::BaseImu::BaseImu(const SensorData::BaseImu&)[m[Kâ€™ is deprecated [[01;35m[K]8;;https://gcc.gnu.org/onlinedocs/gcc/Warning-Options.html#index-Wdeprecated-copy-Wdeprecated-copy]8;;[m[K]
   44 |     if (time_gap_ == 0) return imu_buffer_.back([01;35m[K)[m[K;
      |                                                 [01;35m[K^[m[K
In file included from [01m[K/home/parallels/ros2_ws/src/segway_ros2/segwayrmp/include/Ge_encoder_odometry.h:14[m[K,
                 from [01m[K/home/parallels/ros2_ws/src/segway_ros2/segwayrmp/src/Ge_encoder_odometry.cpp:5[m[K:
[01m[K/home/parallels/ros2_ws/src/segway_ros2/segwayrmp/include/Ge_encoder_sensordata.h:17:18:[m[K [01;36m[Knote: [m[Kbecause â€˜[01m[KSensorData::BaseImu[m[Kâ€™ has user-provided â€˜[01m[KSensorData::BaseImu& SensorData::BaseImu::operator=(SensorData::BaseImu&)[m[Kâ€™
   17 |         BaseImu& [01;36m[Koperator[m[K=(BaseImu& other)
      |                  [01;36m[K^~~~~~~~[m[K
In file included from [01m[K/home/parallels/ros2_ws/src/segway_ros2/segwayrmp/src/Ge_encoder_odometry.cpp:5[m[K:
[01m[K/home/parallels/ros2_ws/src/segway_ros2/segwayrmp/include/Ge_encoder_odometry.h:48:12:[m[K [01;35m[Kwarning: [m[Kimplicitly-declared â€˜[01m[Kconstexpr SensorData::BaseImu::BaseImu(const SensorData::BaseImu&)[m[Kâ€™ is deprecated [[01;35m[K]8;;https://gcc.gnu.org/onlinedocs/gcc/Warning-Options.html#index-Wdeprecated-copy-Wdeprecated-copy]8;;[m[K]
   48 |     return [01;35m[Kres_imu[m[K;
      |            [01;35m[K^~~~~~~[m[K
In file included from [01m[K/home/parallels/ros2_ws/src/segway_ros2/segwayrmp/include/Ge_encoder_odometry.h:14[m[K,
                 from [01m[K/home/parallels/ros2_ws/src/segway_ros2/segwayrmp/src/Ge_encoder_odometry.cpp:5[m[K:
[01m[K/home/parallels/ros2_ws/src/segway_ros2/segwayrmp/include/Ge_encoder_sensordata.h:17:18:[m[K [01;36m[Knote: [m[Kbecause â€˜[01m[KSensorData::BaseImu[m[Kâ€™ has user-provided â€˜[01m[KSensorData::BaseImu& SensorData::BaseImu::operator=(SensorData::BaseImu&)[m[Kâ€™
   17 |         BaseImu& [01;36m[Koperator[m[K=(BaseImu& other)
      |                  [01;36m[K^~~~~~~~[m[K
[01m[K/home/parallels/ros2_ws/src/segway_ros2/segwayrmp/src/Ge_encoder_odometry.cpp:[m[K In member function â€˜[01m[Kvoid Ge_encoder_odometry::estimate(SensorData*)[m[Kâ€™:
[01m[K/home/parallels/ros2_ws/src/segway_ros2/segwayrmp/src/Ge_encoder_odometry.cpp:17:11:[m[K [01;35m[Kwarning: [m[Kunused variable â€˜[01m[Kts_imu[m[Kâ€™ [[01;35m[K]8;;https://gcc.gnu.org/onlinedocs/gcc/Warning-Options.html#index-Wunused-variable-Wunused-variable]8;;[m[K]
   17 |   int64_t [01;35m[Kts_imu[m[K = rawdata->baseImu.TimeStamp;
      |           [01;35m[K^~~~~~[m[K
[01m[K/home/parallels/ros2_ws/src/segway_ros2/segwayrmp/src/Ge_encoder_odometry.cpp:[m[K In member function â€˜[01m[Kvoid Ge_encoder_odometry::init()[m[Kâ€™:
[01m[K/home/parallels/ros2_ws/src/segway_ros2/segwayrmp/src/Ge_encoder_odometry.cpp:180:10:[m[K [01;35m[Kwarning: [m[Kunused variable â€˜[01m[Ksystem_flag[m[Kâ€™ [[01;35m[K]8;;https://gcc.gnu.org/onlinedocs/gcc/Warning-Options.html#index-Wunused-variable-Wunused-variable]8;;[m[K]
  180 |     bool [01;35m[Ksystem_flag[m[K = system(cmd_str_mk.c_str());
      |          [01;35m[K^~~~~~~~~~~[m[K
In file included from [01m[K/home/parallels/ros2_ws/src/segway_ros2/segwayrmp/include/Ge_encoder_odometry.h:14[m[K,
                 from [01m[K/home/parallels/ros2_ws/src/segway_ros2/segwayrmp/include/segwayrmp/robot.h:17[m[K,
                 from [01m[K/home/parallels/ros2_ws/src/segway_ros2/segwayrmp/src/robot.cpp:1[m[K:
[01m[K/home/parallels/ros2_ws/src/segway_ros2/segwayrmp/include/Ge_encoder_sensordata.h:[m[K In member function â€˜[01m[KSensorData::BaseImu SensorData::BaseImu::Interpolation(int64_t, SensorData::BaseImu, SensorData::BaseImu)[m[Kâ€™:
[01m[K/home/parallels/ros2_ws/src/segway_ros2/segwayrmp/include/Ge_encoder_sensordata.h:29:58:[m[K [01;35m[Kwarning: [m[Kimplicitly-declared â€˜[01m[Kconstexpr SensorData::BaseImu::BaseImu(const SensorData::BaseImu&)[m[Kâ€™ is deprecated [[01;35m[K]8;;https://gcc.gnu.org/onlinedocs/gcc/Warning-Options.html#index-Wdeprecated-copy-Wdeprecated-copy]8;;[m[K]
   29 |             if(time_inter <= imu_before.TimeStamp)return [01;35m[Kimu_before[m[K;
      |                                                          [01;35m[K^~~~~~~~~~[m[K
[01m[K/home/parallels/ros2_ws/src/segway_ros2/segwayrmp/include/Ge_encoder_sensordata.h:17:18:[m[K [01;36m[Knote: [m[Kbecause â€˜[01m[KSensorData::BaseImu[m[Kâ€™ has user-provided â€˜[01m[KSensorData::BaseImu& SensorData::BaseImu::operator=(SensorData::BaseImu&)[m[Kâ€™
   17 |         BaseImu& [01;36m[Koperator[m[K=(BaseImu& other)
      |                  [01;36m[K^~~~~~~~[m[K
[01m[K/home/parallels/ros2_ws/src/segway_ros2/segwayrmp/include/Ge_encoder_sensordata.h:30:57:[m[K [01;35m[Kwarning: [m[Kimplicitly-declared â€˜[01m[Kconstexpr SensorData::BaseImu::BaseImu(const SensorData::BaseImu&)[m[Kâ€™ is deprecated [[01;35m[K]8;;https://gcc.gnu.org/onlinedocs/gcc/Warning-Options.html#index-Wdeprecated-copy-Wdeprecated-copy]8;;[m[K]
   30 |             if(time_inter >= imu_after.TimeStamp)return [01;35m[Kimu_after[m[K;
      |                                                         [01;35m[K^~~~~~~~~[m[K
[01m[K/home/parallels/ros2_ws/src/segway_ros2/segwayrmp/include/Ge_encoder_sensordata.h:17:18:[m[K [01;36m[Knote: [m[Kbecause â€˜[01m[KSensorData::BaseImu[m[Kâ€™ has user-provided â€˜[01m[KSensorData::BaseImu& SensorData::BaseImu::operator=(SensorData::BaseImu&)[m[Kâ€™
   17 |         BaseImu& [01;36m[Koperator[m[K=(BaseImu& other)
      |                  [01;36m[K^~~~~~~~[m[K
[01m[K/home/parallels/ros2_ws/src/segway_ros2/segwayrmp/include/Ge_encoder_sensordata.h:31:67:[m[K [01;35m[Kwarning: [m[Kimplicitly-declared â€˜[01m[Kconstexpr SensorData::BaseImu::BaseImu(const SensorData::BaseImu&)[m[Kâ€™ is deprecated [[01;35m[K]8;;https://gcc.gnu.org/onlinedocs/gcc/Warning-Options.html#index-Wdeprecated-copy-Wdeprecated-copy]8;;[m[K]
   31 |             if(imu_before.TimeStamp == imu_after.TimeStamp)return [01;35m[Kimu_before[m[K;
      |                                                                   [01;35m[K^~~~~~~~~~[m[K
[01m[K/home/parallels/ros2_ws/src/segway_ros2/segwayrmp/include/Ge_encoder_sensordata.h:17:18:[m[K [01;36m[Knote: [m[Kbecause â€˜[01m[KSensorData::BaseImu[m[Kâ€™ has user-provided â€˜[01m[KSensorData::BaseImu& SensorData::BaseImu::operator=(SensorData::BaseImu&)[m[Kâ€™
   17 |         BaseImu& [01;36m[Koperator[m[K=(BaseImu& other)
      |                  [01;36m[K^~~~~~~~[m[K
[01m[K/home/parallels/ros2_ws/src/segway_ros2/segwayrmp/include/Ge_encoder_sensordata.h:38:20:[m[K [01;35m[Kwarning: [m[Kimplicitly-declared â€˜[01m[Kconstexpr SensorData::BaseImu::BaseImu(const SensorData::BaseImu&)[m[Kâ€™ is deprecated [[01;35m[K]8;;https://gcc.gnu.org/onlinedocs/gcc/Warning-Options.html#index-Wdeprecated-copy-Wdeprecated-copy]8;;[m[K]
   38 |             return [01;35m[Kres[m[K;
      |                    [01;35m[K^~~[m[K
[01m[K/home/parallels/ros2_ws/src/segway_ros2/segwayrmp/include/Ge_encoder_sensordata.h:17:18:[m[K [01;36m[Knote: [m[Kbecause â€˜[01m[KSensorData::BaseImu[m[Kâ€™ has user-provided â€˜[01m[KSensorData::BaseImu& SensorData::BaseImu::operator=(SensorData::BaseImu&)[m[Kâ€™
   17 |         BaseImu& [01;36m[Koperator[m[K=(BaseImu& other)
      |                  [01;36m[K^~~~~~~~[m[K
In file included from [01m[K/home/parallels/ros2_ws/src/segway_ros2/segwayrmp/include/segwayrmp/robot.h:17[m[K,
                 from [01m[K/home/parallels/ros2_ws/src/segway_ros2/segwayrmp/src/robot.cpp:1[m[K:
[01m[K/home/parallels/ros2_ws/src/segway_ros2/segwayrmp/include/Ge_encoder_odometry.h:[m[K In member function â€˜[01m[KSensorData::BaseImu ImuRecord::getAverageImu(int64_t)[m[Kâ€™:
[01m[K/home/parallels/ros2_ws/src/segway_ros2/segwayrmp/include/Ge_encoder_odometry.h:29:38:[m[K [01;35m[Kwarning: [m[Kimplicitly-declared â€˜[01m[Kconstexpr SensorData::BaseImu::BaseImu(const SensorData::BaseImu&)[m[Kâ€™ is deprecated [[01;35m[K]8;;https://gcc.gnu.org/onlinedocs/gcc/Warning-Options.html#index-Wdeprecated-copy-Wdeprecated-copy]8;;[m[K]
   29 |     SensorData::BaseImu imu_after = *[01;35m[Ki[m[K;
      |                                      [01;35m[K^[m[K
In file included from [01m[K/home/parallels/ros2_ws/src/segway_ros2/segwayrmp/include/Ge_encoder_odometry.h:14[m[K,
                 from [01m[K/home/parallels/ros2_ws/src/segway_ros2/segwayrmp/include/segwayrmp/robot.h:17[m[K,
                 from [01m[K/home/parallels/ros2_ws/src/segway_ros2/segwayrmp/src/robot.cpp:1[m[K:
[01m[K/home/parallels/ros2_ws/src/segway_ros2/segwayrmp/include/Ge_encoder_sensordata.h:17:18:[m[K [01;36m[Knote: [m[Kbecause â€˜[01m[KSensorData::BaseImu[m[Kâ€™ has user-provided â€˜[01m[KSensorData::BaseImu& SensorData::BaseImu::operator=(SensorData::BaseImu&)[m[Kâ€™
   17 |         BaseImu& [01;36m[Koperator[m[K=(BaseImu& other)
      |                  [01;36m[K^~~~~~~~[m[K
In file included from [01m[K/home/parallels/ros2_ws/src/segway_ros2/segwayrmp/include/segwayrmp/robot.h:17[m[K,
                 from [01m[K/home/parallels/ros2_ws/src/segway_ros2/segwayrmp/src/robot.cpp:1[m[K:
[01m[K/home/parallels/ros2_ws/src/segway_ros2/segwayrmp/include/Ge_encoder_odometry.h:39:55:[m[K [01;35m[Kwarning: [m[Kimplicitly-declared â€˜[01m[Kconstexpr SensorData::BaseImu::BaseImu(const SensorData::BaseImu&)[m[Kâ€™ is deprecated [[01;35m[K]8;;https://gcc.gnu.org/onlinedocs/gcc/Warning-Options.html#index-Wdeprecated-copy-Wdeprecated-copy]8;;[m[K]
   39 |       SensorData::BaseImu imu_suanz = [01;35m[Ki->Interpolation(ts, *i, *j)[m[K;
      |                                       [01;35m[K~~~~~~~~~~~~~~~~^~~~~~~~~~~~[m[K
In file included from [01m[K/home/parallels/ros2_ws/src/segway_ros2/segwayrmp/include/Ge_encoder_odometry.h:14[m[K,
                 from [01m[K/home/parallels/ros2_ws/src/segway_ros2/segwayrmp/include/segwayrmp/robot.h:17[m[K,
                 from [01m[K/home/parallels/ros2_ws/src/segway_ros2/segwayrmp/src/robot.cpp:1[m[K:
[01m[K/home/parallels/ros2_ws/src/segway_ros2/segwayrmp/include/Ge_encoder_sensordata.h:17:18:[m[K [01;36m[Knote: [m[Kbecause â€˜[01m[KSensorData::BaseImu[m[Kâ€™ has user-provided â€˜[01m[KSensorData::BaseImu& SensorData::BaseImu::operator=(SensorData::BaseImu&)[m[Kâ€™
   17 |         BaseImu& [01;36m[Koperator[m[K=(BaseImu& other)
      |                  [01;36m[K^~~~~~~~[m[K
[01m[K/home/parallels/ros2_ws/src/segway_ros2/segwayrmp/include/Ge_encoder_sensordata.h:26:59:[m[K [01;36m[Knote: [m[K  initializing argument 2 of â€˜[01m[KSensorData::BaseImu SensorData::BaseImu::Interpolation(int64_t, SensorData::BaseImu, SensorData::BaseImu)[m[Kâ€™
   26 |         BaseImu Interpolation(int64_t time_inter, [01;36m[KBaseImu imu_before[m[K, BaseImu imu_after){
      |                                                   [01;36m[K~~~~~~~~^~~~~~~~~~[m[K
In file included from [01m[K/home/parallels/ros2_ws/src/segway_ros2/segwayrmp/include/segwayrmp/robot.h:17[m[K,
                 from [01m[K/home/parallels/ros2_ws/src/segway_ros2/segwayrmp/src/robot.cpp:1[m[K:
[01m[K/home/parallels/ros2_ws/src/segway_ros2/segwayrmp/include/Ge_encoder_odometry.h:39:55:[m[K [01;35m[Kwarning: [m[Kimplicitly-declared â€˜[01m[Kconstexpr SensorData::BaseImu::BaseImu(const SensorData::BaseImu&)[m[Kâ€™ is deprecated [[01;35m[K]8;;https://gcc.gnu.org/onlinedocs/gcc/Warning-Options.html#index-Wdeprecated-copy-Wdeprecated-copy]8;;[m[K]
   39 |       SensorData::BaseImu imu_suanz = [01;35m[Ki->Interpolation(ts, *i, *j)[m[K;
      |                                       [01;35m[K~~~~~~~~~~~~~~~~^~~~~~~~~~~~[m[K
In file included from [01m[K/home/parallels/ros2_ws/src/segway_ros2/segwayrmp/include/Ge_encoder_odometry.h:14[m[K,
                 from [01m[K/home/parallels/ros2_ws/src/segway_ros2/segwayrmp/include/segwayrmp/robot.h:17[m[K,
                 from [01m[K/home/parallels/ros2_ws/src/segway_ros2/segwayrmp/src/robot.cpp:1[m[K:
[01m[K/home/parallels/ros2_ws/src/segway_ros2/segwayrmp/include/Ge_encoder_sensordata.h:17:18:[m[K [01;36m[Knote: [m[Kbecause â€˜[01m[KSensorData::BaseImu[m[Kâ€™ has user-provided â€˜[01m[KSensorData::BaseImu& SensorData::BaseImu::operator=(SensorData::BaseImu&)[m[Kâ€™
   17 |         BaseImu& [01;36m[Koperator[m[K=(BaseImu& other)
      |                  [01;36m[K^~~~~~~~[m[K
[01m[K/home/parallels/ros2_ws/src/segway_ros2/segwayrmp/include/Ge_encoder_sensordata.h:26:79:[m[K [01;36m[Knote: [m[K  initializing argument 3 of â€˜[01m[KSensorData::BaseImu SensorData::BaseImu::Interpolation(int64_t, SensorData::BaseImu, SensorData::BaseImu)[m[Kâ€™
   26 |         BaseImu Interpolation(int64_t time_inter, BaseImu imu_before, [01;36m[KBaseImu imu_after[m[K){
      |                                                                       [01;36m[K~~~~~~~~^~~~~~~~~[m[K
In file included from [01m[K/home/parallels/ros2_ws/src/segway_ros2/segwayrmp/include/segwayrmp/robot.h:17[m[K,
                 from [01m[K/home/parallels/ros2_ws/src/segway_ros2/segwayrmp/src/robot.cpp:1[m[K:
[01m[K/home/parallels/ros2_ws/src/segway_ros2/segwayrmp/include/Ge_encoder_odometry.h:44:49:[m[K [01;35m[Kwarning: [m[Kimplicitly-declared â€˜[01m[Kconstexpr SensorData::BaseImu::BaseImu(const SensorData::BaseImu&)[m[Kâ€™ is deprecated [[01;35m[K]8;;https://gcc.gnu.org/onlinedocs/gcc/Warning-Options.html#index-Wdeprecated-copy-Wdeprecated-copy]8;;[m[K]
   44 |     if (time_gap_ == 0) return imu_buffer_.back([01;35m[K)[m[K;
      |                                                 [01;35m[K^[m[K
In file included from [01m[K/home/parallels/ros2_ws/src/segway_ros2/segwayrmp/include/Ge_encoder_odometry.h:14[m[K,
                 from [01m[K/home/parallels/ros2_ws/src/segway_ros2/segwayrmp/include/segwayrmp/robot.h:17[m[K,
                 from [01m[K/home/parallels/ros2_ws/src/segway_ros2/segwayrmp/src/robot.cpp:1[m[K:
[01m[K/home/parallels/ros2_ws/src/segway_ros2/segwayrmp/include/Ge_encoder_sensordata.h:17:18:[m[K [01;36m[Knote: [m[Kbecause â€˜[01m[KSensorData::BaseImu[m[Kâ€™ has user-provided â€˜[01m[KSensorData::BaseImu& SensorData::BaseImu::operator=(SensorData::BaseImu&)[m[Kâ€™
   17 |         BaseImu& [01;36m[Koperator[m[K=(BaseImu& other)
      |                  [01;36m[K^~~~~~~~[m[K
In file included from [01m[K/home/parallels/ros2_ws/src/segway_ros2/segwayrmp/include/segwayrmp/robot.h:17[m[K,
                 from [01m[K/home/parallels/ros2_ws/src/segway_ros2/segwayrmp/src/robot.cpp:1[m[K:
[01m[K/home/parallels/ros2_ws/src/segway_ros2/segwayrmp/include/Ge_encoder_odometry.h:48:12:[m[K [01;35m[Kwarning: [m[Kimplicitly-declared â€˜[01m[Kconstexpr SensorData::BaseImu::BaseImu(const SensorData::BaseImu&)[m[Kâ€™ is deprecated [[01;35m[K]8;;https://gcc.gnu.org/onlinedocs/gcc/Warning-Options.html#index-Wdeprecated-copy-Wdeprecated-copy]8;;[m[K]
   48 |     return [01;35m[Kres_imu[m[K;
      |            [01;35m[K^~~~~~~[m[K
In file included from [01m[K/home/parallels/ros2_ws/src/segway_ros2/segwayrmp/include/Ge_encoder_odometry.h:14[m[K,
                 from [01m[K/home/parallels/ros2_ws/src/segway_ros2/segwayrmp/include/segwayrmp/robot.h:17[m[K,
                 from [01m[K/home/parallels/ros2_ws/src/segway_ros2/segwayrmp/src/robot.cpp:1[m[K:
[01m[K/home/parallels/ros2_ws/src/segway_ros2/segwayrmp/include/Ge_encoder_sensordata.h:17:18:[m[K [01;36m[Knote: [m[Kbecause â€˜[01m[KSensorData::BaseImu[m[Kâ€™ has user-provided â€˜[01m[KSensorData::BaseImu& SensorData::BaseImu::operator=(SensorData::BaseImu&)[m[Kâ€™
   17 |         BaseImu& [01;36m[Koperator[m[K=(BaseImu& other)
      |                  [01;36m[K^~~~~~~~[m[K
In file included from [01m[K/home/parallels/ros2_ws/src/segway_ros2/segwayrmp/include/Ge_encoder_odometry.h:14[m[K,
                 from [01m[K/home/parallels/ros2_ws/src/segway_ros2/segwayrmp/include/segwayrmp/robot.h:17[m[K,
                 from [01m[K/home/parallels/ros2_ws/src/segway_ros2/segwayrmp/src/SmartCar.cpp:2[m[K:
[01m[K/home/parallels/ros2_ws/src/segway_ros2/segwayrmp/include/Ge_encoder_sensordata.h:[m[K In member function â€˜[01m[KSensorData::BaseImu SensorData::BaseImu::Interpolation(int64_t, SensorData::BaseImu, SensorData::BaseImu)[m[Kâ€™:
[01m[K/home/parallels/ros2_ws/src/segway_ros2/segwayrmp/include/Ge_encoder_sensordata.h:29:58:[m[K [01;35m[Kwarning: [m[Kimplicitly-declared â€˜[01m[Kconstexpr SensorData::BaseImu::BaseImu(const SensorData::BaseImu&)[m[Kâ€™ is deprecated [[01;35m[K]8;;https://gcc.gnu.org/onlinedocs/gcc/Warning-Options.html#index-Wdeprecated-copy-Wdeprecated-copy]8;;[m[K]
   29 |             if(time_inter <= imu_before.TimeStamp)return [01;35m[Kimu_before[m[K;
      |                                                          [01;35m[K^~~~~~~~~~[m[K
[01m[K/home/parallels/ros2_ws/src/segway_ros2/segwayrmp/include/Ge_encoder_sensordata.h:17:18:[m[K [01;36m[Knote: [m[Kbecause â€˜[01m[KSensorData::BaseImu[m[Kâ€™ has user-provided â€˜[01m[KSensorData::BaseImu& SensorData::BaseImu::operator=(SensorData::BaseImu&)[m[Kâ€™
   17 |         BaseImu& [01;36m[Koperator[m[K=(BaseImu& other)
      |                  [01;36m[K^~~~~~~~[m[K
[01m[K/home/parallels/ros2_ws/src/segway_ros2/segwayrmp/include/Ge_encoder_sensordata.h:30:57:[m[K [01;35m[Kwarning: [m[Kimplicitly-declared â€˜[01m[Kconstexpr SensorData::BaseImu::BaseImu(const SensorData::BaseImu&)[m[Kâ€™ is deprecated [[01;35m[K]8;;https://gcc.gnu.org/onlinedocs/gcc/Warning-Options.html#index-Wdeprecated-copy-Wdeprecated-copy]8;;[m[K]
   30 |             if(time_inter >= imu_after.TimeStamp)return [01;35m[Kimu_after[m[K;
      |                                                         [01;35m[K^~~~~~~~~[m[K
[01m[K/home/parallels/ros2_ws/src/segway_ros2/segwayrmp/include/Ge_encoder_sensordata.h:17:18:[m[K [01;36m[Knote: [m[Kbecause â€˜[01m[KSensorData::BaseImu[m[Kâ€™ has user-provided â€˜[01m[KSensorData::BaseImu& SensorData::BaseImu::operator=(SensorData::BaseImu&)[m[Kâ€™
   17 |         BaseImu& [01;36m[Koperator[m[K=(BaseImu& other)
      |                  [01;36m[K^~~~~~~~[m[K
[01m[K/home/parallels/ros2_ws/src/segway_ros2/segwayrmp/include/Ge_encoder_sensordata.h:31:67:[m[K [01;35m[Kwarning: [m[Kimplicitly-declared â€˜[01m[Kconstexpr SensorData::BaseImu::BaseImu(const SensorData::BaseImu&)[m[Kâ€™ is deprecated [[01;35m[K]8;;https://gcc.gnu.org/onlinedocs/gcc/Warning-Options.html#index-Wdeprecated-copy-Wdeprecated-copy]8;;[m[K]
   31 |             if(imu_before.TimeStamp == imu_after.TimeStamp)return [01;35m[Kimu_before[m[K;
      |                                                                   [01;35m[K^~~~~~~~~~[m[K
[01m[K/home/parallels/ros2_ws/src/segway_ros2/segwayrmp/include/Ge_encoder_sensordata.h:17:18:[m[K [01;36m[Knote: [m[Kbecause â€˜[01m[KSensorData::BaseImu[m[Kâ€™ has user-provided â€˜[01m[KSensorData::BaseImu& SensorData::BaseImu::operator=(SensorData::BaseImu&)[m[Kâ€™
   17 |         BaseImu& [01;36m[Koperator[m[K=(BaseImu& other)
      |                  [01;36m[K^~~~~~~~[m[K
[01m[K/home/parallels/ros2_ws/src/segway_ros2/segwayrmp/include/Ge_encoder_sensordata.h:38:20:[m[K [01;35m[Kwarning: [m[Kimplicitly-declared â€˜[01m[Kconstexpr SensorData::BaseImu::BaseImu(const SensorData::BaseImu&)[m[Kâ€™ is deprecated [[01;35m[K]8;;https://gcc.gnu.org/onlinedocs/gcc/Warning-Options.html#index-Wdeprecated-copy-Wdeprecated-copy]8;;[m[K]
   38 |             return [01;35m[Kres[m[K;
      |                    [01;35m[K^~~[m[K
[01m[K/home/parallels/ros2_ws/src/segway_ros2/segwayrmp/include/Ge_encoder_sensordata.h:17:18:[m[K [01;36m[Knote: [m[Kbecause â€˜[01m[KSensorData::BaseImu[m[Kâ€™ has user-provided â€˜[01m[KSensorData::BaseImu& SensorData::BaseImu::operator=(SensorData::BaseImu&)[m[Kâ€™
   17 |         BaseImu& [01;36m[Koperator[m[K=(BaseImu& other)
      |                  [01;36m[K^~~~~~~~[m[K
In file included from [01m[K/home/parallels/ros2_ws/src/segway_ros2/segwayrmp/include/segwayrmp/robot.h:17[m[K,
                 from [01m[K/home/parallels/ros2_ws/src/segway_ros2/segwayrmp/src/SmartCar.cpp:2[m[K:
[01m[K/home/parallels/ros2_ws/src/segway_ros2/segwayrmp/include/Ge_encoder_odometry.h:[m[K In member function â€˜[01m[KSensorData::BaseImu ImuRecord::getAverageImu(int64_t)[m[Kâ€™:
[01m[K/home/parallels/ros2_ws/src/segway_ros2/segwayrmp/include/Ge_encoder_odometry.h:29:38:[m[K [01;35m[Kwarning: [m[Kimplicitly-declared â€˜[01m[Kconstexpr SensorData::BaseImu::BaseImu(const SensorData::BaseImu&)[m[Kâ€™ is deprecated [[01;35m[K]8;;https://gcc.gnu.org/onlinedocs/gcc/Warning-Options.html#index-Wdeprecated-copy-Wdeprecated-copy]8;;[m[K]
   29 |     SensorData::BaseImu imu_after = *[01;35m[Ki[m[K;
      |                                      [01;35m[K^[m[K
In file included from [01m[K/home/parallels/ros2_ws/src/segway_ros2/segwayrmp/include/Ge_encoder_odometry.h:14[m[K,
                 from [01m[K/home/parallels/ros2_ws/src/segway_ros2/segwayrmp/include/segwayrmp/robot.h:17[m[K,
                 from [01m[K/home/parallels/ros2_ws/src/segway_ros2/segwayrmp/src/SmartCar.cpp:2[m[K:
[01m[K/home/parallels/ros2_ws/src/segway_ros2/segwayrmp/include/Ge_encoder_sensordata.h:17:18:[m[K [01;36m[Knote: [m[Kbecause â€˜[01m[KSensorData::BaseImu[m[Kâ€™ has user-provided â€˜[01m[KSensorData::BaseImu& SensorData::BaseImu::operator=(SensorData::BaseImu&)[m[Kâ€™
   17 |         BaseImu& [01;36m[Koperator[m[K=(BaseImu& other)
      |                  [01;36m[K^~~~~~~~[m[K
In file included from [01m[K/home/parallels/ros2_ws/src/segway_ros2/segwayrmp/include/segwayrmp/robot.h:17[m[K,
                 from [01m[K/home/parallels/ros2_ws/src/segway_ros2/segwayrmp/src/SmartCar.cpp:2[m[K:
[01m[K/home/parallels/ros2_ws/src/segway_ros2/segwayrmp/include/Ge_encoder_odometry.h:39:55:[m[K [01;35m[Kwarning: [m[Kimplicitly-declared â€˜[01m[Kconstexpr SensorData::BaseImu::BaseImu(const SensorData::BaseImu&)[m[Kâ€™ is deprecated [[01;35m[K]8;;https://gcc.gnu.org/onlinedocs/gcc/Warning-Options.html#index-Wdeprecated-copy-Wdeprecated-copy]8;;[m[K]
   39 |       SensorData::BaseImu imu_suanz = [01;35m[Ki->Interpolation(ts, *i, *j)[m[K;
      |                                       [01;35m[K~~~~~~~~~~~~~~~~^~~~~~~~~~~~[m[K
In file included from [01m[K/home/parallels/ros2_ws/src/segway_ros2/segwayrmp/include/Ge_encoder_odometry.h:14[m[K,
                 from [01m[K/home/parallels/ros2_ws/src/segway_ros2/segwayrmp/include/segwayrmp/robot.h:17[m[K,
                 from [01m[K/home/parallels/ros2_ws/src/segway_ros2/segwayrmp/src/SmartCar.cpp:2[m[K:
[01m[K/home/parallels/ros2_ws/src/segway_ros2/segwayrmp/include/Ge_encoder_sensordata.h:17:18:[m[K [01;36m[Knote: [m[Kbecause â€˜[01m[KSensorData::BaseImu[m[Kâ€™ has user-provided â€˜[01m[KSensorData::BaseImu& SensorData::BaseImu::operator=(SensorData::BaseImu&)[m[Kâ€™
   17 |         BaseImu& [01;36m[Koperator[m[K=(BaseImu& other)
      |                  [01;36m[K^~~~~~~~[m[K
[01m[K/home/parallels/ros2_ws/src/segway_ros2/segwayrmp/include/Ge_encoder_sensordata.h:26:59:[m[K [01;36m[Knote: [m[K  initializing argument 2 of â€˜[01m[KSensorData::BaseImu SensorData::BaseImu::Interpolation(int64_t, SensorData::BaseImu, SensorData::BaseImu)[m[Kâ€™
   26 |         BaseImu Interpolation(int64_t time_inter, [01;36m[KBaseImu imu_before[m[K, BaseImu imu_after){
      |                                                   [01;36m[K~~~~~~~~^~~~~~~~~~[m[K
In file included from [01m[K/home/parallels/ros2_ws/src/segway_ros2/segwayrmp/include/segwayrmp/robot.h:17[m[K,
                 from [01m[K/home/parallels/ros2_ws/src/segway_ros2/segwayrmp/src/SmartCar.cpp:2[m[K:
[01m[K/home/parallels/ros2_ws/src/segway_ros2/segwayrmp/include/Ge_encoder_odometry.h:39:55:[m[K [01;35m[Kwarning: [m[Kimplicitly-declared â€˜[01m[Kconstexpr SensorData::BaseImu::BaseImu(const SensorData::BaseImu&)[m[Kâ€™ is deprecated [[01;35m[K]8;;https://gcc.gnu.org/onlinedocs/gcc/Warning-Options.html#index-Wdeprecated-copy-Wdeprecated-copy]8;;[m[K]
   39 |       SensorData::BaseImu imu_suanz = [01;35m[Ki->Interpolation(ts, *i, *j)[m[K;
      |                                       [01;35m[K~~~~~~~~~~~~~~~~^~~~~~~~~~~~[m[K
In file included from [01m[K/home/parallels/ros2_ws/src/segway_ros2/segwayrmp/include/Ge_encoder_odometry.h:14[m[K,
                 from [01m[K/home/parallels/ros2_ws/src/segway_ros2/segwayrmp/include/segwayrmp/robot.h:17[m[K,
                 from [01m[K/home/parallels/ros2_ws/src/segway_ros2/segwayrmp/src/SmartCar.cpp:2[m[K:
[01m[K/home/parallels/ros2_ws/src/segway_ros2/segwayrmp/include/Ge_encoder_sensordata.h:17:18:[m[K [01;36m[Knote: [m[Kbecause â€˜[01m[KSensorData::BaseImu[m[Kâ€™ has user-provided â€˜[01m[KSensorData::BaseImu& SensorData::BaseImu::operator=(SensorData::BaseImu&)[m[Kâ€™
   17 |         BaseImu& [01;36m[Koperator[m[K=(BaseImu& other)
      |                  [01;36m[K^~~~~~~~[m[K
[01m[K/home/parallels/ros2_ws/src/segway_ros2/segwayrmp/include/Ge_encoder_sensordata.h:26:79:[m[K [01;36m[Knote: [m[K  initializing argument 3 of â€˜[01m[KSensorData::BaseImu SensorData::BaseImu::Interpolation(int64_t, SensorData::BaseImu, SensorData::BaseImu)[m[Kâ€™
   26 |         BaseImu Interpolation(int64_t time_inter, BaseImu imu_before, [01;36m[KBaseImu imu_after[m[K){
      |                                                                       [01;36m[K~~~~~~~~^~~~~~~~~[m[K
In file included from [01m[K/home/parallels/ros2_ws/src/segway_ros2/segwayrmp/include/segwayrmp/robot.h:17[m[K,
                 from [01m[K/home/parallels/ros2_ws/src/segway_ros2/segwayrmp/src/SmartCar.cpp:2[m[K:
[01m[K/home/parallels/ros2_ws/src/segway_ros2/segwayrmp/include/Ge_encoder_odometry.h:44:49:[m[K [01;35m[Kwarning: [m[Kimplicitly-declared â€˜[01m[Kconstexpr SensorData::BaseImu::BaseImu(const SensorData::BaseImu&)[m[Kâ€™ is deprecated [[01;35m[K]8;;https://gcc.gnu.org/onlinedocs/gcc/Warning-Options.html#index-Wdeprecated-copy-Wdeprecated-copy]8;;[m[K]
   44 |     if (time_gap_ == 0) return imu_buffer_.back([01;35m[K)[m[K;
      |                                                 [01;35m[K^[m[K
In file included from [01m[K/home/parallels/ros2_ws/src/segway_ros2/segwayrmp/include/Ge_encoder_odometry.h:14[m[K,
                 from [01m[K/home/parallels/ros2_ws/src/segway_ros2/segwayrmp/include/segwayrmp/robot.h:17[m[K,
                 from [01m[K/home/parallels/ros2_ws/src/segway_ros2/segwayrmp/src/SmartCar.cpp:2[m[K:
[01m[K/home/parallels/ros2_ws/src/segway_ros2/segwayrmp/include/Ge_encoder_sensordata.h:17:18:[m[K [01;36m[Knote: [m[Kbecause â€˜[01m[KSensorData::BaseImu[m[Kâ€™ has user-provided â€˜[01m[KSensorData::BaseImu& SensorData::BaseImu::operator=(SensorData::BaseImu&)[m[Kâ€™
   17 |         BaseImu& [01;36m[Koperator[m[K=(BaseImu& other)
      |                  [01;36m[K^~~~~~~~[m[K
In file included from [01m[K/home/parallels/ros2_ws/src/segway_ros2/segwayrmp/include/segwayrmp/robot.h:17[m[K,
                 from [01m[K/home/parallels/ros2_ws/src/segway_ros2/segwayrmp/src/SmartCar.cpp:2[m[K:
[01m[K/home/parallels/ros2_ws/src/segway_ros2/segwayrmp/include/Ge_encoder_odometry.h:48:12:[m[K [01;35m[Kwarning: [m[Kimplicitly-declared â€˜[01m[Kconstexpr SensorData::BaseImu::BaseImu(const SensorData::BaseImu&)[m[Kâ€™ is deprecated [[01;35m[K]8;;https://gcc.gnu.org/onlinedocs/gcc/Warning-Options.html#index-Wdeprecated-copy-Wdeprecated-copy]8;;[m[K]
   48 |     return [01;35m[Kres_imu[m[K;
      |            [01;35m[K^~~~~~~[m[K
In file included from [01m[K/home/parallels/ros2_ws/src/segway_ros2/segwayrmp/include/Ge_encoder_odometry.h:14[m[K,
                 from [01m[K/home/parallels/ros2_ws/src/segway_ros2/segwayrmp/include/segwayrmp/robot.h:17[m[K,
                 from [01m[K/home/parallels/ros2_ws/src/segway_ros2/segwayrmp/src/SmartCar.cpp:2[m[K:
[01m[K/home/parallels/ros2_ws/src/segway_ros2/segwayrmp/include/Ge_encoder_sensordata.h:17:18:[m[K [01;36m[Knote: [m[Kbecause â€˜[01m[KSensorData::BaseImu[m[Kâ€™ has user-provided â€˜[01m[KSensorData::BaseImu& SensorData::BaseImu::operator=(SensorData::BaseImu&)[m[Kâ€™
   17 |         BaseImu& [01;36m[Koperator[m[K=(BaseImu& other)
      |                  [01;36m[K^~~~~~~~[m[K
[01m[K/home/parallels/ros2_ws/src/segway_ros2/segwayrmp/src/robot.cpp:[m[K In function â€˜[01m[Kvoid ros_set_iap_cmd_callback(std::shared_ptr<rclcpp_action::ServerGoalHandle<segway_msgs::action::RosSetIapCmd> >)[m[Kâ€™:
[01m[K/home/parallels/ros2_ws/src/segway_ros2/segwayrmp/src/robot.cpp:233:13:[m[K [01;31m[Kerror: [m[Kâ€˜[01m[Kas[m[Kâ€™ was not declared in this scope; did you mean â€˜[01m[Kabs[m[Kâ€™?
  233 |         if ([01;31m[Kas[m[K->isPreemptRequested() || !rclcpp::ok())
      |             [01;31m[K^~[m[K
      |             [32m[Kabs[m[K
[01m[K/home/parallels/ros2_ws/src/segway_ros2/segwayrmp/src/robot.cpp:247:5:[m[K [01;31m[Kerror: [m[Kâ€˜[01m[Kros[m[Kâ€™ has not been declared
  247 |     [01;31m[Kros[m[K::Duration(0.1).sleep();
      |     [01;31m[K^~~[m[K
[01m[K/home/parallels/ros2_ws/src/segway_ros2/segwayrmp/src/robot.cpp:252:9:[m[K [01;31m[Kerror: [m[Kâ€˜[01m[Kas[m[Kâ€™ was not declared in this scope; did you mean â€˜[01m[Kabs[m[Kâ€™?
  252 |         [01;31m[Kas[m[K->setSucceeded(iap_ret);
      |         [01;31m[K^~[m[K
      |         [32m[Kabs[m[K
[01m[K/home/parallels/ros2_ws/src/segway_ros2/segwayrmp/src/robot.cpp:256:9:[m[K [01;31m[Kerror: [m[Kâ€˜[01m[Kas[m[Kâ€™ was not declared in this scope; did you mean â€˜[01m[Kabs[m[Kâ€™?
  256 |         [01;31m[Kas[m[K->setAborted(iap_ret);
      |         [01;31m[K^~[m[K
      |         [32m[Kabs[m[K
[01m[K/home/parallels/ros2_ws/src/segway_ros2/segwayrmp/src/robot.cpp:[m[K At global scope:
[01m[K/home/parallels/ros2_ws/src/segway_ros2/segwayrmp/src/robot.cpp:262:24:[m[K [01;31m[Kerror: [m[Kâ€˜[01m[Kros[m[Kâ€™ does not name a type
  262 | Chassis::Chassis(const [01;31m[Kros[m[K::NodeHandle &nh) : nh_(nh)
      |                        [01;31m[K^~~[m[K
[01m[K/home/parallels/ros2_ws/src/segway_ros2/segwayrmp/src/robot.cpp:262:40:[m[K [01;31m[Kerror: [m[Kexpected unqualified-id before â€˜[01m[K&[m[Kâ€™ token
  262 | Chassis::Chassis(const ros::NodeHandle [01;31m[K&[m[Knh) : nh_(nh)
      |                                        [01;31m[K^[m[K
[01m[K/home/parallels/ros2_ws/src/segway_ros2/segwayrmp/src/robot.cpp:262:39:[m[K [01;31m[Kerror: [m[Kexpected â€˜[01m[K)[m[Kâ€™ before â€˜[01m[K&[m[Kâ€™ token
  262 | Chassis::Chassis[34m[K([m[Kconst ros::NodeHandle[01;31m[K [m[K[32m[K&[m[Knh) : nh_(nh)
      |                 [34m[K~[m[K                     [01;31m[K^[m[K[32m[K~[m[K
      |                                       [32m[K)[m[K
[01m[K/home/parallels/ros2_ws/src/segway_ros2/segwayrmp/src/robot.cpp:262:41:[m[K [01;31m[Kerror: [m[Kexpected initializer before â€˜[01m[Knh[m[Kâ€™
  262 | Chassis::Chassis(const ros::NodeHandle &[01;31m[Knh[m[K) : nh_(nh)
      |                                         [01;31m[K^~[m[K
[01m[K/home/parallels/ros2_ws/src/segway_ros2/segwayrmp/src/robot.cpp:349:53:[m[K [01;31m[Kerror: [m[Kâ€˜[01m[KTwist[m[Kâ€™ in namespace â€˜[01m[Kgeometry_msgs[m[Kâ€™ does not name a type
  349 | void Chassis::cmd_vel_callback(const geometry_msgs::[01;31m[KTwist[m[K::ConstPtr &cmd_input) //è®¢é˜…/cmd_velä¸»é¢˜å›žè°ƒå‡½æ•°
      |                                                     [01;31m[K^~~~~[m[K
[01m[K/home/parallels/ros2_ws/src/segway_ros2/segwayrmp/src/robot.cpp:349:69:[m[K [01;31m[Kerror: [m[Kexpected unqualified-id before â€˜[01m[K&[m[Kâ€™ token
  349 | void Chassis::cmd_vel_callback(const geometry_msgs::Twist::ConstPtr [01;31m[K&[m[Kcmd_input) //è®¢é˜…/cmd_velä¸»é¢˜å›žè°ƒå‡½æ•°
      |                                                                     [01;31m[K^[m[K
[01m[K/home/parallels/ros2_ws/src/segway_ros2/segwayrmp/src/robot.cpp:349:68:[m[K [01;31m[Kerror: [m[Kexpected â€˜[01m[K)[m[Kâ€™ before â€˜[01m[K&[m[Kâ€™ token
  349 | void Chassis::cmd_vel_callback[34m[K([m[Kconst geometry_msgs::Twist::ConstPtr[01;31m[K [m[K[32m[K&[m[Kcmd_input) //è®¢é˜…/cmd_velä¸»é¢˜å›žè°ƒå‡½æ•°
      |                               [34m[K~[m[K                                    [01;31m[K^[m[K[32m[K~[m[K
      |                                                                    [32m[K)[m[K
[01m[K/home/parallels/ros2_ws/src/segway_ros2/segwayrmp/src/robot.cpp:349:70:[m[K [01;31m[Kerror: [m[Kexpected initializer before â€˜[01m[Kcmd_input[m[Kâ€™
  349 | void Chassis::cmd_vel_callback(const geometry_msgs::Twist::ConstPtr &[01;31m[Kcmd_input[m[K) //è®¢é˜…/cmd_velä¸»é¢˜å›žè°ƒå‡½æ•°
      |                                                                      [01;31m[K^~~~~~~~~[m[K
[01m[K/home/parallels/ros2_ws/src/segway_ros2/segwayrmp/src/robot.cpp:358:6:[m[K [01;31m[Kerror: [m[Kâ€˜[01m[Kbool robot::Chassis::ros_enable_chassis_rotate_cmd_callback[m[Kâ€™ is not a static data member of â€˜[01m[Kclass robot::Chassis[m[Kâ€™
  358 | bool [01;31m[KChassis[m[K::ros_enable_chassis_rotate_cmd_callback(segway_msgs::ros_enable_chassis_rotate_cmd::Request &req, segway_msgs::ros_enable_chassis_rotate_cmd::Response &res)
      |      [01;31m[K^~~~~~~[m[K
[01m[K/home/parallels/ros2_ws/src/segway_ros2/segwayrmp/src/robot.cpp:358:67:[m[K [01;31m[Kerror: [m[Kâ€˜[01m[Ksegway_msgs::ros_enable_chassis_rotate_cmd[m[Kâ€™ has not been declared
  358 | bool Chassis::ros_enable_chassis_rotate_cmd_callback(segway_msgs::[01;31m[Kros_enable_chassis_rotate_cmd[m[K::Request &req, segway_msgs::ros_enable_chassis_rotate_cmd::Response &res)
      |                                                                   [01;31m[K^~~~~~~~~~~~~~~~~~~~~~~~~~~~~[m[K
[01m[K/home/parallels/ros2_ws/src/segway_ros2/segwayrmp/src/robot.cpp:358:107:[m[K [01;31m[Kerror: [m[Kâ€˜[01m[Kreq[m[Kâ€™ was not declared in this scope
  358 | bool Chassis::ros_enable_chassis_rotate_cmd_callback(segway_msgs::ros_enable_chassis_rotate_cmd::Request &[01;31m[Kreq[m[K, segway_msgs::ros_enable_chassis_rotate_cmd::Response &res)
      |                                                                                                           [01;31m[K^~~[m[K
[01m[K/home/parallels/ros2_ws/src/segway_ros2/segwayrmp/src/robot.cpp:358:125:[m[K [01;31m[Kerror: [m[Kâ€˜[01m[Ksegway_msgs::ros_enable_chassis_rotate_cmd[m[Kâ€™ has not been declared
  358 | bool Chassis::ros_enable_chassis_rotate_cmd_callback(segway_msgs::ros_enable_chassis_rotate_cmd::Request &req, segway_msgs::[01;31m[Kros_enable_chassis_rotate_cmd[m[K::Response &res)
      |                                                                                                                             [01;31m[K^~~~~~~~~~~~~~~~~~~~~~~~~~~~~[m[K
[01m[K/home/parallels/ros2_ws/src/segway_ros2/segwayrmp/src/robot.cpp:358:166:[m[K [01;31m[Kerror: [m[Kâ€˜[01m[Kres[m[Kâ€™ was not declared in this scope
  358 | bool Chassis::ros_enable_chassis_rotate_cmd_callback(segway_msgs::ros_enable_chassis_rotate_cmd::Request &req, segway_msgs::ros_enable_chassis_rotate_cmd::Response &[01;31m[Kres[m[K)
      |                                                                                                                                                                      [01;31m[K^~~[m[K
[01m[K/home/parallels/ros2_ws/src/segway_ros2/segwayrmp/src/robot.cpp:358:169:[m[K [01;31m[Kerror: [m[Kexpression list treated as compound expression in initializer [[01;31m[K]8;;https://gcc.gnu.org/onlinedocs/gcc/Warning-Options.html#index-fpermissive-fpermissive]8;;[m[K]
  358 | bool Chassis::ros_enable_chassis_rotate_cmd_callback(segway_msgs::ros_enable_chassis_rotate_cmd::Request &req, segway_msgs::ros_enable_chassis_rotate_cmd::Response &res[01;31m[K)[m[K
      |                                                                                                                                                                         [01;31m[K^[m[K
[01m[K/home/parallels/ros2_ws/src/segway_ros2/segwayrmp/src/robot.cpp:377:6:[m[K [01;31m[Kerror: [m[Kâ€˜[01m[Kbool robot::Chassis::ros_get_chassis_rotate_switch_cmd_callback[m[Kâ€™ is not a static data member of â€˜[01m[Kclass robot::Chassis[m[Kâ€™
  377 | bool [01;31m[KChassis[m[K::ros_get_chassis_rotate_switch_cmd_callback(segway_msgs::ros_get_chassis_rotate_switch_cmd::Request &req, segway_msgs::ros_get_chassis_rotate_switch_cmd::Response &res)
      |      [01;31m[K^~~~~~~[m[K
[01m[K/home/parallels/ros2_ws/src/segway_ros2/segwayrmp/src/robot.cpp:377:71:[m[K [01;31m[Kerror: [m[Kâ€˜[01m[Ksegway_msgs::ros_get_chassis_rotate_switch_cmd[m[Kâ€™ has not been declared
  377 | bool Chassis::ros_get_chassis_rotate_switch_cmd_callback(segway_msgs::[01;31m[Kros_get_chassis_rotate_switch_cmd[m[K::Request &req, segway_msgs::ros_get_chassis_rotate_switch_cmd::Response &res)
      |                                                                       [01;31m[K^~~~~~~~~~~~~~~~~~~~~~~~~~~~~~~~~[m[K
[01m[K/home/parallels/ros2_ws/src/segway_ros2/segwayrmp/src/robot.cpp:377:115:[m[K [01;31m[Kerror: [m[Kâ€˜[01m[Kreq[m[Kâ€™ was not declared in this scope
  377 | bool Chassis::ros_get_chassis_rotate_switch_cmd_callback(segway_msgs::ros_get_chassis_rotate_switch_cmd::Request &[01;31m[Kreq[m[K, segway_msgs::ros_get_chassis_rotate_switch_cmd::Response &res)
      |                                                                                                                   [01;31m[K^~~[m[K
[01m[K/home/parallels/ros2_ws/src/segway_ros2/segwayrmp/src/robot.cpp:377:133:[m[K [01;31m[Kerror: [m[Kâ€˜[01m[Ksegway_msgs::ros_get_chassis_rotate_switch_cmd[m[Kâ€™ has not been declared
  377 | bool Chassis::ros_get_chassis_rotate_switch_cmd_callback(segway_msgs::ros_get_chassis_rotate_switch_cmd::Request &req, segway_msgs::[01;31m[Kros_get_chassis_rotate_switch_cmd[m[K::Response &res)
      |                                                                                                                                     [01;31m[K^~~~~~~~~~~~~~~~~~~~~~~~~~~~~~~~~[m[K
[01m[K/home/parallels/ros2_ws/src/segway_ros2/segwayrmp/src/robot.cpp:377:178:[m[K [01;31m[Kerror: [m[Kâ€˜[01m[Kres[m[Kâ€™ was not declared in this scope
  377 | bool Chassis::ros_get_chassis_rotate_switch_cmd_callback(segway_msgs::ros_get_chassis_rotate_switch_cmd::Request &req, segway_msgs::ros_get_chassis_rotate_switch_cmd::Response &[01;31m[Kres[m[K)
      |                                                                                                                                                                                  [01;31m[K^~~[m[K
[01m[K/home/parallels/ros2_ws/src/segway_ros2/segwayrmp/src/robot.cpp:377:181:[m[K [01;31m[Kerror: [m[Kexpression list treated as compound expression in initializer [[01;31m[K]8;;https://gcc.gnu.org/onlinedocs/gcc/Warning-Options.html#index-fpermissive-fpermissive]8;;[m[K]
  377 | bool Chassis::ros_get_chassis_rotate_switch_cmd_callback(segway_msgs::ros_get_chassis_rotate_switch_cmd::Request &req, segway_msgs::ros_get_chassis_rotate_switch_cmd::Response &res[01;31m[K)[m[K
      |                                                                                                                                                                                     [01;31m[K^[m[K
[01m[K/home/parallels/ros2_ws/src/segway_ros2/segwayrmp/src/robot.cpp:388:6:[m[K [01;31m[Kerror: [m[Kâ€˜[01m[Kbool robot::Chassis::ros_clear_chassis_error_code_cmd_callback[m[Kâ€™ is not a static data member of â€˜[01m[Kclass robot::Chassis[m[Kâ€™
  388 | bool [01;31m[KChassis[m[K::ros_clear_chassis_error_code_cmd_callback(segway_msgs::ros_clear_chassis_error_code_cmd::Request &req, segway_msgs::ros_clear_chassis_error_code_cmd::Response &res)
      |      [01;31m[K^~~~~~~[m[K
[01m[K/home/parallels/ros2_ws/src/segway_ros2/segwayrmp/src/robot.cpp:388:70:[m[K [01;31m[Kerror: [m[Kâ€˜[01m[Ksegway_msgs::ros_clear_chassis_error_code_cmd[m[Kâ€™ has not been declared
  388 | bool Chassis::ros_clear_chassis_error_code_cmd_callback(segway_msgs::[01;31m[Kros_clear_chassis_error_code_cmd[m[K::Request &req, segway_msgs::ros_clear_chassis_error_code_cmd::Response &res)
      |                                                                      [01;31m[K^~~~~~~~~~~~~~~~~~~~~~~~~~~~~~~~[m[K
[01m[K/home/parallels/ros2_ws/src/segway_ros2/segwayrmp/src/robot.cpp:388:113:[m[K [01;31m[Kerror: [m[Kâ€˜[01m[Kreq[m[Kâ€™ was not declared in this scope
  388 | bool Chassis::ros_clear_chassis_error_code_cmd_callback(segway_msgs::ros_clear_chassis_error_code_cmd::Request &[01;31m[Kreq[m[K, segway_msgs::ros_clear_chassis_error_code_cmd::Response &res)
      |                                                                                                                 [01;31m[K^~~[m[K
[01m[K/home/parallels/ros2_ws/src/segway_ros2/segwayrmp/src/robot.cpp:388:131:[m[K [01;31m[Kerror: [m[Kâ€˜[01m[Ksegway_msgs::ros_clear_chassis_error_code_cmd[m[Kâ€™ has not been declared
  388 | bool Chassis::ros_clear_chassis_error_code_cmd_callback(segway_msgs::ros_clear_chassis_error_code_cmd::Request &req, segway_msgs::[01;31m[Kros_clear_chassis_error_code_cmd[m[K::Response &res)
      |                                                                                                                                   [01;31m[K^~~~~~~~~~~~~~~~~~~~~~~~~~~~~~~~[m[K
[01m[K/home/parallels/ros2_ws/src/segway_ros2/segwayrmp/src/robot.cpp:388:175:[m[K [01;31m[Kerror: [m[Kâ€˜[01m[Kres[m[Kâ€™ was not declared in this scope
  388 | bool Chassis::ros_clear_chassis_error_code_cmd_callback(segway_msgs::ros_clear_chassis_error_code_cmd::Request &req, segway_msgs::ros_clear_chassis_error_code_cmd::Response &[01;31m[Kres[m[K)
      |                                                                                                                                                                               [01;31m[K^~~[m[K
[01m[K/home/parallels/ros2_ws/src/segway_ros2/segwayrmp/src/robot.cpp:388:178:[m[K [01;31m[Kerror: [m[Kexpression list treated as compound expression in initializer [[01;31m[K]8;;https://gcc.gnu.org/onlinedocs/gcc/Warning-Options.html#index-fpermissive-fpermissive]8;;[m[K]
  388 | bool Chassis::ros_clear_chassis_error_code_cmd_callback(segway_msgs::ros_clear_chassis_error_code_cmd::Request &req, segway_msgs::ros_clear_chassis_error_code_cmd::Response &res[01;31m[K)[m[K
      |                                                                                                                                                                                  [01;31m[K^[m[K
[01m[K/home/parallels/ros2_ws/src/segway_ros2/segwayrmp/src/robot.cpp:398:6:[m[K [01;31m[Kerror: [m[Kâ€˜[01m[Kbool robot::Chassis::ros_get_load_param_cmd_callback[m[Kâ€™ is not a static data member of â€˜[01m[Kclass robot::Chassis[m[Kâ€™
  398 | bool [01;31m[KChassis[m[K::ros_get_load_param_cmd_callback(segway_msgs::ros_get_load_param_cmd::Request &req, segway_msgs::ros_get_load_param_cmd::Response &res)
      |      [01;31m[K^~~~~~~[m[K
[01m[K/home/parallels/ros2_ws/src/segway_ros2/segwayrmp/src/robot.cpp:398:60:[m[K [01;31m[Kerror: [m[Kâ€˜[01m[Ksegway_msgs::ros_get_load_param_cmd[m[Kâ€™ has not been declared
  398 | bool Chassis::ros_get_load_param_cmd_callback(segway_msgs::[01;31m[Kros_get_load_param_cmd[m[K::Request &req, segway_msgs::ros_get_load_param_cmd::Response &res)
      |                                                            [01;31m[K^~~~~~~~~~~~~~~~~~~~~~[m[K
[01m[K/home/parallels/ros2_ws/src/segway_ros2/segwayrmp/src/robot.cpp:398:93:[m[K [01;31m[Kerror: [m[Kâ€˜[01m[Kreq[m[Kâ€™ was not declared in this scope
  398 | bool Chassis::ros_get_load_param_cmd_callback(segway_msgs::ros_get_load_param_cmd::Request &[01;31m[Kreq[m[K, segway_msgs::ros_get_load_param_cmd::Response &res)
      |                                                                                             [01;31m[K^~~[m[K
[01m[K/home/parallels/ros2_ws/src/segway_ros2/segwayrmp/src/robot.cpp:398:111:[m[K [01;31m[Kerror: [m[Kâ€˜[01m[Ksegway_msgs::ros_get_load_param_cmd[m[Kâ€™ has not been declared
  398 | bool Chassis::ros_get_load_param_cmd_callback(segway_msgs::ros_get_load_param_cmd::Request &req, segway_msgs::[01;31m[Kros_get_load_param_cmd[m[K::Response &res)
      |                                                                                                               [01;31m[K^~~~~~~~~~~~~~~~~~~~~~[m[K
[01m[K/home/parallels/ros2_ws/src/segway_ros2/segwayrmp/src/robot.cpp:398:145:[m[K [01;31m[Kerror: [m[Kâ€˜[01m[Kres[m[Kâ€™ was not declared in this scope
  398 | bool Chassis::ros_get_load_param_cmd_callback(segway_msgs::ros_get_load_param_cmd::Request &req, segway_msgs::ros_get_load_param_cmd::Response &[01;31m[Kres[m[K)
      |                                                                                                                                                 [01;31m[K^~~[m[K
[01m[K/home/parallels/ros2_ws/src/segway_ros2/segwayrmp/src/robot.cpp:398:148:[m[K [01;31m[Kerror: [m[Kexpression list treated as compound expression in initializer [[01;31m[K]8;;https://gcc.gnu.org/onlinedocs/gcc/Warning-Options.html#index-fpermissive-fpermissive]8;;[m[K]
  398 | bool Chassis::ros_get_load_param_cmd_callback(segway_msgs::ros_get_load_param_cmd::Request &req, segway_msgs::ros_get_load_param_cmd::Response &res[01;31m[K)[m[K
      |                                                                                                                                                    [01;31m[K^[m[K
[01m[K/home/parallels/ros2_ws/src/segway_ros2/segwayrmp/src/robot.cpp:408:6:[m[K [01;31m[Kerror: [m[Kâ€˜[01m[Kbool robot::Chassis::ros_get_chassis_SN_cmd_callback[m[Kâ€™ is not a static data member of â€˜[01m[Kclass robot::Chassis[m[Kâ€™
  408 | bool [01;31m[KChassis[m[K::ros_get_chassis_SN_cmd_callback(segway_msgs::ros_get_chassis_SN_cmd::Request &req, segway_msgs::ros_get_chassis_SN_cmd::Response &res)
      |      [01;31m[K^~~~~~~[m[K
[01m[K/home/parallels/ros2_ws/src/segway_ros2/segwayrmp/src/robot.cpp:408:60:[m[K [01;31m[Kerror: [m[Kâ€˜[01m[Ksegway_msgs::ros_get_chassis_SN_cmd[m[Kâ€™ has not been declared
  408 | bool Chassis::ros_get_chassis_SN_cmd_callback(segway_msgs::[01;31m[Kros_get_chassis_SN_cmd[m[K::Request &req, segway_msgs::ros_get_chassis_SN_cmd::Response &res)
      |                                                            [01;31m[K^~~~~~~~~~~~~~~~~~~~~~[m[K
[01m[K/home/parallels/ros2_ws/src/segway_ros2/segwayrmp/src/robot.cpp:408:93:[m[K [01;31m[Kerror: [m[Kâ€˜[01m[Kreq[m[Kâ€™ was not declared in this scope
  408 | bool Chassis::ros_get_chassis_SN_cmd_callback(segway_msgs::ros_get_chassis_SN_cmd::Request &[01;31m[Kreq[m[K, segway_msgs::ros_get_chassis_SN_cmd::Response &res)
      |                                                                                             [01;31m[K^~~[m[K
[01m[K/home/parallels/ros2_ws/src/segway_ros2/segwayrmp/src/robot.cpp:408:111:[m[K [01;31m[Kerror: [m[Kâ€˜[01m[Ksegway_msgs::ros_get_chassis_SN_cmd[m[Kâ€™ has not been declared
  408 | bool Chassis::ros_get_chassis_SN_cmd_callback(segway_msgs::ros_get_chassis_SN_cmd::Request &req, segway_msgs::[01;31m[Kros_get_chassis_SN_cmd[m[K::Response &res)
      |                                                                                                               [01;31m[K^~~~~~~~~~~~~~~~~~~~~~[m[K
[01m[K/home/parallels/ros2_ws/src/segway_ros2/segwayrmp/src/robot.cpp:408:145:[m[K [01;31m[Kerror: [m[Kâ€˜[01m[Kres[m[Kâ€™ was not declared in this scope
  408 | bool Chassis::ros_get_chassis_SN_cmd_callback(segway_msgs::ros_get_chassis_SN_cmd::Request &req, segway_msgs::ros_get_chassis_SN_cmd::Response &[01;31m[Kres[m[K)
      |                                                                                                                                                 [01;31m[K^~~[m[K
[01m[K/home/parallels/ros2_ws/src/segway_ros2/segwayrmp/src/robot.cpp:408:148:[m[K [01;31m[Kerror: [m[Kexpression list treated as compound expression in initializer [[01;31m[K]8;;https://gcc.gnu.org/onlinedocs/gcc/Warning-Options.html#index-fpermissive-fpermissive]8;;[m[K]
  408 | bool Chassis::ros_get_chassis_SN_cmd_callback(segway_msgs::ros_get_chassis_SN_cmd::Request &req, segway_msgs::ros_get_chassis_SN_cmd::Response &res[01;31m[K)[m[K
      |                                                                                                                                                    [01;31m[K^[m[K
[01m[K/home/parallels/ros2_ws/src/segway_ros2/segwayrmp/src/robot.cpp:426:6:[m[K [01;31m[Kerror: [m[Kâ€˜[01m[Kbool robot::Chassis::ros_get_sw_version_cmd_callback[m[Kâ€™ is not a static data member of â€˜[01m[Kclass robot::Chassis[m[Kâ€™
  426 | bool [01;31m[KChassis[m[K::ros_get_sw_version_cmd_callback(segway_msgs::ros_get_sw_version_cmd::Request &req, segway_msgs::ros_get_sw_version_cmd::Response &res)
      |      [01;31m[K^~~~~~~[m[K
[01m[K/home/parallels/ros2_ws/src/segway_ros2/segwayrmp/src/robot.cpp:426:60:[m[K [01;31m[Kerror: [m[Kâ€˜[01m[Ksegway_msgs::ros_get_sw_version_cmd[m[Kâ€™ has not been declared
  426 | bool Chassis::ros_get_sw_version_cmd_callback(segway_msgs::[01;31m[Kros_get_sw_version_cmd[m[K::Request &req, segway_msgs::ros_get_sw_version_cmd::Response &res)
      |                                                            [01;31m[K^~~~~~~~~~~~~~~~~~~~~~[m[K
[01m[K/home/parallels/ros2_ws/src/segway_ros2/segwayrmp/src/robot.cpp:426:93:[m[K [01;31m[Kerror: [m[Kâ€˜[01m[Kreq[m[Kâ€™ was not declared in this scope
  426 | bool Chassis::ros_get_sw_version_cmd_callback(segway_msgs::ros_get_sw_version_cmd::Request &[01;31m[Kreq[m[K, segway_msgs::ros_get_sw_version_cmd::Response &res)
      |                                                                                             [01;31m[K^~~[m[K
[01m[K/home/parallels/ros2_ws/src/segway_ros2/segwayrmp/src/robot.cpp:426:111:[m[K [01;31m[Kerror: [m[Kâ€˜[01m[Ksegway_msgs::ros_get_sw_version_cmd[m[Kâ€™ has not been declared
  426 | bool Chassis::ros_get_sw_version_cmd_callback(segway_msgs::ros_get_sw_version_cmd::Request &req, segway_msgs::[01;31m[Kros_get_sw_version_cmd[m[K::Response &res)
      |                                                                                                               [01;31m[K^~~~~~~~~~~~~~~~~~~~~~[m[K
[01m[K/home/parallels/ros2_ws/src/segway_ros2/segwayrmp/src/robot.cpp:426:145:[m[K [01;31m[Kerror: [m[Kâ€˜[01m[Kres[m[Kâ€™ was not declared in this scope
  426 | bool Chassis::ros_get_sw_version_cmd_callback(segway_msgs::ros_get_sw_version_cmd::Request &req, segway_msgs::ros_get_sw_version_cmd::Response &[01;31m[Kres[m[K)
      |                                                                                                                                                 [01;31m[K^~~[m[K
[01m[K/home/parallels/ros2_ws/src/segway_ros2/segwayrmp/src/robot.cpp:426:148:[m[K [01;31m[Kerror: [m[Kexpression list treated as compound expression in initializer [[01;31m[K]8;;https://gcc.gnu.org/onlinedocs/gcc/Warning-Options.html#index-fpermissive-fpermissive]8;;[m[K]
  426 | bool Chassis::ros_get_sw_version_cmd_callback(segway_msgs::ros_get_sw_version_cmd::Request &req, segway_msgs::ros_get_sw_version_cmd::Response &res[01;31m[K)[m[K
      |                                                                                                                                                    [01;31m[K^[m[K
[01m[K/home/parallels/ros2_ws/src/segway_ros2/segwayrmp/src/robot.cpp:440:6:[m[K [01;31m[Kerror: [m[Kâ€˜[01m[Kbool robot::Chassis::ros_get_vel_max_feedback_cmd_callback[m[Kâ€™ is not a static data member of â€˜[01m[Kclass robot::Chassis[m[Kâ€™
  440 | bool [01;31m[KChassis[m[K::ros_get_vel_max_feedback_cmd_callback(segway_msgs::ros_get_vel_max_feedback_cmd::Request &req, segway_msgs::ros_get_vel_max_feedback_cmd::Response &res)
      |      [01;31m[K^~~~~~~[m[K
[01m[K/home/parallels/ros2_ws/src/segway_ros2/segwayrmp/src/robot.cpp:440:66:[m[K [01;31m[Kerror: [m[Kâ€˜[01m[Ksegway_msgs::ros_get_vel_max_feedback_cmd[m[Kâ€™ has not been declared
  440 | bool Chassis::ros_get_vel_max_feedback_cmd_callback(segway_msgs::[01;31m[Kros_get_vel_max_feedback_cmd[m[K::Request &req, segway_msgs::ros_get_vel_max_feedback_cmd::Response &res)
      |                                                                  [01;31m[K^~~~~~~~~~~~~~~~~~~~~~~~~~~~[m[K
[01m[K/home/parallels/ros2_ws/src/segway_ros2/segwayrmp/src/robot.cpp:440:105:[m[K [01;31m[Kerror: [m[Kâ€˜[01m[Kreq[m[Kâ€™ was not declared in this scope
  440 | bool Chassis::ros_get_vel_max_feedback_cmd_callback(segway_msgs::ros_get_vel_max_feedback_cmd::Request &[01;31m[Kreq[m[K, segway_msgs::ros_get_vel_max_feedback_cmd::Response &res)
      |                                                                                                         [01;31m[K^~~[m[K
[01m[K/home/parallels/ros2_ws/src/segway_ros2/segwayrmp/src/robot.cpp:440:123:[m[K [01;31m[Kerror: [m[Kâ€˜[01m[Ksegway_msgs::ros_get_vel_max_feedback_cmd[m[Kâ€™ has not been declared
  440 | bool Chassis::ros_get_vel_max_feedback_cmd_callback(segway_msgs::ros_get_vel_max_feedback_cmd::Request &req, segway_msgs::[01;31m[Kros_get_vel_max_feedback_cmd[m[K::Response &res)
      |                                                                                                                           [01;31m[K^~~~~~~~~~~~~~~~~~~~~~~~~~~~[m[K
[01m[K/home/parallels/ros2_ws/src/segway_ros2/segwayrmp/src/robot.cpp:440:163:[m[K [01;31m[Kerror: [m[Kâ€˜[01m[Kres[m[Kâ€™ was not declared in this scope
  440 | bool Chassis::ros_get_vel_max_feedback_cmd_callback(segway_msgs::ros_get_vel_max_feedback_cmd::Request &req, segway_msgs::ros_get_vel_max_feedback_cmd::Response &[01;31m[Kres[m[K)
      |                                                                                                                                                                   [01;31m[K^~~[m[K
[01m[K/home/parallels/ros2_ws/src/segway_ros2/segwayrmp/src/robot.cpp:440:166:[m[K [01;31m[Kerror: [m[Kexpression list treated as compound expression in initializer [[01;31m[K]8;;https://gcc.gnu.org/onlinedocs/gcc/Warning-Options.html#index-fpermissive-fpermissive]8;;[m[K]
  440 | bool Chassis::ros_get_vel_max_feedback_cmd_callback(segway_msgs::ros_get_vel_max_feedback_cmd::Request &req, segway_msgs::ros_get_vel_max_feedback_cmd::Response &res[01;31m[K)[m[K
      |                                                                                                                                                                      [01;31m[K^[m[K
[01m[K/home/parallels/ros2_ws/src/segway_ros2/segwayrmp/src/robot.cpp:453:6:[m[K [01;31m[Kerror: [m[Kâ€˜[01m[Kbool robot::Chassis::ros_set_chassis_buzzer_cmd_callback[m[Kâ€™ is not a static data member of â€˜[01m[Kclass robot::Chassis[m[Kâ€™
  453 | bool [01;31m[KChassis[m[K::ros_set_chassis_buzzer_cmd_callback(segway_msgs::ros_set_chassis_buzzer_cmd::Request &req, segway_msgs::ros_set_chassis_buzzer_cmd::Response &res)
      |      [01;31m[K^~~~~~~[m[K
[01m[K/home/parallels/ros2_ws/src/segway_ros2/segwayrmp/src/robot.cpp:453:64:[m[K [01;31m[Kerror: [m[Kâ€˜[01m[Ksegway_msgs::ros_set_chassis_buzzer_cmd[m[Kâ€™ has not been declared
  453 | bool Chassis::ros_set_chassis_buzzer_cmd_callback(segway_msgs::[01;31m[Kros_set_chassis_buzzer_cmd[m[K::Request &req, segway_msgs::ros_set_chassis_buzzer_cmd::Response &res)
      |                                                                [01;31m[K^~~~~~~~~~~~~~~~~~~~~~~~~~[m[K
[01m[K/home/parallels/ros2_ws/src/segway_ros2/segwayrmp/src/robot.cpp:453:101:[m[K [01;31m[Kerror: [m[Kâ€˜[01m[Kreq[m[Kâ€™ was not declared in this scope
  453 | bool Chassis::ros_set_chassis_buzzer_cmd_callback(segway_msgs::ros_set_chassis_buzzer_cmd::Request &[01;31m[Kreq[m[K, segway_msgs::ros_set_chassis_buzzer_cmd::Response &res)
      |                                                                                                     [01;31m[K^~~[m[K
[01m[K/home/parallels/ros2_ws/src/segway_ros2/segwayrmp/src/robot.cpp:453:119:[m[K [01;31m[Kerror: [m[Kâ€˜[01m[Ksegway_msgs::ros_set_chassis_buzzer_cmd[m[Kâ€™ has not been declared
  453 | bool Chassis::ros_set_chassis_buzzer_cmd_callback(segway_msgs::ros_set_chassis_buzzer_cmd::Request &req, segway_msgs::[01;31m[Kros_set_chassis_buzzer_cmd[m[K::Response &res)
      |                                                                                                                       [01;31m[K^~~~~~~~~~~~~~~~~~~~~~~~~~[m[K
[01m[K/home/parallels/ros2_ws/src/segway_ros2/segwayrmp/src/robot.cpp:453:157:[m[K [01;31m[Kerror: [m[Kâ€˜[01m[Kres[m[Kâ€™ was not declared in this scope
  453 | bool Chassis::ros_set_chassis_buzzer_cmd_callback(segway_msgs::ros_set_chassis_buzzer_cmd::Request &req, segway_msgs::ros_set_chassis_buzzer_cmd::Response &[01;31m[Kres[m[K)
      |                                                                                                                                                             [01;31m[K^~~[m[K
[01m[K/home/parallels/ros2_ws/src/segway_ros2/segwayrmp/src/robot.cpp:453:160:[m[K [01;31m[Kerror: [m[Kexpression list treated as compound expression in initializer [[01;31m[K]8;;https://gcc.gnu.org/onlinedocs/gcc/Warning-Options.html#index-fpermissive-fpermissive]8;;[m[K]
  453 | bool Chassis::ros_set_chassis_buzzer_cmd_callback(segway_msgs::ros_set_chassis_buzzer_cmd::Request &req, segway_msgs::ros_set_chassis_buzzer_cmd::Response &res[01;31m[K)[m[K
      |                                                                                                                                                                [01;31m[K^[m[K
[01m[K/home/parallels/ros2_ws/src/segway_ros2/segwayrmp/src/robot.cpp:469:6:[m[K [01;31m[Kerror: [m[Kâ€˜[01m[Kbool robot::Chassis::ros_set_chassis_enable_cmd_callback[m[Kâ€™ is not a static data member of â€˜[01m[Kclass robot::Chassis[m[Kâ€™
  469 | bool [01;31m[KChassis[m[K::ros_set_chassis_enable_cmd_callback(segway_msgs::ros_set_chassis_enable_cmd::Request &req, segway_msgs::ros_set_chassis_enable_cmd::Response &res)
      |      [01;31m[K^~~~~~~[m[K
[01m[K/home/parallels/ros2_ws/src/segway_ros2/segwayrmp/src/robot.cpp:469:64:[m[K [01;31m[Kerror: [m[Kâ€˜[01m[Ksegway_msgs::ros_set_chassis_enable_cmd[m[Kâ€™ has not been declared
  469 | bool Chassis::ros_set_chassis_enable_cmd_callback(segway_msgs::[01;31m[Kros_set_chassis_enable_cmd[m[K::Request &req, segway_msgs::ros_set_chassis_enable_cmd::Response &res)
      |                                                                [01;31m[K^~~~~~~~~~~~~~~~~~~~~~~~~~[m[K
[01m[K/home/parallels/ros2_ws/src/segway_ros2/segwayrmp/src/robot.cpp:469:101:[m[K [01;31m[Kerror: [m[Kâ€˜[01m[Kreq[m[Kâ€™ was not declared in this scope
  469 | bool Chassis::ros_set_chassis_enable_cmd_callback(segway_msgs::ros_set_chassis_enable_cmd::Request &[01;31m[Kreq[m[K, segway_msgs::ros_set_chassis_enable_cmd::Response &res)
      |                                                                                                     [01;31m[K^~~[m[K
[01m[K/home/parallels/ros2_ws/src/segway_ros2/segwayrmp/src/robot.cpp:469:119:[m[K [01;31m[Kerror: [m[Kâ€˜[01m[Ksegway_msgs::ros_set_chassis_enable_cmd[m[Kâ€™ has not been declared
  469 | bool Chassis::ros_set_chassis_enable_cmd_callback(segway_msgs::ros_set_chassis_enable_cmd::Request &req, segway_msgs::[01;31m[Kros_set_chassis_enable_cmd[m[K::Response &res)
      |                                                                                                                       [01;31m[K^~~~~~~~~~~~~~~~~~~~~~~~~~[m[K
[01m[K/home/parallels/ros2_ws/src/segway_ros2/segwayrmp/src/robot.cpp:469:157:[m[K [01;31m[Kerror: [m[Kâ€˜[01m[Kres[m[Kâ€™ was not declared in this scope
  469 | bool Chassis::ros_set_chassis_enable_cmd_callback(segway_msgs::ros_set_chassis_enable_cmd::Request &req, segway_msgs::ros_set_chassis_enable_cmd::Response &[01;31m[Kres[m[K)
      |                                                                                                                                                             [01;31m[K^~~[m[K
[01m[K/home/parallels/ros2_ws/src/segway_ros2/segwayrmp/src/robot.cpp:469:160:[m[K [01;31m[Kerror: [m[Kexpression list treated as compound expression in initializer [[01;31m[K]8;;https://gcc.gnu.org/onlinedocs/gcc/Warning-Options.html#index-fpermissive-fpermissive]8;;[m[K]
  469 | bool Chassis::ros_set_chassis_enable_cmd_callback(segway_msgs::ros_set_chassis_enable_cmd::Request &req, segway_msgs::ros_set_chassis_enable_cmd::Response &res[01;31m[K)[m[K
      |                                                                                                                                                                [01;31m[K^[m[K
[01m[K/home/parallels/ros2_ws/src/segway_ros2/segwayrmp/src/robot.cpp:485:6:[m[K [01;31m[Kerror: [m[Kâ€˜[01m[Kbool robot::Chassis::ros_set_chassis_poweroff_cmd_callback[m[Kâ€™ is not a static data member of â€˜[01m[Kclass robot::Chassis[m[Kâ€™
  485 | bool [01;31m[KChassis[m[K::ros_set_chassis_poweroff_cmd_callback(segway_msgs::ros_set_chassis_poweroff_cmd::Request &req, segway_msgs::ros_set_chassis_poweroff_cmd::Response &res)
      |      [01;31m[K^~~~~~~[m[K
[01m[K/home/parallels/ros2_ws/src/segway_ros2/segwayrmp/src/robot.cpp:485:66:[m[K [01;31m[Kerror: [m[Kâ€˜[01m[Ksegway_msgs::ros_set_chassis_poweroff_cmd[m[Kâ€™ has not been declared
  485 | bool Chassis::ros_set_chassis_poweroff_cmd_callback(segway_msgs::[01;31m[Kros_set_chassis_poweroff_cmd[m[K::Request &req, segway_msgs::ros_set_chassis_poweroff_cmd::Response &res)
      |                                                                  [01;31m[K^~~~~~~~~~~~~~~~~~~~~~~~~~~~[m[K
[01m[K/home/parallels/ros2_ws/src/segway_ros2/segwayrmp/src/robot.cpp:485:105:[m[K [01;31m[Kerror: [m[Kâ€˜[01m[Kreq[m[Kâ€™ was not declared in this scope
  485 | bool Chassis::ros_set_chassis_poweroff_cmd_callback(segway_msgs::ros_set_chassis_poweroff_cmd::Request &[01;31m[Kreq[m[K, segway_msgs::ros_set_chassis_poweroff_cmd::Response &res)
      |                                                                                                         [01;31m[K^~~[m[K
[01m[K/home/parallels/ros2_ws/src/segway_ros2/segwayrmp/src/robot.cpp:485:123:[m[K [01;31m[Kerror: [m[Kâ€˜[01m[Ksegway_msgs::ros_set_chassis_poweroff_cmd[m[Kâ€™ has not been declared
  485 | bool Chassis::ros_set_chassis_poweroff_cmd_callback(segway_msgs::ros_set_chassis_poweroff_cmd::Request &req, segway_msgs::[01;31m[Kros_set_chassis_poweroff_cmd[m[K::Response &res)
      |                                                                                                                           [01;31m[K^~~~~~~~~~~~~~~~~~~~~~~~~~~~[m[K
[01m[K/home/parallels/ros2_ws/src/segway_ros2/segwayrmp/src/robot.cpp:485:163:[m[K [01;31m[Kerror: [m[Kâ€˜[01m[Kres[m[Kâ€™ was not declared in this scope
  485 | bool Chassis::ros_set_chassis_poweroff_cmd_callback(segway_msgs::ros_set_chassis_poweroff_cmd::Request &req, segway_msgs::ros_set_chassis_poweroff_cmd::Response &[01;31m[Kres[m[K)
      |                                                                                                                                                                   [01;31m[K^~~[m[K
[01m[K/home/parallels/ros2_ws/src/segway_ros2/segwayrmp/src/robot.cpp:485:166:[m[K [01;31m[Kerror: [m[Kexpression list treated as compound expression in initializer [[01;31m[K]8;;https://gcc.gnu.org/onlinedocs/gcc/Warning-Options.html#index-fpermissive-fpermissive]8;;[m[K]
  485 | bool Chassis::ros_set_chassis_poweroff_cmd_callback(segway_msgs::ros_set_chassis_poweroff_cmd::Request &req, segway_msgs::ros_set_chassis_poweroff_cmd::Response &res[01;31m[K)[m[K
      |                                                                                                                                                                      [01;31m[K^[m[K
[01m[K/home/parallels/ros2_ws/src/segway_ros2/segwayrmp/src/robot.cpp:497:6:[m[K [01;31m[Kerror: [m[Kâ€˜[01m[Kbool robot::Chassis::ros_set_load_param_cmd_callback[m[Kâ€™ is not a static data member of â€˜[01m[Kclass robot::Chassis[m[Kâ€™
  497 | bool [01;31m[KChassis[m[K::ros_set_load_param_cmd_callback(segway_msgs::ros_set_load_param_cmd::Request &req, segway_msgs::ros_set_load_param_cmd::Response &res)
      |      [01;31m[K^~~~~~~[m[K
[01m[K/home/parallels/ros2_ws/src/segway_ros2/segwayrmp/src/robot.cpp:497:60:[m[K [01;31m[Kerror: [m[Kâ€˜[01m[Ksegway_msgs::ros_set_load_param_cmd[m[Kâ€™ has not been declared
  497 | bool Chassis::ros_set_load_param_cmd_callback(segway_msgs::[01;31m[Kros_set_load_param_cmd[m[K::Request &req, segway_msgs::ros_set_load_param_cmd::Response &res)
      |                                                            [01;31m[K^~~~~~~~~~~~~~~~~~~~~~[m[K
[01m[K/home/parallels/ros2_ws/src/segway_ros2/segwayrmp/src/robot.cpp:497:93:[m[K [01;31m[Kerror: [m[Kâ€˜[01m[Kreq[m[Kâ€™ was not declared in this scope
  497 | bool Chassis::ros_set_load_param_cmd_callback(segway_msgs::ros_set_load_param_cmd::Request &[01;31m[Kreq[m[K, segway_msgs::ros_set_load_param_cmd::Response &res)
      |                                                                                             [01;31m[K^~~[m[K
[01m[K/home/parallels/ros2_ws/src/segway_ros2/segwayrmp/src/robot.cpp:497:111:[m[K [01;31m[Kerror: [m[Kâ€˜[01m[Ksegway_msgs::ros_set_load_param_cmd[m[Kâ€™ has not been declared
  497 | bool Chassis::ros_set_load_param_cmd_callback(segway_msgs::ros_set_load_param_cmd::Request &req, segway_msgs::[01;31m[Kros_set_load_param_cmd[m[K::Response &res)
      |                                                                                                               [01;31m[K^~~~~~~~~~~~~~~~~~~~~~[m[K
[01m[K/home/parallels/ros2_ws/src/segway_ros2/segwayrmp/src/robot.cpp:497:145:[m[K [01;31m[Kerror: [m[Kâ€˜[01m[Kres[m[Kâ€™ was not declared in this scope
  497 | bool Chassis::ros_set_load_param_cmd_callback(segway_msgs::ros_set_load_param_cmd::Request &req, segway_msgs::ros_set_load_param_cmd::Response &[01;31m[Kres[m[K)
      |                                                                                                                                                 [01;31m[K^~~[m[K
[01m[K/home/parallels/ros2_ws/src/segway_ros2/segwayrmp/src/robot.cpp:497:148:[m[K [01;31m[Kerror: [m[Kexpression list treated as compound expression in initializer [[01;31m[K]8;;https://gcc.gnu.org/onlinedocs/gcc/Warning-Options.html#index-fpermissive-fpermissive]8;;[m[K]
  497 | bool Chassis::ros_set_load_param_cmd_callback(segway_msgs::ros_set_load_param_cmd::Request &req, segway_msgs::ros_set_load_param_cmd::Response &res[01;31m[K)[m[K
      |                                                                                                                                                    [01;31m[K^[m[K
[01m[K/home/parallels/ros2_ws/src/segway_ros2/segwayrmp/src/robot.cpp:510:6:[m[K [01;31m[Kerror: [m[Kâ€˜[01m[Kbool robot::Chassis::ros_set_vel_max_cmd_callback[m[Kâ€™ is not a static data member of â€˜[01m[Kclass robot::Chassis[m[Kâ€™
  510 | bool [01;31m[KChassis[m[K::ros_set_vel_max_cmd_callback(segway_msgs::ros_set_vel_max_cmd::Request &req, segway_msgs::ros_set_vel_max_cmd::Response &res)
      |      [01;31m[K^~~~~~~[m[K
[01m[K/home/parallels/ros2_ws/src/segway_ros2/segwayrmp/src/robot.cpp:510:57:[m[K [01;31m[Kerror: [m[Kâ€˜[01m[Ksegway_msgs::ros_set_vel_max_cmd[m[Kâ€™ has not been declared
  510 | bool Chassis::ros_set_vel_max_cmd_callback(segway_msgs::[01;31m[Kros_set_vel_max_cmd[m[K::Request &req, segway_msgs::ros_set_vel_max_cmd::Response &res)
      |                                                         [01;31m[K^~~~~~~~~~~~~~~~~~~[m[K
[01m[K/home/parallels/ros2_ws/src/segway_ros2/segwayrmp/src/robot.cpp:510:87:[m[K [01;31m[Kerror: [m[Kâ€˜[01m[Kreq[m[Kâ€™ was not declared in this scope
  510 | bool Chassis::ros_set_vel_max_cmd_callback(segway_msgs::ros_set_vel_max_cmd::Request &[01;31m[Kreq[m[K, segway_msgs::ros_set_vel_max_cmd::Response &res)
      |                                                                                       [01;31m[K^~~[m[K
[01m[K/home/parallels/ros2_ws/src/segway_ros2/segwayrmp/src/robot.cpp:510:105:[m[K [01;31m[Kerror: [m[Kâ€˜[01m[Ksegway_msgs::ros_set_vel_max_cmd[m[Kâ€™ has not been declared
  510 | bool Chassis::ros_set_vel_max_cmd_callback(segway_msgs::ros_set_vel_max_cmd::Request &req, segway_msgs::[01;31m[Kros_set_vel_max_cmd[m[K::Response &res)
      |                                                                                                         [01;31m[K^~~~~~~~~~~~~~~~~~~[m[K
[01m[K/home/parallels/ros2_ws/src/segway_ros2/segwayrmp/src/robot.cpp:510:136:[m[K [01;31m[Kerror: [m[Kâ€˜[01m[Kres[m[Kâ€™ was not declared in this scope
  510 | bool Chassis::ros_set_vel_max_cmd_callback(segway_msgs::ros_set_vel_max_cmd::Request &req, segway_msgs::ros_set_vel_max_cmd::Response &[01;31m[Kres[m[K)
      |                                                                                                                                        [01;31m[K^~~[m[K
[01m[K/home/parallels/ros2_ws/src/segway_ros2/segwayrmp/src/robot.cpp:510:139:[m[K [01;31m[Kerror: [m[Kexpression list treated as compound expression in initializer [[01;31m[K]8;;https://gcc.gnu.org/onlinedocs/gcc/Warning-Options.html#index-fpermissive-fpermissive]8;;[m[K]
  510 | bool Chassis::ros_set_vel_max_cmd_callback(segway_msgs::ros_set_vel_max_cmd::Request &req, segway_msgs::ros_set_vel_max_cmd::Response &res[01;31m[K)[m[K
      |                                                                                                                                           [01;31m[K^[m[K
[01m[K/home/parallels/ros2_ws/src/segway_ros2/segwayrmp/src/robot.cpp:524:6:[m[K [01;31m[Kerror: [m[Kâ€˜[01m[Kbool robot::Chassis::ros_reset_host_power_cmd_callback[m[Kâ€™ is not a static data member of â€˜[01m[Kclass robot::Chassis[m[Kâ€™
  524 | bool [01;31m[KChassis[m[K::ros_reset_host_power_cmd_callback(segway_msgs::ros_reset_host_power_cmd::Request & req, segway_msgs::ros_reset_host_power_cmd::Response &res)
      |      [01;31m[K^~~~~~~[m[K
[01m[K/home/parallels/ros2_ws/src/segway_ros2/segwayrmp/src/robot.cpp:524:62:[m[K [01;31m[Kerror: [m[Kâ€˜[01m[Ksegway_msgs::ros_reset_host_power_cmd[m[Kâ€™ has not been declared
  524 | bool Chassis::ros_reset_host_power_cmd_callback(segway_msgs::[01;31m[Kros_reset_host_power_cmd[m[K::Request & req, segway_msgs::ros_reset_host_power_cmd::Response &res)
      |                                                              [01;31m[K^~~~~~~~~~~~~~~~~~~~~~~~[m[K
[01m[K/home/parallels/ros2_ws/src/segway_ros2/segwayrmp/src/robot.cpp:524:98:[m[K [01;31m[Kerror: [m[Kâ€˜[01m[Kreq[m[Kâ€™ was not declared in this scope
  524 | bool Chassis::ros_reset_host_power_cmd_callback(segway_msgs::ros_reset_host_power_cmd::Request & [01;31m[Kreq[m[K, segway_msgs::ros_reset_host_power_cmd::Response &res)
      |                                                                                                  [01;31m[K^~~[m[K
[01m[K/home/parallels/ros2_ws/src/segway_ros2/segwayrmp/src/robot.cpp:524:116:[m[K [01;31m[Kerror: [m[Kâ€˜[01m[Ksegway_msgs::ros_reset_host_power_cmd[m[Kâ€™ has not been declared
  524 | bool Chassis::ros_reset_host_power_cmd_callback(segway_msgs::ros_reset_host_power_cmd::Request & req, segway_msgs::[01;31m[Kros_reset_host_power_cmd[m[K::Response &res)
      |                                                                                                                    [01;31m[K^~~~~~~~~~~~~~~~~~~~~~~~[m[K
[01m[K/home/parallels/ros2_ws/src/segway_ros2/segwayrmp/src/robot.cpp:524:152:[m[K [01;31m[Kerror: [m[Kâ€˜[01m[Kres[m[Kâ€™ was not declared in this scope
  524 | bool Chassis::ros_reset_host_power_cmd_callback(segway_msgs::ros_reset_host_power_cmd::Request & req, segway_msgs::ros_reset_host_power_cmd::Response &[01;31m[Kres[m[K)
      |                                                                                                                                                        [01;31m[K^~~[m[K
[01m[K/home/parallels/ros2_ws/src/segway_ros2/segwayrmp/src/robot.cpp:524:155:[m[K [01;31m[Kerror: [m[Kexpression list treated as compound expression in initializer [[01;31m[K]8;;https://gcc.gnu.org/onlinedocs/gcc/Warning-Options.html#index-fpermissive-fpermissive]8;;[m[K]
  524 | bool Chassis::ros_reset_host_power_cmd_callback(segway_msgs::ros_reset_host_power_cmd::Request & req, segway_msgs::ros_reset_host_power_cmd::Response &res[01;31m[K)[m[K
      |                                                                                                                                                           [01;31m[K^[m[K
[01m[K/home/parallels/ros2_ws/src/segway_ros2/segwayrmp/src/robot.cpp:532:6:[m[K [01;31m[Kerror: [m[Kâ€˜[01m[Kbool robot::Chassis::ros_start_chassis_left_rotate_cmd_callback[m[Kâ€™ is not a static data member of â€˜[01m[Kclass robot::Chassis[m[Kâ€™
  532 | bool [01;31m[KChassis[m[K::ros_start_chassis_left_rotate_cmd_callback(segway_msgs::ros_start_chassis_left_rotate_cmd::Request & req, segway_msgs::ros_start_chassis_left_rotate_cmd::Response &res)
      |      [01;31m[K^~~~~~~[m[K
[01m[K/home/parallels/ros2_ws/src/segway_ros2/segwayrmp/src/robot.cpp:532:71:[m[K [01;31m[Kerror: [m[Kâ€˜[01m[Ksegway_msgs::ros_start_chassis_left_rotate_cmd[m[Kâ€™ has not been declared
  532 | bool Chassis::ros_start_chassis_left_rotate_cmd_callback(segway_msgs::[01;31m[Kros_start_chassis_left_rotate_cmd[m[K::Request & req, segway_msgs::ros_start_chassis_left_rotate_cmd::Response &res)
      |                                                                       [01;31m[K^~~~~~~~~~~~~~~~~~~~~~~~~~~~~~~~~[m[K
[01m[K/home/parallels/ros2_ws/src/segway_ros2/segwayrmp/src/robot.cpp:532:116:[m[K [01;31m[Kerror: [m[Kâ€˜[01m[Kreq[m[Kâ€™ was not declared in this scope
  532 | bool Chassis::ros_start_chassis_left_rotate_cmd_callback(segway_msgs::ros_start_chassis_left_rotate_cmd::Request & [01;31m[Kreq[m[K, segway_msgs::ros_start_chassis_left_rotate_cmd::Response &res)
      |                                                                                                                    [01;31m[K^~~[m[K
[01m[K/home/parallels/ros2_ws/src/segway_ros2/segwayrmp/src/robot.cpp:532:134:[m[K [01;31m[Kerror: [m[Kâ€˜[01m[Ksegway_msgs::ros_start_chassis_left_rotate_cmd[m[Kâ€™ has not been declared
  532 | bool Chassis::ros_start_chassis_left_rotate_cmd_callback(segway_msgs::ros_start_chassis_left_rotate_cmd::Request & req, segway_msgs::[01;31m[Kros_start_chassis_left_rotate_cmd[m[K::Response &res)
      |                                                                                                                                      [01;31m[K^~~~~~~~~~~~~~~~~~~~~~~~~~~~~~~~~[m[K
[01m[K/home/parallels/ros2_ws/src/segway_ros2/segwayrmp/src/robot.cpp:532:179:[m[K [01;31m[Kerror: [m[Kâ€˜[01m[Kres[m[Kâ€™ was not declared in this scope
  532 | bool Chassis::ros_start_chassis_left_rotate_cmd_callback(segway_msgs::ros_start_chassis_left_rotate_cmd::Request & req, segway_msgs::ros_start_chassis_left_rotate_cmd::Response &[01;31m[Kres[m[K)
      |                                                                                                                                                                                   [01;31m[K^~~[m[K
[01m[K/home/parallels/ros2_ws/src/segway_ros2/segwayrmp/src/robot.cpp:532:182:[m[K [01;31m[Kerror: [m[Kexpression list treated as compound expression in initializer [[01;31m[K]8;;https://gcc.gnu.org/onlinedocs/gcc/Warning-Options.html#index-fpermissive-fpermissive]8;;[m[K]
  532 | bool Chassis::ros_start_chassis_left_rotate_cmd_callback(segway_msgs::ros_start_chassis_left_rotate_cmd::Request & req, segway_msgs::ros_start_chassis_left_rotate_cmd::Response &res[01;31m[K)[m[K
      |                                                                                                                                                                                      [01;31m[K^[m[K
[01m[K/home/parallels/ros2_ws/src/segway_ros2/segwayrmp/src/robot.cpp:541:6:[m[K [01;31m[Kerror: [m[Kâ€˜[01m[Kbool robot::Chassis::ros_start_chassis_right_rotate_cmd_callback[m[Kâ€™ is not a static data member of â€˜[01m[Kclass robot::Chassis[m[Kâ€™
  541 | bool [01;31m[KChassis[m[K::ros_start_chassis_right_rotate_cmd_callback(segway_msgs::ros_start_chassis_right_rotate_cmd::Request & req, segway_msgs::ros_start_chassis_right_rotate_cmd::Response &res)
      |      [01;31m[K^~~~~~~[m[K
[01m[K/home/parallels/ros2_ws/src/segway_ros2/segwayrmp/src/robot.cpp:541:72:[m[K [01;31m[Kerror: [m[Kâ€˜[01m[Ksegway_msgs::ros_start_chassis_right_rotate_cmd[m[Kâ€™ has not been declared
  541 | bool Chassis::ros_start_chassis_right_rotate_cmd_callback(segway_msgs::[01;31m[Kros_start_chassis_right_rotate_cmd[m[K::Request & req, segway_msgs::ros_start_chassis_right_rotate_cmd::Response &res)
      |                                                                        [01;31m[K^~~~~~~~~~~~~~~~~~~~~~~~~~~~~~~~~~[m[K
[01m[K/home/parallels/ros2_ws/src/segway_ros2/segwayrmp/src/robot.cpp:541:118:[m[K [01;31m[Kerror: [m[Kâ€˜[01m[Kreq[m[Kâ€™ was not declared in this scope
  541 | bool Chassis::ros_start_chassis_right_rotate_cmd_callback(segway_msgs::ros_start_chassis_right_rotate_cmd::Request & [01;31m[Kreq[m[K, segway_msgs::ros_start_chassis_right_rotate_cmd::Response &res)
      |                                                                                                                      [01;31m[K^~~[m[K
[01m[K/home/parallels/ros2_ws/src/segway_ros2/segwayrmp/src/robot.cpp:541:136:[m[K [01;31m[Kerror: [m[Kâ€˜[01m[Ksegway_msgs::ros_start_chassis_right_rotate_cmd[m[Kâ€™ has not been declared
  541 | bool Chassis::ros_start_chassis_right_rotate_cmd_callback(segway_msgs::ros_start_chassis_right_rotate_cmd::Request & req, segway_msgs::[01;31m[Kros_start_chassis_right_rotate_cmd[m[K::Response &res)
      |                                                                                                                                        [01;31m[K^~~~~~~~~~~~~~~~~~~~~~~~~~~~~~~~~~[m[K
[01m[K/home/parallels/ros2_ws/src/segway_ros2/segwayrmp/src/robot.cpp:541:182:[m[K [01;31m[Kerror: [m[Kâ€˜[01m[Kres[m[Kâ€™ was not declared in this scope
  541 | bool Chassis::ros_start_chassis_right_rotate_cmd_callback(segway_msgs::ros_start_chassis_right_rotate_cmd::Request & req, segway_msgs::ros_start_chassis_right_rotate_cmd::Response &[01;31m[Kres[m[K)
      |                                                                                                                                                                                      [01;31m[K^~~[m[K
[01m[K/home/parallels/ros2_ws/src/segway_ros2/segwayrmp/src/robot.cpp:541:185:[m[K [01;31m[Kerror: [m[Kexpression list treated as compound expression in initializer [[01;31m[K]8;;https://gcc.gnu.org/onlinedocs/gcc/Warning-Options.html#index-fpermissive-fpermissive]8;;[m[K]
  541 | bool Chassis::ros_start_chassis_right_rotate_cmd_callback(segway_msgs::ros_start_chassis_right_rotate_cmd::Request & req, segway_msgs::ros_start_chassis_right_rotate_cmd::Response &res[01;31m[K)[m[K
      |                                                                                                                                                                                         [01;31m[K^[m[K
[01m[K/home/parallels/ros2_ws/src/segway_ros2/segwayrmp/src/robot.cpp:550:6:[m[K [01;31m[Kerror: [m[Kâ€˜[01m[Kbool robot::Chassis::ros_stop_chassis_rotate_cmd_callback[m[Kâ€™ is not a static data member of â€˜[01m[Kclass robot::Chassis[m[Kâ€™
  550 | bool [01;31m[KChassis[m[K::ros_stop_chassis_rotate_cmd_callback(segway_msgs::ros_stop_chassis_rotate_cmd::Request & req, segway_msgs::ros_stop_chassis_rotate_cmd::Response &res)
      |      [01;31m[K^~~~~~~[m[K
[01m[K/home/parallels/ros2_ws/src/segway_ros2/segwayrmp/src/robot.cpp:550:65:[m[K [01;31m[Kerror: [m[Kâ€˜[01m[Ksegway_msgs::ros_stop_chassis_rotate_cmd[m[Kâ€™ has not been declared
  550 | bool Chassis::ros_stop_chassis_rotate_cmd_callback(segway_msgs::[01;31m[Kros_stop_chassis_rotate_cmd[m[K::Request & req, segway_msgs::ros_stop_chassis_rotate_cmd::Response &res)
      |                                                                 [01;31m[K^~~~~~~~~~~~~~~~~~~~~~~~~~~[m[K
[01m[K/home/parallels/ros2_ws/src/segway_ros2/segwayrmp/src/robot.cpp:550:104:[m[K [01;31m[Kerror: [m[Kâ€˜[01m[Kreq[m[Kâ€™ was not declared in this scope
  550 | bool Chassis::ros_stop_chassis_rotate_cmd_callback(segway_msgs::ros_stop_chassis_rotate_cmd::Request & [01;31m[Kreq[m[K, segway_msgs::ros_stop_chassis_rotate_cmd::Response &res)
      |                                                                                                        [01;31m[K^~~[m[K
[01m[K/home/parallels/ros2_ws/src/segway_ros2/segwayrmp/src/robot.cpp:550:122:[m[K [01;31m[Kerror: [m[Kâ€˜[01m[Ksegway_msgs::ros_stop_chassis_rotate_cmd[m[Kâ€™ has not been declared
  550 | bool Chassis::ros_stop_chassis_rotate_cmd_callback(segway_msgs::ros_stop_chassis_rotate_cmd::Request & req, segway_msgs::[01;31m[Kros_stop_chassis_rotate_cmd[m[K::Response &res)
      |                                                                                                                          [01;31m[K^~~~~~~~~~~~~~~~~~~~~~~~~~~[m[K
[01m[K/home/parallels/ros2_ws/src/segway_ros2/segwayrmp/src/robot.cpp:550:161:[m[K [01;31m[Kerror: [m[Kâ€˜[01m[Kres[m[Kâ€™ was not declared in this scope
  550 | bool Chassis::ros_stop_chassis_rotate_cmd_callback(segway_msgs::ros_stop_chassis_rotate_cmd::Request & req, segway_msgs::ros_stop_chassis_rotate_cmd::Response &[01;31m[Kres[m[K)
      |                                                                                                                                                                 [01;31m[K^~~[m[K
[01m[K/home/parallels/ros2_ws/src/segway_ros2/segwayrmp/src/robot.cpp:550:164:[m[K [01;31m[Kerror: [m[Kexpression list treated as compound expression in initializer [[01;31m[K]8;;https://gcc.gnu.org/onlinedocs/gcc/Warning-Options.html#index-fpermissive-fpermissive]8;;[m[K]
  550 | bool Chassis::ros_stop_chassis_rotate_cmd_callback(segway_msgs::ros_stop_chassis_rotate_cmd::Request & req, segway_msgs::ros_stop_chassis_rotate_cmd::Response &res[01;31m[K)[m[K
      |                                                                                                                                                                    [01;31m[K^[m[K
[01m[K/home/parallels/ros2_ws/src/segway_ros2/segwayrmp/src/robot.cpp:559:6:[m[K [01;31m[Kerror: [m[Kâ€˜[01m[Kbool robot::Chassis::ros_get_rotate_function_cfg_cmd_callback[m[Kâ€™ is not a static data member of â€˜[01m[Kclass robot::Chassis[m[Kâ€™
  559 | bool [01;31m[KChassis[m[K::ros_get_rotate_function_cfg_cmd_callback(segway_msgs::ros_get_rotate_function_cfg_cmd::Request & req, segway_msgs::ros_get_rotate_function_cfg_cmd::Response &res)
      |      [01;31m[K^~~~~~~[m[K
[01m[K/home/parallels/ros2_ws/src/segway_ros2/segwayrmp/src/robot.cpp:559:69:[m[K [01;31m[Kerror: [m[Kâ€˜[01m[Ksegway_msgs::ros_get_rotate_function_cfg_cmd[m[Kâ€™ has not been declared
  559 | bool Chassis::ros_get_rotate_function_cfg_cmd_callback(segway_msgs::[01;31m[Kros_get_rotate_function_cfg_cmd[m[K::Request & req, segway_msgs::ros_get_rotate_function_cfg_cmd::Response &res)
      |                                                                     [01;31m[K^~~~~~~~~~~~~~~~~~~~~~~~~~~~~~~[m[K
[01m[K/home/parallels/ros2_ws/src/segway_ros2/segwayrmp/src/robot.cpp:559:112:[m[K [01;31m[Kerror: [m[Kâ€˜[01m[Kreq[m[Kâ€™ was not declared in this scope
  559 | bool Chassis::ros_get_rotate_function_cfg_cmd_callback(segway_msgs::ros_get_rotate_function_cfg_cmd::Request & [01;31m[Kreq[m[K, segway_msgs::ros_get_rotate_function_cfg_cmd::Response &res)
      |                                                                                                                [01;31m[K^~~[m[K
[01m[K/home/parallels/ros2_ws/src/segway_ros2/segwayrmp/src/robot.cpp:559:130:[m[K [01;31m[Kerror: [m[Kâ€˜[01m[Ksegway_msgs::ros_get_rotate_function_cfg_cmd[m[Kâ€™ has not been declared
  559 | bool Chassis::ros_get_rotate_function_cfg_cmd_callback(segway_msgs::ros_get_rotate_function_cfg_cmd::Request & req, segway_msgs::[01;31m[Kros_get_rotate_function_cfg_cmd[m[K::Response &res)
      |                                                                                                                                  [01;31m[K^~~~~~~~~~~~~~~~~~~~~~~~~~~~~~~[m[K
[01m[K/home/parallels/ros2_ws/src/segway_ros2/segwayrmp/src/robot.cpp:559:173:[m[K [01;31m[Kerror: [m[Kâ€˜[01m[Kres[m[Kâ€™ was not declared in this scope
  559 | bool Chassis::ros_get_rotate_function_cfg_cmd_callback(segway_msgs::ros_get_rotate_function_cfg_cmd::Request & req, segway_msgs::ros_get_rotate_function_cfg_cmd::Response &[01;31m[Kres[m[K)
      |                                                                                                                                                                             [01;31m[K^~~[m[K
[01m[K/home/parallels/ros2_ws/src/segway_ros2/segwayrmp/src/robot.cpp:559:176:[m[K [01;31m[Kerror: [m[Kexpression list treated as compound expression in initializer [[01;31m[K]8;;https://gcc.gnu.org/onlinedocs/gcc/Warning-Options.html#index-fpermissive-fpermissive]8;;[m[K]
  559 | bool Chassis::ros_get_rotate_function_cfg_cmd_callback(segway_msgs::ros_get_rotate_function_cfg_cmd::Request & req, segway_msgs::ros_get_rotate_function_cfg_cmd::Response &res[01;31m[K)[m[K
      |                                                                                                                                                                                [01;31m[K^[m[K
[01m[K/home/parallels/ros2_ws/src/segway_ros2/segwayrmp/src/robot.cpp:565:6:[m[K [01;31m[Kerror: [m[Kâ€˜[01m[Kbool robot::Chassis::ros_set_cfg_rotate_function_cmd_callback[m[Kâ€™ is not a static data member of â€˜[01m[Kclass robot::Chassis[m[Kâ€™
  565 | bool [01;31m[KChassis[m[K::ros_set_cfg_rotate_function_cmd_callback(segway_msgs::ros_set_cfg_rotate_function_cmd::Request & req, segway_msgs::ros_set_cfg_rotate_function_cmd::Response &res)
      |      [01;31m[K^~~~~~~[m[K
[01m[K/home/parallels/ros2_ws/src/segway_ros2/segwayrmp/src/robot.cpp:565:69:[m[K [01;31m[Kerror: [m[Kâ€˜[01m[Ksegway_msgs::ros_set_cfg_rotate_function_cmd[m[Kâ€™ has not been declared
  565 | bool Chassis::ros_set_cfg_rotate_function_cmd_callback(segway_msgs::[01;31m[Kros_set_cfg_rotate_function_cmd[m[K::Request & req, segway_msgs::ros_set_cfg_rotate_function_cmd::Response &res)
      |                                                                     [01;31m[K^~~~~~~~~~~~~~~~~~~~~~~~~~~~~~~[m[K
[01m[K/home/parallels/ros2_ws/src/segway_ros2/segwayrmp/src/robot.cpp:565:112:[m[K [01;31m[Kerror: [m[Kâ€˜[01m[Kreq[m[Kâ€™ was not declared in this scope
  565 | bool Chassis::ros_set_cfg_rotate_function_cmd_callback(segway_msgs::ros_set_cfg_rotate_function_cmd::Request & [01;31m[Kreq[m[K, segway_msgs::ros_set_cfg_rotate_function_cmd::Response &res)
      |                                                                                                                [01;31m[K^~~[m[K
[01m[K/home/parallels/ros2_ws/src/segway_ros2/segwayrmp/src/robot.cpp:565:130:[m[K [01;31m[Kerror: [m[Kâ€˜[01m[Ksegway_msgs::ros_set_cfg_rotate_function_cmd[m[Kâ€™ has not been declared
  565 | bool Chassis::ros_set_cfg_rotate_function_cmd_callback(segway_msgs::ros_set_cfg_rotate_function_cmd::Request & req, segway_msgs::[01;31m[Kros_set_cfg_rotate_function_cmd[m[K::Response &res)
      |                                                                                                                                  [01;31m[K^~~~~~~~~~~~~~~~~~~~~~~~~~~~~~~[m[K
[01m[K/home/parallels/ros2_ws/src/segway_ros2/segwayrmp/src/robot.cpp:565:173:[m[K [01;31m[Kerror: [m[Kâ€˜[01m[Kres[m[Kâ€™ was not declared in this scope
  565 | bool Chassis::ros_set_cfg_rotate_function_cmd_callback(segway_msgs::ros_set_cfg_rotate_function_cmd::Request & req, segway_msgs::ros_set_cfg_rotate_function_cmd::Response &[01;31m[Kres[m[K)
      |                                                                                                                                                                             [01;31m[K^~~[m[K
[01m[K/home/parallels/ros2_ws/src/segway_ros2/segwayrmp/src/robot.cpp:565:176:[m[K [01;31m[Kerror: [m[Kexpression list treated as compound expression in initializer [[01;31m[K]8;;https://gcc.gnu.org/onlinedocs/gcc/Warning-Options.html#index-fpermissive-fpermissive]8;;[m[K]
  565 | bool Chassis::ros_set_cfg_rotate_function_cmd_callback(segway_msgs::ros_set_cfg_rotate_function_cmd::Request & req, segway_msgs::ros_set_cfg_rotate_function_cmd::Response &res[01;31m[K)[m[K
      |                                                                                                                                                                                [01;31m[K^[m[K
[01m[K/home/parallels/ros2_ws/src/segway_ros2/segwayrmp/src/robot.cpp:576:6:[m[K [01;31m[Kerror: [m[Kâ€˜[01m[Kbool robot::Chassis::ros_get_host_and_chassis_match_cmd_callback[m[Kâ€™ is not a static data member of â€˜[01m[Kclass robot::Chassis[m[Kâ€™
  576 | bool [01;31m[KChassis[m[K::ros_get_host_and_chassis_match_cmd_callback(segway_msgs::ros_get_host_and_chassis_match_cmd::Request & req, segway_msgs::ros_get_host_and_chassis_match_cmd::Response &res)
      |      [01;31m[K^~~~~~~[m[K
[01m[K/home/parallels/ros2_ws/src/segway_ros2/segwayrmp/src/robot.cpp:576:72:[m[K [01;31m[Kerror: [m[Kâ€˜[01m[Ksegway_msgs::ros_get_host_and_chassis_match_cmd[m[Kâ€™ has not been declared
  576 | bool Chassis::ros_get_host_and_chassis_match_cmd_callback(segway_msgs::[01;31m[Kros_get_host_and_chassis_match_cmd[m[K::Request & req, segway_msgs::ros_get_host_and_chassis_match_cmd::Response &res)
      |                                                                        [01;31m[K^~~~~~~~~~~~~~~~~~~~~~~~~~~~~~~~~~[m[K
[01m[K/home/parallels/ros2_ws/src/segway_ros2/segwayrmp/src/robot.cpp:576:118:[m[K [01;31m[Kerror: [m[Kâ€˜[01m[Kreq[m[Kâ€™ was not declared in this scope
  576 | bool Chassis::ros_get_host_and_chassis_match_cmd_callback(segway_msgs::ros_get_host_and_chassis_match_cmd::Request & [01;31m[Kreq[m[K, segway_msgs::ros_get_host_and_chassis_match_cmd::Response &res)
      |                                                                                                                      [01;31m[K^~~[m[K
[01m[K/home/parallels/ros2_ws/src/segway_ros2/segwayrmp/src/robot.cpp:576:136:[m[K [01;31m[Kerror: [m[Kâ€˜[01m[Ksegway_msgs::ros_get_host_and_chassis_match_cmd[m[Kâ€™ has not been declared
  576 | bool Chassis::ros_get_host_and_chassis_match_cmd_callback(segway_msgs::ros_get_host_and_chassis_match_cmd::Request & req, segway_msgs::[01;31m[Kros_get_host_and_chassis_match_cmd[m[K::Response &res)
      |                                                                                                                                        [01;31m[K^~~~~~~~~~~~~~~~~~~~~~~~~~~~~~~~~~[m[K
[01m[K/home/parallels/ros2_ws/src/segway_ros2/segwayrmp/src/robot.cpp:576:182:[m[K [01;31m[Kerror: [m[Kâ€˜[01m[Kres[m[Kâ€™ was not declared in this scope
  576 | bool Chassis::ros_get_host_and_chassis_match_cmd_callback(segway_msgs::ros_get_host_and_chassis_match_cmd::Request & req, segway_msgs::ros_get_host_and_chassis_match_cmd::Response &[01;31m[Kres[m[K)
      |                                                                                                                                                                                      [01;31m[K^~~[m[K
[01m[K/home/parallels/ros2_ws/src/segway_ros2/segwayrmp/src/robot.cpp:576:185:[m[K [01;31m[Kerror: [m[Kexpression list treated as compound expression in initializer [[01;31m[K]8;;https://gcc.gnu.org/onlinedocs/gcc/Warning-Options.html#index-fpermissive-fpermissive]8;;[m[K]
  576 | bool Chassis::ros_get_host_and_chassis_match_cmd_callback(segway_msgs::ros_get_host_and_chassis_match_cmd::Request & req, segway_msgs::ros_get_host_and_chassis_match_cmd::Response &res[01;31m[K)[m[K
      |                                                                                                                                                                                         [01;31m[K^[m[K
[01m[K/home/parallels/ros2_ws/src/segway_ros2/segwayrmp/src/robot.cpp:[m[K In static member function â€˜[01m[Kstatic void robot::Chassis::chassis_send_event_callback(int)[m[Kâ€™:
[01m[K/home/parallels/ros2_ws/src/segway_ros2/segwayrmp/src/robot.cpp:585:18:[m[K [01;31m[Kerror: [m[Kâ€˜[01m[Kchassis_send_event[m[Kâ€™ is not a member of â€˜[01m[Ksegway_msgs[m[Kâ€™
  585 |     segway_msgs::[01;31m[Kchassis_send_event[m[K chassis_send_event_srv;
      |                  [01;31m[K^~~~~~~~~~~~~~~~~~[m[K
[01m[K/home/parallels/ros2_ws/src/segway_ros2/segwayrmp/src/robot.cpp:587:5:[m[K [01;31m[Kerror: [m[Kâ€˜[01m[Kchassis_send_event_srv[m[Kâ€™ was not declared in this scope; did you mean â€˜[01m[Kchassis_send_event_srv_client[m[Kâ€™?
  587 |     [01;31m[Kchassis_send_event_srv[m[K.request.chassis_send_event_id = (int16_t)event_no;
      |     [01;31m[K^~~~~~~~~~~~~~~~~~~~~~[m[K
      |     [32m[Kchassis_send_event_srv_client[m[K
[01m[K/home/parallels/ros2_ws/src/segway_ros2/segwayrmp/src/robot.cpp:588:39:[m[K [01;31m[Kerror: [m[Kâ€˜[01m[Kusing SharedPtr = class std::shared_ptr<rclcpp::Client<segway_msgs::srv::ChassisSendEvent> >[m[Kâ€™ {aka â€˜[01m[Kclass std::shared_ptr<rclcpp::Client<segway_msgs::srv::ChassisSendEvent> >[m[Kâ€™} has no member named â€˜[01m[Kcall[m[Kâ€™
  588 |     if (chassis_send_event_srv_client.[01;31m[Kcall[m[K(chassis_send_event_srv))
      |                                       [01;31m[K^~~~[m[K
[01m[K/home/parallels/ros2_ws/src/segway_ros2/segwayrmp/src/robot.cpp:590:9:[m[K [01;31m[Kerror: [m[Kâ€˜[01m[KROS_INFO[m[Kâ€™ was not declared in this scope
  590 |         [01;31m[KROS_INFO[m[K("send chassis_send_event_srv, chassis_send_event_srv.request.chassis_send_event_id: %d", chassis_send_event_srv.request.chassis_send_event_id);
      |         [01;31m[K^~~~~~~~[m[K
[01m[K/home/parallels/ros2_ws/src/segway_ros2/segwayrmp/src/robot.cpp:595:9:[m[K [01;31m[Kerror: [m[Kâ€˜[01m[KROS_ERROR[m[Kâ€™ was not declared in this scope
  595 |         [01;31m[KROS_ERROR[m[K("Failed to call service chassis_send_event_srv");
      |         [01;31m[K^~~~~~~~~[m[K
[01m[K/home/parallels/ros2_ws/src/segway_ros2/segwayrmp/src/robot.cpp:[m[K In member function â€˜[01m[Kvoid robot::Chassis::PubOdomToRosOdom(Odometry)[m[Kâ€™:
[01m[K/home/parallels/ros2_ws/src/segway_ros2/segwayrmp/src/robot.cpp:618:14:[m[K [01;31m[Kerror: [m[Kâ€˜[01m[Kusing SharedPtr = class std::shared_ptr<rclcpp::Publisher<nav_msgs::msg::Odometry_<std::allocator<void> > > >[m[Kâ€™ {aka â€˜[01m[Kclass std::shared_ptr<rclcpp::Publisher<nav_msgs::msg::Odometry_<std::allocator<void> > > >[m[Kâ€™} has no member named â€˜[01m[Kpublish[m[Kâ€™
  618 |     Odom_pub.[01;31m[Kpublish[m[K(ROS_odom);
      |              [01;31m[K^~~~~~~[m[K
[01m[K/home/parallels/ros2_ws/src/segway_ros2/segwayrmp/src/robot.cpp:[m[K In member function â€˜[01m[Kvoid robot::Chassis::PubImuToRosImu()[m[Kâ€™:
[01m[K/home/parallels/ros2_ws/src/segway_ros2/segwayrmp/src/robot.cpp:624:20:[m[K [01;31m[Kerror: [m[Kâ€˜[01m[Kusing _header_type = struct std_msgs::msg::Header_<std::allocator<void> >[m[Kâ€™ {aka â€˜[01m[Kstruct std_msgs::msg::Header_<std::allocator<void> >[m[Kâ€™} has no member named â€˜[01m[Kseq[m[Kâ€™
  624 |     ros_imu.header.[01;31m[Kseq[m[K++;
      |                    [01;31m[K^~~[m[K
[01m[K/home/parallels/ros2_ws/src/segway_ros2/segwayrmp/src/robot.cpp:633:13:[m[K [01;31m[Kerror: [m[Kâ€˜[01m[Kusing SharedPtr = class std::shared_ptr<rclcpp::Publisher<sensor_msgs::msg::Imu_<std::allocator<void> > > >[m[Kâ€™ {aka â€˜[01m[Kclass std::shared_ptr<rclcpp::Publisher<sensor_msgs::msg::Imu_<std::allocator<void> > > >[m[Kâ€™} has no member named â€˜[01m[Kpublish[m[Kâ€™
  633 |     Imu_pub.[01;31m[Kpublish[m[K(ros_imu);
      |             [01;31m[K^~~~~~~[m[K
[01m[K/home/parallels/ros2_ws/src/segway_ros2/segwayrmp/src/robot.cpp:[m[K At global scope:
[01m[K/home/parallels/ros2_ws/src/segway_ros2/segwayrmp/src/robot.cpp:638:38:[m[K [01;31m[Kerror: [m[Kâ€˜[01m[Kros[m[Kâ€™ does not name a type
  638 | void Chassis::TimeUpdate1000Hz(const [01;31m[Kros[m[K::TimerEvent &event)
      |                                      [01;31m[K^~~[m[K
[01m[K/home/parallels/ros2_ws/src/segway_ros2/segwayrmp/src/robot.cpp:638:54:[m[K [01;31m[Kerror: [m[Kexpected unqualified-id before â€˜[01m[K&[m[Kâ€™ token
  638 | void Chassis::TimeUpdate1000Hz(const ros::TimerEvent [01;31m[K&[m[Kevent)
      |                                                      [01;31m[K^[m[K
[01m[K/home/parallels/ros2_ws/src/segway_ros2/segwayrmp/src/robot.cpp:638:53:[m[K [01;31m[Kerror: [m[Kexpected â€˜[01m[K)[m[Kâ€™ before â€˜[01m[K&[m[Kâ€™ token
  638 | void Chassis::TimeUpdate1000Hz[34m[K([m[Kconst ros::TimerEvent[01;31m[K [m[K[32m[K&[m[Kevent)
      |                               [34m[K~[m[K                     [01;31m[K^[m[K[32m[K~[m[K
      |                                                     [32m[K)[m[K
[01m[K/home/parallels/ros2_ws/src/segway_ros2/segwayrmp/src/robot.cpp:638:55:[m[K [01;31m[Kerror: [m[Kexpected initializer before â€˜[01m[Kevent[m[Kâ€™
  638 | void Chassis::TimeUpdate1000Hz(const ros::TimerEvent &[01;31m[Kevent[m[K)
      |                                                       [01;31m[K^~~~~[m[K
[01m[K/home/parallels/ros2_ws/src/segway_ros2/segwayrmp/src/robot.cpp:751:35:[m[K [01;31m[Kerror: [m[Kâ€˜[01m[Kros[m[Kâ€™ does not name a type
  751 | void Chassis::TimeUpdate1Hz(const [01;31m[Kros[m[K::TimerEvent &event)
      |                                   [01;31m[K^~~[m[K
[01m[K/home/parallels/ros2_ws/src/segway_ros2/segwayrmp/src/robot.cpp:751:51:[m[K [01;31m[Kerror: [m[Kexpected unqualified-id before â€˜[01m[K&[m[Kâ€™ token
  751 | void Chassis::TimeUpdate1Hz(const ros::TimerEvent [01;31m[K&[m[Kevent)
      |                                                   [01;31m[K^[m[K
[01m[K/home/parallels/ros2_ws/src/segway_ros2/segwayrmp/src/robot.cpp:751:50:[m[K [01;31m[Kerror: [m[Kexpected â€˜[01m[K)[m[Kâ€™ before â€˜[01m[K&[m[Kâ€™ token
  751 | void Chassis::TimeUpdate1Hz[34m[K([m[Kconst ros::TimerEvent[01;31m[K [m[K[32m[K&[m[Kevent)
      |                            [34m[K~[m[K                     [01;31m[K^[m[K[32m[K~[m[K
      |                                                  [32m[K)[m[K
[01m[K/home/parallels/ros2_ws/src/segway_ros2/segwayrmp/src/robot.cpp:751:52:[m[K [01;31m[Kerror: [m[Kexpected initializer before â€˜[01m[Kevent[m[Kâ€™
  751 | void Chassis::TimeUpdate1Hz(const ros::TimerEvent &[01;31m[Kevent[m[K)
      |                                                    [01;31m[K^~~~~[m[K
[01m[K/home/parallels/ros2_ws/src/segway_ros2/segwayrmp/src/robot.cpp:110:13:[m[K [01;35m[Kwarning: [m[Kâ€˜[01m[Kvoid EvnetPubData(int)[m[Kâ€™ defined but not used [[01;35m[K]8;;https://gcc.gnu.org/onlinedocs/gcc/Warning-Options.html#index-Wunused-function-Wunused-function]8;;[m[K]
  110 | static void [01;35m[KEvnetPubData[m[K(int event_no)
      |             [01;35m[K^~~~~~~~~~~~[m[K
[01m[K/home/parallels/ros2_ws/src/segway_ros2/segwayrmp/src/robot.cpp:38:13:[m[K [01;35m[Kwarning: [m[Kâ€˜[01m[Kvoid PubData(StampedBasicFrame*)[m[Kâ€™ defined but not used [[01;35m[K]8;;https://gcc.gnu.org/onlinedocs/gcc/Warning-Options.html#index-Wunused-function-Wunused-function]8;;[m[K]
   38 | static void [01;35m[KPubData[m[K(StampedBasicFrame *frame)
      |             [01;35m[K^~~~~~~[m[K
gmake[2]: *** [CMakeFiles/SmartCar.dir/build.make:90: CMakeFiles/SmartCar.dir/src/robot.cpp.o] Error 1
gmake[1]: *** [CMakeFiles/Makefile2:137: CMakeFiles/SmartCar.dir/all] Error 2
gmake: *** [Makefile:146: all] Error 2
